Copyright 1986-2020 Xilinx, Inc. All Rights Reserved.
-------------------------------------------------------------------------------------------------------------------------------------------------------
| Tool Version     : Vivado v.2020.2 (win64) Build 3064766 Wed Nov 18 09:12:45 MST 2020
| Date             : Tue Feb 21 10:58:19 2023
| Host             : SE227-04 running 64-bit major release  (build 9200)
| Command          : report_power -file TP3_wrapper_power_routed.rpt -pb TP3_wrapper_power_summary_routed.pb -rpx TP3_wrapper_power_routed.rpx
| Design           : TP3_wrapper
| Device           : xc7a35tcpg236-1
| Design State     : routed
| Grade            : commercial
| Process          : typical
| Characterization : Production
-------------------------------------------------------------------------------------------------------------------------------------------------------

Power Report

Table of Contents
-----------------
1. Summary
1.1 On-Chip Components
1.2 Power Supply Summary
1.3 Confidence Level
2. Settings
2.1 Environment
2.2 Clock Constraints
3. Detailed Reports
3.1 By Hierarchy

1. Summary
----------

+--------------------------+--------------+
| Total On-Chip Power (W)  | 0.191        |
| Design Power Budget (W)  | Unspecified* |
| Power Budget Margin (W)  | NA           |
| Dynamic (W)              | 0.122        |
| Device Static (W)        | 0.069        |
| Effective TJA (C/W)      | 5.0          |
| Max Ambient (C)          | 84.0         |
| Junction Temperature (C) | 26.0         |
| Confidence Level         | Low          |
| Setting File             | ---          |
| Simulation Activity File | ---          |
| Design Nets Matched      | NA           |
+--------------------------+--------------+
* Specify Design Power Budget using, set_operating_conditions -design_power_budget <value in Watts>


1.1 On-Chip Components
----------------------

+--------------------------+-----------+----------+-----------+-----------------+
| On-Chip                  | Power (W) | Used     | Available | Utilization (%) |
+--------------------------+-----------+----------+-----------+-----------------+
| Clocks                   |     0.009 |       10 |       --- |             --- |
| Slice Logic              |     0.003 |     4350 |       --- |             --- |
|   LUT as Logic           |     0.002 |     1408 |     20800 |            6.77 |
|   LUT as Distributed RAM |    <0.001 |       96 |      9600 |            1.00 |
|   CARRY4                 |    <0.001 |       38 |      8150 |            0.47 |
|   Register               |    <0.001 |     1723 |     41600 |            4.14 |
|   F7/F8 Muxes            |    <0.001 |      108 |     32600 |            0.33 |
|   LUT as Shift Register  |    <0.001 |       64 |      9600 |            0.67 |
|   Others                 |     0.000 |      451 |       --- |             --- |
| Signals                  |     0.004 |     2996 |       --- |             --- |
| Block RAM                |    <0.001 |        8 |        50 |           16.00 |
| MMCM                     |     0.106 |        1 |         5 |           20.00 |
| I/O                      |    <0.001 |       22 |       106 |           20.75 |
| Static Power             |     0.069 |          |           |                 |
| Total                    |     0.191 |          |           |                 |
+--------------------------+-----------+----------+-----------+-----------------+


1.2 Power Supply Summary
------------------------

+-----------+-------------+-----------+-------------+------------+-------------+-------------+------------+
| Source    | Voltage (V) | Total (A) | Dynamic (A) | Static (A) | Powerup (A) | Budget (A)  | Margin (A) |
+-----------+-------------+-----------+-------------+------------+-------------+-------------+------------+
| Vccint    |       1.000 |     0.026 |       0.017 |      0.010 |       NA    | Unspecified | NA         |
| Vccaux    |       1.800 |     0.071 |       0.059 |      0.013 |       NA    | Unspecified | NA         |
| Vcco33    |       3.300 |     0.000 |       0.000 |      0.000 |       NA    | Unspecified | NA         |
| Vcco25    |       2.500 |     0.000 |       0.000 |      0.000 |       NA    | Unspecified | NA         |
| Vcco18    |       1.800 |     0.000 |       0.000 |      0.000 |       NA    | Unspecified | NA         |
| Vcco15    |       1.500 |     0.000 |       0.000 |      0.000 |       NA    | Unspecified | NA         |
| Vcco135   |       1.350 |     0.000 |       0.000 |      0.000 |       NA    | Unspecified | NA         |
| Vcco12    |       1.200 |     0.000 |       0.000 |      0.000 |       NA    | Unspecified | NA         |
| Vccaux_io |       1.800 |     0.000 |       0.000 |      0.000 |       NA    | Unspecified | NA         |
| Vccbram   |       1.000 |     0.000 |       0.000 |      0.000 |       NA    | Unspecified | NA         |
| MGTAVcc   |       1.000 |     0.000 |       0.000 |      0.000 |       NA    | Unspecified | NA         |
| MGTAVtt   |       1.200 |     0.000 |       0.000 |      0.000 |       NA    | Unspecified | NA         |
| Vccadc    |       1.800 |     0.020 |       0.000 |      0.020 |       NA    | Unspecified | NA         |
+-----------+-------------+-----------+-------------+------------+-------------+-------------+------------+


1.3 Confidence Level
--------------------

+-----------------------------+------------+--------------------------------------------------------+------------------------------------------------------------------------------------------------------------+
| User Input Data             | Confidence | Details                                                | Action                                                                                                     |
+-----------------------------+------------+--------------------------------------------------------+------------------------------------------------------------------------------------------------------------+
| Design implementation state | High       | Design is routed                                       |                                                                                                            |
| Clock nodes activity        | High       | User specified more than 95% of clocks                 |                                                                                                            |
| I/O nodes activity          | Low        | More than 75% of inputs are missing user specification | Provide missing input activity with simulation results or by editing the "By Resource Type -> I/Os" view   |
| Internal nodes activity     | Medium     | User specified less than 25% of internal nodes         | Provide missing internal nodes activity with simulation results or by editing the "By Resource Type" views |
| Device models               | High       | Device models are Production                           |                                                                                                            |
|                             |            |                                                        |                                                                                                            |
| Overall confidence level    | Low        |                                                        |                                                                                                            |
+-----------------------------+------------+--------------------------------------------------------+------------------------------------------------------------------------------------------------------------+


2. Settings
-----------

2.1 Environment
---------------

+-----------------------+--------------------------+
| Ambient Temp (C)      | 25.0                     |
| ThetaJA (C/W)         | 5.0                      |
| Airflow (LFM)         | 250                      |
| Heat Sink             | medium (Medium Profile)  |
| ThetaSA (C/W)         | 4.6                      |
| Board Selection       | medium (10"x10")         |
| # of Board Layers     | 12to15 (12 to 15 Layers) |
| Board Temperature (C) | 25.0                     |
+-----------------------+--------------------------+


2.2 Clock Constraints
---------------------

+-------------------------------------------------------+-----------------------------------------------+-----------------+
| Clock                                                 | Domain                                        | Constraint (ns) |
+-------------------------------------------------------+-----------------------------------------------+-----------------+
| TP3_i/mdm_1/U0/Use_E2.BSCAN_I/Use_E2.BSCANE2_I/DRCK   | TP3_i/mdm_1/U0/Use_E2.BSCAN_I/DRCK            |            33.3 |
| TP3_i/mdm_1/U0/Use_E2.BSCAN_I/Use_E2.BSCANE2_I/UPDATE | TP3_i/mdm_1/U0/Use_E2.BSCAN_I/Dbg_Update_0    |            33.3 |
| clk_out1_TP3_clk_wiz_1_0                              | TP3_i/clk_wiz_1/inst/clk_out1_TP3_clk_wiz_1_0 |            10.0 |
| clk_out1_TP3_clk_wiz_1_0_1                            | TP3_i/clk_wiz_1/inst/clk_out1_TP3_clk_wiz_1_0 |            10.0 |
| clkfbout_TP3_clk_wiz_1_0                              | TP3_i/clk_wiz_1/inst/clkfbout_TP3_clk_wiz_1_0 |            10.0 |
| clkfbout_TP3_clk_wiz_1_0_1                            | TP3_i/clk_wiz_1/inst/clkfbout_TP3_clk_wiz_1_0 |            10.0 |
| sys_clk_pin                                           | sys_clock                                     |            10.0 |
| sys_clock                                             | sys_clock                                     |            10.0 |
+-------------------------------------------------------+-----------------------------------------------+-----------------+


3. Detailed Reports
-------------------

3.1 By Hierarchy
----------------

+---------------------------+-----------+
| Name                      | Power (W) |
+---------------------------+-----------+
| TP3_wrapper               |     0.122 |
|   TP3_i                   |     0.122 |
|     clk_wiz_1             |     0.106 |
|       inst                |     0.106 |
|     microblaze_0          |     0.010 |
|       U0                  |     0.010 |
|     microblaze_0_axi_intc |     0.001 |
|       U0                  |     0.001 |
+---------------------------+-----------+


