#
# A fatal error has been detected by the Java Runtime Environment:
#
#  EXCEPTION_ACCESS_VIOLATION (0xc0000005) at pc=0x00007ff808701989, pid=14484, tid=12328
#
# JRE version: OpenJDK Runtime Environment (11.0.2+9) (build 11.0.2+9)
# Java VM: OpenJDK 64-Bit Server VM (11.0.2+9, mixed mode, tiered, compressed oops, g1 gc, windows-amd64)
# Problematic frame:
# C  [VCRUNTIME140.dll+0x1989]
#
# No core dump will be written. Minidumps are not enabled by default on client versions of Windows
#
# If you would like to submit a bug report, please visit:
#   http://bugreport.java.com/bugreport/crash.jsp
# The crash happened outside the Java Virtual Machine in native code.
# See problematic frame for where to report the bug.
#

---------------  S U M M A R Y ------------

Command Line: -Dsun.java2d.pmoffscreen=false -Dhttps.protocols=TLSv1,TLSv1.1,TLSv1.2 -Dsun.java2d.xrender=false -Dsun.java2d.d3d=false -Dsun.awt.nopixfmt=true -Dsun.java2d.dpiaware=true -Dsun.java2d.uiScale.enabled=false -Xverify:none -Dswing.aatext=true -XX:-UsePerfData -Djdk.map.althashing.threshold=512 -XX:StringTableSize=4072 --add-opens=java.base/java.nio=ALL-UNNAMED --add-opens=java.desktop/sun.swing=ALL-UNNAMED --add-opens=java.desktop/javax.swing=ALL-UNNAMED --add-opens=java.desktop/javax.swing.tree=ALL-UNNAMED --add-opens=java.desktop/javax.swing.plaf.basic=ALL-UNNAMED --add-opens=java.desktop/javax.swing.plaf.synth=ALL-UNNAMED --add-opens=java.desktop/com.sun.awt=ALL-UNNAMED -XX:NewSize=60m -XX:MaxNewSize=60m -Xms128m -Xmx3072m -Xss5m 

Host: Intel(R) Core(TM) i7-8700 CPU @ 3.20GHz, 12 cores, 15G,  Windows 10 , 64 bit Build 19041 (10.0.19041.1566)
Time: Tue Apr 11 09:58:24 2023 Paris, Madrid (heure d’été) elapsed time: 2263 seconds (0d 0h 37m 43s)

---------------  T H R E A D  ---------------

Current thread (0x000002568fa51800):  JavaThread "AWT-EventQueue-0" [_thread_in_native, id=12328, stack(0x0000006f08100000,0x0000006f08600000)]

Stack: [0x0000006f08100000,0x0000006f08600000],  sp=0x0000006f085f2790,  free space=5065k
Native frames: (J=compiled Java code, j=interpreted, Vv=VM code, C=native code)
C  [VCRUNTIME140.dll+0x1989]
C  0x00007fffdb402647
C  0x00007fffdb4037c2
C  0x00007fffdb3ea485
C  0x00007fff83c184b4
C  0x00007fff83c38e72
C  0x00007fff83cd34f5
C  0x00007fff83cd3419
C  0x00007fff83d04ce1
C  0x00007fff83d02426
C  0x00007fff83d5e2c1
C  0x00007fff83d603b3
C  0x00007fff83d3936d
C  0x00007fff83d393d8
C  0x00007fff83d39481
C  0x00007fff83d5f59c
C  0x00007fff83d306e5
C  0x00007fff83d30375
C  0x00007fff83d6d00f
C  0x00000256b1a0f42d

Java frames: (J=compiled Java code, j=interpreted, Vv=VM code)
J 19963  ui.views.waveform.waveformi.WVExecutive_getGraphicsDataSize(J)J (0 bytes) @ 0x00000256b1a0f391 [0x00000256b1a0f340+0x0000000000000051]
J 19962 c1 ui.views.waveform.executive.a.klK()Ljava/io/ByteArrayInputStream; (93 bytes) @ 0x00000256aa4bae2c [0x00000256aa4bad40+0x00000000000000ec]
J 20042 c1 ui.views.waveform.b.a.klh()V (144 bytes) @ 0x00000256aab70d34 [0x00000256aab70ca0+0x0000000000000094]
J 19649 c1 ui.views.waveform.w.aH(ZZ)V (48 bytes) @ 0x00000256a9db9364 [0x00000256a9db8e60+0x0000000000000504]
J 19124 c1 ui.views.waveform.c.b.j(Lui/frmwork/a/l;)V (605 bytes) @ 0x00000256ac1b9b5c [0x00000256ac1b1080+0x0000000000008adc]
J 19123 c1 ui.views.waveform.w.handleTclEvent(Lui/frmwork/a/l;)V (17 bytes) @ 0x00000256ac1afbbc [0x00000256ac1afae0+0x00000000000000dc]
J 13488 c1 ui.frmwork.a.o.c(Lui/frmwork/a/l;)V (61 bytes) @ 0x00000256a9a4878c [0x00000256a9a47de0+0x00000000000009ac]
J 22926 c2 ui.frmwork.E.i(JZ)V (471 bytes) @ 0x00000256b251ac10 [0x00000256b2519660+0x00000000000015b0]
J 13474 c1 ui.frmwork.E.fireTclEvent(J)I (113 bytes) @ 0x00000256a9da0f14 [0x00000256a9da0740+0x00000000000007d4]
v  ~StubRoutines::call_stub
J 23056  ui.views.waveform.waveformi.WVExecutive_processModelEvent(JJ)V (0 bytes) @ 0x00000256b0f86494 [0x00000256b0f86440+0x0000000000000054]
J 23532 c1 ui.views.waveform.c.b.ga(J)V (109 bytes) @ 0x00000256aacd4eec [0x00000256aacd4e20+0x00000000000000cc]
J 19124 c1 ui.views.waveform.c.b.j(Lui/frmwork/a/l;)V (605 bytes) @ 0x00000256ac1ba8f4 [0x00000256ac1b1080+0x0000000000009874]
J 19123 c1 ui.views.waveform.w.handleTclEvent(Lui/frmwork/a/l;)V (17 bytes) @ 0x00000256ac1afbbc [0x00000256ac1afae0+0x00000000000000dc]
J 13488 c1 ui.frmwork.a.o.c(Lui/frmwork/a/l;)V (61 bytes) @ 0x00000256a9a4878c [0x00000256a9a47de0+0x00000000000009ac]
J 22926 c2 ui.frmwork.E.i(JZ)V (471 bytes) @ 0x00000256b251ac10 [0x00000256b2519660+0x00000000000015b0]
J 13474 c1 ui.frmwork.E.fireTclEvent(J)I (113 bytes) @ 0x00000256a9da0f14 [0x00000256a9da0740+0x00000000000007d4]
v  ~StubRoutines::call_stub
J 23056  ui.views.waveform.waveformi.WVExecutive_processModelEvent(JJ)V (0 bytes) @ 0x00000256b0f86494 [0x00000256b0f86440+0x0000000000000054]
J 23532 c1 ui.views.waveform.c.b.ga(J)V (109 bytes) @ 0x00000256aacd4eec [0x00000256aacd4e20+0x00000000000000cc]
j  ui.views.waveform.c.e.actionPerformed(Ljava/awt/event/ActionEvent;)V+8
J 18967 c2 javax.swing.Timer.fireActionPerformed(Ljava/awt/event/ActionEvent;)V java.desktop@11.0.2 (46 bytes) @ 0x00000256b149d060 [0x00000256b149cf40+0x0000000000000120]
J 19114 c2 javax.swing.Timer$DoPostEvent.run()V java.desktop@11.0.2 (82 bytes) @ 0x00000256b2057cd8 [0x00000256b20579e0+0x00000000000002f8]
J 14314 c2 java.awt.event.InvocationEvent.dispatch()V java.desktop@11.0.2 (69 bytes) @ 0x00000256b1a13f9c [0x00000256b1a13f40+0x000000000000005c]
J 14311 c2 java.awt.EventQueue$4.run()Ljava/lang/Object; java.desktop@11.0.2 (5 bytes) @ 0x00000256b1a1522c [0x00000256b1a14de0+0x000000000000044c]
v  ~StubRoutines::call_stub
J 4128  java.security.AccessController.doPrivileged(Ljava/security/PrivilegedAction;Ljava/security/AccessControlContext;)Ljava/lang/Object; java.base@11.0.2 (0 bytes) @ 0x00000256b10cc6b6 [0x00000256b10cc640+0x0000000000000076]
J 14309 c2 java.awt.EventQueue.dispatchEvent(Ljava/awt/AWTEvent;)V java.desktop@11.0.2 (80 bytes) @ 0x00000256b1a038cc [0x00000256b1a03340+0x000000000000058c]
J 19368 c2 java.awt.EventDispatchThread.pumpOneEventForFilters(I)V java.desktop@11.0.2 (113 bytes) @ 0x00000256b20c21c4 [0x00000256b20c1de0+0x00000000000003e4]
J 23378 c2 java.awt.EventDispatchThread.pumpEventsForFilter(ILjava/awt/Conditional;Ljava/awt/EventFilter;)V java.desktop@11.0.2 (47 bytes) @ 0x00000256b1bb17a0 [0x00000256b1bb15e0+0x00000000000001c0]
j  java.awt.EventDispatchThread.pumpEventsForFilter(Ljava/awt/Conditional;Ljava/awt/EventFilter;)V+4 java.desktop@11.0.2
j  java.awt.WaitDispatchSupport$2.run()V+59 java.desktop@11.0.2
j  java.awt.WaitDispatchSupport$4.run()Ljava/lang/Void;+4 java.desktop@11.0.2
j  java.awt.WaitDispatchSupport$4.run()Ljava/lang/Object;+1 java.desktop@11.0.2
v  ~StubRoutines::call_stub
J 929  java.security.AccessController.doPrivileged(Ljava/security/PrivilegedAction;)Ljava/lang/Object; java.base@11.0.2 (0 bytes) @ 0x00000256b0ef0d22 [0x00000256b0ef0cc0+0x0000000000000062]
j  java.awt.WaitDispatchSupport.enter()Z+260 java.desktop@11.0.2
j  java.awt.Dialog.show()V+224 java.desktop@11.0.2
J 6775 c1 java.awt.Component.setVisible(Z)V java.desktop@11.0.2 (6 bytes) @ 0x00000256aa891864 [0x00000256aa891660+0x0000000000000204]
j  java.awt.Window.setVisible(Z)V+2 java.desktop@11.0.2
j  java.awt.Dialog.setVisible(Z)V+2 java.desktop@11.0.2
j  ui.dlg.c.g.setVisible(Z)V+2
j  ui.dlg.c.bz.bIi()V+64
j  ui.dlg.c.bI.actionPerformed(Ljava/awt/event/ActionEvent;)V+8
j  ui.dlg.c.bz.fud()V+388
j  ui.views.c.t.a.d.run()V+23
j  ui.frmwork.cmd.a.hsT()Z+66
j  ui.frmwork.cmd.d.htb()V+42
j  ui.bm.actionPerformed(Ljava/awt/event/ActionEvent;)V+25
j  javax.swing.AbstractButton.fireActionPerformed(Ljava/awt/event/ActionEvent;)V+83 java.desktop@11.0.2
j  ui.utils.swing.b.E.fireActionPerformed(Ljava/awt/event/ActionEvent;)V+7
j  javax.swing.AbstractButton$Handler.actionPerformed(Ljava/awt/event/ActionEvent;)V+5 java.desktop@11.0.2
j  javax.swing.DefaultButtonModel.fireActionPerformed(Ljava/awt/event/ActionEvent;)V+34 java.desktop@11.0.2
J 23539 c1 javax.swing.DefaultButtonModel.setPressed(Z)V java.desktop@11.0.2 (125 bytes) @ 0x00000256aad450a4 [0x00000256aad44100+0x0000000000000fa4]
j  javax.swing.plaf.basic.BasicButtonListener.mouseReleased(Ljava/awt/event/MouseEvent;)V+35 java.desktop@11.0.2
j  com.jidesoft.plaf.basic.BasicJideButtonListener.mouseReleased(Ljava/awt/event/MouseEvent;)V+61
J 19502 c1 java.awt.AWTEventMulticaster.mouseReleased(Ljava/awt/event/MouseEvent;)V java.desktop@11.0.2 (27 bytes) @ 0x00000256ac2a592c [0x00000256ac2a5700+0x000000000000022c]
J 19502 c1 java.awt.AWTEventMulticaster.mouseReleased(Ljava/awt/event/MouseEvent;)V java.desktop@11.0.2 (27 bytes) @ 0x00000256ac2a592c [0x00000256ac2a5700+0x000000000000022c]
J 19502 c1 java.awt.AWTEventMulticaster.mouseReleased(Ljava/awt/event/MouseEvent;)V java.desktop@11.0.2 (27 bytes) @ 0x00000256ac2a592c [0x00000256ac2a5700+0x000000000000022c]
J 19502 c1 java.awt.AWTEventMulticaster.mouseReleased(Ljava/awt/event/MouseEvent;)V java.desktop@11.0.2 (27 bytes) @ 0x00000256ac2a592c [0x00000256ac2a5700+0x000000000000022c]
J 23833 c1 java.awt.Component.processMouseEvent(Ljava/awt/event/MouseEvent;)V java.desktop@11.0.2 (100 bytes) @ 0x00000256aab80fbc [0x00000256aab80b40+0x000000000000047c]
J 23830 c1 javax.swing.JComponent.processMouseEvent(Ljava/awt/event/MouseEvent;)V java.desktop@11.0.2 (27 bytes) @ 0x00000256aa9389f4 [0x00000256aa9387e0+0x0000000000000214]
J 13733 c2 java.awt.Container.processEvent(Ljava/awt/AWTEvent;)V java.desktop@11.0.2 (22 bytes) @ 0x00000256b1165bd4 [0x00000256b1165aa0+0x0000000000000134]
J 23406 c2 java.awt.Component.dispatchEventImpl(Ljava/awt/AWTEvent;)V java.desktop@11.0.2 (777 bytes) @ 0x00000256b1e2a560 [0x00000256b1e29a00+0x0000000000000b60]
J 23041 c2 java.awt.Container.dispatchEventImpl(Ljava/awt/AWTEvent;)V java.desktop@11.0.2 (129 bytes) @ 0x00000256b10ec9ac [0x00000256b10ec720+0x000000000000028c]
J 17576 c2 java.awt.LightweightDispatcher.retargetMouseEvent(Ljava/awt/Component;ILjava/awt/event/MouseEvent;)V java.desktop@11.0.2 (372 bytes) @ 0x00000256b1dd10e0 [0x00000256b1dd0ac0+0x0000000000000620]
J 23809 c1 java.awt.LightweightDispatcher.processMouseEvent(Ljava/awt/event/MouseEvent;)Z java.desktop@11.0.2 (265 bytes) @ 0x00000256ab0587fc [0x00000256ab0577e0+0x000000000000101c]
J 23041 c2 java.awt.Container.dispatchEventImpl(Ljava/awt/AWTEvent;)V java.desktop@11.0.2 (129 bytes) @ 0x00000256b10ecb58 [0x00000256b10ec720+0x0000000000000438]
J 19850 c2 java.awt.Window.dispatchEventImpl(Ljava/awt/AWTEvent;)V java.desktop@11.0.2 (23 bytes) @ 0x00000256b19f540c [0x00000256b19f53c0+0x000000000000004c]
J 14311 c2 java.awt.EventQueue$4.run()Ljava/lang/Object; java.desktop@11.0.2 (5 bytes) @ 0x00000256b1a152c4 [0x00000256b1a14de0+0x00000000000004e4]
v  ~StubRoutines::call_stub
J 4128  java.security.AccessController.doPrivileged(Ljava/security/PrivilegedAction;Ljava/security/AccessControlContext;)Ljava/lang/Object; java.base@11.0.2 (0 bytes) @ 0x00000256b10cc6b6 [0x00000256b10cc640+0x0000000000000076]
J 16466 c2 java.awt.EventQueue$5.run()Ljava/lang/Object; java.desktop@11.0.2 (5 bytes) @ 0x00000256b1be4074 [0x00000256b1be3e00+0x0000000000000274]
v  ~StubRoutines::call_stub
J 4128  java.security.AccessController.doPrivileged(Ljava/security/PrivilegedAction;Ljava/security/AccessControlContext;)Ljava/lang/Object; java.base@11.0.2 (0 bytes) @ 0x00000256b10cc6b6 [0x00000256b10cc640+0x0000000000000076]
J 14309 c2 java.awt.EventQueue.dispatchEvent(Ljava/awt/AWTEvent;)V java.desktop@11.0.2 (80 bytes) @ 0x00000256b1a036e8 [0x00000256b1a03340+0x00000000000003a8]
J 19368 c2 java.awt.EventDispatchThread.pumpOneEventForFilters(I)V java.desktop@11.0.2 (113 bytes) @ 0x00000256b20c21c4 [0x00000256b20c1de0+0x00000000000003e4]
J 20636% c2 java.awt.EventDispatchThread.pumpEventsForFilter(ILjava/awt/Conditional;Ljava/awt/EventFilter;)V java.desktop@11.0.2 (47 bytes) @ 0x00000256b1ef6b40 [0x00000256b1ef6a40+0x0000000000000100]
j  java.awt.EventDispatchThread.pumpEventsForHierarchy(ILjava/awt/Conditional;Ljava/awt/Component;)V+11 java.desktop@11.0.2
j  java.awt.EventDispatchThread.pumpEvents(ILjava/awt/Conditional;)V+4 java.desktop@11.0.2
j  java.awt.EventDispatchThread.pumpEvents(Ljava/awt/Conditional;)V+3 java.desktop@11.0.2
j  java.awt.EventDispatchThread.run()V+9 java.desktop@11.0.2
v  ~StubRoutines::call_stub

siginfo: EXCEPTION_ACCESS_VIOLATION (0xc0000005), writing address 0x0000000000000000


Register to memory mapping:

RIP=0x00007ff808701989 VCRUNTIME140.dll
RAX=0x0 is NULL
RBX=0x00000256903bc030 points into unknown readable memory: 90 bf 3b 90 56 02 00 00
RCX=4096 is a compressed pointer to class: 0x0000000800001000
java.lang.Object {0x0000000800001008}
RDX=0x0 is NULL
RSP=0x0000006f085f2790 is pointing into the stack for thread: 0x000002568fa51800
RBP=0x0 is NULL
RSI=0x00000256b893e1b0 points into unknown readable memory: 1f 00 00 00 00 00 00 34
RDI=0x0 is NULL
R8 =4096 is a compressed pointer to class: 0x0000000800001000
java.lang.Object {0x0000000800001008}
R9 =0x0 is NULL
R10=0x0000000000008000 is an unknown value
R11=0x0 is NULL
R12=0x0000000000000001 is an unknown value
R13=0x00007fffdb418e50 points into unknown readable memory: d0 2f 3f db ff 7f 00 00
R14=0x00000256b8570a80 points into unknown readable memory: b0 92 29 90 56 02 00 00
R15=0x00000256be4ec6a0 points into unknown readable memory: 00 7d 41 db ff 7f 00 00


Registers:
RAX=0x0000000000000000, RBX=0x00000256903bc030, RCX=0x0000000000001000, RDX=0x0000000000000000
RSP=0x0000006f085f2790, RBP=0x0000000000000000, RSI=0x00000256b893e1b0, RDI=0x0000000000000000
R8 =0x0000000000001000, R9 =0x0000000000000000, R10=0x0000000000008000, R11=0x0000000000000000
R12=0x0000000000000001, R13=0x00007fffdb418e50, R14=0x00000256b8570a80, R15=0x00000256be4ec6a0
RIP=0x00007ff808701989, EFLAGS=0x0000000000010202

Top of Stack: (sp=0x0000006f085f2790)
0x0000006f085f2790:   00000256b8570a80 00007fffdb402647
0x0000006f085f27a0:   0000000000000373 00000256903bc030
0x0000006f085f27b0:   00000256b893e1b0 00000256b8bc1a20
0x0000006f085f27c0:   0000000000000373 0000000000000000
0x0000006f085f27d0:   00000000000000ae 0000000000000010
0x0000006f085f27e0:   0000025686470000 0000006f085f28a9
0x0000006f085f27f0:   0000000000000000 0000000d00000010
0x0000006f085f2800:   00000007433ce9b8 0000000400000000
0x0000006f085f2810:   0000000000000040 0000000000000000
0x0000006f085f2820:   0000000000000000 0000000000000000
0x0000006f085f2830:   0000000000000000 0000000000000000
0x0000006f085f2840:   0000d137f2722d5a 00007fff00000000
0x0000006f085f2850:   0000d13700000001 00000007433ce9b8
0x0000006f085f2860:   0000000000000000 0000000000000000
0x0000006f085f2870:   00000256c35dab90 00007fff0000023d
0x0000006f085f2880:   00000256c1cb0670 000002568e9567d0 

Instructions: (pc=0x00007ff808701989)
0x00007ff808701969:   cc cc cc cc cc cc cc cc cc cc cc cc cc 66 66 0f
0x00007ff808701979:   1f 84 00 00 00 00 00 57 8b c2 48 8b f9 49 8b c8
0x00007ff808701989:   f3 aa 49 8b c3 5f c3 cc cc cc cc cc cc 66 66 0f
0x00007ff808701999:   1f 84 00 00 00 00 00 4c 8b d9 0f b6 d2 49 b9 01 


Stack slot to memory mapping:
stack at sp + 0 slots: 0x00000256b8570a80 points into unknown readable memory: b0 92 29 90 56 02 00 00
stack at sp + 1 slots: 0x00007fffdb402647 points into unknown readable memory: 40
stack at sp + 2 slots: 0x0000000000000373 is an unknown value
stack at sp + 3 slots: 0x00000256903bc030 points into unknown readable memory: 90 bf 3b 90 56 02 00 00
stack at sp + 4 slots: 0x00000256b893e1b0 points into unknown readable memory: 1f 00 00 00 00 00 00 34
stack at sp + 5 slots: 0x00000256b8bc1a20 points into unknown readable memory: 78 01 ed d8 5f e4 dd 75
stack at sp + 6 slots: 0x0000000000000373 is an unknown value
stack at sp + 7 slots: 0x0 is NULL


---------------  P R O C E S S  ---------------

Threads class SMR info:
_java_thread_list=0x00000256b842b2c0, length=38, elements={
0x000002568d161800, 0x00000256c26fb800, 0x00000256a6678800, 0x00000256a869a800,
0x0000025688d38800, 0x000002568c37a800, 0x0000025687fa8800, 0x0000025687fa9000,
0x00000256c2eca000, 0x00000256c2ecf000, 0x00000256c36ce000, 0x00000256c2f41800,
0x00000256c2f30000, 0x00000256c37b9000, 0x000002568fa51800, 0x000002568fbec000,
0x000002568fdfb000, 0x000002568e510800, 0x000002568edfd000, 0x000002568edfc000,
0x000002568ee00000, 0x000002568edfa800, 0x000002568edfb000, 0x00000256ba052800,
0x00000256ba059000, 0x00000256ba054800, 0x00000256ba057000, 0x00000256ba053000,
0x00000256ba059800, 0x00000256ba05b800, 0x00000256ba055800, 0x00000256ba05e800,
0x00000256ba05d000, 0x000002568edfd800, 0x000002568edff000, 0x00000256ba060000,
0x00000256ba05f800, 0x00000256ba054000
}

Java Threads: ( => current thread )
  0x000002568d161800 JavaThread "main" [_thread_blocked, id=2436, stack(0x0000006f03a00000,0x0000006f03b00000)]
  0x00000256c26fb800 JavaThread "Reference Handler" daemon [_thread_blocked, id=3116, stack(0x0000006f04100000,0x0000006f04600000)]
  0x00000256a6678800 JavaThread "Finalizer" daemon [_thread_blocked, id=9796, stack(0x0000006f04600000,0x0000006f04b00000)]
  0x00000256a869a800 JavaThread "Signal Dispatcher" daemon [_thread_blocked, id=8792, stack(0x0000006f04b00000,0x0000006f05000000)]
  0x0000025688d38800 JavaThread "Attach Listener" daemon [_thread_blocked, id=12752, stack(0x0000006f05000000,0x0000006f05500000)]
  0x000002568c37a800 JavaThread "C2 CompilerThread0" daemon [_thread_blocked, id=5408, stack(0x0000006f05500000,0x0000006f05600000)]
  0x0000025687fa8800 JavaThread "C1 CompilerThread0" daemon [_thread_blocked, id=12672, stack(0x0000006f05600000,0x0000006f05700000)]
  0x0000025687fa9000 JavaThread "Sweeper thread" daemon [_thread_blocked, id=9312, stack(0x0000006f05700000,0x0000006f05c00000)]
  0x00000256c2eca000 JavaThread "Common-Cleaner" daemon [_thread_blocked, id=5164, stack(0x0000006f05c00000,0x0000006f06100000)]
  0x00000256c2ecf000 JavaThread "Service Thread" daemon [_thread_blocked, id=5800, stack(0x0000006f06100000,0x0000006f06600000)]
  0x00000256c36ce000 JavaThread "Java2D Disposer" daemon [_thread_blocked, id=9512, stack(0x0000006f06700000,0x0000006f06c00000)]
  0x00000256c2f41800 JavaThread "AWT-Shutdown" [_thread_blocked, id=14988, stack(0x0000006f06c00000,0x0000006f07100000)]
  0x00000256c2f30000 JavaThread "AWT-Windows" daemon [_thread_in_native, id=14128, stack(0x0000006f07100000,0x0000006f07600000)]
  0x00000256c37b9000 JavaThread "TimerQueue" daemon [_thread_blocked, id=2272, stack(0x0000006f07600000,0x0000006f07b00000)]
=>0x000002568fa51800 JavaThread "AWT-EventQueue-0" [_thread_in_native, id=12328, stack(0x0000006f08100000,0x0000006f08600000)]
  0x000002568fbec000 JavaThread "Thread-1" [_thread_in_native, id=14380, stack(0x0000006f02300000,0x0000006f03700000)]
  0x000002568fdfb000 JavaThread "Process Messages Thread" [_thread_blocked, id=3096, stack(0x0000006f08b00000,0x0000006f09000000)]
  0x000002568e510800 JavaThread "SeedGenerator Thread" daemon [_thread_blocked, id=14436, stack(0x0000006f09c00000,0x0000006f0a100000)]
  0x000002568edfd000 JavaThread "Batik CleanerThread" daemon [_thread_blocked, id=9288, stack(0x0000006f08600000,0x0000006f08b00000)]
  0x000002568edfc000 JavaThread "SyntheticaCleanerThread" daemon [_thread_blocked, id=12920, stack(0x0000006f0ab00000,0x0000006f0b000000)]
  0x000002568ee00000 JavaThread "Monitor HEventQueue Thread" [_thread_blocked, id=4964, stack(0x0000006f0b100000,0x0000006f0b600000)]
  0x000002568edfa800 JavaThread "SyntheticaAnimation 50" daemon [_thread_blocked, id=14944, stack(0x0000006f0bb00000,0x0000006f0c000000)]
  0x000002568edfb000 JavaThread "SyntheticaAnimation 25" daemon [_thread_blocked, id=1500, stack(0x0000006f0c500000,0x0000006f0ca00000)]
  0x00000256ba052800 JavaThread "SyntheticaAnimation 70" daemon [_thread_blocked, id=8636, stack(0x0000006f0ca00000,0x0000006f0cf00000)]
  0x00000256ba059000 JavaThread "Refresh Filesets Swing Worker Thread" [_thread_blocked, id=5720, stack(0x0000006f0b600000,0x0000006f0bb00000)]
  0x00000256ba054800 JavaThread "hw_ila_monitor" [_thread_blocked, id=11036, stack(0x0000006f0cf00000,0x0000006f0d400000)]
  0x00000256ba057000 JavaThread "pool-2-thread-1" [_thread_blocked, id=6840, stack(0x0000006f0d900000,0x0000006f0de00000)]
  0x00000256ba053000 JavaThread "pool-3-thread-1" [_thread_blocked, id=9412, stack(0x0000006f0de00000,0x0000006f0e300000)]
  0x00000256ba059800 JavaThread "pool-4-thread-1" [_thread_blocked, id=4880, stack(0x0000006f0e300000,0x0000006f0e800000)]
  0x00000256ba05b800 JavaThread "Update Runs Swing Worker Thread" [_thread_blocked, id=14836, stack(0x0000006f0e800000,0x0000006f0ed00000)]
  0x00000256ba055800 JavaThread "SyntheticaAnimation 50" daemon [_thread_blocked, id=14644, stack(0x0000006f07b00000,0x0000006f08000000)]
  0x00000256ba05e800 JavaThread "SyntheticaAnimation 50" daemon [_thread_blocked, id=12540, stack(0x0000006f0ed00000,0x0000006f0f200000)]
  0x00000256ba05d000 JavaThread "Image Animator 3" daemon [_thread_blocked, id=14168, stack(0x0000006f10100000,0x0000006f10600000)]
  0x000002568edfd800 JavaThread "Timer-6" [_thread_blocked, id=7476, stack(0x0000006f0a500000,0x0000006f0aa00000)]
  0x000002568edff000 JavaThread "Monitor File Timestamp Swing Worker Thread" [_thread_blocked, id=11960, stack(0x0000006f0c000000,0x0000006f0c500000)]
  0x00000256ba060000 JavaThread "Timer-9" [_thread_blocked, id=2720, stack(0x0000006f0fc00000,0x0000006f10100000)]
  0x00000256ba05f800 JavaThread "Monitor File Timestamp Swing Worker Thread" [_thread_blocked, id=4064, stack(0x0000006f10600000,0x0000006f10b00000)]
  0x00000256ba054000 JavaThread "Restart Thread" [_thread_in_native, id=4552, stack(0x0000006f0f200000,0x0000006f0f700000)]

Other Threads:
  0x00000256c2973800 VMThread "VM Thread" [stack: 0x0000006f04000000,0x0000006f04100000] [id=14132]
  0x00000256c2ed3800 WatcherThread [stack: 0x0000006f06600000,0x0000006f06700000] [id=12652]
  0x00000256c1ff1000 GCTaskThread "GC Thread#0" [stack: 0x0000006f03b00000,0x0000006f03c00000] [id=13304]
  0x000002568fdfa800 GCTaskThread "GC Thread#1" [stack: 0x0000006f09000000,0x0000006f09100000] [id=13420]
  0x000002568ee3c000 GCTaskThread "GC Thread#2" [stack: 0x0000006f09100000,0x0000006f09200000] [id=13912]
  0x00000256c369f000 GCTaskThread "GC Thread#3" [stack: 0x0000006f09200000,0x0000006f09300000] [id=6560]
  0x00000256c36a0000 GCTaskThread "GC Thread#4" [stack: 0x0000006f09300000,0x0000006f09400000] [id=14320]
  0x000002568f1c5800 GCTaskThread "GC Thread#5" [stack: 0x0000006f09400000,0x0000006f09500000] [id=13884]
  0x000002568f1c6000 GCTaskThread "GC Thread#6" [stack: 0x0000006f09500000,0x0000006f09600000] [id=14708]
  0x000002568f951800 GCTaskThread "GC Thread#7" [stack: 0x0000006f09600000,0x0000006f09700000] [id=872]
  0x000002568f1c7000 GCTaskThread "GC Thread#8" [stack: 0x0000006f09700000,0x0000006f09800000] [id=6372]
  0x000002568fee4800 GCTaskThread "GC Thread#9" [stack: 0x0000006f09800000,0x0000006f09900000] [id=12640]
  0x00000256c2af9800 ConcurrentGCThread "G1 Main Marker" [stack: 0x0000006f03c00000,0x0000006f03d00000] [id=13308]
  0x00000256a6b8e000 ConcurrentGCThread "G1 Conc#0" [stack: 0x0000006f03d00000,0x0000006f03e00000] [id=12024]
  0x000002568fd5d000 ConcurrentGCThread "G1 Conc#1" [stack: 0x0000006f09a00000,0x0000006f09b00000] [id=14880]
  0x00000256c38cf800 ConcurrentGCThread "G1 Conc#2" [stack: 0x0000006f09b00000,0x0000006f09c00000] [id=9244]
  0x00000256c2688000 ConcurrentGCThread "G1 Refine#0" [stack: 0x0000006f03e00000,0x0000006f03f00000] [id=5480]
  0x000002568f34b800 ConcurrentGCThread "G1 Refine#1" [stack: 0x0000006f09900000,0x0000006f09a00000] [id=14888]
  0x00000256901eb000 ConcurrentGCThread "G1 Refine#2" [stack: 0x0000006f0b000000,0x0000006f0b100000] [id=2400]
  0x00000256ba22a000 ConcurrentGCThread "G1 Refine#3" [stack: 0x0000006f0a400000,0x0000006f0a500000] [id=14692]
  0x00000256a6a70800 ConcurrentGCThread "G1 Young RemSet Sampling" [stack: 0x0000006f03f00000,0x0000006f04000000] [id=1376]

Threads with active compile tasks:

VM state:not at safepoint (normal execution)

VM Mutex/Monitor currently owned by a thread: None

Heap address: 0x0000000740000000, size: 3072 MB, Compressed Oops mode: Zero based, Oop shift amount: 3
Narrow klass base: 0x0000000800000000, Narrow klass shift: 0
Compressed class space size: 1073741824 Address: 0x0000000800000000

Heap:
 garbage-first heap   total 264192K, used 138768K [0x0000000740000000, 0x0000000800000000)
  region size 1024K, 47 young (48128K), 1 survivors (1024K)
 Metaspace       used 98364K, capacity 101060K, committed 101276K, reserved 1136640K
  class space    used 13292K, capacity 14489K, committed 14572K, reserved 1048576K
Heap Regions: E=young(eden), S=young(survivor), O=old, HS=humongous(starts), HC=humongous(continues), CS=collection set, F=free, A=archive, TAMS=top-at-mark-start (previous, next)
|   0|0x0000000740000000, 0x0000000740100000, 0x0000000740100000|100%|HS|  |TAMS 0x0000000740000000, 0x0000000740000000| Untracked 
|   1|0x0000000740100000, 0x0000000740200000, 0x0000000740200000|100%|HC|  |TAMS 0x0000000740100000, 0x0000000740100000| Untracked 
|   2|0x0000000740200000, 0x0000000740300000, 0x0000000740300000|100%|HS|  |TAMS 0x0000000740200000, 0x0000000740200000| Untracked 
|   3|0x0000000740300000, 0x00000007403ffff0, 0x0000000740400000| 99%| O|  |TAMS 0x0000000740300000, 0x0000000740300000| Untracked 
|   4|0x0000000740400000, 0x0000000740500000, 0x0000000740500000|100%| O|  |TAMS 0x0000000740400000, 0x0000000740400000| Untracked 
|   5|0x0000000740500000, 0x0000000740600000, 0x0000000740600000|100%| O|  |TAMS 0x0000000740500000, 0x0000000740500000| Untracked 
|   6|0x0000000740600000, 0x0000000740700000, 0x0000000740700000|100%| O|  |TAMS 0x0000000740600000, 0x0000000740600000| Untracked 
|   7|0x0000000740700000, 0x00000007407ffff0, 0x0000000740800000| 99%| O|  |TAMS 0x0000000740700000, 0x0000000740700000| Untracked 
|   8|0x0000000740800000, 0x00000007408ffff8, 0x0000000740900000| 99%| O|  |TAMS 0x0000000740800000, 0x0000000740800000| Untracked 
|   9|0x0000000740900000, 0x00000007409ffff8, 0x0000000740a00000| 99%| O|  |TAMS 0x0000000740900000, 0x0000000740900000| Untracked 
|  10|0x0000000740a00000, 0x0000000740b00000, 0x0000000740b00000|100%| O|  |TAMS 0x0000000740a00000, 0x0000000740a00000| Untracked 
|  11|0x0000000740b00000, 0x0000000740bffff8, 0x0000000740c00000| 99%| O|  |TAMS 0x0000000740b00000, 0x0000000740b00000| Untracked 
|  12|0x0000000740c00000, 0x0000000740cffff8, 0x0000000740d00000| 99%| O|  |TAMS 0x0000000740c00000, 0x0000000740c00000| Untracked 
|  13|0x0000000740d00000, 0x0000000740dffff0, 0x0000000740e00000| 99%| O|  |TAMS 0x0000000740d00000, 0x0000000740d00000| Untracked 
|  14|0x0000000740e00000, 0x0000000740effff0, 0x0000000740f00000| 99%| O|  |TAMS 0x0000000740e00000, 0x0000000740e00000| Untracked 
|  15|0x0000000740f00000, 0x0000000741000000, 0x0000000741000000|100%| O|  |TAMS 0x0000000740f00000, 0x0000000740f00000| Untracked 
|  16|0x0000000741000000, 0x00000007410ffff0, 0x0000000741100000| 99%| O|  |TAMS 0x0000000741000000, 0x0000000741000000| Untracked 
|  17|0x0000000741100000, 0x00000007411ffff8, 0x0000000741200000| 99%| O|  |TAMS 0x0000000741100000, 0x0000000741100000| Untracked 
|  18|0x0000000741200000, 0x00000007412fffd0, 0x0000000741300000| 99%| O|  |TAMS 0x0000000741200000, 0x0000000741200000| Untracked 
|  19|0x0000000741300000, 0x00000007413ffff0, 0x0000000741400000| 99%| O|  |TAMS 0x0000000741300000, 0x0000000741300000| Untracked 
|  20|0x0000000741400000, 0x0000000741500000, 0x0000000741500000|100%| O|  |TAMS 0x0000000741400000, 0x0000000741400000| Untracked 
|  21|0x0000000741500000, 0x00000007415ffff8, 0x0000000741600000| 99%| O|  |TAMS 0x0000000741500000, 0x0000000741500000| Untracked 
|  22|0x0000000741600000, 0x0000000741700000, 0x0000000741700000|100%| O|  |TAMS 0x0000000741600000, 0x0000000741600000| Untracked 
|  23|0x0000000741700000, 0x0000000741800000, 0x0000000741800000|100%| O|  |TAMS 0x0000000741700000, 0x0000000741700000| Untracked 
|  24|0x0000000741800000, 0x00000007418ffff8, 0x0000000741900000| 99%| O|  |TAMS 0x0000000741800000, 0x0000000741800000| Untracked 
|  25|0x0000000741900000, 0x0000000741a00000, 0x0000000741a00000|100%| O|  |TAMS 0x0000000741900000, 0x0000000741900000| Untracked 
|  26|0x0000000741a00000, 0x0000000741affff0, 0x0000000741b00000| 99%| O|  |TAMS 0x0000000741a00000, 0x0000000741a00000| Untracked 
|  27|0x0000000741b00000, 0x0000000741bffff8, 0x0000000741c00000| 99%| O|  |TAMS 0x0000000741b00000, 0x0000000741b00000| Untracked 
|  28|0x0000000741c00000, 0x0000000741cffff8, 0x0000000741d00000| 99%| O|  |TAMS 0x0000000741c00000, 0x0000000741c00000| Untracked 
|  29|0x0000000741d00000, 0x0000000741e00000, 0x0000000741e00000|100%| O|  |TAMS 0x0000000741d00000, 0x0000000741d00000| Untracked 
|  30|0x0000000741e00000, 0x0000000741f00000, 0x0000000741f00000|100%| O|  |TAMS 0x0000000741e00000, 0x0000000741e00000| Untracked 
|  31|0x0000000741f00000, 0x0000000741ffffe0, 0x0000000742000000| 99%| O|  |TAMS 0x0000000741f00000, 0x0000000741f00000| Untracked 
|  32|0x0000000742000000, 0x00000007420ffff0, 0x0000000742100000| 99%| O|  |TAMS 0x0000000742000000, 0x0000000742000000| Untracked 
|  33|0x0000000742100000, 0x00000007421fffe8, 0x0000000742200000| 99%| O|  |TAMS 0x0000000742100000, 0x0000000742100000| Untracked 
|  34|0x0000000742200000, 0x00000007422ffff0, 0x0000000742300000| 99%| O|  |TAMS 0x0000000742200000, 0x0000000742200000| Untracked 
|  35|0x0000000742300000, 0x00000007423ffff8, 0x0000000742400000| 99%| O|  |TAMS 0x0000000742300000, 0x0000000742300000| Untracked 
|  36|0x0000000742400000, 0x0000000742500000, 0x0000000742500000|100%| O|  |TAMS 0x0000000742400000, 0x0000000742400000| Untracked 
|  37|0x0000000742500000, 0x00000007425ffff0, 0x0000000742600000| 99%| O|  |TAMS 0x0000000742500000, 0x0000000742500000| Untracked 
|  38|0x0000000742600000, 0x0000000742700000, 0x0000000742700000|100%| O|  |TAMS 0x0000000742600000, 0x0000000742600000| Untracked 
|  39|0x0000000742700000, 0x0000000742800000, 0x0000000742800000|100%| O|  |TAMS 0x0000000742700000, 0x0000000742700000| Untracked 
|  40|0x0000000742800000, 0x00000007428fffe8, 0x0000000742900000| 99%| O|  |TAMS 0x0000000742800000, 0x0000000742800000| Untracked 
|  41|0x0000000742900000, 0x0000000742a00000, 0x0000000742a00000|100%| O|  |TAMS 0x0000000742900000, 0x0000000742900000| Untracked 
|  42|0x0000000742a00000, 0x0000000742b00000, 0x0000000742b00000|100%|HS|  |TAMS 0x0000000742a00000, 0x0000000742a00000| Untracked 
|  43|0x0000000742b00000, 0x0000000742c00000, 0x0000000742c00000|100%|HC|  |TAMS 0x0000000742b00000, 0x0000000742b00000| Untracked 
|  44|0x0000000742c00000, 0x0000000742d00000, 0x0000000742d00000|100%|HC|  |TAMS 0x0000000742c00000, 0x0000000742c00000| Untracked 
|  45|0x0000000742d00000, 0x0000000742e00000, 0x0000000742e00000|100%|HC|  |TAMS 0x0000000742d00000, 0x0000000742d00000| Untracked 
|  46|0x0000000742e00000, 0x0000000742f00000, 0x0000000742f00000|100%|HC|  |TAMS 0x0000000742e00000, 0x0000000742e00000| Untracked 
|  47|0x0000000742f00000, 0x0000000743000000, 0x0000000743000000|100%|HC|  |TAMS 0x0000000742f00000, 0x0000000742f00000| Untracked 
|  48|0x0000000743000000, 0x0000000743100000, 0x0000000743100000|100%|HC|  |TAMS 0x0000000743000000, 0x0000000743000000| Untracked 
|  49|0x0000000743100000, 0x0000000743200000, 0x0000000743200000|100%|HC|  |TAMS 0x0000000743100000, 0x0000000743100000| Untracked 
|  50|0x0000000743200000, 0x00000007432ffff8, 0x0000000743300000| 99%| O|  |TAMS 0x0000000743200000, 0x0000000743200000| Untracked 
|  51|0x0000000743300000, 0x00000007433ffff8, 0x0000000743400000| 99%| O|  |TAMS 0x0000000743300000, 0x0000000743300000| Untracked 
|  52|0x0000000743400000, 0x00000007434ffff0, 0x0000000743500000| 99%| O|  |TAMS 0x0000000743400000, 0x0000000743400000| Untracked 
|  53|0x0000000743500000, 0x00000007435ffff0, 0x0000000743600000| 99%| O|  |TAMS 0x0000000743500000, 0x0000000743500000| Untracked 
|  54|0x0000000743600000, 0x00000007436ffff8, 0x0000000743700000| 99%| O|  |TAMS 0x0000000743600000, 0x0000000743600000| Untracked 
|  55|0x0000000743700000, 0x00000007437ffe58, 0x0000000743800000| 99%| O|  |TAMS 0x0000000743700000, 0x0000000743700000| Untracked 
|  56|0x0000000743800000, 0x00000007438ffff8, 0x0000000743900000| 99%| O|  |TAMS 0x0000000743800000, 0x0000000743800000| Untracked 
|  57|0x0000000743900000, 0x0000000743a00000, 0x0000000743a00000|100%| O|  |TAMS 0x0000000743900000, 0x0000000743900000| Untracked 
|  58|0x0000000743a00000, 0x0000000743afffa8, 0x0000000743b00000| 99%| O|  |TAMS 0x0000000743a00000, 0x0000000743a00000| Untracked 
|  59|0x0000000743b00000, 0x0000000743bffff0, 0x0000000743c00000| 99%| O|  |TAMS 0x0000000743b00000, 0x0000000743b00000| Untracked 
|  60|0x0000000743c00000, 0x0000000743d00000, 0x0000000743d00000|100%| O|  |TAMS 0x0000000743c00000, 0x0000000743c00000| Untracked 
|  61|0x0000000743d00000, 0x0000000743e00000, 0x0000000743e00000|100%| O|  |TAMS 0x0000000743d00000, 0x0000000743d00000| Untracked 
|  62|0x0000000743e00000, 0x0000000743f00000, 0x0000000743f00000|100%| O|  |TAMS 0x0000000743e00000, 0x0000000743e00000| Untracked 
|  63|0x0000000743f00000, 0x0000000744000000, 0x0000000744000000|100%| O|  |TAMS 0x0000000743f00000, 0x0000000743f00000| Untracked 
|  64|0x0000000744000000, 0x00000007440ffff8, 0x0000000744100000| 99%| O|  |TAMS 0x0000000744000000, 0x0000000744000000| Untracked 
|  65|0x0000000744100000, 0x00000007441fffe8, 0x0000000744200000| 99%| O|  |TAMS 0x0000000744100000, 0x0000000744100000| Untracked 
|  66|0x0000000744200000, 0x00000007442fffd0, 0x0000000744300000| 99%| O|  |TAMS 0x0000000744200000, 0x0000000744200000| Untracked 
|  67|0x0000000744300000, 0x00000007443fffd8, 0x0000000744400000| 99%| O|  |TAMS 0x0000000744300000, 0x0000000744300000| Untracked 
|  68|0x0000000744400000, 0x00000007444ffff8, 0x0000000744500000| 99%| O|  |TAMS 0x0000000744400000, 0x0000000744400000| Untracked 
|  69|0x0000000744500000, 0x0000000744600000, 0x0000000744600000|100%| O|  |TAMS 0x0000000744500000, 0x0000000744500000| Untracked 
|  70|0x0000000744600000, 0x00000007446ffff8, 0x0000000744700000| 99%| O|  |TAMS 0x0000000744600000, 0x0000000744600000| Untracked 
|  71|0x0000000744700000, 0x0000000744800000, 0x0000000744800000|100%| O|  |TAMS 0x0000000744700000, 0x0000000744700000| Untracked 
|  72|0x0000000744800000, 0x0000000744900000, 0x0000000744900000|100%| O|  |TAMS 0x0000000744800000, 0x0000000744800000| Untracked 
|  73|0x0000000744900000, 0x00000007449ffff8, 0x0000000744a00000| 99%| O|  |TAMS 0x0000000744900000, 0x0000000744900000| Untracked 
|  74|0x0000000744a00000, 0x0000000744afffa8, 0x0000000744b00000| 99%| O|  |TAMS 0x0000000744a00000, 0x0000000744a00000| Untracked 
|  75|0x0000000744b00000, 0x0000000744bffff8, 0x0000000744c00000| 99%| O|  |TAMS 0x0000000744b00000, 0x0000000744b00000| Untracked 
|  76|0x0000000744c00000, 0x0000000744cfffc8, 0x0000000744d00000| 99%| O|  |TAMS 0x0000000744c00000, 0x0000000744c00000| Untracked 
|  77|0x0000000744d00000, 0x0000000744e00000, 0x0000000744e00000|100%| O|  |TAMS 0x0000000744d00000, 0x0000000744d00000| Untracked 
|  78|0x0000000744e00000, 0x0000000744efffe0, 0x0000000744f00000| 99%| O|  |TAMS 0x0000000744e00000, 0x0000000744e00000| Untracked 
|  79|0x0000000744f00000, 0x0000000744fffff0, 0x0000000745000000| 99%| O|  |TAMS 0x0000000744f00000, 0x0000000744f00000| Untracked 
|  80|0x0000000745000000, 0x0000000745100000, 0x0000000745100000|100%| O|  |TAMS 0x0000000745000000, 0x0000000745000000| Untracked 
|  81|0x0000000745100000, 0x00000007451ffff8, 0x0000000745200000| 99%| O|  |TAMS 0x0000000745100000, 0x0000000745100000| Untracked 
|  82|0x0000000745200000, 0x00000007452fa028, 0x0000000745300000| 97%| O|  |TAMS 0x0000000745200000, 0x0000000745200000| Untracked 
|  83|0x0000000745300000, 0x00000007453ffff8, 0x0000000745400000| 99%| O|  |TAMS 0x0000000745300000, 0x0000000745300000| Untracked 
|  84|0x0000000745400000, 0x00000007454eaca8, 0x0000000745500000| 91%| O|  |TAMS 0x0000000745400000, 0x0000000745400000| Untracked 
|  85|0x0000000745500000, 0x000000074557f1b0, 0x0000000745600000| 49%| O|  |TAMS 0x0000000745500000, 0x0000000745500000| Untracked 
|  86|0x0000000745600000, 0x00000007456c0f50, 0x0000000745700000| 75%| O|  |TAMS 0x0000000745600000, 0x0000000745600000| Untracked 
|  87|0x0000000745700000, 0x000000074576cfd0, 0x0000000745800000| 42%| O|  |TAMS 0x0000000745700000, 0x0000000745700000| Untracked 
|  88|0x0000000745800000, 0x0000000745800000, 0x0000000745900000|  0%| F|  |TAMS 0x0000000745800000, 0x0000000745800000| Untracked 
|  89|0x0000000745900000, 0x0000000745900000, 0x0000000745a00000|  0%| F|  |TAMS 0x0000000745900000, 0x0000000745900000| Untracked 
|  90|0x0000000745a00000, 0x0000000745a00000, 0x0000000745b00000|  0%| F|  |TAMS 0x0000000745a00000, 0x0000000745a00000| Untracked 
|  91|0x0000000745b00000, 0x0000000745b00000, 0x0000000745c00000|  0%| F|  |TAMS 0x0000000745b00000, 0x0000000745b00000| Untracked 
|  92|0x0000000745c00000, 0x0000000745c00000, 0x0000000745d00000|  0%| F|  |TAMS 0x0000000745c00000, 0x0000000745c00000| Untracked 
|  93|0x0000000745d00000, 0x0000000745d00000, 0x0000000745e00000|  0%| F|  |TAMS 0x0000000745d00000, 0x0000000745d00000| Untracked 
|  94|0x0000000745e00000, 0x0000000745f00000, 0x0000000745f00000|100%|HS|  |TAMS 0x0000000745e00000, 0x0000000745e00000| Untracked 
|  95|0x0000000745f00000, 0x0000000746000000, 0x0000000746000000|100%|HC|  |TAMS 0x0000000745f00000, 0x0000000745f00000| Untracked 
|  96|0x0000000746000000, 0x0000000746100000, 0x0000000746100000|100%|HC|  |TAMS 0x0000000746000000, 0x0000000746000000| Untracked 
|  97|0x0000000746100000, 0x0000000746100000, 0x0000000746200000|  0%| F|  |TAMS 0x0000000746100000, 0x0000000746100000| Untracked 
|  98|0x0000000746200000, 0x0000000746200000, 0x0000000746300000|  0%| F|  |TAMS 0x0000000746200000, 0x0000000746200000| Untracked 
|  99|0x0000000746300000, 0x0000000746300000, 0x0000000746400000|  0%| F|  |TAMS 0x0000000746300000, 0x0000000746300000| Untracked 
| 100|0x0000000746400000, 0x0000000746400000, 0x0000000746500000|  0%| F|  |TAMS 0x0000000746400000, 0x0000000746400000| Untracked 
| 101|0x0000000746500000, 0x0000000746500000, 0x0000000746600000|  0%| F|  |TAMS 0x0000000746500000, 0x0000000746500000| Untracked 
| 102|0x0000000746600000, 0x0000000746600000, 0x0000000746700000|  0%| F|  |TAMS 0x0000000746600000, 0x0000000746600000| Untracked 
| 103|0x0000000746700000, 0x0000000746700000, 0x0000000746800000|  0%| F|  |TAMS 0x0000000746700000, 0x0000000746700000| Untracked 
| 104|0x0000000746800000, 0x0000000746800000, 0x0000000746900000|  0%| F|  |TAMS 0x0000000746800000, 0x0000000746800000| Untracked 
| 105|0x0000000746900000, 0x0000000746900000, 0x0000000746a00000|  0%| F|  |TAMS 0x0000000746900000, 0x0000000746900000| Untracked 
| 106|0x0000000746a00000, 0x0000000746a00000, 0x0000000746b00000|  0%| F|  |TAMS 0x0000000746a00000, 0x0000000746a00000| Untracked 
| 107|0x0000000746b00000, 0x0000000746b85110, 0x0000000746c00000| 51%| O|  |TAMS 0x0000000746b00000, 0x0000000746b00000| Untracked 
| 108|0x0000000746c00000, 0x0000000746c00000, 0x0000000746d00000|  0%| F|  |TAMS 0x0000000746c00000, 0x0000000746c00000| Untracked 
| 109|0x0000000746d00000, 0x0000000746d00000, 0x0000000746e00000|  0%| F|  |TAMS 0x0000000746d00000, 0x0000000746d00000| Untracked 
| 110|0x0000000746e00000, 0x0000000746e00000, 0x0000000746f00000|  0%| F|  |TAMS 0x0000000746e00000, 0x0000000746e00000| Untracked 
| 111|0x0000000746f00000, 0x0000000746f00000, 0x0000000747000000|  0%| F|  |TAMS 0x0000000746f00000, 0x0000000746f00000| Untracked 
| 112|0x0000000747000000, 0x0000000747000000, 0x0000000747100000|  0%| F|  |TAMS 0x0000000747000000, 0x0000000747000000| Untracked 
| 113|0x0000000747100000, 0x0000000747100000, 0x0000000747200000|  0%| F|  |TAMS 0x0000000747100000, 0x0000000747100000| Untracked 
| 114|0x0000000747200000, 0x0000000747200000, 0x0000000747300000|  0%| F|  |TAMS 0x0000000747200000, 0x0000000747200000| Untracked 
| 115|0x0000000747300000, 0x0000000747300000, 0x0000000747400000|  0%| F|  |TAMS 0x0000000747300000, 0x0000000747300000| Untracked 
| 116|0x0000000747400000, 0x0000000747400000, 0x0000000747500000|  0%| F|  |TAMS 0x0000000747400000, 0x0000000747400000| Untracked 
| 117|0x0000000747500000, 0x0000000747500000, 0x0000000747600000|  0%| F|  |TAMS 0x0000000747500000, 0x0000000747500000| Untracked 
| 118|0x0000000747600000, 0x0000000747600000, 0x0000000747700000|  0%| F|  |TAMS 0x0000000747600000, 0x0000000747600000| Untracked 
| 119|0x0000000747700000, 0x0000000747700000, 0x0000000747800000|  0%| F|  |TAMS 0x0000000747700000, 0x0000000747700000| Untracked 
| 120|0x0000000747800000, 0x0000000747800000, 0x0000000747900000|  0%| F|  |TAMS 0x0000000747800000, 0x0000000747800000| Untracked 
| 121|0x0000000747900000, 0x0000000747900000, 0x0000000747a00000|  0%| F|  |TAMS 0x0000000747900000, 0x0000000747900000| Untracked 
| 122|0x0000000747a00000, 0x0000000747a00000, 0x0000000747b00000|  0%| F|  |TAMS 0x0000000747a00000, 0x0000000747a00000| Untracked 
| 123|0x0000000747b00000, 0x0000000747b00000, 0x0000000747c00000|  0%| F|  |TAMS 0x0000000747b00000, 0x0000000747b00000| Untracked 
| 124|0x0000000747c00000, 0x0000000747c00000, 0x0000000747d00000|  0%| F|  |TAMS 0x0000000747c00000, 0x0000000747c00000| Untracked 
| 125|0x0000000747d00000, 0x0000000747d00000, 0x0000000747e00000|  0%| F|  |TAMS 0x0000000747d00000, 0x0000000747d00000| Untracked 
| 126|0x0000000747e00000, 0x0000000747e00000, 0x0000000747f00000|  0%| F|  |TAMS 0x0000000747e00000, 0x0000000747e00000| Untracked 
| 127|0x0000000747f00000, 0x0000000747f00000, 0x0000000748000000|  0%| F|  |TAMS 0x0000000747f00000, 0x0000000747f00000| Untracked 
| 128|0x0000000748000000, 0x0000000748000000, 0x0000000748100000|  0%| F|  |TAMS 0x0000000748000000, 0x0000000748000000| Untracked 
| 129|0x0000000748100000, 0x0000000748100000, 0x0000000748200000|  0%| F|  |TAMS 0x0000000748100000, 0x0000000748100000| Untracked 
| 130|0x0000000748200000, 0x0000000748200000, 0x0000000748300000|  0%| F|  |TAMS 0x0000000748200000, 0x0000000748200000| Untracked 
| 131|0x0000000748300000, 0x0000000748300000, 0x0000000748400000|  0%| F|  |TAMS 0x0000000748300000, 0x0000000748300000| Untracked 
| 132|0x0000000748400000, 0x0000000748400000, 0x0000000748500000|  0%| F|  |TAMS 0x0000000748400000, 0x0000000748400000| Untracked 
| 133|0x0000000748500000, 0x0000000748500000, 0x0000000748600000|  0%| F|  |TAMS 0x0000000748500000, 0x0000000748500000| Untracked 
| 134|0x0000000748600000, 0x0000000748600000, 0x0000000748700000|  0%| F|  |TAMS 0x0000000748600000, 0x0000000748600000| Untracked 
| 135|0x0000000748700000, 0x0000000748700000, 0x0000000748800000|  0%| F|  |TAMS 0x0000000748700000, 0x0000000748700000| Untracked 
| 136|0x0000000748800000, 0x0000000748800000, 0x0000000748900000|  0%| F|  |TAMS 0x0000000748800000, 0x0000000748800000| Untracked 
| 137|0x0000000748900000, 0x0000000748900000, 0x0000000748a00000|  0%| F|  |TAMS 0x0000000748900000, 0x0000000748900000| Untracked 
| 138|0x0000000748a00000, 0x0000000748a00000, 0x0000000748b00000|  0%| F|  |TAMS 0x0000000748a00000, 0x0000000748a00000| Untracked 
| 139|0x0000000748b00000, 0x0000000748b00000, 0x0000000748c00000|  0%| F|  |TAMS 0x0000000748b00000, 0x0000000748b00000| Untracked 
| 140|0x0000000748c00000, 0x0000000748c00000, 0x0000000748d00000|  0%| F|  |TAMS 0x0000000748c00000, 0x0000000748c00000| Untracked 
| 141|0x0000000748d00000, 0x0000000748d00000, 0x0000000748e00000|  0%| F|  |TAMS 0x0000000748d00000, 0x0000000748d00000| Untracked 
| 142|0x0000000748e00000, 0x0000000748e00000, 0x0000000748f00000|  0%| F|  |TAMS 0x0000000748e00000, 0x0000000748e00000| Untracked 
| 143|0x0000000748f00000, 0x0000000748f00000, 0x0000000749000000|  0%| F|  |TAMS 0x0000000748f00000, 0x0000000748f00000| Untracked 
| 144|0x0000000749000000, 0x0000000749000000, 0x0000000749100000|  0%| F|  |TAMS 0x0000000749000000, 0x0000000749000000| Untracked 
| 145|0x0000000749100000, 0x0000000749100000, 0x0000000749200000|  0%| F|  |TAMS 0x0000000749100000, 0x0000000749100000| Untracked 
| 146|0x0000000749200000, 0x0000000749200000, 0x0000000749300000|  0%| F|  |TAMS 0x0000000749200000, 0x0000000749200000| Untracked 
| 147|0x0000000749300000, 0x0000000749300000, 0x0000000749400000|  0%| F|  |TAMS 0x0000000749300000, 0x0000000749300000| Untracked 
| 148|0x0000000749400000, 0x0000000749400000, 0x0000000749500000|  0%| F|  |TAMS 0x0000000749400000, 0x0000000749400000| Untracked 
| 149|0x0000000749500000, 0x0000000749500000, 0x0000000749600000|  0%| F|  |TAMS 0x0000000749500000, 0x0000000749500000| Untracked 
| 150|0x0000000749600000, 0x0000000749600000, 0x0000000749700000|  0%| F|  |TAMS 0x0000000749600000, 0x0000000749600000| Untracked 
| 151|0x0000000749700000, 0x0000000749700000, 0x0000000749800000|  0%| F|  |TAMS 0x0000000749700000, 0x0000000749700000| Untracked 
| 152|0x0000000749800000, 0x0000000749800000, 0x0000000749900000|  0%| F|  |TAMS 0x0000000749800000, 0x0000000749800000| Untracked 
| 153|0x0000000749900000, 0x0000000749900000, 0x0000000749a00000|  0%| F|  |TAMS 0x0000000749900000, 0x0000000749900000| Untracked 
| 154|0x0000000749a00000, 0x0000000749a00000, 0x0000000749b00000|  0%| F|  |TAMS 0x0000000749a00000, 0x0000000749a00000| Untracked 
| 155|0x0000000749b00000, 0x0000000749b00000, 0x0000000749c00000|  0%| F|  |TAMS 0x0000000749b00000, 0x0000000749b00000| Untracked 
| 156|0x0000000749c00000, 0x0000000749c00000, 0x0000000749d00000|  0%| F|  |TAMS 0x0000000749c00000, 0x0000000749c00000| Untracked 
| 157|0x0000000749d00000, 0x0000000749d00000, 0x0000000749e00000|  0%| F|  |TAMS 0x0000000749d00000, 0x0000000749d00000| Untracked 
| 158|0x0000000749e00000, 0x0000000749e00000, 0x0000000749f00000|  0%| F|  |TAMS 0x0000000749e00000, 0x0000000749e00000| Untracked 
| 159|0x0000000749f00000, 0x0000000749f00000, 0x000000074a000000|  0%| F|  |TAMS 0x0000000749f00000, 0x0000000749f00000| Untracked 
| 160|0x000000074a000000, 0x000000074a000000, 0x000000074a100000|  0%| F|  |TAMS 0x000000074a000000, 0x000000074a000000| Untracked 
| 161|0x000000074a100000, 0x000000074a100000, 0x000000074a200000|  0%| F|  |TAMS 0x000000074a100000, 0x000000074a100000| Untracked 
| 162|0x000000074a200000, 0x000000074a200000, 0x000000074a300000|  0%| F|  |TAMS 0x000000074a200000, 0x000000074a200000| Untracked 
| 163|0x000000074a300000, 0x000000074a300000, 0x000000074a400000|  0%| F|  |TAMS 0x000000074a300000, 0x000000074a300000| Untracked 
| 164|0x000000074a400000, 0x000000074a400000, 0x000000074a500000|  0%| F|  |TAMS 0x000000074a400000, 0x000000074a400000| Untracked 
| 165|0x000000074a500000, 0x000000074a500000, 0x000000074a600000|  0%| F|  |TAMS 0x000000074a500000, 0x000000074a500000| Untracked 
| 166|0x000000074a600000, 0x000000074a600000, 0x000000074a700000|  0%| F|  |TAMS 0x000000074a600000, 0x000000074a600000| Untracked 
| 167|0x000000074a700000, 0x000000074a700000, 0x000000074a800000|  0%| F|  |TAMS 0x000000074a700000, 0x000000074a700000| Untracked 
| 168|0x000000074a800000, 0x000000074a800000, 0x000000074a900000|  0%| F|  |TAMS 0x000000074a800000, 0x000000074a800000| Untracked 
| 169|0x000000074a900000, 0x000000074a900000, 0x000000074aa00000|  0%| F|  |TAMS 0x000000074a900000, 0x000000074a900000| Untracked 
| 170|0x000000074aa00000, 0x000000074aa00000, 0x000000074ab00000|  0%| F|  |TAMS 0x000000074aa00000, 0x000000074aa00000| Untracked 
| 171|0x000000074ab00000, 0x000000074ab00000, 0x000000074ac00000|  0%| F|  |TAMS 0x000000074ab00000, 0x000000074ab00000| Untracked 
| 172|0x000000074ac00000, 0x000000074ac00000, 0x000000074ad00000|  0%| F|  |TAMS 0x000000074ac00000, 0x000000074ac00000| Untracked 
| 173|0x000000074ad00000, 0x000000074ad00000, 0x000000074ae00000|  0%| F|  |TAMS 0x000000074ad00000, 0x000000074ad00000| Untracked 
| 174|0x000000074ae00000, 0x000000074ae00000, 0x000000074af00000|  0%| F|  |TAMS 0x000000074ae00000, 0x000000074ae00000| Untracked 
| 175|0x000000074af00000, 0x000000074af00000, 0x000000074b000000|  0%| F|  |TAMS 0x000000074af00000, 0x000000074af00000| Untracked 
| 176|0x000000074b000000, 0x000000074b000000, 0x000000074b100000|  0%| F|  |TAMS 0x000000074b000000, 0x000000074b000000| Untracked 
| 177|0x000000074b100000, 0x000000074b100000, 0x000000074b200000|  0%| F|  |TAMS 0x000000074b100000, 0x000000074b100000| Untracked 
| 178|0x000000074b200000, 0x000000074b200000, 0x000000074b300000|  0%| F|  |TAMS 0x000000074b200000, 0x000000074b200000| Untracked 
| 179|0x000000074b300000, 0x000000074b300000, 0x000000074b400000|  0%| F|  |TAMS 0x000000074b300000, 0x000000074b300000| Untracked 
| 180|0x000000074b400000, 0x000000074b400000, 0x000000074b500000|  0%| F|  |TAMS 0x000000074b400000, 0x000000074b400000| Untracked 
| 181|0x000000074b500000, 0x000000074b500000, 0x000000074b600000|  0%| F|  |TAMS 0x000000074b500000, 0x000000074b500000| Untracked 
| 182|0x000000074b600000, 0x000000074b600000, 0x000000074b700000|  0%| F|  |TAMS 0x000000074b600000, 0x000000074b600000| Untracked 
| 183|0x000000074b700000, 0x000000074b700000, 0x000000074b800000|  0%| F|  |TAMS 0x000000074b700000, 0x000000074b700000| Untracked 
| 184|0x000000074b800000, 0x000000074b800000, 0x000000074b900000|  0%| F|  |TAMS 0x000000074b800000, 0x000000074b800000| Untracked 
| 185|0x000000074b900000, 0x000000074b900000, 0x000000074ba00000|  0%| F|  |TAMS 0x000000074b900000, 0x000000074b900000| Untracked 
| 186|0x000000074ba00000, 0x000000074ba00000, 0x000000074bb00000|  0%| F|  |TAMS 0x000000074ba00000, 0x000000074ba00000| Untracked 
| 187|0x000000074bb00000, 0x000000074bb00000, 0x000000074bc00000|  0%| F|  |TAMS 0x000000074bb00000, 0x000000074bb00000| Untracked 
| 188|0x000000074bc00000, 0x000000074bc00000, 0x000000074bd00000|  0%| F|  |TAMS 0x000000074bc00000, 0x000000074bc00000| Untracked 
| 189|0x000000074bd00000, 0x000000074bd00000, 0x000000074be00000|  0%| F|  |TAMS 0x000000074bd00000, 0x000000074bd00000| Untracked 
| 190|0x000000074be00000, 0x000000074be00000, 0x000000074bf00000|  0%| F|  |TAMS 0x000000074be00000, 0x000000074be00000| Untracked 
| 191|0x000000074bf00000, 0x000000074bf00000, 0x000000074c000000|  0%| F|  |TAMS 0x000000074bf00000, 0x000000074bf00000| Untracked 
| 192|0x000000074c000000, 0x000000074c000000, 0x000000074c100000|  0%| F|  |TAMS 0x000000074c000000, 0x000000074c000000| Untracked 
| 193|0x000000074c100000, 0x000000074c100000, 0x000000074c200000|  0%| F|  |TAMS 0x000000074c100000, 0x000000074c100000| Untracked 
| 194|0x000000074c200000, 0x000000074c200000, 0x000000074c300000|  0%| F|  |TAMS 0x000000074c200000, 0x000000074c200000| Untracked 
| 195|0x000000074c300000, 0x000000074c355140, 0x000000074c400000| 33%| S|CS|TAMS 0x000000074c300000, 0x000000074c300000| Complete 
| 196|0x000000074c400000, 0x000000074c400000, 0x000000074c500000|  0%| F|  |TAMS 0x000000074c400000, 0x000000074c400000| Untracked 
| 197|0x000000074c500000, 0x000000074c500000, 0x000000074c600000|  0%| F|  |TAMS 0x000000074c500000, 0x000000074c500000| Untracked 
| 198|0x000000074c600000, 0x000000074c6142b0, 0x000000074c700000|  7%| O|  |TAMS 0x000000074c600000, 0x000000074c600000| Untracked 
| 199|0x000000074c700000, 0x000000074c700000, 0x000000074c800000|  0%| F|  |TAMS 0x000000074c700000, 0x000000074c700000| Untracked 
| 200|0x000000074c800000, 0x000000074c800000, 0x000000074c900000|  0%| F|  |TAMS 0x000000074c800000, 0x000000074c800000| Untracked 
| 201|0x000000074c900000, 0x000000074c900000, 0x000000074ca00000|  0%| F|  |TAMS 0x000000074c900000, 0x000000074c900000| Untracked 
| 202|0x000000074ca00000, 0x000000074ca00000, 0x000000074cb00000|  0%| F|  |TAMS 0x000000074ca00000, 0x000000074ca00000| Untracked 
| 203|0x000000074cb00000, 0x000000074cb00000, 0x000000074cc00000|  0%| F|  |TAMS 0x000000074cb00000, 0x000000074cb00000| Untracked 
| 204|0x000000074cc00000, 0x000000074cc00000, 0x000000074cd00000|  0%| F|  |TAMS 0x000000074cc00000, 0x000000074cc00000| Untracked 
| 205|0x000000074cd00000, 0x000000074cd00000, 0x000000074ce00000|  0%| F|  |TAMS 0x000000074cd00000, 0x000000074cd00000| Untracked 
| 206|0x000000074ce00000, 0x000000074ce00000, 0x000000074cf00000|  0%| F|  |TAMS 0x000000074ce00000, 0x000000074ce00000| Untracked 
| 207|0x000000074cf00000, 0x000000074cf00000, 0x000000074d000000|  0%| F|  |TAMS 0x000000074cf00000, 0x000000074cf00000| Untracked 
| 208|0x000000074d000000, 0x000000074d000000, 0x000000074d100000|  0%| F|  |TAMS 0x000000074d000000, 0x000000074d000000| Untracked 
| 209|0x000000074d100000, 0x000000074d100000, 0x000000074d200000|  0%| F|  |TAMS 0x000000074d100000, 0x000000074d100000| Untracked 
| 210|0x000000074d200000, 0x000000074d200000, 0x000000074d300000|  0%| F|  |TAMS 0x000000074d200000, 0x000000074d200000| Untracked 
| 211|0x000000074d300000, 0x000000074d321670, 0x000000074d400000| 13%| E|  |TAMS 0x000000074d300000, 0x000000074d300000| Complete 
| 212|0x000000074d400000, 0x000000074d500000, 0x000000074d500000|100%| E|CS|TAMS 0x000000074d400000, 0x000000074d400000| Complete 
| 213|0x000000074d500000, 0x000000074d600000, 0x000000074d600000|100%| E|CS|TAMS 0x000000074d500000, 0x000000074d500000| Complete 
| 214|0x000000074d600000, 0x000000074d700000, 0x000000074d700000|100%| E|CS|TAMS 0x000000074d600000, 0x000000074d600000| Complete 
| 215|0x000000074d700000, 0x000000074d800000, 0x000000074d800000|100%| E|CS|TAMS 0x000000074d700000, 0x000000074d700000| Complete 
| 216|0x000000074d800000, 0x000000074d900000, 0x000000074d900000|100%| E|CS|TAMS 0x000000074d800000, 0x000000074d800000| Complete 
| 217|0x000000074d900000, 0x000000074da00000, 0x000000074da00000|100%| E|CS|TAMS 0x000000074d900000, 0x000000074d900000| Complete 
| 218|0x000000074da00000, 0x000000074db00000, 0x000000074db00000|100%| E|CS|TAMS 0x000000074da00000, 0x000000074da00000| Complete 
| 219|0x000000074db00000, 0x000000074dc00000, 0x000000074dc00000|100%| E|CS|TAMS 0x000000074db00000, 0x000000074db00000| Complete 
| 220|0x000000074dc00000, 0x000000074dd00000, 0x000000074dd00000|100%| E|CS|TAMS 0x000000074dc00000, 0x000000074dc00000| Complete 
| 221|0x000000074dd00000, 0x000000074de00000, 0x000000074de00000|100%| E|CS|TAMS 0x000000074dd00000, 0x000000074dd00000| Complete 
| 222|0x000000074de00000, 0x000000074df00000, 0x000000074df00000|100%| E|CS|TAMS 0x000000074de00000, 0x000000074de00000| Complete 
| 223|0x000000074df00000, 0x000000074e000000, 0x000000074e000000|100%| E|CS|TAMS 0x000000074df00000, 0x000000074df00000| Complete 
| 224|0x000000074e000000, 0x000000074e100000, 0x000000074e100000|100%| E|CS|TAMS 0x000000074e000000, 0x000000074e000000| Complete 
| 225|0x000000074e100000, 0x000000074e200000, 0x000000074e200000|100%| E|CS|TAMS 0x000000074e100000, 0x000000074e100000| Complete 
| 226|0x000000074e200000, 0x000000074e300000, 0x000000074e300000|100%| E|CS|TAMS 0x000000074e200000, 0x000000074e200000| Complete 
| 227|0x000000074e300000, 0x000000074e400000, 0x000000074e400000|100%| E|CS|TAMS 0x000000074e300000, 0x000000074e300000| Complete 
| 228|0x000000074e400000, 0x000000074e500000, 0x000000074e500000|100%| E|CS|TAMS 0x000000074e400000, 0x000000074e400000| Complete 
| 229|0x000000074e500000, 0x000000074e600000, 0x000000074e600000|100%| E|CS|TAMS 0x000000074e500000, 0x000000074e500000| Complete 
| 230|0x000000074e600000, 0x000000074e700000, 0x000000074e700000|100%| E|CS|TAMS 0x000000074e600000, 0x000000074e600000| Complete 
| 231|0x000000074e700000, 0x000000074e800000, 0x000000074e800000|100%| E|CS|TAMS 0x000000074e700000, 0x000000074e700000| Complete 
| 232|0x000000074e800000, 0x000000074e900000, 0x000000074e900000|100%| E|CS|TAMS 0x000000074e800000, 0x000000074e800000| Complete 
| 233|0x000000074e900000, 0x000000074ea00000, 0x000000074ea00000|100%| E|CS|TAMS 0x000000074e900000, 0x000000074e900000| Complete 
| 234|0x000000074ea00000, 0x000000074eb00000, 0x000000074eb00000|100%| E|CS|TAMS 0x000000074ea00000, 0x000000074ea00000| Complete 
| 235|0x000000074eb00000, 0x000000074ec00000, 0x000000074ec00000|100%| E|CS|TAMS 0x000000074eb00000, 0x000000074eb00000| Complete 
| 236|0x000000074ec00000, 0x000000074ed00000, 0x000000074ed00000|100%| E|CS|TAMS 0x000000074ec00000, 0x000000074ec00000| Complete 
| 237|0x000000074ed00000, 0x000000074ee00000, 0x000000074ee00000|100%| E|CS|TAMS 0x000000074ed00000, 0x000000074ed00000| Complete 
| 238|0x000000074ee00000, 0x000000074ef00000, 0x000000074ef00000|100%| E|CS|TAMS 0x000000074ee00000, 0x000000074ee00000| Complete 
| 239|0x000000074ef00000, 0x000000074f000000, 0x000000074f000000|100%| E|CS|TAMS 0x000000074ef00000, 0x000000074ef00000| Complete 
| 240|0x000000074f000000, 0x000000074f100000, 0x000000074f100000|100%| E|CS|TAMS 0x000000074f000000, 0x000000074f000000| Complete 
| 241|0x000000074f100000, 0x000000074f200000, 0x000000074f200000|100%| E|CS|TAMS 0x000000074f100000, 0x000000074f100000| Complete 
| 242|0x000000074f200000, 0x000000074f300000, 0x000000074f300000|100%| E|CS|TAMS 0x000000074f200000, 0x000000074f200000| Complete 
| 243|0x000000074f300000, 0x000000074f400000, 0x000000074f400000|100%| E|CS|TAMS 0x000000074f300000, 0x000000074f300000| Complete 
| 244|0x000000074f400000, 0x000000074f500000, 0x000000074f500000|100%| E|CS|TAMS 0x000000074f400000, 0x000000074f400000| Complete 
| 245|0x000000074f500000, 0x000000074f600000, 0x000000074f600000|100%| E|CS|TAMS 0x000000074f500000, 0x000000074f500000| Complete 
| 246|0x000000074f600000, 0x000000074f6042a0, 0x000000074f700000|  1%| O|  |TAMS 0x000000074f600000, 0x000000074f600000| Untracked 
| 247|0x000000074f700000, 0x000000074f800000, 0x000000074f800000|100%| E|CS|TAMS 0x000000074f700000, 0x000000074f700000| Complete 
| 248|0x000000074f800000, 0x000000074f900000, 0x000000074f900000|100%| E|CS|TAMS 0x000000074f800000, 0x000000074f800000| Complete 
| 249|0x000000074f900000, 0x000000074fa00000, 0x000000074fa00000|100%| E|CS|TAMS 0x000000074f900000, 0x000000074f900000| Complete 
| 250|0x000000074fa00000, 0x000000074fb00000, 0x000000074fb00000|100%| E|CS|TAMS 0x000000074fa00000, 0x000000074fa00000| Complete 
| 251|0x000000074fb00000, 0x000000074fc00000, 0x000000074fc00000|100%| E|CS|TAMS 0x000000074fb00000, 0x000000074fb00000| Complete 
| 252|0x000000074fc00000, 0x000000074fd00000, 0x000000074fd00000|100%| E|CS|TAMS 0x000000074fc00000, 0x000000074fc00000| Complete 
| 253|0x000000074fd00000, 0x000000074fe00000, 0x000000074fe00000|100%| E|CS|TAMS 0x000000074fd00000, 0x000000074fd00000| Complete 
| 254|0x000000074fe00000, 0x000000074ff00000, 0x000000074ff00000|100%| E|CS|TAMS 0x000000074fe00000, 0x000000074fe00000| Complete 
| 255|0x000000074ff00000, 0x0000000750000000, 0x0000000750000000|100%| E|CS|TAMS 0x000000074ff00000, 0x000000074ff00000| Complete 
| 256|0x0000000750000000, 0x0000000750100000, 0x0000000750100000|100%| E|CS|TAMS 0x0000000750000000, 0x0000000750000000| Complete 
| 257|0x0000000750100000, 0x0000000750200000, 0x0000000750200000|100%| E|CS|TAMS 0x0000000750100000, 0x0000000750100000| Complete 

Card table byte_map: [0x000002569aba0000,0x000002569b1a0000] _byte_map_base: 0x00000256971a0000

Marking Bits (Prev, Next): (CMBitMap*) 0x000002568d162908, (CMBitMap*) 0x000002568d162940
 Prev Bits: [0x000002569b7a0000, 0x000002569e7a0000)
 Next Bits: [0x000002569e7a0000, 0x00000256a17a0000)

Polling page: 0x0000025686690000

Metaspace:

Usage:
  Non-class:     84.54 MB capacity,    83.08 MB ( 98%) used,     1.11 MB (  1%) free+waste,   359.88 KB ( <1%) overhead. 
      Class:     14.15 MB capacity,    12.98 MB ( 92%) used,  1023.30 KB (  7%) free+waste,   173.63 KB (  1%) overhead. 
       Both:     98.69 MB capacity,    96.06 MB ( 97%) used,     2.11 MB (  2%) free+waste,   533.50 KB ( <1%) overhead. 

Virtual space:
  Non-class space:       86.00 MB reserved,      84.67 MB ( 98%) committed 
      Class space:        1.00 GB reserved,      14.23 MB (  1%) committed 
             Both:        1.08 GB reserved,      98.90 MB (  9%) committed 

Chunk freelists:
   Non-Class:  640 bytes
       Class:  0 bytes
        Both:  640 bytes

CodeHeap 'non-profiled nmethods': size=120000Kb used=23253Kb max_used=23634Kb free=96746Kb
 bounds [0x00000256b0ea0000, 0x00000256b25f0000, 0x00000256b83d0000]
CodeHeap 'profiled nmethods': size=120000Kb used=42754Kb max_used=45640Kb free=77245Kb
 bounds [0x00000256a9970000, 0x00000256ac6c0000, 0x00000256b0ea0000]
CodeHeap 'non-nmethods': size=5760Kb used=1697Kb max_used=1754Kb free=4062Kb
 bounds [0x00000256a93d0000, 0x00000256a9640000, 0x00000256a9970000]
 total_blobs=35097 nmethods=17987 adapters=1167
 compilation: enabled
              stopped_count=0, restarted_count=0
 full_count=0

Compilation events (10 events):
Event: 2262.764 Thread 0x0000025687fa8800 23831   !   3       javax.swing.plaf.basic.BasicLookAndFeel$AWTEventHelper::eventDispatched (247 bytes)
Event: 2262.766 Thread 0x0000025687fa8800 nmethod 23831 0x00000256ab06f210 code [0x00000256ab06f520, 0x00000256ab0711a0]
Event: 2263.019 Thread 0x0000025687fa8800 23832       3       sun.swing.plaf.synth.DefaultSynthStyle::getColor (124 bytes)
Event: 2263.020 Thread 0x0000025687fa8800 nmethod 23832 0x00000256aac29f90 code [0x00000256aac2a1e0, 0x00000256aac2aca0]
Event: 2263.035 Thread 0x0000025687fa8800 23833       3       java.awt.Component::processMouseEvent (100 bytes)
Event: 2263.036 Thread 0x0000025687fa8800 nmethod 23833 0x00000256aab80910 code [0x00000256aab80b40, 0x00000256aab812f0]
Event: 2263.316 Thread 0x0000025687fa8800 23834  s    3       java.awt.Window::addWindowListener (23 bytes)
Event: 2263.316 Thread 0x0000025687fa8800 nmethod 23834 0x00000256aac2c990 code [0x00000256aac2cb80, 0x00000256aac2d3d8]
Event: 2263.316 Thread 0x0000025687fa8800 23835       3       java.awt.AWTEventMulticaster::add (9 bytes)
Event: 2263.316 Thread 0x0000025687fa8800 nmethod 23835 0x00000256aaa8f590 code [0x00000256aaa8f780, 0x00000256aaa8fc98]

GC Heap History (10 events):
Event: 2232.056 GC heap before
{Heap before GC invocations=438 (full 139):
 garbage-first heap   total 264192K, used 156063K [0x0000000740000000, 0x0000000800000000)
  region size 1024K, 60 young (61440K), 1 survivors (1024K)
 Metaspace       used 98249K, capacity 100932K, committed 101276K, reserved 1136640K
  class space    used 13276K, capacity 14468K, committed 14572K, reserved 1048576K
}
Event: 2232.058 GC heap after
{Heap after GC invocations=439 (full 139):
 garbage-first heap   total 264192K, used 95968K [0x0000000740000000, 0x0000000800000000)
  region size 1024K, 1 young (1024K), 1 survivors (1024K)
 Metaspace       used 98249K, capacity 100932K, committed 101276K, reserved 1136640K
  class space    used 13276K, capacity 14468K, committed 14572K, reserved 1048576K
}
Event: 2242.002 GC heap before
{Heap before GC invocations=439 (full 139):
 garbage-first heap   total 264192K, used 156384K [0x0000000740000000, 0x0000000800000000)
  region size 1024K, 60 young (61440K), 1 survivors (1024K)
 Metaspace       used 98249K, capacity 100932K, committed 101276K, reserved 1136640K
  class space    used 13276K, capacity 14468K, committed 14572K, reserved 1048576K
}
Event: 2242.004 GC heap after
{Heap after GC invocations=440 (full 139):
 garbage-first heap   total 264192K, used 95974K [0x0000000740000000, 0x0000000800000000)
  region size 1024K, 1 young (1024K), 1 survivors (1024K)
 Metaspace       used 98249K, capacity 100932K, committed 101276K, reserved 1136640K
  class space    used 13276K, capacity 14468K, committed 14572K, reserved 1048576K
}
Event: 2248.231 GC heap before
{Heap before GC invocations=440 (full 139):
 garbage-first heap   total 264192K, used 156390K [0x0000000740000000, 0x0000000800000000)
  region size 1024K, 60 young (61440K), 1 survivors (1024K)
 Metaspace       used 98281K, capacity 100935K, committed 101276K, reserved 1136640K
  class space    used 13280K, capacity 14469K, committed 14572K, reserved 1048576K
}
Event: 2248.233 GC heap after
{Heap after GC invocations=441 (full 139):
 garbage-first heap   total 264192K, used 96263K [0x0000000740000000, 0x0000000800000000)
  region size 1024K, 2 young (2048K), 2 survivors (2048K)
 Metaspace       used 98281K, capacity 100935K, committed 101276K, reserved 1136640K
  class space    used 13280K, capacity 14469K, committed 14572K, reserved 1048576K
}
Event: 2250.560 GC heap before
{Heap before GC invocations=441 (full 139):
 garbage-first heap   total 264192K, used 110599K [0x0000000740000000, 0x0000000800000000)
  region size 1024K, 17 young (17408K), 2 survivors (2048K)
 Metaspace       used 98355K, capacity 101060K, committed 101276K, reserved 1136640K
  class space    used 13292K, capacity 14489K, committed 14572K, reserved 1048576K
}
Event: 2250.615 GC heap after
{Heap after GC invocations=442 (full 140):
 garbage-first heap   total 264192K, used 92347K [0x0000000740000000, 0x0000000800000000)
  region size 1024K, 0 young (0K), 0 survivors (0K)
 Metaspace       used 98355K, capacity 101060K, committed 101276K, reserved 1136640K
  class space    used 13292K, capacity 14489K, committed 14572K, reserved 1048576K
}
Event: 2260.552 GC heap before
{Heap before GC invocations=442 (full 140):
 garbage-first heap   total 264192K, used 153787K [0x0000000740000000, 0x0000000800000000)
  region size 1024K, 60 young (61440K), 0 survivors (0K)
 Metaspace       used 98359K, capacity 101060K, committed 101276K, reserved 1136640K
  class space    used 13292K, capacity 14489K, committed 14572K, reserved 1048576K
}
Event: 2260.553 GC heap after
{Heap after GC invocations=443 (full 140):
 garbage-first heap   total 264192K, used 92688K [0x0000000740000000, 0x0000000800000000)
  region size 1024K, 1 young (1024K), 1 survivors (1024K)
 Metaspace       used 98359K, capacity 101060K, committed 101276K, reserved 1136640K
  class space    used 13292K, capacity 14489K, committed 14572K, reserved 1048576K
}

Deoptimization events (10 events):
Event: 2247.442 Thread 0x000002568fa51800 Uncommon trap: reason=class_check action=maybe_recompile pc=0x00000256b2459708 method=de.javasoft.plaf.synthetica.styles.MenuStyle.getFont(Ljavax/swing/plaf/synth/SynthContext;)Ljava/awt/Font; @ 14 c2
Event: 2247.613 Thread 0x000002568fa51800 Uncommon trap: reason=unstable_if action=reinterpret pc=0x00000256b25398a8 method=java.awt.Component.processMouseEvent(Ljava/awt/event/MouseEvent;)V @ 6 c2
Event: 2247.653 Thread 0x000002568fa51800 Uncommon trap: reason=unstable_if action=reinterpret pc=0x00000256b2533f9c method=java.awt.Component.processMouseEvent(Ljava/awt/event/MouseEvent;)V @ 6 c2
Event: 2248.713 Thread 0x000002568fa51800 Uncommon trap: reason=unstable_if action=reinterpret pc=0x00000256b1d8ffbc method=de.javasoft.plaf.synthetica.SyntheticaMenuItemUI.getComponentState(Ljavax/swing/JComponent;)I @ 66 c2
Event: 2248.714 Thread 0x000002568fa51800 Uncommon trap: reason=unstable_if action=reinterpret pc=0x00000256b22e7920 method=de.javasoft.synthetica.plain.GraphicsUtils.paintText(Ljavax/swing/plaf/synth/SynthContext;Ljava/awt/Graphics;Ljava/lang/String;III)V @ 20 c2
Event: 2248.996 Thread 0x000002568fa51800 Uncommon trap: reason=class_check action=maybe_recompile pc=0x00000256b1371958 method=de.javasoft.plaf.synthetica.styles.PopupMenuStyle$1.propertyChange(Ljava/beans/PropertyChangeEvent;)V @ 18 c2
Event: 2248.996 Thread 0x000002568fa51800 Uncommon trap: reason=class_check action=maybe_recompile pc=0x00000256b1371958 method=de.javasoft.plaf.synthetica.styles.PopupMenuStyle$1.propertyChange(Ljava/beans/PropertyChangeEvent;)V @ 18 c2
Event: 2250.508 Thread 0x000002568fa51800 Uncommon trap: reason=class_check action=maybe_recompile pc=0x00000256b1371958 method=de.javasoft.plaf.synthetica.styles.PopupMenuStyle$1.propertyChange(Ljava/beans/PropertyChangeEvent;)V @ 18 c2
Event: 2250.508 Thread 0x000002568fa51800 Uncommon trap: reason=class_check action=maybe_recompile pc=0x00000256b1371958 method=de.javasoft.plaf.synthetica.styles.PopupMenuStyle$1.propertyChange(Ljava/beans/PropertyChangeEvent;)V @ 18 c2
Event: 2250.509 Thread 0x000002568fa51800 Uncommon trap: reason=unstable_if action=reinterpret pc=0x00000256b14b9100 method=java.awt.LightweightDispatcher.processMouseEvent(Ljava/awt/event/MouseEvent;)Z @ 164 c2

Classes redefined (0 events):
No events

Internal exceptions (10 events):
Event: 1927.545 Thread 0x00000256ba060000 Exception <a 'java/lang/InterruptedException'{0x000000074c6054d8}: sleep interrupted> (0x000000074c6054d8) thrown at [t:/workspace/open/src/hotspot/share/prims/jvm.cpp, line 3117]
Event: 1928.632 Thread 0x00000256ba061000 Exception <a 'java/lang/InterruptedException'{0x000000074f600040}: sleep interrupted> (0x000000074f600040) thrown at [t:/workspace/open/src/hotspot/share/prims/jvm.cpp, line 3117]
Event: 1965.534 Thread 0x000002568fa51800 Implicit null exception at 0x00000256b1454777 to 0x00000256b1455bc2
Event: 1972.796 Thread 0x00000256ba05d800 Exception <a 'java/lang/InterruptedException'{0x000000074ecbcfe8}: sleep interrupted> (0x000000074ecbcfe8) thrown at [t:/workspace/open/src/hotspot/share/prims/jvm.cpp, line 3117]
Event: 2000.478 Thread 0x00000256ba05e800 Implicit null exception at 0x00000256b1dbb5bf to 0x00000256b1dbd03a
Event: 2183.855 Thread 0x00000256ba05d800 Exception <a 'java/lang/InterruptedException'{0x000000074e3aee50}: sleep interrupted> (0x000000074e3aee50) thrown at [t:/workspace/open/src/hotspot/share/prims/jvm.cpp, line 3117]
Event: 2192.218 Thread 0x000002568fa51800 Implicit null exception at 0x00000256b22e6c8d to 0x00000256b22e6fda
Event: 2247.442 Thread 0x00000256ba054000 Implicit null exception at 0x00000256b1b2a02c to 0x00000256b1b2a63e
Event: 2247.613 Thread 0x000002568fa51800 Implicit null exception at 0x00000256b253926c to 0x00000256b2539892
Event: 2247.653 Thread 0x000002568fa51800 Implicit null exception at 0x00000256b2533b33 to 0x00000256b2533f8a

Events (10 events):
Event: 2261.346 Thread 0x00000256ba054000 Thread exited: 0x00000256ba054000
Event: 2261.346 Executing VM operation: RevokeBias
Event: 2261.346 Executing VM operation: RevokeBias done
Event: 2262.236 Thread 0x00000256ba054000 Thread added: 0x00000256ba054000
Event: 2262.239 Thread 0x00000256ba054000 Thread exited: 0x00000256ba054000
Event: 2263.237 Thread 0x00000256ba054000 Thread added: 0x00000256ba054000
Event: 2263.240 Thread 0x00000256ba054000 Thread exited: 0x00000256ba054000
Event: 2263.317 Thread 0x00000256ba054000 Thread added: 0x00000256ba054000
Event: 2263.318 Executing VM operation: RevokeBias
Event: 2263.322 Executing VM operation: RevokeBias done


Dynamic libraries:
0x00007ff7ad090000 - 0x00007ff7ad0bf000 	C:\Xilinx\Vivado\2020.2\bin\unwrapped\win64.o\vivado.exe
0x00007ff81faf0000 - 0x00007ff81fce5000 	C:\windows\SYSTEM32\ntdll.dll
0x00007ff81f9d0000 - 0x00007ff81fa8e000 	C:\windows\System32\KERNEL32.DLL
0x00007ff81d7b0000 - 0x00007ff81da78000 	C:\windows\System32\KERNELBASE.dll
0x00007ff81d3a0000 - 0x00007ff81d4a0000 	C:\windows\System32\ucrtbase.dll
0x00007ff808630000 - 0x00007ff8086bd000 	C:\windows\SYSTEM32\MSVCP140.dll
0x00007ff808700000 - 0x00007ff80871b000 	C:\windows\SYSTEM32\VCRUNTIME140.dll
0x00007ff819b00000 - 0x00007ff819b13000 	C:\Xilinx\Vivado\2020.2\lib\win64.o\libboost_signals.dll
0x00007ff819ac0000 - 0x00007ff819ad8000 	C:\Xilinx\Vivado\2020.2\lib\win64.o\librdi_commonmain.dll
0x00007ff812c10000 - 0x00007ff812c1c000 	C:\windows\SYSTEM32\VCRUNTIME140_1.dll
0x00007fffd4400000 - 0x00007fffd5577000 	C:\Xilinx\Vivado\2020.2\lib\win64.o\librdi_common.dll
0x00007ff81ecf0000 - 0x00007ff81ee90000 	C:\windows\System32\USER32.dll
0x00007ff818d80000 - 0x00007ff818da2000 	C:\Xilinx\Vivado\2020.2\lib\win64.o\libboost_filesystem.dll
0x00007ff819ab0000 - 0x00007ff819ab9000 	C:\Xilinx\Vivado\2020.2\lib\win64.o\librdi_commonversion.dll
0x00007ff81db20000 - 0x00007ff81db42000 	C:\windows\System32\win32u.dll
0x00007ff81ef10000 - 0x00007ff81efbe000 	C:\windows\System32\ADVAPI32.dll
0x00007ff81db50000 - 0x00007ff81db7b000 	C:\windows\System32\GDI32.dll
0x00007ff81e930000 - 0x00007ff81e9ce000 	C:\windows\System32\msvcrt.dll
0x00007ffff2640000 - 0x00007ffff27d9000 	C:\Xilinx\Vivado\2020.2\lib\win64.o\librdi_commonxillic.dll
0x00007ff81d550000 - 0x00007ff81d65b000 	C:\windows\System32\gdi32full.dll
0x00007ff81f1e0000 - 0x00007ff81f27c000 	C:\windows\System32\sechost.dll
0x00007ff81f960000 - 0x00007ff81f9cb000 	C:\windows\System32\WS2_32.dll
0x00007ff81da80000 - 0x00007ff81db1d000 	C:\windows\System32\msvcp_win.dll
0x00007ff81e800000 - 0x00007ff81e925000 	C:\windows\System32\RPCRT4.dll
0x00007ff81d370000 - 0x00007ff81d397000 	C:\windows\System32\bcrypt.dll
0x0000000058de0000 - 0x0000000058f0b000 	C:\Xilinx\Vivado\2020.2\lib\win64.o\tcl85t.dll
0x00007ff81df90000 - 0x00007ff81e6d4000 	C:\windows\System32\SHELL32.dll
0x00007ff818d70000 - 0x00007ff818d80000 	C:\Xilinx\Vivado\2020.2\lib\win64.o\libboost_date_time.dll
0x00007fffe58d0000 - 0x00007fffe5c3e000 	C:\Xilinx\Vivado\2020.2\lib\win64.o\libCOIN-all.dll
0x00007ff818cf0000 - 0x00007ff818d63000 	C:\Xilinx\Vivado\2020.2\lib\win64.o\libboost_program_options.dll
0x00007ffff2520000 - 0x00007ffff2631000 	C:\Xilinx\Vivado\2020.2\lib\win64.o\libboost_regex.dll
0x00007ff818ce0000 - 0x00007ff818ce9000 	C:\Xilinx\Vivado\2020.2\lib\win64.o\libboost_system.dll
0x00007ff818cc0000 - 0x00007ff818cde000 	C:\Xilinx\Vivado\2020.2\lib\win64.o\libboost_thread.dll
0x00007ff818cb0000 - 0x00007ff818cbc000 	C:\Xilinx\Vivado\2020.2\lib\win64.o\libboost_xilinx.dll
0x00007ff8064a0000 - 0x00007ff806522000 	C:\Xilinx\Vivado\2020.2\lib\win64.o\libhdlpsolve.dll
0x00007ff806310000 - 0x00007ff8063b5000 	C:\Xilinx\Vivado\2020.2\lib\win64.o\libhdxml.dll
0x00007fffb8c00000 - 0x00007fffb99f2600 	C:\Xilinx\Vivado\2020.2\lib\win64.o\libisl_iostreams.dll
0x00007ff818110000 - 0x00007ff818138000 	C:\Xilinx\Vivado\2020.2\lib\win64.o\libisl_sysinfo.dll
0x00007ffff9db0000 - 0x00007ffff9e15000 	C:\Xilinx\Vivado\2020.2\lib\win64.o\liblmx6.0.dll
0x00007ff8180f0000 - 0x00007ff81810a000 	C:\Xilinx\Vivado\2020.2\lib\win64.o\pthreadVC2.dll
0x00007ff817400000 - 0x00007ff81741c000 	C:\Xilinx\Vivado\2020.2\lib\win64.o\librdiconfig.dll
0x00007ff81f180000 - 0x00007ff81f1d5000 	C:\windows\System32\SHLWAPI.dll
0x00007ff8134d0000 - 0x00007ff8134f1000 	C:\Xilinx\Vivado\2020.2\lib\win64.o\librdizlib.dll
0x0000000012000000 - 0x0000000012270000 	C:\Xilinx\Vivado\2020.2\lib\win64.o\xerces-c_3_1.dll
0x00007fffe5e40000 - 0x00007fffe611b000 	C:\Xilinx\Vivado\2020.2\lib\win64.o\libXil_lmgr11.dll
0x00007ff81ea00000 - 0x00007ff81eadb000 	C:\windows\System32\COMDLG32.dll
0x00007ff81dc30000 - 0x00007ff81df84000 	C:\windows\System32\combase.dll
0x00007ff8086c0000 - 0x00007ff8086da000 	C:\windows\SYSTEM32\NETAPI32.dll
0x00007ff81f020000 - 0x00007ff81f0cd000 	C:\windows\System32\shcore.dll
0x00007ff806f50000 - 0x00007ff807426000 	C:\windows\SYSTEM32\WININET.dll
0x00007ff8171a0000 - 0x00007ff8172a9000 	C:\windows\SYSTEM32\WINHTTP.dll
0x00007ff80a000000 - 0x00007ff80a1ec000 	C:\windows\SYSTEM32\urlmon.dll
0x00007ff81f830000 - 0x00007ff81f8fd000 	C:\windows\System32\OLEAUT32.dll
0x00007ff81f700000 - 0x00007ff81f82a000 	C:\windows\System32\ole32.dll
0x00007ff81d660000 - 0x00007ff81d6c8000 	C:\windows\System32\WINTRUST.dll
0x00007ff81d210000 - 0x00007ff81d366000 	C:\windows\System32\CRYPT32.dll
0x00007ff808060000 - 0x00007ff808069000 	C:\windows\SYSTEM32\WSOCK32.dll
0x00007ffffa000000 - 0x00007ffffa031000 	C:\windows\SYSTEM32\VCOMP140.DLL
0x00007fffb6ce0000 - 0x00007fffb8bf7000 	C:\Xilinx\Vivado\2020.2\lib\win64.o\gurobi90.dll
0x00007ff81efc0000 - 0x00007ff81f016000 	C:\windows\System32\WLDAP32.dll
0x00007ff81dc10000 - 0x00007ff81dc18000 	C:\windows\System32\Normaliz.dll
0x00007ff8180e0000 - 0x00007ff8180ec000 	C:\Xilinx\Vivado\2020.2\lib\win64.o\libboost_chrono.dll
0x00007ff806470000 - 0x00007ff806493000 	C:\Xilinx\Vivado\2020.2\lib\win64.o\libisl_iosutils.dll
0x00007ff8173e0000 - 0x00007ff8173f6000 	C:\Xilinx\Vivado\2020.2\lib\win64.o\libboost_iostreams.dll
0x00007ff807880000 - 0x00007ff807930000 	C:\windows\WinSxS\amd64_microsoft.windows.common-controls_6595b64144ccf1df_5.82.19041.1110_none_792d1c772443f647\COMCTL32.dll
0x00007ff809fd0000 - 0x00007ff809ff8000 	C:\windows\SYSTEM32\srvcli.dll
0x00007ff80f800000 - 0x00007ff80fab1000 	C:\windows\SYSTEM32\iertutil.dll
0x00007ff81c710000 - 0x00007ff81c71c000 	C:\windows\SYSTEM32\netutils.dll
0x00007ff817b30000 - 0x00007ff817b4d000 	C:\windows\SYSTEM32\dhcpcsvc.DLL
0x00007ff81c8a0000 - 0x00007ff81c90a000 	C:\windows\SYSTEM32\MSWSOCK.DLL
0x00007ff81e9d0000 - 0x00007ff81ea00000 	C:\windows\System32\IMM32.DLL
0x00007ff81cd20000 - 0x00007ff81cd32000 	C:\windows\SYSTEM32\MSASN1.dll
0x00007ff81b100000 - 0x00007ff81b112000 	C:\windows\SYSTEM32\kernel.appcore.dll
0x00007fffe53a0000 - 0x00007fffe58c2000 	C:\Xilinx\Vivado\2020.2\lib\win64.o\librdi_commontasks.dll
0x00007ff817a70000 - 0x00007ff817a7a000 	C:\windows\SYSTEM32\VERSION.dll
0x00007fffb61b0000 - 0x00007fffb6cd3000 	C:\Xilinx\Vivado\2020.2\tps\win64\jre11.0.2\bin\server\jvm.dll
0x00007fffdfef0000 - 0x00007fffe01c5000 	C:\Xilinx\Vivado\2020.2\lib\win64.o\librdi_sio.dll
0x00007ff81c5b0000 - 0x00007ff81c5eb000 	C:\windows\SYSTEM32\IPHLPAPI.DLL
0x00007ff81dc20000 - 0x00007ff81dc28000 	C:\windows\System32\PSAPI.DLL
0x00007ff80a280000 - 0x00007ff80a2a7000 	C:\windows\SYSTEM32\WINMM.dll
0x00007ff81b300000 - 0x00007ff81ba94000 	C:\windows\SYSTEM32\windows.storage.dll
0x00007ff81cac0000 - 0x00007ff81caec000 	C:\windows\SYSTEM32\Wldp.dll
0x00007fffb36f0000 - 0x00007fffb61ae000 	C:\Xilinx\Vivado\2020.2\lib\win64.o\librdi_tcltasks.dll
0x00007fffb3240000 - 0x00007fffb36e6000 	C:\Xilinx\Vivado\2020.2\lib\win64.o\librdi_bitstream.dll
0x00007ffff2120000 - 0x00007ffff219e000 	C:\Xilinx\Vivado\2020.2\lib\win64.o\librdi_boarddep.dll
0x00007ffff1990000 - 0x00007ffff1a86000 	C:\Xilinx\Vivado\2020.2\lib\win64.o\librdi_chipscope.dll
0x00007ffff21a0000 - 0x00007ffff2353000 	C:\Xilinx\Vivado\2020.2\lib\win64.o\librdi_board.dll
0x00007fffe51b0000 - 0x00007fffe539a000 	C:\Xilinx\Vivado\2020.2\lib\win64.o\librdi_chipscopeimpl.dll
0x00007ffff1730000 - 0x00007ffff1891000 	C:\Xilinx\Vivado\2020.2\lib\win64.o\librdi_containers.dll
0x00007fffb2b20000 - 0x00007fffb3238000 	C:\Xilinx\Vivado\2020.2\lib\win64.o\librdi_coregenipxact.dll
0x00007fff9a540000 - 0x00007fffb2b1f000 	C:\Xilinx\Vivado\2020.2\lib\win64.o\librdi_device.dll
0x00007fffd57b0000 - 0x00007fffd5b18000 	C:\Xilinx\Vivado\2020.2\lib\win64.o\librdi_dlyest.dll
0x00007fff99ee0000 - 0x00007fff9a53d000 	C:\Xilinx\Vivado\2020.2\lib\win64.o\librdi_drc.dll
0x00007fffebc90000 - 0x00007fffebd43000 	C:\Xilinx\Vivado\2020.2\lib\win64.o\librdi_dsp.dll
0x00007fff99810000 - 0x00007fff99ed2000 	C:\Xilinx\Vivado\2020.2\lib\win64.o\librdi_filemgmt.dll
0x00007fff97450000 - 0x00007fff9980d000 	C:\Xilinx\Vivado\2020.2\lib\win64.o\librdi_coregen.dll
0x00007ffff1920000 - 0x00007ffff198b000 	C:\Xilinx\Vivado\2020.2\lib\win64.o\librdi_hdf.dll
0x00007fff971d0000 - 0x00007fff97447000 	C:\Xilinx\Vivado\2020.2\lib\win64.o\librdi_hip_devdesign.dll
0x00007fffdf2e0000 - 0x00007fffdf427000 	C:\Xilinx\Vivado\2020.2\lib\win64.o\librdi_hip_perf_analysis.dll
0x00007fff953a0000 - 0x00007fff971cc000 	C:\Xilinx\Vivado\2020.2\lib\win64.o\librdi_constraints.dll
0x00007fff94d50000 - 0x00007fff9539c000 	C:\Xilinx\Vivado\2020.2\lib\win64.o\librdi_memdata.dll
0x00007fffebc10000 - 0x00007fffebc82000 	C:\Xilinx\Vivado\2020.2\lib\win64.o\librdi_memoryarray.dll
0x00007fff925e0000 - 0x00007fff928fd000 	C:\Xilinx\Vivado\2020.2\lib\win64.o\librdi_guitools.dll
0x00007fff92900000 - 0x00007fff94d44000 	C:\Xilinx\Vivado\2020.2\lib\win64.o\librdi_mig.dll
0x00007ff800fa0000 - 0x00007ff800ff4000 	C:\Xilinx\Vivado\2020.2\lib\win64.o\librdi_pfi.dll
0x00007fff90870000 - 0x00007fff925d1000 	C:\Xilinx\Vivado\2020.2\lib\win64.o\librdi_designutils.dll
0x00007fff904d0000 - 0x00007fff9086e000 	C:\Xilinx\Vivado\2020.2\lib\win64.o\librdi_platform.dll
0x00007fff8fcb0000 - 0x00007fff904c7000 	C:\Xilinx\Vivado\2020.2\lib\win64.o\librdi_power.dll
0x00007fff8f630000 - 0x00007fff8fca4000 	C:\Xilinx\Vivado\2020.2\lib\win64.o\librdi_project.dll
0x00007fff8ef00000 - 0x00007fff8f622000 	C:\Xilinx\Vivado\2020.2\lib\win64.o\librdi_psta.dll
0x00007fff8e6f0000 - 0x00007fff8eefc000 	C:\Xilinx\Vivado\2020.2\lib\win64.o\librdi_rsb.dll
0x00007fff8e1c0000 - 0x00007fff8e6eb000 	C:\Xilinx\Vivado\2020.2\lib\win64.o\librdi_runs.dll
0x00007fffe0250000 - 0x00007fffe0359000 	C:\Xilinx\Vivado\2020.2\lib\win64.o\librdi_runsbase.dll
0x00007fff8df40000 - 0x00007fff8e1b4000 	C:\Xilinx\Vivado\2020.2\lib\win64.o\librdi_simdata.dll
0x00007fff8d810000 - 0x00007fff8df3c000 	C:\Xilinx\Vivado\2020.2\lib\win64.o\librdi_netlist.dll
0x00007fffded00000 - 0x00007fffdee16000 	C:\Xilinx\Vivado\2020.2\lib\win64.o\librdi_xhub.dll
0x00007fffe5100000 - 0x00007fffe51a7000 	C:\Xilinx\Vivado\2020.2\lib\win64.o\librdi_xhubtasks.dll
0x00007fff8d620000 - 0x00007fff8d80b000 	C:\Xilinx\Vivado\2020.2\lib\win64.o\librdi_advchipscopeimpl.dll
0x00007fff8c690000 - 0x00007fff8d611000 	C:\Xilinx\Vivado\2020.2\lib\win64.o\librdi_timing.dll
0x00007ff800ec0000 - 0x00007ff800f07000 	C:\Xilinx\Vivado\2020.2\lib\win64.o\libboost_serialization.dll
0x00007fffdfe60000 - 0x00007fffdfeed000 	C:\Xilinx\Vivado\2020.2\lib\win64.o\treelite_runtime.dll
0x00007fff8bb30000 - 0x00007fff8c686000 	C:\Xilinx\Vivado\2020.2\lib\win64.o\libverific.dll
0x00007fffdec60000 - 0x00007fffdecfe000 	C:\Xilinx\Vivado\2020.2\lib\win64.o\libise.dll
0x00007ffff24d0000 - 0x00007ffff2517000 	C:\Xilinx\Vivado\2020.2\lib\win64.o\librdi_wavedata_SimpleApi.dll
0x00007ffff16e0000 - 0x00007ffff1726000 	C:\Xilinx\Vivado\2020.2\lib\win64.o\libboost_graph.dll
0x00007fffddb30000 - 0x00007fffddbf6000 	C:\Xilinx\Vivado\2020.2\lib\win64.o\librdi_bda.dll
0x00007fff88920000 - 0x00007fff8bb27000 	C:\Xilinx\Vivado\2020.2\lib\win64.o\librdi_place.dll
0x00007fff881b0000 - 0x00007fff88917000 	C:\Xilinx\Vivado\2020.2\lib\win64.o\librdi_ippcw.dll

dbghelp: loaded successfully - version: 4.0.5 - missing functions: none
symbol engine: initialized successfully - sym options: 0x614 - pdb path: .;C:\Xilinx\Vivado\2020.2\bin\unwrapped\win64.o;C:\windows\SYSTEM32;C:\Xilinx\Vivado\2020.2\lib\win64.o;C:\windows\WinSxS\amd64_microsoft.windows.common-controls_6595b64144ccf1df_5.82.19041.1110_none_792d1c772443f647;C:\Xilinx\Vivado\2020.2\tps\win64\jre11.0.2\bin\server;C:\Xilinx\Vivado\2020.2\tps\win64\python-3.8.3;C:\Xilinx\Vivado\2020.2\tps\win64\jre11.0.2\bin;C:\windows\WinSxS\amd64_microsoft.windows.common-controls_6595b64144ccf1df_6.0.19041.1110_none_60b5254171f9507e;C:\Program Files\Bonjour

VM Arguments:
jvm_args: -Dsun.java2d.pmoffscreen=false -Dhttps.protocols=TLSv1,TLSv1.1,TLSv1.2 -Dsun.java2d.xrender=false -Dsun.java2d.d3d=false -Dsun.awt.nopixfmt=true -Dsun.java2d.dpiaware=true -Dsun.java2d.uiScale.enabled=false -Xverify:none -Dswing.aatext=true -XX:-UsePerfData -Djdk.map.althashing.threshold=512 -XX:StringTableSize=4072 --add-opens=java.base/java.nio=ALL-UNNAMED --add-opens=java.desktop/sun.swing=ALL-UNNAMED --add-opens=java.desktop/javax.swing=ALL-UNNAMED --add-opens=java.desktop/javax.swing.tree=ALL-UNNAMED --add-opens=java.desktop/javax.swing.plaf.basic=ALL-UNNAMED --add-opens=java.desktop/javax.swing.plaf.synth=ALL-UNNAMED --add-opens=java.desktop/com.sun.awt=ALL-UNNAMED -XX:NewSize=60m -XX:MaxNewSize=60m -Xms128m -Xmx3072m -Xss5m 
java_command: <unknown>
java_class_path (initial): C:/Xilinx/Vivado/2020.2\lib\classes\alloy.jar;C:/Xilinx/Vivado/2020.2\lib\classes\ArchiveSummary.jar;C:/Xilinx/Vivado/2020.2\lib\classes\autoesl-models.jar;C:/Xilinx/Vivado/2020.2\lib\classes\autopilot.scelaborator.jar;C:/Xilinx/Vivado/2020.2\lib\classes\autopilot.sourceprocessor.jar;C:/Xilinx/Vivado/2020.2\lib\classes\autopilot.tbprocessor.jar;C:/Xilinx/Vivado/2020.2\lib\classes\batik-anim.jar;C:/Xilinx/Vivado/2020.2\lib\classes\batik-awt-util.jar;C:/Xilinx/Vivado/2020.2\lib\classes\batik-bridge.jar;C:/Xilinx/Vivado/2020.2\lib\classes\batik-codec.jar;C:/Xilinx/Vivado/2020.2\lib\classes\batik-css.jar;C:/Xilinx/Vivado/2020.2\lib\classes\batik-dom.jar;C:/Xilinx/Vivado/2020.2\lib\classes\batik-ext.jar;C:/Xilinx/Vivado/2020.2\lib\classes\batik-gui-util.jar;C:/Xilinx/Vivado/2020.2\lib\classes\batik-gvt.jar;C:/Xilinx/Vivado/2020.2\lib\classes\batik-parser.jar;C:/Xilinx/Vivado/2020.2\lib\classes\batik-script.jar;C:/Xilinx/Vivado/2020.2\lib\classes\batik-svg-dom.jar;C:/Xilinx/Vivado/2020.2\lib\classes\batik-swing.jar;C:/Xilinx/Vivado/2020.2\lib\classes\batik-transcoder.jar;C:/Xilinx/Vivado/2020.2\lib\classes\batik-util.jar;C:/Xilinx/Vivado/2020.2\lib\classes\batik-xml.jar;C:/Xilinx/Vivado/2020.2\lib\classes\com.google.gson_2.8.2.v20180104-1110.jar;C:/Xilinx/Vivado/2020.2\lib\classes\com.google.guava_27.1.0.v20190517-1946.jar;C:/Xilinx/Vivado/2020.2\lib\classes\com.ibm.icu_4.4.2.v20110208.jar;C:/Xilinx/Vivado/2020.2\lib\classes\com.sigasi.hdt.connection_4.9.0.202009050929.jar;C:/Xilinx/Vivado/2020.2\lib\classes\com.sigasi.hdt.epl_4.9.0.202009050929.jar;C:/Xilinx/Vivado/2020.2\lib\classes\com.sigasi.hdt.project_4.9.0.202009050929.jar;C:/Xilinx/Vivado/2020.2\lib\classes\com.sigasi.hdt.readonlyfilesystem_4.9.0.202009050929.jar;C:/Xilinx/Vivado/2020.2\lib\classes\com.sigasi.lcm_4.9.0.202009050929.jar;C:/Xilinx/Vivado/2020.2\lib\classes\com.sigasi.sdk.client_4.9.0.202009050929.jar;C:/Xilinx/Vivado/2020.2\lib\classes\com.xilinx.hls.services.jar;C:/Xili
Launcher Type: generic

[Global flags]
     bool BytecodeVerificationLocal                = false                                     {product} {command line}
     bool BytecodeVerificationRemote               = false                                     {product} {command line}
     intx CICompilerCount                          = 4                                         {product} {ergonomic}
     uint ConcGCThreads                            = 3                                         {product} {ergonomic}
     uint G1ConcRefinementThreads                  = 10                                        {product} {ergonomic}
   size_t G1HeapRegionSize                         = 1048576                                   {product} {ergonomic}
    uintx GCDrainStackTargetSize                   = 64                                        {product} {ergonomic}
   size_t InitialHeapSize                          = 134217728                                 {product} {command line}
   size_t MarkStackSize                            = 4194304                                   {product} {ergonomic}
   size_t MaxHeapSize                              = 3221225472                                {product} {command line}
   size_t MaxNewSize                               = 62914560                                  {product} {command line}
   size_t MinHeapDeltaBytes                        = 1048576                                   {product} {ergonomic}
   size_t NewSize                                  = 62914560                                  {product} {command line}
    uintx NonNMethodCodeHeapSize                   = 5835340                                {pd product} {ergonomic}
    uintx NonProfiledCodeHeapSize                  = 122911450                              {pd product} {ergonomic}
    uintx ProfiledCodeHeapSize                     = 122911450                              {pd product} {ergonomic}
    uintx ReservedCodeCacheSize                    = 251658240                              {pd product} {ergonomic}
     bool SegmentedCodeCache                       = true                                      {product} {ergonomic}
    uintx StringTableSize                          = 4072                                      {product} {command line}
     intx ThreadStackSize                          = 5120                                   {pd product} {command line}
     bool UseCompressedClassPointers               = true                                 {lp64_product} {ergonomic}
     bool UseCompressedOops                        = true                                 {lp64_product} {ergonomic}
     bool UseG1GC                                  = true                                      {product} {ergonomic}
     bool UseLargePagesIndividualAllocation        = false                                  {pd product} {ergonomic}
     bool UsePerfData                              = false                                     {product} {command line}

Logging:
Log output configuration:
 #0: stdout all=warning uptime,level,tags
 #1: stderr all=off uptime,level,tags

Environment Variables:
PATH=C:/Xilinx/Vivado/2020.2\gnuwin\bin;C:/Xilinx/Vivado/2020.2\gnu\microblaze\nt\bin;C:/Xilinx/Vivado/2020.2/bin;C:/Xilinx/Vivado/2020.2/tps/win64/javafx-sdk-11.0.2/lib;C:/Xilinx/Vivado/2020.2/tps/win64/javafx-sdk-11.0.2/bin;C:/Xilinx/Vivado/2020.2/lib/win64.o;C:/Xilinx/Vivado/2020.2/tps/win64/jre11.0.2/bin/server;C:/Xilinx/Vivado/2020.2/tps/win64/jre11.0.2/bin;C:/Xilinx/Vitis/2020.2/bin;C:/Xilinx/Vivado/2020.2/ids_lite/ISE/bin/nt64;C:/Xilinx/Vivado/2020.2/ids_lite/ISE/lib/nt64;C:/Xilinx/Vitis_HLS/2020.2/bin;C:\Windows\system32;C:\Windows\System32\Wbem;C:\Windows\System32\WindowsPowerShell\v1.0\;C:\Cadence\SPB_16.5\OpenAccess\bin\win32\opt;C:\Cadence\SPB_16.5\tools\Capture;C:\Cadence\SPB_16.5\tools\PSpice\Library;C:\Cadence\SPB_16.5\tools\PSpice;C:\Cadence\SPB_16.5\tools\specctra\bin;C:\Cadence\SPB_16.5\tools\fet\bin;C:\Cadence\SPB_16.5\tools\libutil\bin;C:\Cadence\SPB_16.5\tools\bin;C:\Cadence\SPB_16.5\tools\pcb\bin;C:\Users\Default\AppData\Local\Microsoft\WindowsApps;C:\Users\28711949\AppData\Local\Microsoft\WindowsApps;;C:/Xilinx/Vivado/2020.2\tps\mingw\6.2.0\win64.o\nt\bin;C:/Xilinx/Vivado/2020.2\tps\mingw\6.2.0\win64.o\nt\libexec\gcc\x86_64-w64-mingw32\6.2.0;C:/Xilinx/Vivado/2020.2\tps\win64\python-3.8.3;C:/Xilinx/Vivado/2020.2\tps\win64\python-3.8.3\bin;C:/Xilinx/Vivado/2020.2\tps\win64\python-3.8.3\lib;C:/Xilinx/Vivado/2020.2\tps\win64\python-3.8.3\lib\site-packages
USERNAME=28711949
OS=Windows_NT
PROCESSOR_IDENTIFIER=Intel64 Family 6 Model 158 Stepping 10, GenuineIntel



---------------  S Y S T E M  ---------------

OS: Windows 10 , 64 bit Build 19041 (10.0.19041.1566)

CPU:total 12 (initial active 12) (6 cores per cpu, 2 threads per core) family 6 model 158 stepping 10, cmov, cx8, fxsr, mmx, sse, sse2, sse3, ssse3, sse4.1, sse4.2, popcnt, avx, avx2, aes, clmul, erms, rtm, 3dnowpref, lzcnt, ht, tsc, tscinvbit, bmi1, bmi2, adx, fma

Memory: 4k page, system-wide physical 16219M (10449M free)
TotalPageFile size 18651M (AvailPageFile size 11280M)
current process WorkingSet (physical memory assigned to process): 929M, peak: 1028M
current process commit charge ("private bytes"): 963M, peak: 1015M

vm_info: OpenJDK 64-Bit Server VM (11.0.2+9) for windows-amd64 JRE (11.0.2+9), built on Jan 18 2019 05:23:22 by "mach5one" with MS VC++ 15.5 (VS2017)

END.
