TRACE::2023-05-10.13:11:45::SCWPlatform::Trying to open the hw design at C:/Users/marcs/OneDrive/Bureau/Desktop/workspace/Project_HW/hw/DCC_wrapper.xsa
TRACE::2023-05-10.13:11:45::SCWPlatform::DSA given C:/Users/marcs/OneDrive/Bureau/Desktop/workspace/Project_HW/hw/DCC_wrapper.xsa
TRACE::2023-05-10.13:11:45::SCWPlatform::DSA absoulate path C:/Users/marcs/OneDrive/Bureau/Desktop/workspace/Project_HW/hw/DCC_wrapper.xsa
TRACE::2023-05-10.13:11:45::SCWPlatform::DSA directory C:/Users/marcs/OneDrive/Bureau/Desktop/workspace/Project_HW/hw
TRACE::2023-05-10.13:11:45::SCWPlatform:: Platform Path C:/Users/marcs/OneDrive/Bureau/Desktop/workspace/Project_HW/hw/DCC_wrapper.xsa
TRACE::2023-05-10.13:11:45::SCWPlatform:: Unique name xilinx:basys3::0.0
TRACE::2023-05-10.13:11:45::SCWPlatform::Do not have an existing db opened. 
TRACE::2023-05-10.13:11:45::SCWPlatform::Opened new HwDB with name DCC_wrapper_5
TRACE::2023-05-10.13:11:45::SCWWriter::formatted JSON is {
	"platformName":	"Project_HW",
	"sprVersion":	"2.0",
	"mode":	"gui",
	"dsaType":	"Fixed",
	"platformDesc":	"Project_HW",
	"platHandOff":	"C:/Users/marcs/OneDrive/Bureau/Desktop/FPGA/Project_FPGA/DCC_wrapper.xsa",
	"platIntHandOff":	"<platformDir>/hw/DCC_wrapper.xsa",
	"deviceType":	"FPGA",
	"platIsPrebuiltAutogen":	"false",
	"platIsNoBootBsp":	"false",
	"hasFsblMakeHasChanges":	"false",
	"hasPmufwMakeHasChanges":	"false",
	"platPreBuiltFlag":	false,
	"platformSamplesDir":	""
}
TRACE::2023-05-10.13:11:45::SCWWriter::formatted JSON is {
	"platformName":	"Project_HW",
	"sprVersion":	"2.0",
	"mode":	"gui",
	"dsaType":	"Fixed",
	"platformDesc":	"Project_HW",
	"platHandOff":	"C:/Users/marcs/OneDrive/Bureau/Desktop/FPGA/Project_FPGA/DCC_wrapper.xsa",
	"platIntHandOff":	"<platformDir>/hw/DCC_wrapper.xsa",
	"deviceType":	"FPGA",
	"platIsPrebuiltAutogen":	"false",
	"platIsNoBootBsp":	"false",
	"hasFsblMakeHasChanges":	"false",
	"hasPmufwMakeHasChanges":	"false",
	"platPreBuiltFlag":	false,
	"platformSamplesDir":	"",
	"platActiveSys":	"Project_HW",
	"systems":	[{
			"systemName":	"Project_HW",
			"systemDesc":	"Project_HW",
			"sysIsBootAutoGen":	"true",
			"systemDispName":	"Project_HW"
		}]
}
TRACE::2023-05-10.13:11:45::SCWPlatform::Boot application domains not present, creating them
TRACE::2023-05-10.13:11:45::SCWPlatform::Pure FPGA device, no boot application will be created.
TRACE::2023-05-10.13:11:45::SCWWriter::formatted JSON is {
	"platformName":	"Project_HW",
	"sprVersion":	"2.0",
	"mode":	"gui",
	"dsaType":	"Fixed",
	"platformDesc":	"Project_HW",
	"platHandOff":	"C:/Users/marcs/OneDrive/Bureau/Desktop/FPGA/Project_FPGA/DCC_wrapper.xsa",
	"platIntHandOff":	"<platformDir>/hw/DCC_wrapper.xsa",
	"deviceType":	"FPGA",
	"platIsPrebuiltAutogen":	"false",
	"platIsNoBootBsp":	"false",
	"hasFsblMakeHasChanges":	"false",
	"hasPmufwMakeHasChanges":	"false",
	"platPreBuiltFlag":	false,
	"platformSamplesDir":	"",
	"platActiveSys":	"Project_HW",
	"systems":	[{
			"systemName":	"Project_HW",
			"systemDesc":	"Project_HW",
			"sysIsBootAutoGen":	"true",
			"systemDispName":	"Project_HW"
		}]
}
TRACE::2023-05-10.13:11:45::SCWPlatform::Trying to open the hw design at C:/Users/marcs/OneDrive/Bureau/Desktop/workspace/Project_HW/hw/DCC_wrapper.xsa
TRACE::2023-05-10.13:11:45::SCWPlatform::DSA given C:/Users/marcs/OneDrive/Bureau/Desktop/workspace/Project_HW/hw/DCC_wrapper.xsa
TRACE::2023-05-10.13:11:45::SCWPlatform::DSA absoulate path C:/Users/marcs/OneDrive/Bureau/Desktop/workspace/Project_HW/hw/DCC_wrapper.xsa
TRACE::2023-05-10.13:11:45::SCWPlatform::DSA directory C:/Users/marcs/OneDrive/Bureau/Desktop/workspace/Project_HW/hw
TRACE::2023-05-10.13:11:45::SCWPlatform:: Platform Path C:/Users/marcs/OneDrive/Bureau/Desktop/workspace/Project_HW/hw/DCC_wrapper.xsa
TRACE::2023-05-10.13:11:45::SCWPlatform:: Unique name xilinx:basys3::0.0
TRACE::2023-05-10.13:11:45::SCWPlatform::Trying to set the existing hwdb with name DCC_wrapper_5
TRACE::2023-05-10.13:11:45::SCWPlatform::Opened existing hwdb DCC_wrapper_5
TRACE::2023-05-10.13:11:45::SCWPlatform::Found the Hw Db part of the input DSA
TRACE::2023-05-10.13:11:45::SCWDomain::checking for install qemu data   : 
TRACE::2023-05-10.13:11:45::SCWPlatform::Trying to open the hw design at C:/Users/marcs/OneDrive/Bureau/Desktop/workspace/Project_HW/hw/DCC_wrapper.xsa
TRACE::2023-05-10.13:11:45::SCWPlatform::DSA given C:/Users/marcs/OneDrive/Bureau/Desktop/workspace/Project_HW/hw/DCC_wrapper.xsa
TRACE::2023-05-10.13:11:45::SCWPlatform::DSA absoulate path C:/Users/marcs/OneDrive/Bureau/Desktop/workspace/Project_HW/hw/DCC_wrapper.xsa
TRACE::2023-05-10.13:11:45::SCWPlatform::DSA directory C:/Users/marcs/OneDrive/Bureau/Desktop/workspace/Project_HW/hw
TRACE::2023-05-10.13:11:45::SCWPlatform:: Platform Path C:/Users/marcs/OneDrive/Bureau/Desktop/workspace/Project_HW/hw/DCC_wrapper.xsa
TRACE::2023-05-10.13:11:45::SCWPlatform:: Unique name xilinx:basys3::0.0
TRACE::2023-05-10.13:11:45::SCWPlatform::Trying to set the existing hwdb with name DCC_wrapper_5
TRACE::2023-05-10.13:11:45::SCWPlatform::Opened existing hwdb DCC_wrapper_5
TRACE::2023-05-10.13:11:45::SCWPlatform::Found the Hw Db part of the input DSA
TRACE::2023-05-10.13:11:45::SCWPlatform::Trying to open the hw design at C:/Users/marcs/OneDrive/Bureau/Desktop/workspace/Project_HW/hw/DCC_wrapper.xsa
TRACE::2023-05-10.13:11:45::SCWPlatform::DSA given C:/Users/marcs/OneDrive/Bureau/Desktop/workspace/Project_HW/hw/DCC_wrapper.xsa
TRACE::2023-05-10.13:11:45::SCWPlatform::DSA absoulate path C:/Users/marcs/OneDrive/Bureau/Desktop/workspace/Project_HW/hw/DCC_wrapper.xsa
TRACE::2023-05-10.13:11:45::SCWPlatform::DSA directory C:/Users/marcs/OneDrive/Bureau/Desktop/workspace/Project_HW/hw
TRACE::2023-05-10.13:11:45::SCWPlatform:: Platform Path C:/Users/marcs/OneDrive/Bureau/Desktop/workspace/Project_HW/hw/DCC_wrapper.xsa
TRACE::2023-05-10.13:11:45::SCWPlatform:: Unique name xilinx:basys3::0.0
TRACE::2023-05-10.13:11:45::SCWPlatform::Trying to set the existing hwdb with name DCC_wrapper_5
TRACE::2023-05-10.13:11:45::SCWPlatform::Opened existing hwdb DCC_wrapper_5
TRACE::2023-05-10.13:11:45::SCWPlatform::Found the Hw Db part of the input DSA
TRACE::2023-05-10.13:11:45::SCWPlatform::Trying to open the hw design at C:/Users/marcs/OneDrive/Bureau/Desktop/workspace/Project_HW/hw/DCC_wrapper.xsa
TRACE::2023-05-10.13:11:45::SCWPlatform::DSA given C:/Users/marcs/OneDrive/Bureau/Desktop/workspace/Project_HW/hw/DCC_wrapper.xsa
TRACE::2023-05-10.13:11:45::SCWPlatform::DSA absoulate path C:/Users/marcs/OneDrive/Bureau/Desktop/workspace/Project_HW/hw/DCC_wrapper.xsa
TRACE::2023-05-10.13:11:45::SCWPlatform::DSA directory C:/Users/marcs/OneDrive/Bureau/Desktop/workspace/Project_HW/hw
TRACE::2023-05-10.13:11:45::SCWPlatform:: Platform Path C:/Users/marcs/OneDrive/Bureau/Desktop/workspace/Project_HW/hw/DCC_wrapper.xsa
TRACE::2023-05-10.13:11:45::SCWPlatform:: Unique name xilinx:basys3::0.0
TRACE::2023-05-10.13:11:45::SCWPlatform::Trying to set the existing hwdb with name DCC_wrapper_5
TRACE::2023-05-10.13:11:45::SCWPlatform::Opened existing hwdb DCC_wrapper_5
TRACE::2023-05-10.13:11:45::SCWPlatform::Found the Hw Db part of the input DSA
TRACE::2023-05-10.13:11:45::SCWMssOS::Checking the sw design at  C:/Users/marcs/OneDrive/Bureau/Desktop/workspace/Project_HW/microblaze_0/standalone_domain/bsp/system.mss
TRACE::2023-05-10.13:11:45::SCWMssOS::DEBUG:  swdes dump  
TRACE::2023-05-10.13:11:45::SCWMssOS::No sw design opened at  C:/Users/marcs/OneDrive/Bureau/Desktop/workspace/Project_HW/microblaze_0/standalone_domain/bsp/system.mss
TRACE::2023-05-10.13:11:45::SCWMssOS::mss does not exists at C:/Users/marcs/OneDrive/Bureau/Desktop/workspace/Project_HW/microblaze_0/standalone_domain/bsp/system.mss
TRACE::2023-05-10.13:11:45::SCWMssOS::Creating sw design at  C:/Users/marcs/OneDrive/Bureau/Desktop/workspace/Project_HW/microblaze_0/standalone_domain/bsp/system.mss
TRACE::2023-05-10.13:11:45::SCWMssOS::Adding the swdes entry, created swdb C:/Users/marcs/OneDrive/Bureau/Desktop/workspace/Project_HW/microblaze_0/standalone_domain/bsp/system.mss with des name C:/Users/marcs/OneDrive/Bureau/Desktop/workspace/Project_HW/microblaze_0/standalone_domain/bsp/system.mss
TRACE::2023-05-10.13:11:45::SCWMssOS::updating the scw layer changes to swdes at   C:/Users/marcs/OneDrive/Bureau/Desktop/workspace/Project_HW/microblaze_0/standalone_domain/bsp/system.mss
TRACE::2023-05-10.13:11:45::SCWMssOS::Writing mss at C:/Users/marcs/OneDrive/Bureau/Desktop/workspace/Project_HW/microblaze_0/standalone_domain/bsp/system.mss
TRACE::2023-05-10.13:11:45::SCWMssOS::Completed writing the mss file at C:/Users/marcs/OneDrive/Bureau/Desktop/workspace/Project_HW/microblaze_0/standalone_domain/bsp
TRACE::2023-05-10.13:11:45::SCWMssOS::Picking up changes from newly written mss file into SCW Layer. 
TRACE::2023-05-10.13:11:45::SCWMssOS::Updated the changes from newly written mss file into SCW Layer. 
TRACE::2023-05-10.13:11:45::SCWMssOS::Completed writing the mss file at C:/Users/marcs/OneDrive/Bureau/Desktop/workspace/Project_HW/microblaze_0/standalone_domain/bsp
TRACE::2023-05-10.13:11:45::SCWMssOS::Forcing BSP Sources regeneration.
TRACE::2023-05-10.13:11:47::SCWMssOS::Saving the mss changes C:/Users/marcs/OneDrive/Bureau/Desktop/workspace/Project_HW/microblaze_0/standalone_domain/bsp/system.mss
TRACE::2023-05-10.13:11:47::SCWMssOS::Found a swdesign opened with the mssfile.
TRACE::2023-05-10.13:11:47::SCWMssOS::Running validate of swdbs.
KEYINFO::2023-05-10.13:11:47::SCWMssOS::Could not open the swdb for C:/Users/marcs/OneDrive/Bureau/Desktop/workspace/Project_HW/microblaze_0/standalone_domain/bsp/system.mss
KEYINFO::2023-05-10.13:11:47::SCWMssOS::Could not open the sw design at  C:/Users/marcs/OneDrive/Bureau/Desktop/workspace/Project_HW/microblaze_0/standalone_domain/bsp/system.mss
ERROR: [Hsi 55-1558] Software Design C:/Users/marcs/OneDrive/Bureau/Desktop/workspace/Project_HW/microblaze_0/standalone_domain/bsp/system.mss is not found

TRACE::2023-05-10.13:11:47::SCWMssOS::Cleared the swdb table entry
TRACE::2023-05-10.13:11:47::SCWMssOS::Adding the swdes entry, mss present, able to open swdb C:/Users/marcs/OneDrive/Bureau/Desktop/workspace/Project_HW/microblaze_0/standalone_domain/bsp/system.mss with des name system
TRACE::2023-05-10.13:11:47::SCWMssOS::Writing the mss file completed C:/Users/marcs/OneDrive/Bureau/Desktop/workspace/Project_HW/microblaze_0/standalone_domain/bsp/system.mss
TRACE::2023-05-10.13:11:47::SCWMssOS::Commit changes completed.
TRACE::2023-05-10.13:11:47::SCWPlatform::Trying to open the hw design at C:/Users/marcs/OneDrive/Bureau/Desktop/workspace/Project_HW/hw/DCC_wrapper.xsa
TRACE::2023-05-10.13:11:47::SCWPlatform::DSA given C:/Users/marcs/OneDrive/Bureau/Desktop/workspace/Project_HW/hw/DCC_wrapper.xsa
TRACE::2023-05-10.13:11:47::SCWPlatform::DSA absoulate path C:/Users/marcs/OneDrive/Bureau/Desktop/workspace/Project_HW/hw/DCC_wrapper.xsa
TRACE::2023-05-10.13:11:47::SCWPlatform::DSA directory C:/Users/marcs/OneDrive/Bureau/Desktop/workspace/Project_HW/hw
TRACE::2023-05-10.13:11:47::SCWPlatform:: Platform Path C:/Users/marcs/OneDrive/Bureau/Desktop/workspace/Project_HW/hw/DCC_wrapper.xsa
TRACE::2023-05-10.13:11:47::SCWPlatform:: Unique name xilinx:basys3::0.0
TRACE::2023-05-10.13:11:47::SCWPlatform::Trying to set the existing hwdb with name DCC_wrapper_5
TRACE::2023-05-10.13:11:47::SCWPlatform::Opened existing hwdb DCC_wrapper_5
TRACE::2023-05-10.13:11:47::SCWPlatform::Found the Hw Db part of the input DSA
TRACE::2023-05-10.13:11:47::SCWMssOS::Checking the sw design at  C:/Users/marcs/OneDrive/Bureau/Desktop/workspace/Project_HW/microblaze_0/standalone_domain/bsp/system.mss
TRACE::2023-05-10.13:11:47::SCWMssOS::DEBUG:  swdes dump  C:/Users/marcs/OneDrive/Bureau/Desktop/workspace/Project_HW/microblaze_0/standalone_domain/bsp/system.mss|system||

TRACE::2023-05-10.13:11:47::SCWMssOS::Sw design exists and opened at  C:/Users/marcs/OneDrive/Bureau/Desktop/workspace/Project_HW/microblaze_0/standalone_domain/bsp/system.mss
TRACE::2023-05-10.13:11:47::SCWPlatform::Trying to open the hw design at C:/Users/marcs/OneDrive/Bureau/Desktop/workspace/Project_HW/hw/DCC_wrapper.xsa
TRACE::2023-05-10.13:11:47::SCWPlatform::DSA given C:/Users/marcs/OneDrive/Bureau/Desktop/workspace/Project_HW/hw/DCC_wrapper.xsa
TRACE::2023-05-10.13:11:47::SCWPlatform::DSA absoulate path C:/Users/marcs/OneDrive/Bureau/Desktop/workspace/Project_HW/hw/DCC_wrapper.xsa
TRACE::2023-05-10.13:11:47::SCWPlatform::DSA directory C:/Users/marcs/OneDrive/Bureau/Desktop/workspace/Project_HW/hw
TRACE::2023-05-10.13:11:47::SCWPlatform:: Platform Path C:/Users/marcs/OneDrive/Bureau/Desktop/workspace/Project_HW/hw/DCC_wrapper.xsa
TRACE::2023-05-10.13:11:47::SCWPlatform:: Unique name xilinx:basys3::0.0
TRACE::2023-05-10.13:11:47::SCWPlatform::Trying to set the existing hwdb with name DCC_wrapper_5
TRACE::2023-05-10.13:11:47::SCWPlatform::Opened existing hwdb DCC_wrapper_5
TRACE::2023-05-10.13:11:47::SCWPlatform::Found the Hw Db part of the input DSA
TRACE::2023-05-10.13:11:47::SCWMssOS::Checking the sw design at  C:/Users/marcs/OneDrive/Bureau/Desktop/workspace/Project_HW/microblaze_0/standalone_domain/bsp/system.mss
TRACE::2023-05-10.13:11:47::SCWMssOS::DEBUG:  swdes dump  C:/Users/marcs/OneDrive/Bureau/Desktop/workspace/Project_HW/microblaze_0/standalone_domain/bsp/system.mss|system||

TRACE::2023-05-10.13:11:47::SCWMssOS::Sw design exists and opened at  C:/Users/marcs/OneDrive/Bureau/Desktop/workspace/Project_HW/microblaze_0/standalone_domain/bsp/system.mss
TRACE::2023-05-10.13:11:47::SCWPlatform::Trying to open the hw design at C:/Users/marcs/OneDrive/Bureau/Desktop/workspace/Project_HW/hw/DCC_wrapper.xsa
TRACE::2023-05-10.13:11:47::SCWPlatform::DSA given C:/Users/marcs/OneDrive/Bureau/Desktop/workspace/Project_HW/hw/DCC_wrapper.xsa
TRACE::2023-05-10.13:11:47::SCWPlatform::DSA absoulate path C:/Users/marcs/OneDrive/Bureau/Desktop/workspace/Project_HW/hw/DCC_wrapper.xsa
TRACE::2023-05-10.13:11:47::SCWPlatform::DSA directory C:/Users/marcs/OneDrive/Bureau/Desktop/workspace/Project_HW/hw
TRACE::2023-05-10.13:11:47::SCWPlatform:: Platform Path C:/Users/marcs/OneDrive/Bureau/Desktop/workspace/Project_HW/hw/DCC_wrapper.xsa
TRACE::2023-05-10.13:11:47::SCWPlatform:: Unique name xilinx:basys3::0.0
TRACE::2023-05-10.13:11:47::SCWPlatform::Trying to set the existing hwdb with name DCC_wrapper_5
TRACE::2023-05-10.13:11:47::SCWPlatform::Opened existing hwdb DCC_wrapper_5
TRACE::2023-05-10.13:11:47::SCWPlatform::Found the Hw Db part of the input DSA
TRACE::2023-05-10.13:11:47::SCWMssOS::Checking the sw design at  C:/Users/marcs/OneDrive/Bureau/Desktop/workspace/Project_HW/microblaze_0/standalone_domain/bsp/system.mss
TRACE::2023-05-10.13:11:47::SCWMssOS::DEBUG:  swdes dump  C:/Users/marcs/OneDrive/Bureau/Desktop/workspace/Project_HW/microblaze_0/standalone_domain/bsp/system.mss|system||

TRACE::2023-05-10.13:11:47::SCWMssOS::Sw design exists and opened at  C:/Users/marcs/OneDrive/Bureau/Desktop/workspace/Project_HW/microblaze_0/standalone_domain/bsp/system.mss
TRACE::2023-05-10.13:11:47::SCWWriter::formatted JSON is {
	"platformName":	"Project_HW",
	"sprVersion":	"2.0",
	"mode":	"gui",
	"dsaType":	"Fixed",
	"platformDesc":	"Project_HW",
	"platHandOff":	"C:/Users/marcs/OneDrive/Bureau/Desktop/FPGA/Project_FPGA/DCC_wrapper.xsa",
	"platIntHandOff":	"<platformDir>/hw/DCC_wrapper.xsa",
	"deviceType":	"FPGA",
	"platIsPrebuiltAutogen":	"false",
	"platIsNoBootBsp":	"false",
	"hasFsblMakeHasChanges":	"false",
	"hasPmufwMakeHasChanges":	"false",
	"platPreBuiltFlag":	false,
	"platformSamplesDir":	"",
	"platActiveSys":	"Project_HW",
	"systems":	[{
			"systemName":	"Project_HW",
			"systemDesc":	"Project_HW",
			"sysIsBootAutoGen":	"true",
			"systemDispName":	"Project_HW",
			"sysActiveDom":	"standalone_domain",
			"sysDefaultDom":	"standalone_domain",
			"domains":	[{
					"domainName":	"standalone_domain",
					"domainDispName":	"standalone_domain",
					"domainDesc":	"standalone_domain",
					"processors":	"microblaze_0",
					"os":	"standalone",
					"sdxOs":	"standalone",
					"debugEnable":	"False",
					"domRuntimes":	["cpp"],
					"swRepo":	"",
					"mssOsVer":	"7.3",
					"mssFile":	"",
					"md5Digest":	"26241103e0cae2f2702a59a40d8fba7c",
					"compatibleApp":	"",
					"domType":	"mssDomain",
					"arch":	"32-bit",
					"appSettings":	{
						"appCompilerFlags":	"",
						"appLinkerFlags":	""
					},
					"addedLibs":	[],
					"libOptions":	{
						"libsContainingOptions":	[]
					},
					"prebuiltLibs":	{
						"prebuiltIncPath":	[],
						"prebuiltLibPath":	[]
					},
					"isolation":	{
					}
				}]
		}]
}
LOG::2023-05-10.13:11:47::SCWPlatform::Started generating the artifacts platform Project_HW
TRACE::2023-05-10.13:11:47::SCWPlatform::Sanity checking of platform is completed
LOG::2023-05-10.13:11:47::SCWPlatform::Started generating the artifacts for system configuration Project_HW
LOG::2023-05-10.13:11:47::SCWSystem::Checking the domain standalone_domain
LOG::2023-05-10.13:11:47::SCWSystem::Not a boot domain 
LOG::2023-05-10.13:11:47::SCWSystem::Started Processing the domain standalone_domain
TRACE::2023-05-10.13:11:47::SCWDomain::Generating domain artifcats
TRACE::2023-05-10.13:11:47::SCWMssOS::Generating standalone artifcats
TRACE::2023-05-10.13:11:47::SCWMssOS:: Copying the user libraries. 
TRACE::2023-05-10.13:11:47::SCWPlatform::Trying to open the hw design at C:/Users/marcs/OneDrive/Bureau/Desktop/workspace/Project_HW/hw/DCC_wrapper.xsa
TRACE::2023-05-10.13:11:47::SCWPlatform::DSA given C:/Users/marcs/OneDrive/Bureau/Desktop/workspace/Project_HW/hw/DCC_wrapper.xsa
TRACE::2023-05-10.13:11:47::SCWPlatform::DSA absoulate path C:/Users/marcs/OneDrive/Bureau/Desktop/workspace/Project_HW/hw/DCC_wrapper.xsa
TRACE::2023-05-10.13:11:47::SCWPlatform::DSA directory C:/Users/marcs/OneDrive/Bureau/Desktop/workspace/Project_HW/hw
TRACE::2023-05-10.13:11:47::SCWPlatform:: Platform Path C:/Users/marcs/OneDrive/Bureau/Desktop/workspace/Project_HW/hw/DCC_wrapper.xsa
TRACE::2023-05-10.13:11:47::SCWPlatform:: Unique name xilinx:basys3::0.0
TRACE::2023-05-10.13:11:47::SCWPlatform::Trying to set the existing hwdb with name DCC_wrapper_5
TRACE::2023-05-10.13:11:47::SCWPlatform::Opened existing hwdb DCC_wrapper_5
TRACE::2023-05-10.13:11:47::SCWPlatform::Found the Hw Db part of the input DSA
TRACE::2023-05-10.13:11:47::SCWMssOS::Checking the sw design at  C:/Users/marcs/OneDrive/Bureau/Desktop/workspace/Project_HW/microblaze_0/standalone_domain/bsp/system.mss
TRACE::2023-05-10.13:11:47::SCWMssOS::DEBUG:  swdes dump  C:/Users/marcs/OneDrive/Bureau/Desktop/workspace/Project_HW/microblaze_0/standalone_domain/bsp/system.mss|system||

TRACE::2023-05-10.13:11:47::SCWMssOS::Sw design exists and opened at  C:/Users/marcs/OneDrive/Bureau/Desktop/workspace/Project_HW/microblaze_0/standalone_domain/bsp/system.mss
TRACE::2023-05-10.13:11:47::SCWMssOS::Completed writing the mss file at C:/Users/marcs/OneDrive/Bureau/Desktop/workspace/Project_HW/microblaze_0/standalone_domain/bsp
TRACE::2023-05-10.13:11:47::SCWMssOS::Mss edits present, copying mssfile into export location C:/Users/marcs/OneDrive/Bureau/Desktop/workspace/Project_HW/microblaze_0/standalone_domain/bsp/system.mss
TRACE::2023-05-10.13:11:47::SCWMssOS::bsp generated is upto date with the mss file. Skipping bsp generation.
TRACE::2023-05-10.13:11:47::SCWMssOS::BSP is already built. skipping the bsp build ... 
TRACE::2023-05-10.13:11:47::SCWDomain::Skipping the build for domain :  standalone_domain
TRACE::2023-05-10.13:11:47::SCWMssOS::skipping the bsp build ... 
TRACE::2023-05-10.13:11:47::SCWMssOS::Copying to export directory.
TRACE::2023-05-10.13:11:47::SCWMssOS:: Checking if to create the Supporting Applications
TRACE::2023-05-10.13:11:47::SCWMssOS:: No Linux domain exists, trying to generate FSBL 
LOG::2023-05-10.13:11:47::SCWSystem::Completed Processing the domain standalone_domain
LOG::2023-05-10.13:11:47::SCWSystem::Completed Processing the sysconfig Project_HW
LOG::2023-05-10.13:11:47::SCWPlatform::Completed generating the artifacts for system configuration Project_HW
TRACE::2023-05-10.13:11:47::SCWPlatform::Started preparing the platform 
TRACE::2023-05-10.13:11:47::SCWSystem::Writing the bif file for system config Project_HW
TRACE::2023-05-10.13:11:47::SCWSystem::dir created 
TRACE::2023-05-10.13:11:47::SCWSystem::Writing the bif 
TRACE::2023-05-10.13:11:47::SCWPlatform::Started writing the spfm file 
TRACE::2023-05-10.13:11:47::SCWPlatform::Started writing the xpfm file 
TRACE::2023-05-10.13:11:47::SCWPlatform::Completed generating the platform
TRACE::2023-05-10.13:11:47::SCWMssOS::Saving the mss changes C:/Users/marcs/OneDrive/Bureau/Desktop/workspace/Project_HW/microblaze_0/standalone_domain/bsp/system.mss
TRACE::2023-05-10.13:11:47::SCWMssOS::Found a swdesign opened with the mssfile.
TRACE::2023-05-10.13:11:47::SCWMssOS::Completed writemss as part of save.
TRACE::2023-05-10.13:11:47::SCWMssOS::Commit changes completed.
TRACE::2023-05-10.13:11:47::SCWPlatform::Trying to open the hw design at C:/Users/marcs/OneDrive/Bureau/Desktop/workspace/Project_HW/hw/DCC_wrapper.xsa
TRACE::2023-05-10.13:11:47::SCWPlatform::DSA given C:/Users/marcs/OneDrive/Bureau/Desktop/workspace/Project_HW/hw/DCC_wrapper.xsa
TRACE::2023-05-10.13:11:47::SCWPlatform::DSA absoulate path C:/Users/marcs/OneDrive/Bureau/Desktop/workspace/Project_HW/hw/DCC_wrapper.xsa
TRACE::2023-05-10.13:11:47::SCWPlatform::DSA directory C:/Users/marcs/OneDrive/Bureau/Desktop/workspace/Project_HW/hw
TRACE::2023-05-10.13:11:47::SCWPlatform:: Platform Path C:/Users/marcs/OneDrive/Bureau/Desktop/workspace/Project_HW/hw/DCC_wrapper.xsa
TRACE::2023-05-10.13:11:47::SCWPlatform:: Unique name xilinx:basys3::0.0
TRACE::2023-05-10.13:11:47::SCWPlatform::Trying to set the existing hwdb with name DCC_wrapper_5
TRACE::2023-05-10.13:11:47::SCWPlatform::Opened existing hwdb DCC_wrapper_5
TRACE::2023-05-10.13:11:47::SCWPlatform::Found the Hw Db part of the input DSA
TRACE::2023-05-10.13:11:47::SCWMssOS::Checking the sw design at  C:/Users/marcs/OneDrive/Bureau/Desktop/workspace/Project_HW/microblaze_0/standalone_domain/bsp/system.mss
TRACE::2023-05-10.13:11:47::SCWMssOS::DEBUG:  swdes dump  C:/Users/marcs/OneDrive/Bureau/Desktop/workspace/Project_HW/microblaze_0/standalone_domain/bsp/system.mss|system||

TRACE::2023-05-10.13:11:47::SCWMssOS::Sw design exists and opened at  C:/Users/marcs/OneDrive/Bureau/Desktop/workspace/Project_HW/microblaze_0/standalone_domain/bsp/system.mss
TRACE::2023-05-10.13:11:47::SCWPlatform::Trying to open the hw design at C:/Users/marcs/OneDrive/Bureau/Desktop/workspace/Project_HW/hw/DCC_wrapper.xsa
TRACE::2023-05-10.13:11:47::SCWPlatform::DSA given C:/Users/marcs/OneDrive/Bureau/Desktop/workspace/Project_HW/hw/DCC_wrapper.xsa
TRACE::2023-05-10.13:11:47::SCWPlatform::DSA absoulate path C:/Users/marcs/OneDrive/Bureau/Desktop/workspace/Project_HW/hw/DCC_wrapper.xsa
TRACE::2023-05-10.13:11:47::SCWPlatform::DSA directory C:/Users/marcs/OneDrive/Bureau/Desktop/workspace/Project_HW/hw
TRACE::2023-05-10.13:11:47::SCWPlatform:: Platform Path C:/Users/marcs/OneDrive/Bureau/Desktop/workspace/Project_HW/hw/DCC_wrapper.xsa
TRACE::2023-05-10.13:11:47::SCWPlatform:: Unique name xilinx:basys3::0.0
TRACE::2023-05-10.13:11:47::SCWPlatform::Trying to set the existing hwdb with name DCC_wrapper_5
TRACE::2023-05-10.13:11:47::SCWPlatform::Opened existing hwdb DCC_wrapper_5
TRACE::2023-05-10.13:11:47::SCWPlatform::Found the Hw Db part of the input DSA
TRACE::2023-05-10.13:11:47::SCWMssOS::Checking the sw design at  C:/Users/marcs/OneDrive/Bureau/Desktop/workspace/Project_HW/microblaze_0/standalone_domain/bsp/system.mss
TRACE::2023-05-10.13:11:47::SCWMssOS::DEBUG:  swdes dump  C:/Users/marcs/OneDrive/Bureau/Desktop/workspace/Project_HW/microblaze_0/standalone_domain/bsp/system.mss|system||

TRACE::2023-05-10.13:11:47::SCWMssOS::Sw design exists and opened at  C:/Users/marcs/OneDrive/Bureau/Desktop/workspace/Project_HW/microblaze_0/standalone_domain/bsp/system.mss
TRACE::2023-05-10.13:11:47::SCWPlatform::Trying to open the hw design at C:/Users/marcs/OneDrive/Bureau/Desktop/workspace/Project_HW/hw/DCC_wrapper.xsa
TRACE::2023-05-10.13:11:47::SCWPlatform::DSA given C:/Users/marcs/OneDrive/Bureau/Desktop/workspace/Project_HW/hw/DCC_wrapper.xsa
TRACE::2023-05-10.13:11:47::SCWPlatform::DSA absoulate path C:/Users/marcs/OneDrive/Bureau/Desktop/workspace/Project_HW/hw/DCC_wrapper.xsa
TRACE::2023-05-10.13:11:47::SCWPlatform::DSA directory C:/Users/marcs/OneDrive/Bureau/Desktop/workspace/Project_HW/hw
TRACE::2023-05-10.13:11:47::SCWPlatform:: Platform Path C:/Users/marcs/OneDrive/Bureau/Desktop/workspace/Project_HW/hw/DCC_wrapper.xsa
TRACE::2023-05-10.13:11:47::SCWPlatform:: Unique name xilinx:basys3::0.0
TRACE::2023-05-10.13:11:47::SCWPlatform::Trying to set the existing hwdb with name DCC_wrapper_5
TRACE::2023-05-10.13:11:47::SCWPlatform::Opened existing hwdb DCC_wrapper_5
TRACE::2023-05-10.13:11:47::SCWPlatform::Found the Hw Db part of the input DSA
TRACE::2023-05-10.13:11:47::SCWMssOS::Checking the sw design at  C:/Users/marcs/OneDrive/Bureau/Desktop/workspace/Project_HW/microblaze_0/standalone_domain/bsp/system.mss
TRACE::2023-05-10.13:11:47::SCWMssOS::DEBUG:  swdes dump  C:/Users/marcs/OneDrive/Bureau/Desktop/workspace/Project_HW/microblaze_0/standalone_domain/bsp/system.mss|system||

TRACE::2023-05-10.13:11:47::SCWMssOS::Sw design exists and opened at  C:/Users/marcs/OneDrive/Bureau/Desktop/workspace/Project_HW/microblaze_0/standalone_domain/bsp/system.mss
TRACE::2023-05-10.13:11:47::SCWWriter::formatted JSON is {
	"platformName":	"Project_HW",
	"sprVersion":	"2.0",
	"mode":	"gui",
	"dsaType":	"Fixed",
	"platformDesc":	"Project_HW",
	"platHandOff":	"C:/Users/marcs/OneDrive/Bureau/Desktop/FPGA/Project_FPGA/DCC_wrapper.xsa",
	"platIntHandOff":	"<platformDir>/hw/DCC_wrapper.xsa",
	"deviceType":	"FPGA",
	"platIsPrebuiltAutogen":	"false",
	"platIsNoBootBsp":	"false",
	"hasFsblMakeHasChanges":	"false",
	"hasPmufwMakeHasChanges":	"false",
	"platPreBuiltFlag":	false,
	"platformSamplesDir":	"",
	"platActiveSys":	"Project_HW",
	"systems":	[{
			"systemName":	"Project_HW",
			"systemDesc":	"Project_HW",
			"sysIsBootAutoGen":	"true",
			"systemDispName":	"Project_HW",
			"sysActiveDom":	"standalone_domain",
			"sysDefaultDom":	"standalone_domain",
			"domains":	[{
					"domainName":	"standalone_domain",
					"domainDispName":	"standalone_domain",
					"domainDesc":	"standalone_domain",
					"processors":	"microblaze_0",
					"os":	"standalone",
					"sdxOs":	"standalone",
					"debugEnable":	"False",
					"domRuntimes":	["cpp"],
					"swRepo":	"",
					"mssOsVer":	"7.3",
					"mssFile":	"",
					"md5Digest":	"26241103e0cae2f2702a59a40d8fba7c",
					"compatibleApp":	"",
					"domType":	"mssDomain",
					"arch":	"32-bit",
					"appSettings":	{
						"appCompilerFlags":	"",
						"appLinkerFlags":	""
					},
					"addedLibs":	[],
					"libOptions":	{
						"libsContainingOptions":	[]
					},
					"prebuiltLibs":	{
						"prebuiltIncPath":	[],
						"prebuiltLibPath":	[]
					},
					"isolation":	{
					}
				}]
		}]
}
KEYINFO::2023-05-10.13:11:47::SCWPlatform::updated the xpfm file.
TRACE::2023-05-10.13:11:47::SCWPlatform::Trying to open the hw design at C:/Users/marcs/OneDrive/Bureau/Desktop/workspace/Project_HW/hw/DCC_wrapper.xsa
TRACE::2023-05-10.13:11:47::SCWPlatform::DSA given C:/Users/marcs/OneDrive/Bureau/Desktop/workspace/Project_HW/hw/DCC_wrapper.xsa
TRACE::2023-05-10.13:11:47::SCWPlatform::DSA absoulate path C:/Users/marcs/OneDrive/Bureau/Desktop/workspace/Project_HW/hw/DCC_wrapper.xsa
TRACE::2023-05-10.13:11:47::SCWPlatform::DSA directory C:/Users/marcs/OneDrive/Bureau/Desktop/workspace/Project_HW/hw
TRACE::2023-05-10.13:11:47::SCWPlatform:: Platform Path C:/Users/marcs/OneDrive/Bureau/Desktop/workspace/Project_HW/hw/DCC_wrapper.xsa
TRACE::2023-05-10.13:11:47::SCWPlatform:: Unique name xilinx:basys3::0.0
TRACE::2023-05-10.13:11:47::SCWPlatform::Trying to set the existing hwdb with name DCC_wrapper_5
TRACE::2023-05-10.13:11:47::SCWPlatform::Opened existing hwdb DCC_wrapper_5
TRACE::2023-05-10.13:11:47::SCWPlatform::Found the Hw Db part of the input DSA
TRACE::2023-05-10.13:11:47::SCWMssOS::Checking the sw design at  C:/Users/marcs/OneDrive/Bureau/Desktop/workspace/Project_HW/microblaze_0/standalone_domain/bsp/system.mss
TRACE::2023-05-10.13:11:47::SCWMssOS::DEBUG:  swdes dump  C:/Users/marcs/OneDrive/Bureau/Desktop/workspace/Project_HW/microblaze_0/standalone_domain/bsp/system.mss|system||

TRACE::2023-05-10.13:11:47::SCWMssOS::Sw design exists and opened at  C:/Users/marcs/OneDrive/Bureau/Desktop/workspace/Project_HW/microblaze_0/standalone_domain/bsp/system.mss
TRACE::2023-05-10.13:11:47::SCWMssOS::Saving the mss changes C:/Users/marcs/OneDrive/Bureau/Desktop/workspace/Project_HW/microblaze_0/standalone_domain/bsp/system.mss
TRACE::2023-05-10.13:11:47::SCWMssOS::Found a swdesign opened with the mssfile.
TRACE::2023-05-10.13:11:47::SCWMssOS::Completed writemss as part of save.
TRACE::2023-05-10.13:11:47::SCWMssOS::Commit changes completed.
TRACE::2023-05-10.13:11:47::SCWPlatform::Trying to open the hw design at C:/Users/marcs/OneDrive/Bureau/Desktop/workspace/Project_HW/hw/DCC_wrapper.xsa
TRACE::2023-05-10.13:11:47::SCWPlatform::DSA given C:/Users/marcs/OneDrive/Bureau/Desktop/workspace/Project_HW/hw/DCC_wrapper.xsa
TRACE::2023-05-10.13:11:47::SCWPlatform::DSA absoulate path C:/Users/marcs/OneDrive/Bureau/Desktop/workspace/Project_HW/hw/DCC_wrapper.xsa
TRACE::2023-05-10.13:11:47::SCWPlatform::DSA directory C:/Users/marcs/OneDrive/Bureau/Desktop/workspace/Project_HW/hw
TRACE::2023-05-10.13:11:47::SCWPlatform:: Platform Path C:/Users/marcs/OneDrive/Bureau/Desktop/workspace/Project_HW/hw/DCC_wrapper.xsa
TRACE::2023-05-10.13:11:47::SCWPlatform:: Unique name xilinx:basys3::0.0
TRACE::2023-05-10.13:11:47::SCWPlatform::Trying to set the existing hwdb with name DCC_wrapper_5
TRACE::2023-05-10.13:11:47::SCWPlatform::Opened existing hwdb DCC_wrapper_5
TRACE::2023-05-10.13:11:47::SCWPlatform::Found the Hw Db part of the input DSA
TRACE::2023-05-10.13:11:47::SCWMssOS::Checking the sw design at  C:/Users/marcs/OneDrive/Bureau/Desktop/workspace/Project_HW/microblaze_0/standalone_domain/bsp/system.mss
TRACE::2023-05-10.13:11:47::SCWMssOS::DEBUG:  swdes dump  C:/Users/marcs/OneDrive/Bureau/Desktop/workspace/Project_HW/microblaze_0/standalone_domain/bsp/system.mss|system||

TRACE::2023-05-10.13:11:47::SCWMssOS::Sw design exists and opened at  C:/Users/marcs/OneDrive/Bureau/Desktop/workspace/Project_HW/microblaze_0/standalone_domain/bsp/system.mss
TRACE::2023-05-10.13:11:47::SCWPlatform::Trying to open the hw design at C:/Users/marcs/OneDrive/Bureau/Desktop/workspace/Project_HW/hw/DCC_wrapper.xsa
TRACE::2023-05-10.13:11:47::SCWPlatform::DSA given C:/Users/marcs/OneDrive/Bureau/Desktop/workspace/Project_HW/hw/DCC_wrapper.xsa
TRACE::2023-05-10.13:11:47::SCWPlatform::DSA absoulate path C:/Users/marcs/OneDrive/Bureau/Desktop/workspace/Project_HW/hw/DCC_wrapper.xsa
TRACE::2023-05-10.13:11:47::SCWPlatform::DSA directory C:/Users/marcs/OneDrive/Bureau/Desktop/workspace/Project_HW/hw
TRACE::2023-05-10.13:11:47::SCWPlatform:: Platform Path C:/Users/marcs/OneDrive/Bureau/Desktop/workspace/Project_HW/hw/DCC_wrapper.xsa
TRACE::2023-05-10.13:11:47::SCWPlatform:: Unique name xilinx:basys3::0.0
TRACE::2023-05-10.13:11:47::SCWPlatform::Trying to set the existing hwdb with name DCC_wrapper_5
TRACE::2023-05-10.13:11:47::SCWPlatform::Opened existing hwdb DCC_wrapper_5
TRACE::2023-05-10.13:11:47::SCWPlatform::Found the Hw Db part of the input DSA
TRACE::2023-05-10.13:11:47::SCWMssOS::Checking the sw design at  C:/Users/marcs/OneDrive/Bureau/Desktop/workspace/Project_HW/microblaze_0/standalone_domain/bsp/system.mss
TRACE::2023-05-10.13:11:47::SCWMssOS::DEBUG:  swdes dump  C:/Users/marcs/OneDrive/Bureau/Desktop/workspace/Project_HW/microblaze_0/standalone_domain/bsp/system.mss|system||

TRACE::2023-05-10.13:11:47::SCWMssOS::Sw design exists and opened at  C:/Users/marcs/OneDrive/Bureau/Desktop/workspace/Project_HW/microblaze_0/standalone_domain/bsp/system.mss
TRACE::2023-05-10.13:11:47::SCWPlatform::Trying to open the hw design at C:/Users/marcs/OneDrive/Bureau/Desktop/workspace/Project_HW/hw/DCC_wrapper.xsa
TRACE::2023-05-10.13:11:47::SCWPlatform::DSA given C:/Users/marcs/OneDrive/Bureau/Desktop/workspace/Project_HW/hw/DCC_wrapper.xsa
TRACE::2023-05-10.13:11:47::SCWPlatform::DSA absoulate path C:/Users/marcs/OneDrive/Bureau/Desktop/workspace/Project_HW/hw/DCC_wrapper.xsa
TRACE::2023-05-10.13:11:47::SCWPlatform::DSA directory C:/Users/marcs/OneDrive/Bureau/Desktop/workspace/Project_HW/hw
TRACE::2023-05-10.13:11:47::SCWPlatform:: Platform Path C:/Users/marcs/OneDrive/Bureau/Desktop/workspace/Project_HW/hw/DCC_wrapper.xsa
TRACE::2023-05-10.13:11:47::SCWPlatform:: Unique name xilinx:basys3::0.0
TRACE::2023-05-10.13:11:47::SCWPlatform::Trying to set the existing hwdb with name DCC_wrapper_5
TRACE::2023-05-10.13:11:47::SCWPlatform::Opened existing hwdb DCC_wrapper_5
TRACE::2023-05-10.13:11:47::SCWPlatform::Found the Hw Db part of the input DSA
TRACE::2023-05-10.13:11:47::SCWMssOS::Checking the sw design at  C:/Users/marcs/OneDrive/Bureau/Desktop/workspace/Project_HW/microblaze_0/standalone_domain/bsp/system.mss
TRACE::2023-05-10.13:11:47::SCWMssOS::DEBUG:  swdes dump  C:/Users/marcs/OneDrive/Bureau/Desktop/workspace/Project_HW/microblaze_0/standalone_domain/bsp/system.mss|system||

TRACE::2023-05-10.13:11:47::SCWMssOS::Sw design exists and opened at  C:/Users/marcs/OneDrive/Bureau/Desktop/workspace/Project_HW/microblaze_0/standalone_domain/bsp/system.mss
TRACE::2023-05-10.13:11:47::SCWWriter::formatted JSON is {
	"platformName":	"Project_HW",
	"sprVersion":	"2.0",
	"mode":	"gui",
	"dsaType":	"Fixed",
	"platformDesc":	"Project_HW",
	"platHandOff":	"C:/Users/marcs/OneDrive/Bureau/Desktop/FPGA/Project_FPGA/DCC_wrapper.xsa",
	"platIntHandOff":	"<platformDir>/hw/DCC_wrapper.xsa",
	"deviceType":	"FPGA",
	"platIsPrebuiltAutogen":	"false",
	"platIsNoBootBsp":	"false",
	"hasFsblMakeHasChanges":	"false",
	"hasPmufwMakeHasChanges":	"false",
	"platPreBuiltFlag":	false,
	"platformSamplesDir":	"",
	"platActiveSys":	"Project_HW",
	"systems":	[{
			"systemName":	"Project_HW",
			"systemDesc":	"Project_HW",
			"sysIsBootAutoGen":	"true",
			"systemDispName":	"Project_HW",
			"sysActiveDom":	"standalone_domain",
			"sysDefaultDom":	"standalone_domain",
			"domains":	[{
					"domainName":	"standalone_domain",
					"domainDispName":	"standalone_domain",
					"domainDesc":	"standalone_domain",
					"processors":	"microblaze_0",
					"os":	"standalone",
					"sdxOs":	"standalone",
					"debugEnable":	"False",
					"domRuntimes":	["cpp"],
					"swRepo":	"",
					"mssOsVer":	"7.3",
					"mssFile":	"",
					"md5Digest":	"26241103e0cae2f2702a59a40d8fba7c",
					"compatibleApp":	"",
					"domType":	"mssDomain",
					"arch":	"32-bit",
					"appSettings":	{
						"appCompilerFlags":	"",
						"appLinkerFlags":	""
					},
					"addedLibs":	[],
					"libOptions":	{
						"libsContainingOptions":	[]
					},
					"prebuiltLibs":	{
						"prebuiltIncPath":	[],
						"prebuiltLibPath":	[]
					},
					"isolation":	{
					}
				}]
		}]
}
TRACE::2023-05-10.13:11:47::SCWPlatform::Trying to open the hw design at C:/Users/marcs/OneDrive/Bureau/Desktop/workspace/Project_HW/hw/DCC_wrapper.xsa
TRACE::2023-05-10.13:11:47::SCWPlatform::DSA given C:/Users/marcs/OneDrive/Bureau/Desktop/workspace/Project_HW/hw/DCC_wrapper.xsa
TRACE::2023-05-10.13:11:47::SCWPlatform::DSA absoulate path C:/Users/marcs/OneDrive/Bureau/Desktop/workspace/Project_HW/hw/DCC_wrapper.xsa
TRACE::2023-05-10.13:11:47::SCWPlatform::DSA directory C:/Users/marcs/OneDrive/Bureau/Desktop/workspace/Project_HW/hw
TRACE::2023-05-10.13:11:47::SCWPlatform:: Platform Path C:/Users/marcs/OneDrive/Bureau/Desktop/workspace/Project_HW/hw/DCC_wrapper.xsa
TRACE::2023-05-10.13:11:47::SCWPlatform:: Unique name xilinx:basys3::0.0
TRACE::2023-05-10.13:11:47::SCWPlatform::Trying to set the existing hwdb with name DCC_wrapper_5
TRACE::2023-05-10.13:11:47::SCWPlatform::Opened existing hwdb DCC_wrapper_5
TRACE::2023-05-10.13:11:47::SCWPlatform::Found the Hw Db part of the input DSA
TRACE::2023-05-10.13:11:47::SCWMssOS::Checking the sw design at  C:/Users/marcs/OneDrive/Bureau/Desktop/workspace/Project_HW/microblaze_0/standalone_domain/bsp/system.mss
TRACE::2023-05-10.13:11:47::SCWMssOS::DEBUG:  swdes dump  C:/Users/marcs/OneDrive/Bureau/Desktop/workspace/Project_HW/microblaze_0/standalone_domain/bsp/system.mss|system||

TRACE::2023-05-10.13:11:47::SCWMssOS::Sw design exists and opened at  C:/Users/marcs/OneDrive/Bureau/Desktop/workspace/Project_HW/microblaze_0/standalone_domain/bsp/system.mss
TRACE::2023-05-10.13:11:47::SCWPlatform::Trying to open the hw design at C:/Users/marcs/OneDrive/Bureau/Desktop/workspace/Project_HW/hw/DCC_wrapper.xsa
TRACE::2023-05-10.13:11:47::SCWPlatform::DSA given C:/Users/marcs/OneDrive/Bureau/Desktop/workspace/Project_HW/hw/DCC_wrapper.xsa
TRACE::2023-05-10.13:11:47::SCWPlatform::DSA absoulate path C:/Users/marcs/OneDrive/Bureau/Desktop/workspace/Project_HW/hw/DCC_wrapper.xsa
TRACE::2023-05-10.13:11:47::SCWPlatform::DSA directory C:/Users/marcs/OneDrive/Bureau/Desktop/workspace/Project_HW/hw
TRACE::2023-05-10.13:11:47::SCWPlatform:: Platform Path C:/Users/marcs/OneDrive/Bureau/Desktop/workspace/Project_HW/hw/DCC_wrapper.xsa
TRACE::2023-05-10.13:11:47::SCWPlatform:: Unique name xilinx:basys3::0.0
TRACE::2023-05-10.13:11:47::SCWPlatform::Trying to set the existing hwdb with name DCC_wrapper_5
TRACE::2023-05-10.13:11:47::SCWPlatform::Opened existing hwdb DCC_wrapper_5
TRACE::2023-05-10.13:11:47::SCWPlatform::Found the Hw Db part of the input DSA
TRACE::2023-05-10.13:11:47::SCWMssOS::Checking the sw design at  C:/Users/marcs/OneDrive/Bureau/Desktop/workspace/Project_HW/microblaze_0/standalone_domain/bsp/system.mss
TRACE::2023-05-10.13:11:47::SCWMssOS::DEBUG:  swdes dump  C:/Users/marcs/OneDrive/Bureau/Desktop/workspace/Project_HW/microblaze_0/standalone_domain/bsp/system.mss|system||

TRACE::2023-05-10.13:11:47::SCWMssOS::Sw design exists and opened at  C:/Users/marcs/OneDrive/Bureau/Desktop/workspace/Project_HW/microblaze_0/standalone_domain/bsp/system.mss
TRACE::2023-05-10.13:11:47::SCWPlatform::Trying to open the hw design at C:/Users/marcs/OneDrive/Bureau/Desktop/workspace/Project_HW/hw/DCC_wrapper.xsa
TRACE::2023-05-10.13:11:47::SCWPlatform::DSA given C:/Users/marcs/OneDrive/Bureau/Desktop/workspace/Project_HW/hw/DCC_wrapper.xsa
TRACE::2023-05-10.13:11:47::SCWPlatform::DSA absoulate path C:/Users/marcs/OneDrive/Bureau/Desktop/workspace/Project_HW/hw/DCC_wrapper.xsa
TRACE::2023-05-10.13:11:47::SCWPlatform::DSA directory C:/Users/marcs/OneDrive/Bureau/Desktop/workspace/Project_HW/hw
TRACE::2023-05-10.13:11:47::SCWPlatform:: Platform Path C:/Users/marcs/OneDrive/Bureau/Desktop/workspace/Project_HW/hw/DCC_wrapper.xsa
TRACE::2023-05-10.13:11:47::SCWPlatform:: Unique name xilinx:basys3::0.0
TRACE::2023-05-10.13:11:47::SCWPlatform::Trying to set the existing hwdb with name DCC_wrapper_5
TRACE::2023-05-10.13:11:47::SCWPlatform::Opened existing hwdb DCC_wrapper_5
TRACE::2023-05-10.13:11:47::SCWPlatform::Found the Hw Db part of the input DSA
TRACE::2023-05-10.13:11:47::SCWMssOS::Checking the sw design at  C:/Users/marcs/OneDrive/Bureau/Desktop/workspace/Project_HW/microblaze_0/standalone_domain/bsp/system.mss
TRACE::2023-05-10.13:11:47::SCWMssOS::DEBUG:  swdes dump  C:/Users/marcs/OneDrive/Bureau/Desktop/workspace/Project_HW/microblaze_0/standalone_domain/bsp/system.mss|system||

TRACE::2023-05-10.13:11:47::SCWMssOS::Sw design exists and opened at  C:/Users/marcs/OneDrive/Bureau/Desktop/workspace/Project_HW/microblaze_0/standalone_domain/bsp/system.mss
TRACE::2023-05-10.13:11:47::SCWMssOS::Saving the mss changes C:/Users/marcs/OneDrive/Bureau/Desktop/workspace/Project_HW/microblaze_0/standalone_domain/bsp/system.mss
TRACE::2023-05-10.13:11:47::SCWMssOS::Found a swdesign opened with the mssfile.
TRACE::2023-05-10.13:11:47::SCWMssOS::Completed writemss as part of save.
TRACE::2023-05-10.13:11:47::SCWMssOS::Commit changes completed.
TRACE::2023-05-10.13:11:47::SCWPlatform::Trying to open the hw design at C:/Users/marcs/OneDrive/Bureau/Desktop/workspace/Project_HW/hw/DCC_wrapper.xsa
TRACE::2023-05-10.13:11:47::SCWPlatform::DSA given C:/Users/marcs/OneDrive/Bureau/Desktop/workspace/Project_HW/hw/DCC_wrapper.xsa
TRACE::2023-05-10.13:11:47::SCWPlatform::DSA absoulate path C:/Users/marcs/OneDrive/Bureau/Desktop/workspace/Project_HW/hw/DCC_wrapper.xsa
TRACE::2023-05-10.13:11:47::SCWPlatform::DSA directory C:/Users/marcs/OneDrive/Bureau/Desktop/workspace/Project_HW/hw
TRACE::2023-05-10.13:11:47::SCWPlatform:: Platform Path C:/Users/marcs/OneDrive/Bureau/Desktop/workspace/Project_HW/hw/DCC_wrapper.xsa
TRACE::2023-05-10.13:11:47::SCWPlatform:: Unique name xilinx:basys3::0.0
TRACE::2023-05-10.13:11:47::SCWPlatform::Trying to set the existing hwdb with name DCC_wrapper_5
TRACE::2023-05-10.13:11:47::SCWPlatform::Opened existing hwdb DCC_wrapper_5
TRACE::2023-05-10.13:11:47::SCWPlatform::Found the Hw Db part of the input DSA
TRACE::2023-05-10.13:11:47::SCWMssOS::Checking the sw design at  C:/Users/marcs/OneDrive/Bureau/Desktop/workspace/Project_HW/microblaze_0/standalone_domain/bsp/system.mss
TRACE::2023-05-10.13:11:47::SCWMssOS::DEBUG:  swdes dump  C:/Users/marcs/OneDrive/Bureau/Desktop/workspace/Project_HW/microblaze_0/standalone_domain/bsp/system.mss|system||

TRACE::2023-05-10.13:11:47::SCWMssOS::Sw design exists and opened at  C:/Users/marcs/OneDrive/Bureau/Desktop/workspace/Project_HW/microblaze_0/standalone_domain/bsp/system.mss
TRACE::2023-05-10.13:11:47::SCWPlatform::Trying to open the hw design at C:/Users/marcs/OneDrive/Bureau/Desktop/workspace/Project_HW/hw/DCC_wrapper.xsa
TRACE::2023-05-10.13:11:47::SCWPlatform::DSA given C:/Users/marcs/OneDrive/Bureau/Desktop/workspace/Project_HW/hw/DCC_wrapper.xsa
TRACE::2023-05-10.13:11:47::SCWPlatform::DSA absoulate path C:/Users/marcs/OneDrive/Bureau/Desktop/workspace/Project_HW/hw/DCC_wrapper.xsa
TRACE::2023-05-10.13:11:47::SCWPlatform::DSA directory C:/Users/marcs/OneDrive/Bureau/Desktop/workspace/Project_HW/hw
TRACE::2023-05-10.13:11:47::SCWPlatform:: Platform Path C:/Users/marcs/OneDrive/Bureau/Desktop/workspace/Project_HW/hw/DCC_wrapper.xsa
TRACE::2023-05-10.13:11:47::SCWPlatform:: Unique name xilinx:basys3::0.0
TRACE::2023-05-10.13:11:47::SCWPlatform::Trying to set the existing hwdb with name DCC_wrapper_5
TRACE::2023-05-10.13:11:47::SCWPlatform::Opened existing hwdb DCC_wrapper_5
TRACE::2023-05-10.13:11:47::SCWPlatform::Found the Hw Db part of the input DSA
TRACE::2023-05-10.13:11:47::SCWMssOS::Checking the sw design at  C:/Users/marcs/OneDrive/Bureau/Desktop/workspace/Project_HW/microblaze_0/standalone_domain/bsp/system.mss
TRACE::2023-05-10.13:11:47::SCWMssOS::DEBUG:  swdes dump  C:/Users/marcs/OneDrive/Bureau/Desktop/workspace/Project_HW/microblaze_0/standalone_domain/bsp/system.mss|system||

TRACE::2023-05-10.13:11:47::SCWMssOS::Sw design exists and opened at  C:/Users/marcs/OneDrive/Bureau/Desktop/workspace/Project_HW/microblaze_0/standalone_domain/bsp/system.mss
TRACE::2023-05-10.13:11:47::SCWPlatform::Trying to open the hw design at C:/Users/marcs/OneDrive/Bureau/Desktop/workspace/Project_HW/hw/DCC_wrapper.xsa
TRACE::2023-05-10.13:11:47::SCWPlatform::DSA given C:/Users/marcs/OneDrive/Bureau/Desktop/workspace/Project_HW/hw/DCC_wrapper.xsa
TRACE::2023-05-10.13:11:47::SCWPlatform::DSA absoulate path C:/Users/marcs/OneDrive/Bureau/Desktop/workspace/Project_HW/hw/DCC_wrapper.xsa
TRACE::2023-05-10.13:11:47::SCWPlatform::DSA directory C:/Users/marcs/OneDrive/Bureau/Desktop/workspace/Project_HW/hw
TRACE::2023-05-10.13:11:47::SCWPlatform:: Platform Path C:/Users/marcs/OneDrive/Bureau/Desktop/workspace/Project_HW/hw/DCC_wrapper.xsa
TRACE::2023-05-10.13:11:47::SCWPlatform:: Unique name xilinx:basys3::0.0
TRACE::2023-05-10.13:11:47::SCWPlatform::Trying to set the existing hwdb with name DCC_wrapper_5
TRACE::2023-05-10.13:11:47::SCWPlatform::Opened existing hwdb DCC_wrapper_5
TRACE::2023-05-10.13:11:47::SCWPlatform::Found the Hw Db part of the input DSA
TRACE::2023-05-10.13:11:47::SCWMssOS::Checking the sw design at  C:/Users/marcs/OneDrive/Bureau/Desktop/workspace/Project_HW/microblaze_0/standalone_domain/bsp/system.mss
TRACE::2023-05-10.13:11:47::SCWMssOS::DEBUG:  swdes dump  C:/Users/marcs/OneDrive/Bureau/Desktop/workspace/Project_HW/microblaze_0/standalone_domain/bsp/system.mss|system||

TRACE::2023-05-10.13:11:47::SCWMssOS::Sw design exists and opened at  C:/Users/marcs/OneDrive/Bureau/Desktop/workspace/Project_HW/microblaze_0/standalone_domain/bsp/system.mss
TRACE::2023-05-10.13:11:47::SCWWriter::formatted JSON is {
	"platformName":	"Project_HW",
	"sprVersion":	"2.0",
	"mode":	"gui",
	"dsaType":	"Fixed",
	"platformDesc":	"Project_HW",
	"platHandOff":	"C:/Users/marcs/OneDrive/Bureau/Desktop/FPGA/Project_FPGA/DCC_wrapper.xsa",
	"platIntHandOff":	"<platformDir>/hw/DCC_wrapper.xsa",
	"deviceType":	"FPGA",
	"platIsPrebuiltAutogen":	"false",
	"platIsNoBootBsp":	"false",
	"hasFsblMakeHasChanges":	"false",
	"hasPmufwMakeHasChanges":	"false",
	"platPreBuiltFlag":	false,
	"platformSamplesDir":	"",
	"platActiveSys":	"Project_HW",
	"systems":	[{
			"systemName":	"Project_HW",
			"systemDesc":	"Project_HW",
			"sysIsBootAutoGen":	"true",
			"systemDispName":	"Project_HW",
			"sysActiveDom":	"standalone_domain",
			"sysDefaultDom":	"standalone_domain",
			"domains":	[{
					"domainName":	"standalone_domain",
					"domainDispName":	"standalone on microblaze_0",
					"domainDesc":	"standalone_domain",
					"processors":	"microblaze_0",
					"os":	"standalone",
					"sdxOs":	"standalone",
					"debugEnable":	"False",
					"domRuntimes":	["cpp"],
					"swRepo":	"",
					"mssOsVer":	"7.3",
					"mssFile":	"",
					"md5Digest":	"26241103e0cae2f2702a59a40d8fba7c",
					"compatibleApp":	"",
					"domType":	"mssDomain",
					"arch":	"32-bit",
					"appSettings":	{
						"appCompilerFlags":	"",
						"appLinkerFlags":	""
					},
					"addedLibs":	[],
					"libOptions":	{
						"libsContainingOptions":	[]
					},
					"prebuiltLibs":	{
						"prebuiltIncPath":	[],
						"prebuiltLibPath":	[]
					},
					"isolation":	{
					}
				}]
		}]
}
TRACE::2023-05-10.13:11:47::SCWMssOS::Saving the mss changes C:/Users/marcs/OneDrive/Bureau/Desktop/workspace/Project_HW/microblaze_0/standalone_domain/bsp/system.mss
TRACE::2023-05-10.13:11:47::SCWMssOS::Found a swdesign opened with the mssfile.
TRACE::2023-05-10.13:11:47::SCWMssOS::Completed writemss as part of save.
TRACE::2023-05-10.13:11:47::SCWMssOS::Commit changes completed.
TRACE::2023-05-10.13:11:47::SCWPlatform::Trying to open the hw design at C:/Users/marcs/OneDrive/Bureau/Desktop/workspace/Project_HW/hw/DCC_wrapper.xsa
TRACE::2023-05-10.13:11:47::SCWPlatform::DSA given C:/Users/marcs/OneDrive/Bureau/Desktop/workspace/Project_HW/hw/DCC_wrapper.xsa
TRACE::2023-05-10.13:11:47::SCWPlatform::DSA absoulate path C:/Users/marcs/OneDrive/Bureau/Desktop/workspace/Project_HW/hw/DCC_wrapper.xsa
TRACE::2023-05-10.13:11:47::SCWPlatform::DSA directory C:/Users/marcs/OneDrive/Bureau/Desktop/workspace/Project_HW/hw
TRACE::2023-05-10.13:11:47::SCWPlatform:: Platform Path C:/Users/marcs/OneDrive/Bureau/Desktop/workspace/Project_HW/hw/DCC_wrapper.xsa
TRACE::2023-05-10.13:11:47::SCWPlatform:: Unique name xilinx:basys3::0.0
TRACE::2023-05-10.13:11:47::SCWPlatform::Trying to set the existing hwdb with name DCC_wrapper_5
TRACE::2023-05-10.13:11:47::SCWPlatform::Opened existing hwdb DCC_wrapper_5
TRACE::2023-05-10.13:11:47::SCWPlatform::Found the Hw Db part of the input DSA
TRACE::2023-05-10.13:11:47::SCWMssOS::Checking the sw design at  C:/Users/marcs/OneDrive/Bureau/Desktop/workspace/Project_HW/microblaze_0/standalone_domain/bsp/system.mss
TRACE::2023-05-10.13:11:47::SCWMssOS::DEBUG:  swdes dump  C:/Users/marcs/OneDrive/Bureau/Desktop/workspace/Project_HW/microblaze_0/standalone_domain/bsp/system.mss|system||

TRACE::2023-05-10.13:11:47::SCWMssOS::Sw design exists and opened at  C:/Users/marcs/OneDrive/Bureau/Desktop/workspace/Project_HW/microblaze_0/standalone_domain/bsp/system.mss
TRACE::2023-05-10.13:11:47::SCWPlatform::Trying to open the hw design at C:/Users/marcs/OneDrive/Bureau/Desktop/workspace/Project_HW/hw/DCC_wrapper.xsa
TRACE::2023-05-10.13:11:47::SCWPlatform::DSA given C:/Users/marcs/OneDrive/Bureau/Desktop/workspace/Project_HW/hw/DCC_wrapper.xsa
TRACE::2023-05-10.13:11:47::SCWPlatform::DSA absoulate path C:/Users/marcs/OneDrive/Bureau/Desktop/workspace/Project_HW/hw/DCC_wrapper.xsa
TRACE::2023-05-10.13:11:47::SCWPlatform::DSA directory C:/Users/marcs/OneDrive/Bureau/Desktop/workspace/Project_HW/hw
TRACE::2023-05-10.13:11:47::SCWPlatform:: Platform Path C:/Users/marcs/OneDrive/Bureau/Desktop/workspace/Project_HW/hw/DCC_wrapper.xsa
TRACE::2023-05-10.13:11:47::SCWPlatform:: Unique name xilinx:basys3::0.0
TRACE::2023-05-10.13:11:47::SCWPlatform::Trying to set the existing hwdb with name DCC_wrapper_5
TRACE::2023-05-10.13:11:47::SCWPlatform::Opened existing hwdb DCC_wrapper_5
TRACE::2023-05-10.13:11:47::SCWPlatform::Found the Hw Db part of the input DSA
TRACE::2023-05-10.13:11:47::SCWMssOS::Checking the sw design at  C:/Users/marcs/OneDrive/Bureau/Desktop/workspace/Project_HW/microblaze_0/standalone_domain/bsp/system.mss
TRACE::2023-05-10.13:11:47::SCWMssOS::DEBUG:  swdes dump  C:/Users/marcs/OneDrive/Bureau/Desktop/workspace/Project_HW/microblaze_0/standalone_domain/bsp/system.mss|system||

TRACE::2023-05-10.13:11:47::SCWMssOS::Sw design exists and opened at  C:/Users/marcs/OneDrive/Bureau/Desktop/workspace/Project_HW/microblaze_0/standalone_domain/bsp/system.mss
TRACE::2023-05-10.13:11:47::SCWPlatform::Trying to open the hw design at C:/Users/marcs/OneDrive/Bureau/Desktop/workspace/Project_HW/hw/DCC_wrapper.xsa
TRACE::2023-05-10.13:11:47::SCWPlatform::DSA given C:/Users/marcs/OneDrive/Bureau/Desktop/workspace/Project_HW/hw/DCC_wrapper.xsa
TRACE::2023-05-10.13:11:47::SCWPlatform::DSA absoulate path C:/Users/marcs/OneDrive/Bureau/Desktop/workspace/Project_HW/hw/DCC_wrapper.xsa
TRACE::2023-05-10.13:11:47::SCWPlatform::DSA directory C:/Users/marcs/OneDrive/Bureau/Desktop/workspace/Project_HW/hw
TRACE::2023-05-10.13:11:47::SCWPlatform:: Platform Path C:/Users/marcs/OneDrive/Bureau/Desktop/workspace/Project_HW/hw/DCC_wrapper.xsa
TRACE::2023-05-10.13:11:47::SCWPlatform:: Unique name xilinx:basys3::0.0
TRACE::2023-05-10.13:11:47::SCWPlatform::Trying to set the existing hwdb with name DCC_wrapper_5
TRACE::2023-05-10.13:11:47::SCWPlatform::Opened existing hwdb DCC_wrapper_5
TRACE::2023-05-10.13:11:47::SCWPlatform::Found the Hw Db part of the input DSA
TRACE::2023-05-10.13:11:47::SCWMssOS::Checking the sw design at  C:/Users/marcs/OneDrive/Bureau/Desktop/workspace/Project_HW/microblaze_0/standalone_domain/bsp/system.mss
TRACE::2023-05-10.13:11:47::SCWMssOS::DEBUG:  swdes dump  C:/Users/marcs/OneDrive/Bureau/Desktop/workspace/Project_HW/microblaze_0/standalone_domain/bsp/system.mss|system||

TRACE::2023-05-10.13:11:47::SCWMssOS::Sw design exists and opened at  C:/Users/marcs/OneDrive/Bureau/Desktop/workspace/Project_HW/microblaze_0/standalone_domain/bsp/system.mss
TRACE::2023-05-10.13:11:47::SCWWriter::formatted JSON is {
	"platformName":	"Project_HW",
	"sprVersion":	"2.0",
	"mode":	"gui",
	"dsaType":	"Fixed",
	"platformDesc":	"Project_HW",
	"platHandOff":	"C:/Users/marcs/OneDrive/Bureau/Desktop/FPGA/Project_FPGA/DCC_wrapper.xsa",
	"platIntHandOff":	"<platformDir>/hw/DCC_wrapper.xsa",
	"deviceType":	"FPGA",
	"platIsPrebuiltAutogen":	"false",
	"platIsNoBootBsp":	"false",
	"hasFsblMakeHasChanges":	"false",
	"hasPmufwMakeHasChanges":	"false",
	"platPreBuiltFlag":	false,
	"platformSamplesDir":	"",
	"platActiveSys":	"Project_HW",
	"systems":	[{
			"systemName":	"Project_HW",
			"systemDesc":	"Project_HW",
			"sysIsBootAutoGen":	"true",
			"systemDispName":	"Project_HW",
			"sysActiveDom":	"standalone_domain",
			"sysDefaultDom":	"standalone_domain",
			"domains":	[{
					"domainName":	"standalone_domain",
					"domainDispName":	"standalone on microblaze_0",
					"domainDesc":	"standalone_domain",
					"processors":	"microblaze_0",
					"os":	"standalone",
					"sdxOs":	"standalone",
					"debugEnable":	"False",
					"domRuntimes":	["cpp"],
					"swRepo":	"",
					"mssOsVer":	"7.3",
					"mssFile":	"",
					"md5Digest":	"26241103e0cae2f2702a59a40d8fba7c",
					"compatibleApp":	"",
					"domType":	"mssDomain",
					"arch":	"32-bit",
					"appSettings":	{
						"appCompilerFlags":	"",
						"appLinkerFlags":	""
					},
					"addedLibs":	[],
					"libOptions":	{
						"libsContainingOptions":	[]
					},
					"prebuiltLibs":	{
						"prebuiltIncPath":	[],
						"prebuiltLibPath":	[]
					},
					"isolation":	{
					}
				}]
		}]
}
TRACE::2023-05-10.13:11:47::SCWPlatform::Clearing the existing platform
TRACE::2023-05-10.13:11:47::SCWSystem::Clearing the existing sysconfig
TRACE::2023-05-10.13:11:47::SCWMssOS::Removing the swdes entry for  C:/Users/marcs/OneDrive/Bureau/Desktop/workspace/Project_HW/microblaze_0/standalone_domain/bsp/system.mss
TRACE::2023-05-10.13:11:47::SCWSystem::Clearing the domains completed.
TRACE::2023-05-10.13:11:47::SCWPlatform::Clearing the opened hw db.
TRACE::2023-05-10.13:11:47::SCWPlatform::DSA given C:/Users/marcs/OneDrive/Bureau/Desktop/workspace/Project_HW/hw/DCC_wrapper.xsa
TRACE::2023-05-10.13:11:47::SCWPlatform::DSA absoulate path C:/Users/marcs/OneDrive/Bureau/Desktop/workspace/Project_HW/hw/DCC_wrapper.xsa
TRACE::2023-05-10.13:11:47::SCWPlatform:: Platform location is C:/Users/marcs/OneDrive/Bureau/Desktop/workspace/Project_HW/hw
TRACE::2023-05-10.13:11:47::SCWPlatform:: Platform Path C:/Users/marcs/OneDrive/Bureau/Desktop/workspace/Project_HW/hw/DCC_wrapper.xsa
TRACE::2023-05-10.13:11:47::SCWPlatform:: Unique name xilinx:basys3::0.0
TRACE::2023-05-10.13:11:47::SCWPlatform::Removing the HwDB with name C:/Users/marcs/OneDrive/Bureau/Desktop/workspace/Project_HW/hw/DCC_wrapper.xsa
TRACE::2023-05-10.13:11:47::SCWPlatform::Trying to open the hw design at C:/Users/marcs/OneDrive/Bureau/Desktop/workspace/Project_HW/hw/DCC_wrapper.xsa
TRACE::2023-05-10.13:11:47::SCWPlatform::DSA given C:/Users/marcs/OneDrive/Bureau/Desktop/workspace/Project_HW/hw/DCC_wrapper.xsa
TRACE::2023-05-10.13:11:47::SCWPlatform::DSA absoulate path C:/Users/marcs/OneDrive/Bureau/Desktop/workspace/Project_HW/hw/DCC_wrapper.xsa
TRACE::2023-05-10.13:11:47::SCWPlatform::DSA directory C:/Users/marcs/OneDrive/Bureau/Desktop/workspace/Project_HW/hw
TRACE::2023-05-10.13:11:47::SCWPlatform:: Platform Path C:/Users/marcs/OneDrive/Bureau/Desktop/workspace/Project_HW/hw/DCC_wrapper.xsa
TRACE::2023-05-10.13:11:47::SCWPlatform:: Unique name xilinx:basys3::0.0
TRACE::2023-05-10.13:11:47::SCWPlatform::Do not have an existing db opened. 
TRACE::2023-05-10.13:11:48::SCWPlatform::Opened new HwDB with name DCC_wrapper_6
TRACE::2023-05-10.13:11:48::SCWReader::Active system found as  Project_HW
TRACE::2023-05-10.13:11:48::SCWReader::Handling sysconfig Project_HW
TRACE::2023-05-10.13:11:48::SCWDomain::checking for install qemu data   : 
TRACE::2023-05-10.13:11:48::SCWPlatform::Trying to open the hw design at C:/Users/marcs/OneDrive/Bureau/Desktop/workspace/Project_HW/hw/DCC_wrapper.xsa
TRACE::2023-05-10.13:11:48::SCWPlatform::DSA given C:/Users/marcs/OneDrive/Bureau/Desktop/workspace/Project_HW/hw/DCC_wrapper.xsa
TRACE::2023-05-10.13:11:48::SCWPlatform::DSA absoulate path C:/Users/marcs/OneDrive/Bureau/Desktop/workspace/Project_HW/hw/DCC_wrapper.xsa
TRACE::2023-05-10.13:11:48::SCWPlatform::DSA directory C:/Users/marcs/OneDrive/Bureau/Desktop/workspace/Project_HW/hw
TRACE::2023-05-10.13:11:48::SCWPlatform:: Platform Path C:/Users/marcs/OneDrive/Bureau/Desktop/workspace/Project_HW/hw/DCC_wrapper.xsa
TRACE::2023-05-10.13:11:48::SCWPlatform:: Unique name xilinx:basys3::0.0
TRACE::2023-05-10.13:11:48::SCWPlatform::Trying to set the existing hwdb with name DCC_wrapper_6
TRACE::2023-05-10.13:11:48::SCWPlatform::Opened existing hwdb DCC_wrapper_6
TRACE::2023-05-10.13:11:48::SCWPlatform::Found the Hw Db part of the input DSA
TRACE::2023-05-10.13:11:48::SCWPlatform::Trying to open the hw design at C:/Users/marcs/OneDrive/Bureau/Desktop/workspace/Project_HW/hw/DCC_wrapper.xsa
TRACE::2023-05-10.13:11:48::SCWPlatform::DSA given C:/Users/marcs/OneDrive/Bureau/Desktop/workspace/Project_HW/hw/DCC_wrapper.xsa
TRACE::2023-05-10.13:11:48::SCWPlatform::DSA absoulate path C:/Users/marcs/OneDrive/Bureau/Desktop/workspace/Project_HW/hw/DCC_wrapper.xsa
TRACE::2023-05-10.13:11:48::SCWPlatform::DSA directory C:/Users/marcs/OneDrive/Bureau/Desktop/workspace/Project_HW/hw
TRACE::2023-05-10.13:11:48::SCWPlatform:: Platform Path C:/Users/marcs/OneDrive/Bureau/Desktop/workspace/Project_HW/hw/DCC_wrapper.xsa
TRACE::2023-05-10.13:11:48::SCWPlatform:: Unique name xilinx:basys3::0.0
TRACE::2023-05-10.13:11:48::SCWPlatform::Trying to set the existing hwdb with name DCC_wrapper_6
TRACE::2023-05-10.13:11:48::SCWPlatform::Opened existing hwdb DCC_wrapper_6
TRACE::2023-05-10.13:11:48::SCWPlatform::Found the Hw Db part of the input DSA
TRACE::2023-05-10.13:11:48::SCWPlatform::Trying to open the hw design at C:/Users/marcs/OneDrive/Bureau/Desktop/workspace/Project_HW/hw/DCC_wrapper.xsa
TRACE::2023-05-10.13:11:48::SCWPlatform::DSA given C:/Users/marcs/OneDrive/Bureau/Desktop/workspace/Project_HW/hw/DCC_wrapper.xsa
TRACE::2023-05-10.13:11:48::SCWPlatform::DSA absoulate path C:/Users/marcs/OneDrive/Bureau/Desktop/workspace/Project_HW/hw/DCC_wrapper.xsa
TRACE::2023-05-10.13:11:48::SCWPlatform::DSA directory C:/Users/marcs/OneDrive/Bureau/Desktop/workspace/Project_HW/hw
TRACE::2023-05-10.13:11:48::SCWPlatform:: Platform Path C:/Users/marcs/OneDrive/Bureau/Desktop/workspace/Project_HW/hw/DCC_wrapper.xsa
TRACE::2023-05-10.13:11:48::SCWPlatform:: Unique name xilinx:basys3::0.0
TRACE::2023-05-10.13:11:48::SCWPlatform::Trying to set the existing hwdb with name DCC_wrapper_6
TRACE::2023-05-10.13:11:48::SCWPlatform::Opened existing hwdb DCC_wrapper_6
TRACE::2023-05-10.13:11:48::SCWPlatform::Found the Hw Db part of the input DSA
TRACE::2023-05-10.13:11:48::SCWPlatform::Trying to open the hw design at C:/Users/marcs/OneDrive/Bureau/Desktop/workspace/Project_HW/hw/DCC_wrapper.xsa
TRACE::2023-05-10.13:11:48::SCWPlatform::DSA given C:/Users/marcs/OneDrive/Bureau/Desktop/workspace/Project_HW/hw/DCC_wrapper.xsa
TRACE::2023-05-10.13:11:48::SCWPlatform::DSA absoulate path C:/Users/marcs/OneDrive/Bureau/Desktop/workspace/Project_HW/hw/DCC_wrapper.xsa
TRACE::2023-05-10.13:11:48::SCWPlatform::DSA directory C:/Users/marcs/OneDrive/Bureau/Desktop/workspace/Project_HW/hw
TRACE::2023-05-10.13:11:48::SCWPlatform:: Platform Path C:/Users/marcs/OneDrive/Bureau/Desktop/workspace/Project_HW/hw/DCC_wrapper.xsa
TRACE::2023-05-10.13:11:48::SCWPlatform:: Unique name xilinx:basys3::0.0
TRACE::2023-05-10.13:11:48::SCWPlatform::Trying to set the existing hwdb with name DCC_wrapper_6
TRACE::2023-05-10.13:11:48::SCWPlatform::Opened existing hwdb DCC_wrapper_6
TRACE::2023-05-10.13:11:48::SCWPlatform::Found the Hw Db part of the input DSA
TRACE::2023-05-10.13:11:48::SCWMssOS::Checking the sw design at  C:/Users/marcs/OneDrive/Bureau/Desktop/workspace/Project_HW/microblaze_0/standalone_domain/bsp/system.mss
TRACE::2023-05-10.13:11:48::SCWMssOS::DEBUG:  swdes dump  
TRACE::2023-05-10.13:11:48::SCWMssOS::No sw design opened at  C:/Users/marcs/OneDrive/Bureau/Desktop/workspace/Project_HW/microblaze_0/standalone_domain/bsp/system.mss
TRACE::2023-05-10.13:11:48::SCWMssOS::mss exists loading the mss file  C:/Users/marcs/OneDrive/Bureau/Desktop/workspace/Project_HW/microblaze_0/standalone_domain/bsp/system.mss
TRACE::2023-05-10.13:11:48::SCWMssOS::Opened the sw design from mss  C:/Users/marcs/OneDrive/Bureau/Desktop/workspace/Project_HW/microblaze_0/standalone_domain/bsp/system.mss
TRACE::2023-05-10.13:11:48::SCWMssOS::Adding the swdes entry C:/Users/marcs/OneDrive/Bureau/Desktop/workspace/Project_HW/microblaze_0/standalone_domain/bsp/system.mss with des name system
TRACE::2023-05-10.13:11:48::SCWMssOS::updating the scw layer about changes
TRACE::2023-05-10.13:11:48::SCWMssOS::Opened the sw design.  C:/Users/marcs/OneDrive/Bureau/Desktop/workspace/Project_HW/microblaze_0/standalone_domain/bsp/system.mss
TRACE::2023-05-10.13:11:48::SCWMssOS::Saving the mss changes C:/Users/marcs/OneDrive/Bureau/Desktop/workspace/Project_HW/microblaze_0/standalone_domain/bsp/system.mss
TRACE::2023-05-10.13:11:48::SCWMssOS::Found a swdesign opened with the mssfile.
TRACE::2023-05-10.13:11:48::SCWMssOS::Completed writemss as part of save.
TRACE::2023-05-10.13:11:48::SCWMssOS::Commit changes completed.
TRACE::2023-05-10.13:11:48::SCWReader::Adding prebuilt librarypaths as   
TRACE::2023-05-10.13:11:48::SCWReader::Adding prebuilt incpaths  as   
TRACE::2023-05-10.13:11:48::SCWPlatform::Trying to open the hw design at C:/Users/marcs/OneDrive/Bureau/Desktop/workspace/Project_HW/hw/DCC_wrapper.xsa
TRACE::2023-05-10.13:11:48::SCWPlatform::DSA given C:/Users/marcs/OneDrive/Bureau/Desktop/workspace/Project_HW/hw/DCC_wrapper.xsa
TRACE::2023-05-10.13:11:48::SCWPlatform::DSA absoulate path C:/Users/marcs/OneDrive/Bureau/Desktop/workspace/Project_HW/hw/DCC_wrapper.xsa
TRACE::2023-05-10.13:11:48::SCWPlatform::DSA directory C:/Users/marcs/OneDrive/Bureau/Desktop/workspace/Project_HW/hw
TRACE::2023-05-10.13:11:48::SCWPlatform:: Platform Path C:/Users/marcs/OneDrive/Bureau/Desktop/workspace/Project_HW/hw/DCC_wrapper.xsa
TRACE::2023-05-10.13:11:48::SCWPlatform:: Unique name xilinx:basys3::0.0
TRACE::2023-05-10.13:11:48::SCWPlatform::Trying to set the existing hwdb with name DCC_wrapper_6
TRACE::2023-05-10.13:11:48::SCWPlatform::Opened existing hwdb DCC_wrapper_6
TRACE::2023-05-10.13:11:48::SCWPlatform::Found the Hw Db part of the input DSA
TRACE::2023-05-10.13:11:48::SCWMssOS::Checking the sw design at  C:/Users/marcs/OneDrive/Bureau/Desktop/workspace/Project_HW/microblaze_0/standalone_domain/bsp/system.mss
TRACE::2023-05-10.13:11:48::SCWMssOS::DEBUG:  swdes dump  C:/Users/marcs/OneDrive/Bureau/Desktop/workspace/Project_HW/microblaze_0/standalone_domain/bsp/system.mss|system||

TRACE::2023-05-10.13:11:48::SCWMssOS::Sw design exists and opened at  C:/Users/marcs/OneDrive/Bureau/Desktop/workspace/Project_HW/microblaze_0/standalone_domain/bsp/system.mss
TRACE::2023-05-10.13:11:48::SCWReader::No isolation master present  
LOG::2023-05-10.13:13:57::SCWPlatform::Started generating the artifacts platform Project_HW
TRACE::2023-05-10.13:13:57::SCWPlatform::Sanity checking of platform is completed
LOG::2023-05-10.13:13:57::SCWPlatform::Started generating the artifacts for system configuration Project_HW
LOG::2023-05-10.13:13:57::SCWSystem::Checking the domain standalone_domain
LOG::2023-05-10.13:13:57::SCWSystem::Not a boot domain 
LOG::2023-05-10.13:13:57::SCWSystem::Started Processing the domain standalone_domain
TRACE::2023-05-10.13:13:57::SCWDomain::Generating domain artifcats
TRACE::2023-05-10.13:13:57::SCWMssOS::Generating standalone artifcats
TRACE::2023-05-10.13:13:57::SCWMssOS:: Copying the user libraries. 
TRACE::2023-05-10.13:13:57::SCWPlatform::Trying to open the hw design at C:/Users/marcs/OneDrive/Bureau/Desktop/workspace/Project_HW/hw/DCC_wrapper.xsa
TRACE::2023-05-10.13:13:57::SCWPlatform::DSA given C:/Users/marcs/OneDrive/Bureau/Desktop/workspace/Project_HW/hw/DCC_wrapper.xsa
TRACE::2023-05-10.13:13:57::SCWPlatform::DSA absoulate path C:/Users/marcs/OneDrive/Bureau/Desktop/workspace/Project_HW/hw/DCC_wrapper.xsa
TRACE::2023-05-10.13:13:57::SCWPlatform::DSA directory C:/Users/marcs/OneDrive/Bureau/Desktop/workspace/Project_HW/hw
TRACE::2023-05-10.13:13:57::SCWPlatform:: Platform Path C:/Users/marcs/OneDrive/Bureau/Desktop/workspace/Project_HW/hw/DCC_wrapper.xsa
TRACE::2023-05-10.13:13:57::SCWPlatform:: Unique name xilinx:basys3::0.0
TRACE::2023-05-10.13:13:57::SCWPlatform::Trying to set the existing hwdb with name DCC_wrapper_6
TRACE::2023-05-10.13:13:57::SCWPlatform::Opened existing hwdb DCC_wrapper_6
TRACE::2023-05-10.13:13:57::SCWPlatform::Found the Hw Db part of the input DSA
TRACE::2023-05-10.13:13:57::SCWMssOS::Checking the sw design at  C:/Users/marcs/OneDrive/Bureau/Desktop/workspace/Project_HW/microblaze_0/standalone_domain/bsp/system.mss
TRACE::2023-05-10.13:13:57::SCWMssOS::DEBUG:  swdes dump  C:/Users/marcs/OneDrive/Bureau/Desktop/workspace/Project_HW/microblaze_0/standalone_domain/bsp/system.mss|system||

TRACE::2023-05-10.13:13:57::SCWMssOS::Sw design exists and opened at  C:/Users/marcs/OneDrive/Bureau/Desktop/workspace/Project_HW/microblaze_0/standalone_domain/bsp/system.mss
TRACE::2023-05-10.13:13:57::SCWMssOS::Completed writing the mss file at C:/Users/marcs/OneDrive/Bureau/Desktop/workspace/Project_HW/microblaze_0/standalone_domain/bsp
TRACE::2023-05-10.13:13:57::SCWMssOS::Mss edits present, copying mssfile into export location C:/Users/marcs/OneDrive/Bureau/Desktop/workspace/Project_HW/microblaze_0/standalone_domain/bsp/system.mss
TRACE::2023-05-10.13:13:57::SCWMssOS::bsp generated is upto date with the mss file. Skipping bsp generation.
TRACE::2023-05-10.13:13:57::SCWMssOS::BSP is already built. skipping the bsp build ... 
TRACE::2023-05-10.13:13:57::SCWDomain::Building the domain as part of full build :  standalone_domain
TRACE::2023-05-10.13:13:57::SCWMssOS::doing bsp build ... 
TRACE::2023-05-10.13:13:57::SCWMssOS::System Command Ran  C: & cd  C:/Users/marcs/OneDrive/Bureau/Desktop/workspace/Project_HW/microblaze_0/standalone_domain/bsp & make 
TRACE::2023-05-10.13:13:57::SCWMssOS::make --no-print-directory seq_libs

TRACE::2023-05-10.13:13:57::SCWMssOS::"Running Make include in microblaze_0/libsrc/bram_v4_5/src"

TRACE::2023-05-10.13:13:57::SCWMssOS::make -C microblaze_0/libsrc/bram_v4_5/src -s include  "SHELL=CMD" "COMPILER=mb-gcc" "ASSEMBLER=mb-as" "ARCHIVER=mb-ar" "COMPILE
TRACE::2023-05-10.13:13:57::SCWMssOS::R_FLAGS=  -O2 -c -mcpu=v11.0 -mlittle-endian -mxl-soft-mul" "EXTRA_COMPILER_FLAGS=-g -ffunction-sections -fdata-sections -Wall 
TRACE::2023-05-10.13:13:57::SCWMssOS::-Wextra"

TRACE::2023-05-10.13:13:58::SCWMssOS::"Running Make include in microblaze_0/libsrc/cpu_v2_12/src"

TRACE::2023-05-10.13:13:58::SCWMssOS::make -C microblaze_0/libsrc/cpu_v2_12/src -s include  "SHELL=CMD" "COMPILER=mb-gcc" "ASSEMBLER=mb-as" "ARCHIVER=mb-ar" "COMPILE
TRACE::2023-05-10.13:13:58::SCWMssOS::R_FLAGS=  -O2 -c -mcpu=v11.0 -mlittle-endian -mxl-soft-mul" "EXTRA_COMPILER_FLAGS=-g -ffunction-sections -fdata-sections -Wall 
TRACE::2023-05-10.13:13:58::SCWMssOS::-Wextra"

TRACE::2023-05-10.13:13:58::SCWMssOS::"Running Make include in microblaze_0/libsrc/DCC_v1_0/src"

TRACE::2023-05-10.13:13:58::SCWMssOS::make -C microblaze_0/libsrc/DCC_v1_0/src -s include  "SHELL=CMD" "COMPILER=mb-gcc" "ASSEMBLER=mb-as" "ARCHIVER=mb-ar" "COMPILER
TRACE::2023-05-10.13:13:58::SCWMssOS::_FLAGS=  -O2 -c -mcpu=v11.0 -mlittle-endian -mxl-soft-mul" "EXTRA_COMPILER_FLAGS=-g -ffunction-sections -fdata-sections -Wall -
TRACE::2023-05-10.13:13:58::SCWMssOS::Wextra"

TRACE::2023-05-10.13:13:58::SCWMssOS::"Running Make include in microblaze_0/libsrc/gpio_v4_7/src"

TRACE::2023-05-10.13:13:58::SCWMssOS::make -C microblaze_0/libsrc/gpio_v4_7/src -s include  "SHELL=CMD" "COMPILER=mb-gcc" "ASSEMBLER=mb-as" "ARCHIVER=mb-ar" "COMPILE
TRACE::2023-05-10.13:13:58::SCWMssOS::R_FLAGS=  -O2 -c -mcpu=v11.0 -mlittle-endian -mxl-soft-mul" "EXTRA_COMPILER_FLAGS=-g -ffunction-sections -fdata-sections -Wall 
TRACE::2023-05-10.13:13:58::SCWMssOS::-Wextra"

TRACE::2023-05-10.13:13:58::SCWMssOS::"Running Make include in microblaze_0/libsrc/intc_v3_12/src"

TRACE::2023-05-10.13:13:58::SCWMssOS::make -C microblaze_0/libsrc/intc_v3_12/src -s include  "SHELL=CMD" "COMPILER=mb-gcc" "ASSEMBLER=mb-as" "ARCHIVER=mb-ar" "COMPIL
TRACE::2023-05-10.13:13:58::SCWMssOS::ER_FLAGS=  -O2 -c -mcpu=v11.0 -mlittle-endian -mxl-soft-mul" "EXTRA_COMPILER_FLAGS=-g -ffunction-sections -fdata-sections -Wall
TRACE::2023-05-10.13:13:58::SCWMssOS:: -Wextra"

TRACE::2023-05-10.13:13:58::SCWMssOS::"Running Make include in microblaze_0/libsrc/SS_v1_0/src"

TRACE::2023-05-10.13:13:58::SCWMssOS::make -C microblaze_0/libsrc/SS_v1_0/src -s include  "SHELL=CMD" "COMPILER=mb-gcc" "ASSEMBLER=mb-as" "ARCHIVER=mb-ar" "COMPILER_
TRACE::2023-05-10.13:13:58::SCWMssOS::FLAGS=  -O2 -c -mcpu=v11.0 -mlittle-endian -mxl-soft-mul" "EXTRA_COMPILER_FLAGS=-g -ffunction-sections -fdata-sections -Wall -W
TRACE::2023-05-10.13:13:58::SCWMssOS::extra"

TRACE::2023-05-10.13:13:58::SCWMssOS::"Running Make include in microblaze_0/libsrc/standalone_v7_3/src"

TRACE::2023-05-10.13:13:58::SCWMssOS::make -C microblaze_0/libsrc/standalone_v7_3/src -s include  "SHELL=CMD" "COMPILER=mb-gcc" "ASSEMBLER=mb-as" "ARCHIVER=mb-ar" "C
TRACE::2023-05-10.13:13:58::SCWMssOS::OMPILER_FLAGS=  -O2 -c -mcpu=v11.0 -mlittle-endian -mxl-soft-mul" "EXTRA_COMPILER_FLAGS=-g -ffunction-sections -fdata-sections 
TRACE::2023-05-10.13:13:58::SCWMssOS::-Wall -Wextra"

TRACE::2023-05-10.13:13:59::SCWMssOS::"Running Make libs in microblaze_0/libsrc/DCC_v1_0/src"

TRACE::2023-05-10.13:13:59::SCWMssOS::make -C microblaze_0/libsrc/DCC_v1_0/src -s libs  "SHELL=CMD" "COMPILER=mb-gcc" "ASSEMBLER=mb-as" "ARCHIVER=mb-ar" "COMPILER_FL
TRACE::2023-05-10.13:13:59::SCWMssOS::AGS=  -O2 -c -mcpu=v11.0 -mlittle-endian -mxl-soft-mul" "EXTRA_COMPILER_FLAGS=-g -ffunction-sections -fdata-sections -Wall -Wex
TRACE::2023-05-10.13:13:59::SCWMssOS::tra"

TRACE::2023-05-10.13:13:59::SCWMssOS::"Compiling DCC..."

TRACE::2023-05-10.13:13:59::SCWMssOS::"Running Make libs in microblaze_0/libsrc/SS_v1_0/src"

TRACE::2023-05-10.13:13:59::SCWMssOS::make -C microblaze_0/libsrc/SS_v1_0/src -s libs  "SHELL=CMD" "COMPILER=mb-gcc" "ASSEMBLER=mb-as" "ARCHIVER=mb-ar" "COMPILER_FLA
TRACE::2023-05-10.13:13:59::SCWMssOS::GS=  -O2 -c -mcpu=v11.0 -mlittle-endian -mxl-soft-mul" "EXTRA_COMPILER_FLAGS=-g -ffunction-sections -fdata-sections -Wall -Wext
TRACE::2023-05-10.13:13:59::SCWMssOS::ra"

TRACE::2023-05-10.13:13:59::SCWMssOS::"Compiling SS..."

TRACE::2023-05-10.13:13:59::SCWMssOS::'Finished building libraries sequentially.'

TRACE::2023-05-10.13:13:59::SCWMssOS::make -j --no-print-directory par_libs

TRACE::2023-05-10.13:13:59::SCWMssOS::"Running Make include in microblaze_0/libsrc/bram_v4_5/src"

TRACE::2023-05-10.13:13:59::SCWMssOS::make -C microblaze_0/libsrc/bram_v4_5/src -s include  "SHELL=CMD" "COMPILER=mb-gcc" "ASSEMBLER=mb-as" "ARCHIVER=mb-ar" "COMPILE
TRACE::2023-05-10.13:13:59::SCWMssOS::R_FLAGS=  -O2 -c -mcpu=v11.0 -mlittle-endian -mxl-soft-mul" "EXTRA_COMPILER_FLAGS=-g -ffunction-sections -fdata-sections -Wall 
TRACE::2023-05-10.13:13:59::SCWMssOS::-Wextra"

TRACE::2023-05-10.13:13:59::SCWMssOS::"Running Make include in microblaze_0/libsrc/cpu_v2_12/src"

TRACE::2023-05-10.13:13:59::SCWMssOS::make -C microblaze_0/libsrc/cpu_v2_12/src -s include  "SHELL=CMD" "COMPILER=mb-gcc" "ASSEMBLER=mb-as" "ARCHIVER=mb-ar" "COMPILE
TRACE::2023-05-10.13:13:59::SCWMssOS::R_FLAGS=  -O2 -c -mcpu=v11.0 -mlittle-endian -mxl-soft-mul" "EXTRA_COMPILER_FLAGS=-g -ffunction-sections -fdata-sections -Wall 
TRACE::2023-05-10.13:13:59::SCWMssOS::-Wextra"

TRACE::2023-05-10.13:13:59::SCWMssOS::"Running Make include in microblaze_0/libsrc/DCC_v1_0/src"

TRACE::2023-05-10.13:13:59::SCWMssOS::make -C microblaze_0/libsrc/DCC_v1_0/src -s include  "SHELL=CMD" "COMPILER=mb-gcc" "ASSEMBLER=mb-as" "ARCHIVER=mb-ar" "COMPILER
TRACE::2023-05-10.13:13:59::SCWMssOS::_FLAGS=  -O2 -c -mcpu=v11.0 -mlittle-endian -mxl-soft-mul" "EXTRA_COMPILER_FLAGS=-g -ffunction-sections -fdata-sections -Wall -
TRACE::2023-05-10.13:13:59::SCWMssOS::Wextra"

TRACE::2023-05-10.13:14:00::SCWMssOS::"Running Make include in microblaze_0/libsrc/gpio_v4_7/src"

TRACE::2023-05-10.13:14:00::SCWMssOS::make -C microblaze_0/libsrc/gpio_v4_7/src -s include  "SHELL=CMD" "COMPILER=mb-gcc" "ASSEMBLER=mb-as" "ARCHIVER=mb-ar" "COMPILE
TRACE::2023-05-10.13:14:00::SCWMssOS::R_FLAGS=  -O2 -c -mcpu=v11.0 -mlittle-endian -mxl-soft-mul" "EXTRA_COMPILER_FLAGS=-g -ffunction-sections -fdata-sections -Wall 
TRACE::2023-05-10.13:14:00::SCWMssOS::-Wextra"

TRACE::2023-05-10.13:14:00::SCWMssOS::"Running Make include in microblaze_0/libsrc/intc_v3_12/src"

TRACE::2023-05-10.13:14:00::SCWMssOS::"Running Make include in microblaze_0/libsrc/SS_v1_0/src"

TRACE::2023-05-10.13:14:00::SCWMssOS::make -C microblaze_0/libsrc/intc_v3_12/src -s include  "SHELL=CMD" "COMPILER=mb-gcc" "ASSEMBLER=mb-as" "ARCHIVER=mb-ar" "COMPIL
TRACE::2023-05-10.13:14:00::SCWMssOS::ER_FLAGS=  -O2 -c -mcpu=v11.0 -mlittle-endian -mxl-soft-mul" "EXTRA_COMPILER_FLAGS=-g -ffunction-sections -fdata-sections -Wall
TRACE::2023-05-10.13:14:00::SCWMssOS:: -Wextra"

TRACE::2023-05-10.13:14:00::SCWMssOS::make -C microblaze_0/libsrc/SS_v1_0/src -s include  "SHELL=CMD" "COMPILER=mb-gcc" "ASSEMBLER=mb-as" "ARCHIVER=mb-ar" "COMPILER_
TRACE::2023-05-10.13:14:00::SCWMssOS::FLAGS=  -O2 -c -mcpu=v11.0 -mlittle-endian -mxl-soft-mul" "EXTRA_COMPILER_FLAGS=-g -ffunction-sections -fdata-sections -Wall -W
TRACE::2023-05-10.13:14:00::SCWMssOS::extra"

TRACE::2023-05-10.13:14:00::SCWMssOS::"Running Make include in microblaze_0/libsrc/standalone_v7_3/src"

TRACE::2023-05-10.13:14:00::SCWMssOS::make -C microblaze_0/libsrc/standalone_v7_3/src -s include  "SHELL=CMD" "COMPILER=mb-gcc" "ASSEMBLER=mb-as" "ARCHIVER=mb-ar" "C
TRACE::2023-05-10.13:14:00::SCWMssOS::OMPILER_FLAGS=  -O2 -c -mcpu=v11.0 -mlittle-endian -mxl-soft-mul" "EXTRA_COMPILER_FLAGS=-g -ffunction-sections -fdata-sections 
TRACE::2023-05-10.13:14:00::SCWMssOS::-Wall -Wextra"

TRACE::2023-05-10.13:14:00::SCWMssOS::"Running Make libs in microblaze_0/libsrc/bram_v4_5/src"

TRACE::2023-05-10.13:14:00::SCWMssOS::make -C microblaze_0/libsrc/bram_v4_5/src -s libs  "SHELL=CMD" "COMPILER=mb-gcc" "ASSEMBLER=mb-as" "ARCHIVER=mb-ar" "COMPILER_F
TRACE::2023-05-10.13:14:00::SCWMssOS::LAGS=  -O2 -c -mcpu=v11.0 -mlittle-endian -mxl-soft-mul" "EXTRA_COMPILER_FLAGS=-g -ffunction-sections -fdata-sections -Wall -We
TRACE::2023-05-10.13:14:00::SCWMssOS::xtra"

TRACE::2023-05-10.13:14:00::SCWMssOS::"Running Make libs in microblaze_0/libsrc/cpu_v2_12/src"

TRACE::2023-05-10.13:14:00::SCWMssOS::make -C microblaze_0/libsrc/cpu_v2_12/src -s libs  "SHELL=CMD" "COMPILER=mb-gcc" "ASSEMBLER=mb-as" "ARCHIVER=mb-ar" "COMPILER_F
TRACE::2023-05-10.13:14:00::SCWMssOS::LAGS=  -O2 -c -mcpu=v11.0 -mlittle-endian -mxl-soft-mul" "EXTRA_COMPILER_FLAGS=-g -ffunction-sections -fdata-sections -Wall -We
TRACE::2023-05-10.13:14:00::SCWMssOS::xtra"

TRACE::2023-05-10.13:14:00::SCWMssOS::"Running Make libs in microblaze_0/libsrc/gpio_v4_7/src"

TRACE::2023-05-10.13:14:00::SCWMssOS::make -C microblaze_0/libsrc/gpio_v4_7/src -s libs  "SHELL=CMD" "COMPILER=mb-gcc" "ASSEMBLER=mb-as" "ARCHIVER=mb-ar" "COMPILER_F
TRACE::2023-05-10.13:14:00::SCWMssOS::LAGS=  -O2 -c -mcpu=v11.0 -mlittle-endian -mxl-soft-mul" "EXTRA_COMPILER_FLAGS=-g -ffunction-sections -fdata-sections -Wall -We
TRACE::2023-05-10.13:14:00::SCWMssOS::xtra"

TRACE::2023-05-10.13:14:00::SCWMssOS::"Running Make libs in microblaze_0/libsrc/intc_v3_12/src"

TRACE::2023-05-10.13:14:00::SCWMssOS::make -C microblaze_0/libsrc/intc_v3_12/src -s libs  "SHELL=CMD" "COMPILER=mb-gcc" "ASSEMBLER=mb-as" "ARCHIVER=mb-ar" "COMPILER_
TRACE::2023-05-10.13:14:00::SCWMssOS::FLAGS=  -O2 -c -mcpu=v11.0 -mlittle-endian -mxl-soft-mul" "EXTRA_COMPILER_FLAGS=-g -ffunction-sections -fdata-sections -Wall -W
TRACE::2023-05-10.13:14:00::SCWMssOS::extra"

TRACE::2023-05-10.13:14:00::SCWMssOS::"Running Make libs in microblaze_0/libsrc/standalone_v7_3/src"

TRACE::2023-05-10.13:14:00::SCWMssOS::make -C microblaze_0/libsrc/standalone_v7_3/src -s libs  "SHELL=CMD" "COMPILER=mb-gcc" "ASSEMBLER=mb-as" "ARCHIVER=mb-ar" "COMP
TRACE::2023-05-10.13:14:00::SCWMssOS::ILER_FLAGS=  -O2 -c -mcpu=v11.0 -mlittle-endian -mxl-soft-mul" "EXTRA_COMPILER_FLAGS=-g -ffunction-sections -fdata-sections -Wa
TRACE::2023-05-10.13:14:00::SCWMssOS::ll -Wextra"

TRACE::2023-05-10.13:14:02::SCWMssOS::"DEBUG NON_LTO_OBJECTS is ../../../lib/microblaze_interrupt_handler.o"

TRACE::2023-05-10.13:14:02::SCWMssOS::'Finished building libraries parallelly.'

TRACE::2023-05-10.13:14:02::SCWMssOS::make --no-print-directory archive

TRACE::2023-05-10.13:14:03::SCWMssOS::mb-ar -r  microblaze_0/lib/libxil.a microblaze_0/lib/xplatform_info.o microblaze_0/lib/microblaze_disable_exceptions.o microbla
TRACE::2023-05-10.13:14:03::SCWMssOS::ze_0/lib/print.o microblaze_0/lib/_exit.o microblaze_0/lib/xil_testio.o microblaze_0/lib/microblaze_disable_dcache.o microblaze
TRACE::2023-05-10.13:14:03::SCWMssOS::_0/lib/microblaze_flush_dcache_range.o microblaze_0/lib/microblaze_flush_cache_ext.o microblaze_0/lib/xbram_sinit.o microblaze_
TRACE::2023-05-10.13:14:03::SCWMssOS::0/lib/xil_misc_psreset_api.o microblaze_0/lib/xil_cache.o microblaze_0/lib/xil_util.o microblaze_0/lib/inbyte.o microblaze_0/li
TRACE::2023-05-10.13:14:03::SCWMssOS::b/xintc_intr.o microblaze_0/lib/microblaze_exception_handler.o microblaze_0/lib/xbram_g.o microblaze_0/lib/microblaze_scrub.o m
TRACE::2023-05-10.13:14:03::SCWMssOS::icroblaze_0/lib/microblaze_invalidate_dcache.o microblaze_0/lib/microblaze_disable_interrupts.o microblaze_0/lib/xbram_selftest
TRACE::2023-05-10.13:14:03::SCWMssOS::.o microblaze_0/lib/microblaze_interrupt_handler.o microblaze_0/lib/microblaze_disable_icache.o microblaze_0/lib/xgpio_g.o micr
TRACE::2023-05-10.13:14:03::SCWMssOS::oblaze_0/lib/xil_mem.o microblaze_0/lib/microblaze_flush_cache_ext_range.o microblaze_0/lib/xbram_intr.o microblaze_0/lib/xil_s
TRACE::2023-05-10.13:14:03::SCWMssOS::leepcommon.o microblaze_0/lib/xil_printf.o microblaze_0/lib/xintc_g.o microblaze_0/lib/xintc_selftest.o microblaze_0/lib/xintc_
TRACE::2023-05-10.13:14:03::SCWMssOS::l.o microblaze_0/lib/outbyte.o microblaze_0/lib/microblaze_enable_exceptions.o microblaze_0/lib/xgpio_intr.o microblaze_0/lib/m
TRACE::2023-05-10.13:14:03::SCWMssOS::icroblaze_invalidate_dcache_range.o microblaze_0/lib/microblaze_invalidate_cache_ext.o microblaze_0/lib/microblaze_sleep.o micr
TRACE::2023-05-10.13:14:03::SCWMssOS::oblaze_0/lib/hw_exception_handler.o microblaze_0/lib/xgpio_sinit.o microblaze_0/lib/microblaze_update_dcache.o microblaze_0/lib
TRACE::2023-05-10.13:14:03::SCWMssOS::/xil_testcache.o microblaze_0/lib/microblaze_selftest.o microblaze_0/lib/microblaze_interrupts_g.o microblaze_0/lib/xio.o micro
TRACE::2023-05-10.13:14:03::SCWMssOS::blaze_0/lib/microblaze_enable_dcache.o microblaze_0/lib/xbram.o microblaze_0/lib/microblaze_invalidate_icache_range.o microblaz
TRACE::2023-05-10.13:14:03::SCWMssOS::e_0/lib/microblaze_init_dcache_range.o microblaze_0/lib/microblaze_invalidate_icache.o microblaze_0/lib/errno.o microblaze_0/li
TRACE::2023-05-10.13:14:03::SCWMssOS::b/xintc_options.o microblaze_0/lib/microblaze_invalidate_cache_ext_range.o microblaze_0/lib/xil_exception.o microblaze_0/lib/pv
TRACE::2023-05-10.13:14:03::SCWMssOS::r.o microblaze_0/lib/xgpio.o microblaze_0/lib/xil_testmem.o microblaze_0/lib/microblaze_update_icache.o microblaze_0/lib/microb
TRACE::2023-05-10.13:14:03::SCWMssOS::laze_flush_dcache.o microblaze_0/lib/xil_clocking.o microblaze_0/lib/xil_assert.o microblaze_0/lib/microblaze_enable_interrupts
TRACE::2023-05-10.13:14:03::SCWMssOS::.o microblaze_0/lib/xgpio_extra.o microblaze_0/lib/microblaze_enable_icache.o microblaze_0/lib/xintc.o microblaze_0/lib/microbl
TRACE::2023-05-10.13:14:03::SCWMssOS::aze_init_icache_range.o microblaze_0/lib/fcntl.o microblaze_0/lib/xgpio_selftest.o

TRACE::2023-05-10.13:14:03::SCWMssOS::'Finished building libraries'

TRACE::2023-05-10.13:14:03::SCWMssOS::Copying to export directory.
TRACE::2023-05-10.13:14:03::SCWMssOS:: Checking if to create the Supporting Applications
TRACE::2023-05-10.13:14:03::SCWMssOS:: No Linux domain exists, trying to generate FSBL 
LOG::2023-05-10.13:14:03::SCWSystem::Completed Processing the domain standalone_domain
LOG::2023-05-10.13:14:03::SCWSystem::Completed Processing the sysconfig Project_HW
LOG::2023-05-10.13:14:03::SCWPlatform::Completed generating the artifacts for system configuration Project_HW
TRACE::2023-05-10.13:14:03::SCWPlatform::Started preparing the platform 
TRACE::2023-05-10.13:14:03::SCWSystem::Writing the bif file for system config Project_HW
TRACE::2023-05-10.13:14:03::SCWSystem::dir created 
TRACE::2023-05-10.13:14:03::SCWSystem::Writing the bif 
TRACE::2023-05-10.13:14:03::SCWPlatform::Started writing the spfm file 
TRACE::2023-05-10.13:14:03::SCWPlatform::Started writing the xpfm file 
TRACE::2023-05-10.13:14:03::SCWPlatform::Completed generating the platform
TRACE::2023-05-10.13:14:03::SCWMssOS::Saving the mss changes C:/Users/marcs/OneDrive/Bureau/Desktop/workspace/Project_HW/microblaze_0/standalone_domain/bsp/system.mss
TRACE::2023-05-10.13:14:03::SCWMssOS::Found a swdesign opened with the mssfile.
TRACE::2023-05-10.13:14:03::SCWMssOS::Completed writemss as part of save.
TRACE::2023-05-10.13:14:03::SCWMssOS::Commit changes completed.
TRACE::2023-05-10.13:14:03::SCWPlatform::Trying to open the hw design at C:/Users/marcs/OneDrive/Bureau/Desktop/workspace/Project_HW/hw/DCC_wrapper.xsa
TRACE::2023-05-10.13:14:03::SCWPlatform::DSA given C:/Users/marcs/OneDrive/Bureau/Desktop/workspace/Project_HW/hw/DCC_wrapper.xsa
TRACE::2023-05-10.13:14:03::SCWPlatform::DSA absoulate path C:/Users/marcs/OneDrive/Bureau/Desktop/workspace/Project_HW/hw/DCC_wrapper.xsa
TRACE::2023-05-10.13:14:03::SCWPlatform::DSA directory C:/Users/marcs/OneDrive/Bureau/Desktop/workspace/Project_HW/hw
TRACE::2023-05-10.13:14:03::SCWPlatform:: Platform Path C:/Users/marcs/OneDrive/Bureau/Desktop/workspace/Project_HW/hw/DCC_wrapper.xsa
TRACE::2023-05-10.13:14:03::SCWPlatform:: Unique name xilinx:basys3::0.0
TRACE::2023-05-10.13:14:03::SCWPlatform::Trying to set the existing hwdb with name DCC_wrapper_6
TRACE::2023-05-10.13:14:03::SCWPlatform::Opened existing hwdb DCC_wrapper_6
TRACE::2023-05-10.13:14:03::SCWPlatform::Found the Hw Db part of the input DSA
TRACE::2023-05-10.13:14:03::SCWMssOS::Checking the sw design at  C:/Users/marcs/OneDrive/Bureau/Desktop/workspace/Project_HW/microblaze_0/standalone_domain/bsp/system.mss
TRACE::2023-05-10.13:14:03::SCWMssOS::DEBUG:  swdes dump  C:/Users/marcs/OneDrive/Bureau/Desktop/workspace/Project_HW/microblaze_0/standalone_domain/bsp/system.mss|system||

TRACE::2023-05-10.13:14:03::SCWMssOS::Sw design exists and opened at  C:/Users/marcs/OneDrive/Bureau/Desktop/workspace/Project_HW/microblaze_0/standalone_domain/bsp/system.mss
TRACE::2023-05-10.13:14:03::SCWWriter::formatted JSON is {
	"platformName":	"Project_HW",
	"sprVersion":	"2.0",
	"mode":	"gui",
	"dsaType":	"Fixed",
	"platformDesc":	"Project_HW",
	"platHandOff":	"C:/Users/marcs/OneDrive/Bureau/Desktop/FPGA/Project_FPGA/DCC_wrapper.xsa",
	"platIntHandOff":	"<platformDir>/hw/DCC_wrapper.xsa",
	"deviceType":	"FPGA",
	"platIsPrebuiltAutogen":	"false",
	"platIsNoBootBsp":	"false",
	"hasFsblMakeHasChanges":	"false",
	"hasPmufwMakeHasChanges":	"false",
	"platPreBuiltFlag":	false,
	"platformSamplesDir":	"",
	"platActiveSys":	"Project_HW",
	"systems":	[{
			"systemName":	"Project_HW",
			"systemDesc":	"Project_HW",
			"sysIsBootAutoGen":	"true",
			"systemDispName":	"Project_HW",
			"sysActiveDom":	"standalone_domain",
			"sysDefaultDom":	"standalone_domain",
			"domains":	[{
					"domainName":	"standalone_domain",
					"domainDispName":	"standalone on microblaze_0",
					"domainDesc":	"standalone_domain",
					"processors":	"microblaze_0",
					"os":	"standalone",
					"sdxOs":	"standalone",
					"debugEnable":	"False",
					"domRuntimes":	["cpp"],
					"swRepo":	"",
					"mssOsVer":	"7.3",
					"mssFile":	"",
					"md5Digest":	"26241103e0cae2f2702a59a40d8fba7c",
					"compatibleApp":	"",
					"domType":	"mssDomain",
					"arch":	"32-bit",
					"appSettings":	{
						"appCompilerFlags":	"",
						"appLinkerFlags":	""
					},
					"addedLibs":	[],
					"libOptions":	{
						"libsContainingOptions":	[]
					},
					"prebuiltLibs":	{
						"prebuiltIncPath":	[],
						"prebuiltLibPath":	[]
					},
					"isolation":	{
					}
				}]
		}]
}
KEYINFO::2023-05-10.13:14:03::SCWPlatform::updated the xpfm file.
TRACE::2023-05-10.13:14:03::SCWPlatform::Trying to open the hw design at C:/Users/marcs/OneDrive/Bureau/Desktop/workspace/Project_HW/hw/DCC_wrapper.xsa
TRACE::2023-05-10.13:14:03::SCWPlatform::DSA given C:/Users/marcs/OneDrive/Bureau/Desktop/workspace/Project_HW/hw/DCC_wrapper.xsa
TRACE::2023-05-10.13:14:03::SCWPlatform::DSA absoulate path C:/Users/marcs/OneDrive/Bureau/Desktop/workspace/Project_HW/hw/DCC_wrapper.xsa
TRACE::2023-05-10.13:14:03::SCWPlatform::DSA directory C:/Users/marcs/OneDrive/Bureau/Desktop/workspace/Project_HW/hw
TRACE::2023-05-10.13:14:03::SCWPlatform:: Platform Path C:/Users/marcs/OneDrive/Bureau/Desktop/workspace/Project_HW/hw/DCC_wrapper.xsa
TRACE::2023-05-10.13:14:03::SCWPlatform:: Unique name xilinx:basys3::0.0
TRACE::2023-05-10.13:14:03::SCWPlatform::Trying to set the existing hwdb with name DCC_wrapper_6
TRACE::2023-05-10.13:14:03::SCWPlatform::Opened existing hwdb DCC_wrapper_6
TRACE::2023-05-10.13:14:03::SCWPlatform::Found the Hw Db part of the input DSA
TRACE::2023-05-10.13:14:03::SCWMssOS::Checking the sw design at  C:/Users/marcs/OneDrive/Bureau/Desktop/workspace/Project_HW/microblaze_0/standalone_domain/bsp/system.mss
TRACE::2023-05-10.13:14:03::SCWMssOS::DEBUG:  swdes dump  C:/Users/marcs/OneDrive/Bureau/Desktop/workspace/Project_HW/microblaze_0/standalone_domain/bsp/system.mss|system||

TRACE::2023-05-10.13:14:03::SCWMssOS::Sw design exists and opened at  C:/Users/marcs/OneDrive/Bureau/Desktop/workspace/Project_HW/microblaze_0/standalone_domain/bsp/system.mss
