
*** Running vivado
    with args -log TOP.vds -m64 -product Vivado -mode batch -messageDb vivado.pb -notrace -source TOP.tcl



****** Vivado v2020.2 (64-bit)
  **** SW Build 3064766 on Wed Nov 18 09:12:45 MST 2020
  **** IP Build 3064653 on Wed Nov 18 14:17:31 MST 2020
    ** Copyright 1986-2020 Xilinx, Inc. All Rights Reserved.

source TOP.tcl -notrace
Command: synth_design -top TOP -part xc7a35tcpg236-1
Starting synth_design
Attempting to get a license for feature 'Synthesis' and/or device 'xc7a35t'
INFO: [Common 17-349] Got license for feature 'Synthesis' and/or device 'xc7a35t'
INFO: [Device 21-403] Loading part xc7a35tcpg236-1
INFO: [Synth 8-7079] Multithreading enabled for synth_design using a maximum of 2 processes.
INFO: [Synth 8-7078] Launching helper process for spawning children vivado processes
INFO: [Synth 8-7075] Helper process launched with PID 16916
---------------------------------------------------------------------------------
Starting RTL Elaboration : Time (s): cpu = 00:00:04 ; elapsed = 00:00:08 . Memory (MB): peak = 1004.695 ; gain = 0.000
---------------------------------------------------------------------------------
INFO: [Synth 8-638] synthesizing module 'TOP' [C:/Users/chmis/Desktop/Project_FPGA/Project_FPGA.srcs/sources_1/new/TOP.vhd:42]
INFO: [Synth 8-3491] module 'MAE' declared at 'C:/Users/chmis/Desktop/Project_FPGA/Project_FPGA.srcs/sources_1/new/MAE.vhd:34' bound to instance 'MAE_0' of component 'MAE' [C:/Users/chmis/Desktop/Project_FPGA/Project_FPGA.srcs/sources_1/new/TOP.vhd:138]
INFO: [Synth 8-638] synthesizing module 'MAE' [C:/Users/chmis/Desktop/Project_FPGA/Project_FPGA.srcs/sources_1/new/MAE.vhd:52]
INFO: [Synth 8-3491] module 'MAE_Compteur' declared at 'C:/Users/chmis/Desktop/Project_FPGA/Project_FPGA.srcs/sources_1/new/MAE_Compteur.vhd:34' bound to instance 'Counter_MAE' of component 'MAE_Compteur' [C:/Users/chmis/Desktop/Project_FPGA/Project_FPGA.srcs/sources_1/new/MAE.vhd:75]
INFO: [Synth 8-638] synthesizing module 'MAE_Compteur' [C:/Users/chmis/Desktop/Project_FPGA/Project_FPGA.srcs/sources_1/new/MAE_Compteur.vhd:43]
INFO: [Synth 8-256] done synthesizing module 'MAE_Compteur' (1#1) [C:/Users/chmis/Desktop/Project_FPGA/Project_FPGA.srcs/sources_1/new/MAE_Compteur.vhd:43]
INFO: [Synth 8-256] done synthesizing module 'MAE' (2#1) [C:/Users/chmis/Desktop/Project_FPGA/Project_FPGA.srcs/sources_1/new/MAE.vhd:52]
INFO: [Synth 8-3491] module 'REGISTRE_DCC' declared at 'C:/Users/chmis/Desktop/Project_FPGA/Project_FPGA.srcs/sources_1/new/Registre_DCC.vhd:35' bound to instance 'REGISTRE_DCC_0' of component 'REGISTRE_DCC' [C:/Users/chmis/Desktop/Project_FPGA/Project_FPGA.srcs/sources_1/new/TOP.vhd:155]
INFO: [Synth 8-638] synthesizing module 'REGISTRE_DCC' [C:/Users/chmis/Desktop/Project_FPGA/Project_FPGA.srcs/sources_1/new/Registre_DCC.vhd:44]
WARNING: [Synth 8-614] signal 'Trame_DCC' is read in the process but is not in the sensitivity list [C:/Users/chmis/Desktop/Project_FPGA/Project_FPGA.srcs/sources_1/new/Registre_DCC.vhd:62]
INFO: [Synth 8-256] done synthesizing module 'REGISTRE_DCC' (3#1) [C:/Users/chmis/Desktop/Project_FPGA/Project_FPGA.srcs/sources_1/new/Registre_DCC.vhd:44]
INFO: [Synth 8-3491] module 'COMPTEUR_TEMPO' declared at 'C:/Users/chmis/Desktop/Project_FPGA/Project_FPGA.srcs/sources_1/imports/Project_FPGA/Compteur_Tempo.vhd:33' bound to instance 'COMPTEUR_TEMPO_0' of component 'COMPTEUR_TEMPO' [C:/Users/chmis/Desktop/Project_FPGA/Project_FPGA.srcs/sources_1/new/TOP.vhd:163]
INFO: [Synth 8-638] synthesizing module 'COMPTEUR_TEMPO' [C:/Users/chmis/Desktop/Project_FPGA/Project_FPGA.srcs/sources_1/imports/Project_FPGA/Compteur_Tempo.vhd:42]
INFO: [Synth 8-256] done synthesizing module 'COMPTEUR_TEMPO' (4#1) [C:/Users/chmis/Desktop/Project_FPGA/Project_FPGA.srcs/sources_1/imports/Project_FPGA/Compteur_Tempo.vhd:42]
INFO: [Synth 8-3491] module 'CLK_DIV' declared at 'C:/Users/chmis/Desktop/Project_FPGA/Project_FPGA.srcs/sources_1/imports/Project_FPGA/Diviseur_Horloge.vhd:18' bound to instance 'CLK_DIV_0' of component 'CLK_DIV' [C:/Users/chmis/Desktop/Project_FPGA/Project_FPGA.srcs/sources_1/new/TOP.vhd:171]
INFO: [Synth 8-638] synthesizing module 'CLK_DIV' [C:/Users/chmis/Desktop/Project_FPGA/Project_FPGA.srcs/sources_1/imports/Project_FPGA/Diviseur_Horloge.vhd:25]
INFO: [Synth 8-256] done synthesizing module 'CLK_DIV' (5#1) [C:/Users/chmis/Desktop/Project_FPGA/Project_FPGA.srcs/sources_1/imports/Project_FPGA/Diviseur_Horloge.vhd:25]
INFO: [Synth 8-3491] module 'DCC_FRAME_GENERATOR' declared at 'C:/Users/chmis/Desktop/Project_FPGA/Project_FPGA.srcs/sources_1/imports/Project_FPGA/Generateur_Trames.vhd:17' bound to instance 'DCC_FRAME_GENERATOR_0' of component 'DCC_FRAME_GENERATOR' [C:/Users/chmis/Desktop/Project_FPGA/Project_FPGA.srcs/sources_1/new/TOP.vhd:177]
INFO: [Synth 8-638] synthesizing module 'DCC_FRAME_GENERATOR' [C:/Users/chmis/Desktop/Project_FPGA/Project_FPGA.srcs/sources_1/imports/Project_FPGA/Generateur_Trames.vhd:22]
INFO: [Synth 8-3491] module 'XOR_OPERATION' declared at 'C:/Users/chmis/Desktop/Project_FPGA/Project_FPGA.srcs/sources_1/new/Xor_Operation.vhd:34' bound to instance 'Xor_Operat' of component 'XOR_OPERATION' [C:/Users/chmis/Desktop/Project_FPGA/Project_FPGA.srcs/sources_1/imports/Project_FPGA/Generateur_Trames.vhd:75]
INFO: [Synth 8-638] synthesizing module 'XOR_OPERATION' [C:/Users/chmis/Desktop/Project_FPGA/Project_FPGA.srcs/sources_1/new/Xor_Operation.vhd:41]
INFO: [Synth 8-256] done synthesizing module 'XOR_OPERATION' (6#1) [C:/Users/chmis/Desktop/Project_FPGA/Project_FPGA.srcs/sources_1/new/Xor_Operation.vhd:41]
WARNING: [Synth 8-614] signal 'Command1' is read in the process but is not in the sensitivity list [C:/Users/chmis/Desktop/Project_FPGA/Project_FPGA.srcs/sources_1/imports/Project_FPGA/Generateur_Trames.vhd:86]
WARNING: [Synth 8-614] signal 'Xor_s' is read in the process but is not in the sensitivity list [C:/Users/chmis/Desktop/Project_FPGA/Project_FPGA.srcs/sources_1/imports/Project_FPGA/Generateur_Trames.vhd:86]
WARNING: [Synth 8-614] signal 'Adresse' is read in the process but is not in the sensitivity list [C:/Users/chmis/Desktop/Project_FPGA/Project_FPGA.srcs/sources_1/imports/Project_FPGA/Generateur_Trames.vhd:86]
WARNING: [Synth 8-614] signal 'Command2' is read in the process but is not in the sensitivity list [C:/Users/chmis/Desktop/Project_FPGA/Project_FPGA.srcs/sources_1/imports/Project_FPGA/Generateur_Trames.vhd:86]
INFO: [Synth 8-256] done synthesizing module 'DCC_FRAME_GENERATOR' (7#1) [C:/Users/chmis/Desktop/Project_FPGA/Project_FPGA.srcs/sources_1/imports/Project_FPGA/Generateur_Trames.vhd:22]
INFO: [Synth 8-3491] module 'DCC_Bit0' declared at 'C:/Users/chmis/Desktop/Project_FPGA/Project_FPGA.srcs/sources_1/new/DCC_Bit0.vhd:34' bound to instance 'DCC_Bit0_0' of component 'DCC_Bit0' [C:/Users/chmis/Desktop/Project_FPGA/Project_FPGA.srcs/sources_1/new/TOP.vhd:182]
INFO: [Synth 8-638] synthesizing module 'DCC_Bit0' [C:/Users/chmis/Desktop/Project_FPGA/Project_FPGA.srcs/sources_1/new/DCC_Bit0.vhd:44]
INFO: [Synth 8-3491] module 'DCC_Compteur' declared at 'C:/Users/chmis/Desktop/Project_FPGA/Project_FPGA.srcs/sources_1/new/DCC_Compteur.vhd:34' bound to instance 'Counter_Low' of component 'DCC_Compteur' [C:/Users/chmis/Desktop/Project_FPGA/Project_FPGA.srcs/sources_1/new/DCC_Bit0.vhd:85]
INFO: [Synth 8-638] synthesizing module 'DCC_Compteur' [C:/Users/chmis/Desktop/Project_FPGA/Project_FPGA.srcs/sources_1/new/DCC_Compteur.vhd:43]
INFO: [Synth 8-256] done synthesizing module 'DCC_Compteur' (8#1) [C:/Users/chmis/Desktop/Project_FPGA/Project_FPGA.srcs/sources_1/new/DCC_Compteur.vhd:43]
INFO: [Synth 8-3491] module 'DCC_Compteur' declared at 'C:/Users/chmis/Desktop/Project_FPGA/Project_FPGA.srcs/sources_1/new/DCC_Compteur.vhd:34' bound to instance 'Counter_High' of component 'DCC_Compteur' [C:/Users/chmis/Desktop/Project_FPGA/Project_FPGA.srcs/sources_1/new/DCC_Bit0.vhd:93]
INFO: [Synth 8-3491] module 'DDC_MAE' declared at 'C:/Users/chmis/Desktop/Project_FPGA/Project_FPGA.srcs/sources_1/new/DDC_MAE.vhd:34' bound to instance 'MAE' of component 'DDC_MAE' [C:/Users/chmis/Desktop/Project_FPGA/Project_FPGA.srcs/sources_1/new/DCC_Bit0.vhd:101]
INFO: [Synth 8-638] synthesizing module 'DDC_MAE' [C:/Users/chmis/Desktop/Project_FPGA/Project_FPGA.srcs/sources_1/new/DDC_MAE.vhd:49]
INFO: [Synth 8-256] done synthesizing module 'DDC_MAE' (9#1) [C:/Users/chmis/Desktop/Project_FPGA/Project_FPGA.srcs/sources_1/new/DDC_MAE.vhd:49]
INFO: [Synth 8-256] done synthesizing module 'DCC_Bit0' (10#1) [C:/Users/chmis/Desktop/Project_FPGA/Project_FPGA.srcs/sources_1/new/DCC_Bit0.vhd:44]
INFO: [Synth 8-3491] module 'DCC_Bit1' declared at 'C:/Users/chmis/Desktop/Project_FPGA/Project_FPGA.srcs/sources_1/new/DCC_Bit1.vhd:34' bound to instance 'DCC_Bit1_0' of component 'DCC_Bit1' [C:/Users/chmis/Desktop/Project_FPGA/Project_FPGA.srcs/sources_1/new/TOP.vhd:191]
INFO: [Synth 8-638] synthesizing module 'DCC_Bit1' [C:/Users/chmis/Desktop/Project_FPGA/Project_FPGA.srcs/sources_1/new/DCC_Bit1.vhd:44]
INFO: [Synth 8-3491] module 'DCC_Compteur' declared at 'C:/Users/chmis/Desktop/Project_FPGA/Project_FPGA.srcs/sources_1/new/DCC_Compteur.vhd:34' bound to instance 'Counter_Low' of component 'DCC_Compteur' [C:/Users/chmis/Desktop/Project_FPGA/Project_FPGA.srcs/sources_1/new/DCC_Bit1.vhd:84]
INFO: [Synth 8-3491] module 'DCC_Compteur' declared at 'C:/Users/chmis/Desktop/Project_FPGA/Project_FPGA.srcs/sources_1/new/DCC_Compteur.vhd:34' bound to instance 'Counter_High' of component 'DCC_Compteur' [C:/Users/chmis/Desktop/Project_FPGA/Project_FPGA.srcs/sources_1/new/DCC_Bit1.vhd:92]
INFO: [Synth 8-3491] module 'DDC_MAE' declared at 'C:/Users/chmis/Desktop/Project_FPGA/Project_FPGA.srcs/sources_1/new/DDC_MAE.vhd:34' bound to instance 'MAE' of component 'DDC_MAE' [C:/Users/chmis/Desktop/Project_FPGA/Project_FPGA.srcs/sources_1/new/DCC_Bit1.vhd:100]
INFO: [Synth 8-256] done synthesizing module 'DCC_Bit1' (11#1) [C:/Users/chmis/Desktop/Project_FPGA/Project_FPGA.srcs/sources_1/new/DCC_Bit1.vhd:44]
INFO: [Synth 8-256] done synthesizing module 'TOP' (12#1) [C:/Users/chmis/Desktop/Project_FPGA/Project_FPGA.srcs/sources_1/new/TOP.vhd:42]
---------------------------------------------------------------------------------
Finished RTL Elaboration : Time (s): cpu = 00:00:05 ; elapsed = 00:00:09 . Memory (MB): peak = 1004.695 ; gain = 0.000
---------------------------------------------------------------------------------
---------------------------------------------------------------------------------
Start Handling Custom Attributes
---------------------------------------------------------------------------------
---------------------------------------------------------------------------------
Finished Handling Custom Attributes : Time (s): cpu = 00:00:05 ; elapsed = 00:00:09 . Memory (MB): peak = 1004.695 ; gain = 0.000
---------------------------------------------------------------------------------
---------------------------------------------------------------------------------
Finished RTL Optimization Phase 1 : Time (s): cpu = 00:00:05 ; elapsed = 00:00:09 . Memory (MB): peak = 1004.695 ; gain = 0.000
---------------------------------------------------------------------------------
Netlist sorting complete. Time (s): cpu = 00:00:00 ; elapsed = 00:00:00.007 . Memory (MB): peak = 1004.695 ; gain = 0.000
INFO: [Project 1-570] Preparing netlist for logic optimization

Processing XDC Constraints
Initializing timing engine
Parsing XDC File [C:/Users/chmis/Desktop/Project_FPGA/Project_FPGA.srcs/constrs_1/imports/Project_FPGA/Nexys4DDR_Master.xdc]
Finished Parsing XDC File [C:/Users/chmis/Desktop/Project_FPGA/Project_FPGA.srcs/constrs_1/imports/Project_FPGA/Nexys4DDR_Master.xdc]
INFO: [Project 1-236] Implementation specific constraints were found while reading constraint file [C:/Users/chmis/Desktop/Project_FPGA/Project_FPGA.srcs/constrs_1/imports/Project_FPGA/Nexys4DDR_Master.xdc]. These constraints will be ignored for synthesis but will be used in implementation. Impacted constraints are listed in the file [.Xil/TOP_propImpl.xdc].
Resolution: To avoid this warning, move constraints listed in [.Xil/TOP_propImpl.xdc] to another XDC file and exclude this new file from synthesis with the used_in_synthesis property (File Properties dialog in GUI) and re-run elaboration/synthesis.
Completed Processing XDC Constraints

Netlist sorting complete. Time (s): cpu = 00:00:00 ; elapsed = 00:00:00 . Memory (MB): peak = 1056.824 ; gain = 0.000
INFO: [Project 1-111] Unisim Transformation Summary:
No Unisim elements were transformed.

Constraint Validation Runtime : Time (s): cpu = 00:00:00 ; elapsed = 00:00:00.006 . Memory (MB): peak = 1056.824 ; gain = 0.000
---------------------------------------------------------------------------------
Finished Constraint Validation : Time (s): cpu = 00:00:11 ; elapsed = 00:00:15 . Memory (MB): peak = 1056.824 ; gain = 52.129
---------------------------------------------------------------------------------
---------------------------------------------------------------------------------
Start Loading Part and Timing Information
---------------------------------------------------------------------------------
Loading part: xc7a35tcpg236-1
---------------------------------------------------------------------------------
Finished Loading Part and Timing Information : Time (s): cpu = 00:00:11 ; elapsed = 00:00:15 . Memory (MB): peak = 1056.824 ; gain = 52.129
---------------------------------------------------------------------------------
---------------------------------------------------------------------------------
Start Applying 'set_property' XDC Constraints
---------------------------------------------------------------------------------
---------------------------------------------------------------------------------
Finished applying 'set_property' XDC Constraints : Time (s): cpu = 00:00:11 ; elapsed = 00:00:15 . Memory (MB): peak = 1056.824 ; gain = 52.129
---------------------------------------------------------------------------------
INFO: [Synth 8-802] inferred FSM for state register 'EP_reg' in module 'MAE'
INFO: [Synth 8-802] inferred FSM for state register 'EP_reg' in module 'DDC_MAE'
---------------------------------------------------------------------------------------------------
                   State |                     New Encoding |                Previous Encoding 
---------------------------------------------------------------------------------------------------
                    idle |                        000000001 |                             0000
                  charge |                        000000010 |                             0001
                   shift |                        000000100 |                             0010
                   send0 |                        000001000 |                             0011
              send0_wait |                        000010000 |                             0100
                   send1 |                        000100000 |                             0101
              send1_wait |                        001000000 |                             0110
                   tempo |                        010000000 |                             0111
              tempo_wait |                        100000000 |                             1000
---------------------------------------------------------------------------------------------------
INFO: [Synth 8-3354] encoded FSM with state register 'EP_reg' using encoding 'one-hot' in module 'MAE'
---------------------------------------------------------------------------------------------------
                   State |                     New Encoding |                Previous Encoding 
---------------------------------------------------------------------------------------------------
                    idle |                              001 |                               00
                 lvl_low |                              010 |                               01
                lvl_high |                              100 |                               10
---------------------------------------------------------------------------------------------------
INFO: [Synth 8-3354] encoded FSM with state register 'EP_reg' using encoding 'one-hot' in module 'DDC_MAE'
---------------------------------------------------------------------------------
Finished RTL Optimization Phase 2 : Time (s): cpu = 00:00:11 ; elapsed = 00:00:15 . Memory (MB): peak = 1056.824 ; gain = 52.129
---------------------------------------------------------------------------------
---------------------------------------------------------------------------------
Start RTL Component Statistics 
---------------------------------------------------------------------------------
Detailed RTL Component Info : 
+---Adders : 
	   2 Input    6 Bit       Adders := 2     
+---XORs : 
	   2 Input      1 Bit         XORs := 1     
	   3 Input      1 Bit         XORs := 8     
+---Registers : 
	               51 Bit    Registers := 1     
	                6 Bit    Registers := 2     
	                2 Bit    Registers := 1     
	                1 Bit    Registers := 2     
+---Muxes : 
	   2 Input   51 Bit        Muxes := 2     
	   9 Input   51 Bit        Muxes := 1     
	   9 Input    9 Bit        Muxes := 1     
	   2 Input    9 Bit        Muxes := 6     
	   6 Input    8 Bit        Muxes := 2     
	   3 Input    8 Bit        Muxes := 3     
	   2 Input    8 Bit        Muxes := 1     
	   3 Input    6 Bit        Muxes := 1     
	   2 Input    6 Bit        Muxes := 2     
	   3 Input    3 Bit        Muxes := 2     
	   2 Input    3 Bit        Muxes := 6     
	   9 Input    1 Bit        Muxes := 3     
	   2 Input    1 Bit        Muxes := 5     
	   3 Input    1 Bit        Muxes := 8     
---------------------------------------------------------------------------------
Finished RTL Component Statistics 
---------------------------------------------------------------------------------
---------------------------------------------------------------------------------
Start Part Resource Summary
---------------------------------------------------------------------------------
Part Resources:
DSPs: 90 (col length:60)
BRAMs: 100 (col length: RAMB18 60 RAMB36 30)
---------------------------------------------------------------------------------
Finished Part Resource Summary
---------------------------------------------------------------------------------
---------------------------------------------------------------------------------
Start Cross Boundary and Area Optimization
---------------------------------------------------------------------------------
---------------------------------------------------------------------------------
Finished Cross Boundary and Area Optimization : Time (s): cpu = 00:00:13 ; elapsed = 00:00:17 . Memory (MB): peak = 1056.824 ; gain = 52.129
---------------------------------------------------------------------------------
---------------------------------------------------------------------------------
Start Applying XDC Timing Constraints
---------------------------------------------------------------------------------
---------------------------------------------------------------------------------
Finished Applying XDC Timing Constraints : Time (s): cpu = 00:00:19 ; elapsed = 00:00:23 . Memory (MB): peak = 1056.824 ; gain = 52.129
---------------------------------------------------------------------------------
---------------------------------------------------------------------------------
Start Timing Optimization
---------------------------------------------------------------------------------
---------------------------------------------------------------------------------
Finished Timing Optimization : Time (s): cpu = 00:00:19 ; elapsed = 00:00:24 . Memory (MB): peak = 1060.996 ; gain = 56.301
---------------------------------------------------------------------------------
---------------------------------------------------------------------------------
Start Technology Mapping
---------------------------------------------------------------------------------
---------------------------------------------------------------------------------
Finished Technology Mapping : Time (s): cpu = 00:00:19 ; elapsed = 00:00:24 . Memory (MB): peak = 1063.484 ; gain = 58.789
---------------------------------------------------------------------------------
---------------------------------------------------------------------------------
Start IO Insertion
---------------------------------------------------------------------------------
---------------------------------------------------------------------------------
Start Flattening Before IO Insertion
---------------------------------------------------------------------------------
---------------------------------------------------------------------------------
Finished Flattening Before IO Insertion
---------------------------------------------------------------------------------
---------------------------------------------------------------------------------
Start Final Netlist Cleanup
---------------------------------------------------------------------------------
---------------------------------------------------------------------------------
Finished Final Netlist Cleanup
---------------------------------------------------------------------------------
---------------------------------------------------------------------------------
Finished IO Insertion : Time (s): cpu = 00:00:22 ; elapsed = 00:00:27 . Memory (MB): peak = 1068.312 ; gain = 63.617
---------------------------------------------------------------------------------
---------------------------------------------------------------------------------
Start Renaming Generated Instances
---------------------------------------------------------------------------------
---------------------------------------------------------------------------------
Finished Renaming Generated Instances : Time (s): cpu = 00:00:22 ; elapsed = 00:00:27 . Memory (MB): peak = 1068.312 ; gain = 63.617
---------------------------------------------------------------------------------
---------------------------------------------------------------------------------
Start Rebuilding User Hierarchy
---------------------------------------------------------------------------------
---------------------------------------------------------------------------------
Finished Rebuilding User Hierarchy : Time (s): cpu = 00:00:22 ; elapsed = 00:00:27 . Memory (MB): peak = 1068.312 ; gain = 63.617
---------------------------------------------------------------------------------
---------------------------------------------------------------------------------
Start Renaming Generated Ports
---------------------------------------------------------------------------------
---------------------------------------------------------------------------------
Finished Renaming Generated Ports : Time (s): cpu = 00:00:22 ; elapsed = 00:00:27 . Memory (MB): peak = 1068.312 ; gain = 63.617
---------------------------------------------------------------------------------
---------------------------------------------------------------------------------
Start Handling Custom Attributes
---------------------------------------------------------------------------------
---------------------------------------------------------------------------------
Finished Handling Custom Attributes : Time (s): cpu = 00:00:22 ; elapsed = 00:00:27 . Memory (MB): peak = 1068.312 ; gain = 63.617
---------------------------------------------------------------------------------
---------------------------------------------------------------------------------
Start Renaming Generated Nets
---------------------------------------------------------------------------------
---------------------------------------------------------------------------------
Finished Renaming Generated Nets : Time (s): cpu = 00:00:22 ; elapsed = 00:00:27 . Memory (MB): peak = 1068.312 ; gain = 63.617
---------------------------------------------------------------------------------
---------------------------------------------------------------------------------
Start Writing Synthesis Report
---------------------------------------------------------------------------------

Report BlackBoxes: 
+-+--------------+----------+
| |BlackBox name |Instances |
+-+--------------+----------+
+-+--------------+----------+

Report Cell Usage: 
+------+-------+------+
|      |Cell   |Count |
+------+-------+------+
|1     |BUFG   |     2|
|2     |CARRY4 |    44|
|3     |LUT1   |     6|
|4     |LUT2   |    18|
|5     |LUT3   |    42|
|6     |LUT4   |    19|
|7     |LUT5   |    17|
|8     |LUT6   |    82|
|9     |MUXF7  |     2|
|10    |MUXF8  |     1|
|11    |FDCE   |   213|
|12    |FDPE   |    22|
|13    |LDC    |    17|
|14    |IBUF   |    10|
|15    |OBUF   |     1|
+------+-------+------+
---------------------------------------------------------------------------------
Finished Writing Synthesis Report : Time (s): cpu = 00:00:22 ; elapsed = 00:00:27 . Memory (MB): peak = 1068.312 ; gain = 63.617
---------------------------------------------------------------------------------
Synthesis finished with 0 errors, 0 critical warnings and 0 warnings.
Synthesis Optimization Runtime : Time (s): cpu = 00:00:15 ; elapsed = 00:00:25 . Memory (MB): peak = 1068.312 ; gain = 11.488
Synthesis Optimization Complete : Time (s): cpu = 00:00:22 ; elapsed = 00:00:27 . Memory (MB): peak = 1068.312 ; gain = 63.617
INFO: [Project 1-571] Translating synthesized netlist
Netlist sorting complete. Time (s): cpu = 00:00:00 ; elapsed = 00:00:00.005 . Memory (MB): peak = 1080.395 ; gain = 0.000
INFO: [Netlist 29-17] Analyzing 64 Unisim elements for replacement
INFO: [Netlist 29-28] Unisim Transformation completed in 0 CPU seconds
INFO: [Project 1-570] Preparing netlist for logic optimization
INFO: [Opt 31-138] Pushed 0 inverter(s) to 0 load pin(s).
Netlist sorting complete. Time (s): cpu = 00:00:00 ; elapsed = 00:00:00 . Memory (MB): peak = 1081.359 ; gain = 0.000
INFO: [Project 1-111] Unisim Transformation Summary:
  A total of 17 instances were transformed.
  LDC => LDCE: 17 instances

INFO: [Common 17-83] Releasing license: Synthesis
58 Infos, 5 Warnings, 0 Critical Warnings and 0 Errors encountered.
synth_design completed successfully
synth_design: Time (s): cpu = 00:00:26 ; elapsed = 00:00:34 . Memory (MB): peak = 1081.359 ; gain = 76.664
INFO: [Common 17-1381] The checkpoint 'C:/Users/chmis/Desktop/Project_FPGA/Project_FPGA.runs/synth_1/TOP.dcp' has been generated.
INFO: [runtcl-4] Executing : report_utilization -file TOP_utilization_synth.rpt -pb TOP_utilization_synth.pb
INFO: [Common 17-206] Exiting Vivado at Fri May 19 16:27:11 2023...
