Vivado Simulator 2020.2
Copyright 1986-1999, 2001-2020 Xilinx, Inc. All Rights Reserved.
Running: C:/Xilinx/Vivado/2020.2/bin/unwrapped/win64.o/xelab.exe -wto 1c7452f4f5764b219d186381814466cb --incr --debug typical --relax --mt 2 -L xil_defaultlib -L microblaze_v11_0_4 -L lmb_v10_v3_0_11 -L lmb_bram_if_cntlr_v4_0_19 -L blk_mem_gen_v8_4_4 -L generic_baseblocks_v2_1_0 -L axi_infrastructure_v1_1_0 -L axi_register_slice_v2_1_22 -L fifo_generator_v13_2_5 -L axi_data_fifo_v2_1_21 -L axi_crossbar_v2_1_23 -L axi_lite_ipif_v3_0_4 -L axi_intc_v4_1_15 -L mdm_v3_2_19 -L lib_cdc_v1_0_2 -L proc_sys_reset_v5_0_13 -L interrupt_control_v3_1_4 -L axi_gpio_v2_0_24 -L unisims_ver -L unimacro_ver -L secureip -L xpm --snapshot TOP_tb_behav xil_defaultlib.TOP_tb xil_defaultlib.glbl -log elaborate.log 
Using 2 slave threads.
Starting static elaboration
Pass Through NonSizing Optimizer
Completed static elaboration
Starting simulation data flow analysis
Completed simulation data flow analysis
Time Resolution for simulation is 1ps
Compiling package std.standard
Compiling package std.textio
Compiling package ieee.std_logic_1164
Compiling package ieee.std_logic_arith
Compiling package ieee.std_logic_unsigned
Compiling module xil_defaultlib.glbl
Compiling architecture behavioral of entity xil_defaultlib.MAE_Compteur [mae_compteur_default]
Compiling architecture behavioral of entity xil_defaultlib.MAE [mae_default]
Compiling architecture behavioral of entity xil_defaultlib.REGISTRE_DCC [registre_dcc_default]
Compiling architecture behavioral of entity xil_defaultlib.COMPTEUR_TEMPO [compteur_tempo_default]
Compiling architecture behavioral of entity xil_defaultlib.CLK_DIV [clk_div_default]
Compiling architecture behavioral of entity xil_defaultlib.DCC_Compteur [dcc_compteur_default]
Compiling architecture behavioral of entity xil_defaultlib.DDC_MAE [ddc_mae_default]
Compiling architecture behavioral of entity xil_defaultlib.DCC_Bit0 [dcc_bit0_default]
Compiling architecture behavioral of entity xil_defaultlib.DCC_Bit1 [dcc_bit1_default]
Compiling architecture behavioral of entity xil_defaultlib.TOP [top_default]
Compiling architecture behavioral of entity xil_defaultlib.top_tb
Built simulation snapshot TOP_tb_behav
