INFO: [VRFC 10-163] Analyzing VHDL file "D:/Desktop/FPGA/Project_FPGA_IP/Project_FPGA_IP.srcs/sources_1/imports/Project_FPGA/Compteur_Tempo.vhd" into library xil_defaultlib
INFO: [VRFC 10-3107] analyzing entity 'COMPTEUR_TEMPO'
INFO: [VRFC 10-163] Analyzing VHDL file "D:/Desktop/FPGA/Project_FPGA_IP/Project_FPGA_IP.srcs/sources_1/imports/Project_FPGA/Diviseur_Horloge.vhd" into library xil_defaultlib
INFO: [VRFC 10-3107] analyzing entity 'CLK_DIV'
INFO: [VRFC 10-163] Analyzing VHDL file "D:/Desktop/FPGA/Project_FPGA_IP/Project_FPGA_IP.srcs/sources_1/new/Registre_DCC.vhd" into library xil_defaultlib
INFO: [VRFC 10-3107] analyzing entity 'REGISTRE_DCC'
INFO: [VRFC 10-163] Analyzing VHDL file "D:/Desktop/FPGA/Project_FPGA_IP/Project_FPGA_IP.srcs/sources_1/new/DDC_MAE.vhd" into library xil_defaultlib
INFO: [VRFC 10-3107] analyzing entity 'DDC_MAE'
INFO: [VRFC 10-163] Analyzing VHDL file "D:/Desktop/FPGA/Project_FPGA_IP/Project_FPGA_IP.srcs/sources_1/new/DCC_Compteur.vhd" into library xil_defaultlib
INFO: [VRFC 10-3107] analyzing entity 'DCC_Compteur'
INFO: [VRFC 10-163] Analyzing VHDL file "D:/Desktop/FPGA/Project_FPGA_IP/Project_FPGA_IP.srcs/sources_1/new/DCC_Bit0.vhd" into library xil_defaultlib
INFO: [VRFC 10-3107] analyzing entity 'DCC_Bit0'
INFO: [VRFC 10-163] Analyzing VHDL file "D:/Desktop/FPGA/Project_FPGA_IP/Project_FPGA_IP.srcs/sources_1/new/DCC_Bit1.vhd" into library xil_defaultlib
INFO: [VRFC 10-3107] analyzing entity 'DCC_Bit1'
INFO: [VRFC 10-163] Analyzing VHDL file "D:/Desktop/FPGA/Project_FPGA_IP/Project_FPGA_IP.srcs/sources_1/new/MAE.vhd" into library xil_defaultlib
INFO: [VRFC 10-3107] analyzing entity 'MAE'
INFO: [VRFC 10-163] Analyzing VHDL file "D:/Desktop/FPGA/Project_FPGA_IP/Project_FPGA_IP.srcs/sources_1/new/MAE_Compteur.vhd" into library xil_defaultlib
INFO: [VRFC 10-3107] analyzing entity 'MAE_Compteur'
INFO: [VRFC 10-163] Analyzing VHDL file "D:/Desktop/FPGA/Project_FPGA_IP/Project_FPGA_IP.srcs/sources_1/new/TOP.vhd" into library xil_defaultlib
INFO: [VRFC 10-3107] analyzing entity 'TOP'
INFO: [VRFC 10-163] Analyzing VHDL file "D:/Desktop/FPGA/Project_FPGA_IP/Project_FPGA_IP.ip_user_files/bd/Project_FPGA/ip/Project_FPGA_microblaze_0_0/sim/Project_FPGA_microblaze_0_0.vhd" into library xil_defaultlib
INFO: [VRFC 10-3107] analyzing entity 'Project_FPGA_microblaze_0_0'
INFO: [VRFC 10-163] Analyzing VHDL file "D:/Desktop/FPGA/Project_FPGA_IP/Project_FPGA_IP.ip_user_files/bd/Project_FPGA/ip/Project_FPGA_dlmb_v10_0/sim/Project_FPGA_dlmb_v10_0.vhd" into library xil_defaultlib
INFO: [VRFC 10-3107] analyzing entity 'Project_FPGA_dlmb_v10_0'
INFO: [VRFC 10-163] Analyzing VHDL file "D:/Desktop/FPGA/Project_FPGA_IP/Project_FPGA_IP.ip_user_files/bd/Project_FPGA/ip/Project_FPGA_ilmb_v10_0/sim/Project_FPGA_ilmb_v10_0.vhd" into library xil_defaultlib
INFO: [VRFC 10-3107] analyzing entity 'Project_FPGA_ilmb_v10_0'
INFO: [VRFC 10-163] Analyzing VHDL file "D:/Desktop/FPGA/Project_FPGA_IP/Project_FPGA_IP.ip_user_files/bd/Project_FPGA/ip/Project_FPGA_dlmb_bram_if_cntlr_0/sim/Project_FPGA_dlmb_bram_if_cntlr_0.vhd" into library xil_defaultlib
INFO: [VRFC 10-3107] analyzing entity 'Project_FPGA_dlmb_bram_if_cntlr_0'
INFO: [VRFC 10-163] Analyzing VHDL file "D:/Desktop/FPGA/Project_FPGA_IP/Project_FPGA_IP.ip_user_files/bd/Project_FPGA/ip/Project_FPGA_ilmb_bram_if_cntlr_0/sim/Project_FPGA_ilmb_bram_if_cntlr_0.vhd" into library xil_defaultlib
INFO: [VRFC 10-3107] analyzing entity 'Project_FPGA_ilmb_bram_if_cntlr_0'
INFO: [VRFC 10-163] Analyzing VHDL file "D:/Desktop/FPGA/Project_FPGA_IP/Project_FPGA_IP.ip_user_files/bd/Project_FPGA/ip/Project_FPGA_microblaze_0_axi_intc_0/sim/Project_FPGA_microblaze_0_axi_intc_0.vhd" into library xil_defaultlib
INFO: [VRFC 10-3107] analyzing entity 'Project_FPGA_microblaze_0_axi_intc_0'
INFO: [VRFC 10-163] Analyzing VHDL file "D:/Desktop/FPGA/Project_FPGA_IP/Project_FPGA_IP.ip_user_files/bd/Project_FPGA/ip/Project_FPGA_mdm_1_0/sim/Project_FPGA_mdm_1_0.vhd" into library xil_defaultlib
INFO: [VRFC 10-3107] analyzing entity 'Project_FPGA_mdm_1_0'
INFO: [VRFC 10-163] Analyzing VHDL file "D:/Desktop/FPGA/Project_FPGA_IP/Project_FPGA_IP.ip_user_files/bd/Project_FPGA/ip/Project_FPGA_rst_clk_wiz_1_100M_0/sim/Project_FPGA_rst_clk_wiz_1_100M_0.vhd" into library xil_defaultlib
INFO: [VRFC 10-3107] analyzing entity 'Project_FPGA_rst_clk_wiz_1_100M_0'
INFO: [VRFC 10-163] Analyzing VHDL file "D:/Desktop/FPGA/Project_FPGA_IP/Project_FPGA_IP.ip_user_files/bd/Project_FPGA/ip/Project_FPGA_axi_gpio_0_0/sim/Project_FPGA_axi_gpio_0_0.vhd" into library xil_defaultlib
INFO: [VRFC 10-3107] analyzing entity 'Project_FPGA_axi_gpio_0_0'
INFO: [VRFC 10-163] Analyzing VHDL file "D:/Desktop/FPGA/Project_FPGA_IP/Project_FPGA_IP.ip_user_files/bd/Project_FPGA/ip/Project_FPGA_axi_gpio_1_0/sim/Project_FPGA_axi_gpio_1_0.vhd" into library xil_defaultlib
INFO: [VRFC 10-3107] analyzing entity 'Project_FPGA_axi_gpio_1_0'
INFO: [VRFC 10-163] Analyzing VHDL file "D:/Desktop/FPGA/Project_FPGA_IP/Project_FPGA_IP.ip_user_files/bd/Project_FPGA/ipshared/ef0f/src/Compteur_Tempo.vhd" into library xil_defaultlib
INFO: [VRFC 10-3107] analyzing entity 'COMPTEUR_TEMPO'
INFO: [VRFC 10-163] Analyzing VHDL file "D:/Desktop/FPGA/Project_FPGA_IP/Project_FPGA_IP.ip_user_files/bd/Project_FPGA/ipshared/ef0f/src/DCC_Bit0.vhd" into library xil_defaultlib
INFO: [VRFC 10-3107] analyzing entity 'DCC_Bit0'
INFO: [VRFC 10-163] Analyzing VHDL file "D:/Desktop/FPGA/Project_FPGA_IP/Project_FPGA_IP.ip_user_files/bd/Project_FPGA/ipshared/ef0f/src/DCC_Bit1.vhd" into library xil_defaultlib
INFO: [VRFC 10-3107] analyzing entity 'DCC_Bit1'
INFO: [VRFC 10-163] Analyzing VHDL file "D:/Desktop/FPGA/Project_FPGA_IP/Project_FPGA_IP.ip_user_files/bd/Project_FPGA/ipshared/ef0f/src/DCC_Compteur.vhd" into library xil_defaultlib
INFO: [VRFC 10-3107] analyzing entity 'DCC_Compteur'
INFO: [VRFC 10-163] Analyzing VHDL file "D:/Desktop/FPGA/Project_FPGA_IP/Project_FPGA_IP.ip_user_files/bd/Project_FPGA/ipshared/ef0f/src/DDC_MAE.vhd" into library xil_defaultlib
INFO: [VRFC 10-3107] analyzing entity 'DDC_MAE'
INFO: [VRFC 10-163] Analyzing VHDL file "D:/Desktop/FPGA/Project_FPGA_IP/Project_FPGA_IP.ip_user_files/bd/Project_FPGA/ipshared/ef0f/src/Diviseur_Horloge.vhd" into library xil_defaultlib
INFO: [VRFC 10-3107] analyzing entity 'CLK_DIV'
INFO: [VRFC 10-163] Analyzing VHDL file "D:/Desktop/FPGA/Project_FPGA_IP/Project_FPGA_IP.ip_user_files/bd/Project_FPGA/ipshared/ef0f/src/TOP.vhd" into library xil_defaultlib
INFO: [VRFC 10-3107] analyzing entity 'TOP'
WARNING: [VRFC 10-3608] overwriting existing secondary unit 'behavioral' [D:/Desktop/FPGA/Project_FPGA_IP/Project_FPGA_IP.ip_user_files/bd/Project_FPGA/ipshared/ef0f/src/TOP.vhd:42]
INFO: [VRFC 10-163] Analyzing VHDL file "D:/Desktop/FPGA/Project_FPGA_IP/Project_FPGA_IP.ip_user_files/bd/Project_FPGA/ipshared/ef0f/hdl/IP_Centrale_DCC_v1_0_S00_AXI.vhd" into library xil_defaultlib
INFO: [VRFC 10-3107] analyzing entity 'IP_Centrale_DCC_v1_0_S00_AXI'
INFO: [VRFC 10-163] Analyzing VHDL file "D:/Desktop/FPGA/Project_FPGA_IP/Project_FPGA_IP.ip_user_files/bd/Project_FPGA/ipshared/ef0f/src/MAE.vhd" into library xil_defaultlib
INFO: [VRFC 10-3107] analyzing entity 'MAE'
INFO: [VRFC 10-163] Analyzing VHDL file "D:/Desktop/FPGA/Project_FPGA_IP/Project_FPGA_IP.ip_user_files/bd/Project_FPGA/ipshared/ef0f/src/MAE_Compteur.vhd" into library xil_defaultlib
INFO: [VRFC 10-3107] analyzing entity 'MAE_Compteur'
INFO: [VRFC 10-163] Analyzing VHDL file "D:/Desktop/FPGA/Project_FPGA_IP/Project_FPGA_IP.ip_user_files/bd/Project_FPGA/ipshared/ef0f/src/Registre_DCC.vhd" into library xil_defaultlib
INFO: [VRFC 10-3107] analyzing entity 'REGISTRE_DCC'
INFO: [VRFC 10-163] Analyzing VHDL file "D:/Desktop/FPGA/Project_FPGA_IP/Project_FPGA_IP.ip_user_files/bd/Project_FPGA/ipshared/ef0f/hdl/IP_Centrale_DCC_v1_0.vhd" into library xil_defaultlib
INFO: [VRFC 10-3107] analyzing entity 'IP_Centrale_DCC_v1_0'
INFO: [VRFC 10-163] Analyzing VHDL file "D:/Desktop/FPGA/Project_FPGA_IP/Project_FPGA_IP.ip_user_files/bd/Project_FPGA/ip/Project_FPGA_IP_Centrale_DCC_0_0/sim/Project_FPGA_IP_Centrale_DCC_0_0.vhd" into library xil_defaultlib
INFO: [VRFC 10-3107] analyzing entity 'Project_FPGA_IP_Centrale_DCC_0_0'
INFO: [VRFC 10-163] Analyzing VHDL file "D:/Desktop/FPGA/Project_FPGA_IP/Project_FPGA_IP.ip_user_files/bd/Project_FPGA/sim/Project_FPGA.vhd" into library xil_defaultlib
INFO: [VRFC 10-3107] analyzing entity 'm00_couplers_imp_1KA0EQE'
INFO: [VRFC 10-3107] analyzing entity 'm01_couplers_imp_1PLCBX2'
INFO: [VRFC 10-3107] analyzing entity 'm02_couplers_imp_1RELVKM'
INFO: [VRFC 10-3107] analyzing entity 'm03_couplers_imp_1VM04PI'
INFO: [VRFC 10-3107] analyzing entity 'microblaze_0_local_memory_imp_GM3CAH'
INFO: [VRFC 10-3107] analyzing entity 's00_couplers_imp_1NT64HX'
INFO: [VRFC 10-3107] analyzing entity 'Project_FPGA_microblaze_0_axi_periph_0'
INFO: [VRFC 10-3107] analyzing entity 'Project_FPGA'
INFO: [VRFC 10-163] Analyzing VHDL file "D:/Desktop/FPGA/Project_FPGA_IP/Project_FPGA_IP.srcs/sources_1/imports/Project_FPGA_wrapper.vhd" into library xil_defaultlib
INFO: [VRFC 10-3107] analyzing entity 'Project_FPGA_wrapper'
INFO: [VRFC 10-163] Analyzing VHDL file "D:/Desktop/FPGA/Project_FPGA_IP/Project_FPGA_IP.gen/sources_1/bd/Project_FPGA/hdl/Project_FPGA_wrapper.vhd" into library xil_defaultlib
INFO: [VRFC 10-3107] analyzing entity 'Project_FPGA_wrapper'
WARNING: [VRFC 10-3607] overwriting existing primary unit 'project_fpga_wrapper' [D:/Desktop/FPGA/Project_FPGA_IP/Project_FPGA_IP.gen/sources_1/bd/Project_FPGA/hdl/Project_FPGA_wrapper.vhd:14]
INFO: [VRFC 10-163] Analyzing VHDL file "D:/Desktop/FPGA/Project_FPGA_IP/Project_FPGA_IP.srcs/sim_1/new/Compteur_Tempo_tb.vhd" into library xil_defaultlib
INFO: [VRFC 10-3107] analyzing entity 'Compteur_Tempo_tb'
INFO: [VRFC 10-163] Analyzing VHDL file "D:/Desktop/FPGA/Project_FPGA_IP/Project_FPGA_IP.srcs/sim_1/new/Diviseur_Horloge_tb.vhd" into library xil_defaultlib
INFO: [VRFC 10-3107] analyzing entity 'Diviseur_Horloge_tb'
INFO: [VRFC 10-163] Analyzing VHDL file "D:/Desktop/FPGA/Project_FPGA_IP/Project_FPGA_IP.srcs/sim_1/new/Generateur_Trames_tb.vhd" into library xil_defaultlib
INFO: [VRFC 10-3107] analyzing entity 'Generateur_Trames_tb'
INFO: [VRFC 10-163] Analyzing VHDL file "D:/Desktop/FPGA/Project_FPGA_IP/Project_FPGA_IP.srcs/sim_1/new/Registre_DCC_tb.vhd" into library xil_defaultlib
INFO: [VRFC 10-3107] analyzing entity 'Registre_DCC_tb'
INFO: [VRFC 10-163] Analyzing VHDL file "D:/Desktop/FPGA/Project_FPGA_IP/Project_FPGA_IP.srcs/sim_1/new/DCC_Bit0_tb.vhd" into library xil_defaultlib
INFO: [VRFC 10-3107] analyzing entity 'DCC_Bit0_tb'
INFO: [VRFC 10-163] Analyzing VHDL file "D:/Desktop/FPGA/Project_FPGA_IP/Project_FPGA_IP.srcs/sim_1/new/MAE_tb.vhd" into library xil_defaultlib
INFO: [VRFC 10-3107] analyzing entity 'MAE_tb'
INFO: [VRFC 10-163] Analyzing VHDL file "D:/Desktop/FPGA/Project_FPGA_IP/Project_FPGA_IP.srcs/sim_1/new/TOP_tb.vhd" into library xil_defaultlib
INFO: [VRFC 10-3107] analyzing entity 'TOP_tb'
