TRACE::2023-02-14.10:18:41::SCWPlatform::Trying to open the hw design at C:/Users/28607510/Desktop/TP2_M1S2_FPGA/TP2_HW/hw/TP2_wrapper.xsa
TRACE::2023-02-14.10:18:41::SCWPlatform::DSA given C:/Users/28607510/Desktop/TP2_M1S2_FPGA/TP2_HW/hw/TP2_wrapper.xsa
TRACE::2023-02-14.10:18:41::SCWPlatform::DSA absoulate path C:/Users/28607510/Desktop/TP2_M1S2_FPGA/TP2_HW/hw/TP2_wrapper.xsa
TRACE::2023-02-14.10:18:43::SCWPlatform::DSA directory C:/Users/28607510/Desktop/TP2_M1S2_FPGA/TP2_HW/hw
TRACE::2023-02-14.10:18:43::SCWPlatform:: Platform Path C:/Users/28607510/Desktop/TP2_M1S2_FPGA/TP2_HW/hw/TP2_wrapper.xsa
TRACE::2023-02-14.10:18:43::SCWPlatform:: Unique name xilinx:basys3::0.0
TRACE::2023-02-14.10:18:43::SCWPlatform::Do not have an existing db opened. 
TRACE::2023-02-14.10:18:43::SCWPlatform::Opened new HwDB with name TP2_wrapper_0
TRACE::2023-02-14.10:18:43::SCWWriter::formatted JSON is {
	"platformName":	"TP2_HW",
	"sprVersion":	"2.0",
	"mode":	"gui",
	"dsaType":	"Fixed",
	"platformDesc":	"TP2_HW",
	"platHandOff":	"C:/Users/28607510/Desktop/TP2_M1S2_FPGA/TP2_wrapper.xsa",
	"platIntHandOff":	"<platformDir>/hw/TP2_wrapper.xsa",
	"deviceType":	"FPGA",
	"platIsPrebuiltAutogen":	"false",
	"platIsNoBootBsp":	"false",
	"hasFsblMakeHasChanges":	"false",
	"hasPmufwMakeHasChanges":	"false",
	"platPreBuiltFlag":	false,
	"platformSamplesDir":	""
}
TRACE::2023-02-14.10:18:43::SCWWriter::formatted JSON is {
	"platformName":	"TP2_HW",
	"sprVersion":	"2.0",
	"mode":	"gui",
	"dsaType":	"Fixed",
	"platformDesc":	"TP2_HW",
	"platHandOff":	"C:/Users/28607510/Desktop/TP2_M1S2_FPGA/TP2_wrapper.xsa",
	"platIntHandOff":	"<platformDir>/hw/TP2_wrapper.xsa",
	"deviceType":	"FPGA",
	"platIsPrebuiltAutogen":	"false",
	"platIsNoBootBsp":	"false",
	"hasFsblMakeHasChanges":	"false",
	"hasPmufwMakeHasChanges":	"false",
	"platPreBuiltFlag":	false,
	"platformSamplesDir":	"",
	"platActiveSys":	"TP2_HW",
	"systems":	[{
			"systemName":	"TP2_HW",
			"systemDesc":	"TP2_HW",
			"sysIsBootAutoGen":	"true",
			"systemDispName":	"TP2_HW"
		}]
}
TRACE::2023-02-14.10:18:43::SCWPlatform::Boot application domains not present, creating them
TRACE::2023-02-14.10:18:43::SCWPlatform::Pure FPGA device, no boot application will be created.
TRACE::2023-02-14.10:18:43::SCWWriter::formatted JSON is {
	"platformName":	"TP2_HW",
	"sprVersion":	"2.0",
	"mode":	"gui",
	"dsaType":	"Fixed",
	"platformDesc":	"TP2_HW",
	"platHandOff":	"C:/Users/28607510/Desktop/TP2_M1S2_FPGA/TP2_wrapper.xsa",
	"platIntHandOff":	"<platformDir>/hw/TP2_wrapper.xsa",
	"deviceType":	"FPGA",
	"platIsPrebuiltAutogen":	"false",
	"platIsNoBootBsp":	"false",
	"hasFsblMakeHasChanges":	"false",
	"hasPmufwMakeHasChanges":	"false",
	"platPreBuiltFlag":	false,
	"platformSamplesDir":	"",
	"platActiveSys":	"TP2_HW",
	"systems":	[{
			"systemName":	"TP2_HW",
			"systemDesc":	"TP2_HW",
			"sysIsBootAutoGen":	"true",
			"systemDispName":	"TP2_HW"
		}]
}
TRACE::2023-02-14.10:18:43::SCWPlatform::Trying to open the hw design at C:/Users/28607510/Desktop/TP2_M1S2_FPGA/TP2_HW/hw/TP2_wrapper.xsa
TRACE::2023-02-14.10:18:43::SCWPlatform::DSA given C:/Users/28607510/Desktop/TP2_M1S2_FPGA/TP2_HW/hw/TP2_wrapper.xsa
TRACE::2023-02-14.10:18:43::SCWPlatform::DSA absoulate path C:/Users/28607510/Desktop/TP2_M1S2_FPGA/TP2_HW/hw/TP2_wrapper.xsa
TRACE::2023-02-14.10:18:43::SCWPlatform::DSA directory C:/Users/28607510/Desktop/TP2_M1S2_FPGA/TP2_HW/hw
TRACE::2023-02-14.10:18:43::SCWPlatform:: Platform Path C:/Users/28607510/Desktop/TP2_M1S2_FPGA/TP2_HW/hw/TP2_wrapper.xsa
TRACE::2023-02-14.10:18:43::SCWPlatform:: Unique name xilinx:basys3::0.0
TRACE::2023-02-14.10:18:43::SCWPlatform::Trying to set the existing hwdb with name TP2_wrapper_0
TRACE::2023-02-14.10:18:43::SCWPlatform::Opened existing hwdb TP2_wrapper_0
TRACE::2023-02-14.10:18:43::SCWPlatform::Found the Hw Db part of the input DSA
TRACE::2023-02-14.10:18:43::SCWDomain::checking for install qemu data   : 
TRACE::2023-02-14.10:18:43::SCWPlatform::Trying to open the hw design at C:/Users/28607510/Desktop/TP2_M1S2_FPGA/TP2_HW/hw/TP2_wrapper.xsa
TRACE::2023-02-14.10:18:43::SCWPlatform::DSA given C:/Users/28607510/Desktop/TP2_M1S2_FPGA/TP2_HW/hw/TP2_wrapper.xsa
TRACE::2023-02-14.10:18:43::SCWPlatform::DSA absoulate path C:/Users/28607510/Desktop/TP2_M1S2_FPGA/TP2_HW/hw/TP2_wrapper.xsa
TRACE::2023-02-14.10:18:43::SCWPlatform::DSA directory C:/Users/28607510/Desktop/TP2_M1S2_FPGA/TP2_HW/hw
TRACE::2023-02-14.10:18:43::SCWPlatform:: Platform Path C:/Users/28607510/Desktop/TP2_M1S2_FPGA/TP2_HW/hw/TP2_wrapper.xsa
TRACE::2023-02-14.10:18:43::SCWPlatform:: Unique name xilinx:basys3::0.0
TRACE::2023-02-14.10:18:43::SCWPlatform::Trying to set the existing hwdb with name TP2_wrapper_0
TRACE::2023-02-14.10:18:43::SCWPlatform::Opened existing hwdb TP2_wrapper_0
TRACE::2023-02-14.10:18:43::SCWPlatform::Found the Hw Db part of the input DSA
TRACE::2023-02-14.10:18:43::SCWPlatform::Trying to open the hw design at C:/Users/28607510/Desktop/TP2_M1S2_FPGA/TP2_HW/hw/TP2_wrapper.xsa
TRACE::2023-02-14.10:18:43::SCWPlatform::DSA given C:/Users/28607510/Desktop/TP2_M1S2_FPGA/TP2_HW/hw/TP2_wrapper.xsa
TRACE::2023-02-14.10:18:43::SCWPlatform::DSA absoulate path C:/Users/28607510/Desktop/TP2_M1S2_FPGA/TP2_HW/hw/TP2_wrapper.xsa
TRACE::2023-02-14.10:18:43::SCWPlatform::DSA directory C:/Users/28607510/Desktop/TP2_M1S2_FPGA/TP2_HW/hw
TRACE::2023-02-14.10:18:43::SCWPlatform:: Platform Path C:/Users/28607510/Desktop/TP2_M1S2_FPGA/TP2_HW/hw/TP2_wrapper.xsa
TRACE::2023-02-14.10:18:43::SCWPlatform:: Unique name xilinx:basys3::0.0
TRACE::2023-02-14.10:18:43::SCWPlatform::Trying to set the existing hwdb with name TP2_wrapper_0
TRACE::2023-02-14.10:18:43::SCWPlatform::Opened existing hwdb TP2_wrapper_0
TRACE::2023-02-14.10:18:43::SCWPlatform::Found the Hw Db part of the input DSA
TRACE::2023-02-14.10:18:43::SCWPlatform::Trying to open the hw design at C:/Users/28607510/Desktop/TP2_M1S2_FPGA/TP2_HW/hw/TP2_wrapper.xsa
TRACE::2023-02-14.10:18:43::SCWPlatform::DSA given C:/Users/28607510/Desktop/TP2_M1S2_FPGA/TP2_HW/hw/TP2_wrapper.xsa
TRACE::2023-02-14.10:18:43::SCWPlatform::DSA absoulate path C:/Users/28607510/Desktop/TP2_M1S2_FPGA/TP2_HW/hw/TP2_wrapper.xsa
TRACE::2023-02-14.10:18:43::SCWPlatform::DSA directory C:/Users/28607510/Desktop/TP2_M1S2_FPGA/TP2_HW/hw
TRACE::2023-02-14.10:18:43::SCWPlatform:: Platform Path C:/Users/28607510/Desktop/TP2_M1S2_FPGA/TP2_HW/hw/TP2_wrapper.xsa
TRACE::2023-02-14.10:18:43::SCWPlatform:: Unique name xilinx:basys3::0.0
TRACE::2023-02-14.10:18:43::SCWPlatform::Trying to set the existing hwdb with name TP2_wrapper_0
TRACE::2023-02-14.10:18:43::SCWPlatform::Opened existing hwdb TP2_wrapper_0
TRACE::2023-02-14.10:18:43::SCWPlatform::Found the Hw Db part of the input DSA
TRACE::2023-02-14.10:18:43::SCWMssOS::Checking the sw design at  C:/Users/28607510/Desktop/TP2_M1S2_FPGA/TP2_HW/microblaze_0/standalone_domain/bsp/system.mss
TRACE::2023-02-14.10:18:43::SCWMssOS::DEBUG:  swdes dump  
TRACE::2023-02-14.10:18:43::SCWMssOS::No sw design opened at  C:/Users/28607510/Desktop/TP2_M1S2_FPGA/TP2_HW/microblaze_0/standalone_domain/bsp/system.mss
TRACE::2023-02-14.10:18:43::SCWMssOS::mss does not exists at C:/Users/28607510/Desktop/TP2_M1S2_FPGA/TP2_HW/microblaze_0/standalone_domain/bsp/system.mss
TRACE::2023-02-14.10:18:43::SCWMssOS::Creating sw design at  C:/Users/28607510/Desktop/TP2_M1S2_FPGA/TP2_HW/microblaze_0/standalone_domain/bsp/system.mss
TRACE::2023-02-14.10:18:43::SCWMssOS::Adding the swdes entry, created swdb C:/Users/28607510/Desktop/TP2_M1S2_FPGA/TP2_HW/microblaze_0/standalone_domain/bsp/system.mss with des name C:/Users/28607510/Desktop/TP2_M1S2_FPGA/TP2_HW/microblaze_0/standalone_domain/bsp/system.mss
TRACE::2023-02-14.10:18:43::SCWMssOS::updating the scw layer changes to swdes at   C:/Users/28607510/Desktop/TP2_M1S2_FPGA/TP2_HW/microblaze_0/standalone_domain/bsp/system.mss
TRACE::2023-02-14.10:18:43::SCWMssOS::Writing mss at C:/Users/28607510/Desktop/TP2_M1S2_FPGA/TP2_HW/microblaze_0/standalone_domain/bsp/system.mss
TRACE::2023-02-14.10:18:43::SCWMssOS::Completed writing the mss file at C:/Users/28607510/Desktop/TP2_M1S2_FPGA/TP2_HW/microblaze_0/standalone_domain/bsp
TRACE::2023-02-14.10:18:43::SCWMssOS::Picking up changes from newly written mss file into SCW Layer. 
TRACE::2023-02-14.10:18:43::SCWMssOS::Updated the changes from newly written mss file into SCW Layer. 
TRACE::2023-02-14.10:18:43::SCWMssOS::Completed writing the mss file at C:/Users/28607510/Desktop/TP2_M1S2_FPGA/TP2_HW/microblaze_0/standalone_domain/bsp
TRACE::2023-02-14.10:18:43::SCWMssOS::Forcing BSP Sources regeneration.
TRACE::2023-02-14.10:18:44::SCWMssOS::Saving the mss changes C:/Users/28607510/Desktop/TP2_M1S2_FPGA/TP2_HW/microblaze_0/standalone_domain/bsp/system.mss
TRACE::2023-02-14.10:18:44::SCWMssOS::Found a swdesign opened with the mssfile.
TRACE::2023-02-14.10:18:44::SCWMssOS::Running validate of swdbs.
KEYINFO::2023-02-14.10:18:44::SCWMssOS::Could not open the swdb for C:/Users/28607510/Desktop/TP2_M1S2_FPGA/TP2_HW/microblaze_0/standalone_domain/bsp/system.mss
KEYINFO::2023-02-14.10:18:44::SCWMssOS::Could not open the sw design at  C:/Users/28607510/Desktop/TP2_M1S2_FPGA/TP2_HW/microblaze_0/standalone_domain/bsp/system.mss
ERROR: [Hsi 55-1558] Software Design C:/Users/28607510/Desktop/TP2_M1S2_FPGA/TP2_HW/microblaze_0/standalone_domain/bsp/system.mss is not found

TRACE::2023-02-14.10:18:44::SCWMssOS::Cleared the swdb table entry
TRACE::2023-02-14.10:18:44::SCWMssOS::Adding the swdes entry, mss present, able to open swdb C:/Users/28607510/Desktop/TP2_M1S2_FPGA/TP2_HW/microblaze_0/standalone_domain/bsp/system.mss with des name system
TRACE::2023-02-14.10:18:44::SCWMssOS::Writing the mss file completed C:/Users/28607510/Desktop/TP2_M1S2_FPGA/TP2_HW/microblaze_0/standalone_domain/bsp/system.mss
TRACE::2023-02-14.10:18:44::SCWMssOS::Commit changes completed.
TRACE::2023-02-14.10:18:44::SCWPlatform::Trying to open the hw design at C:/Users/28607510/Desktop/TP2_M1S2_FPGA/TP2_HW/hw/TP2_wrapper.xsa
TRACE::2023-02-14.10:18:44::SCWPlatform::DSA given C:/Users/28607510/Desktop/TP2_M1S2_FPGA/TP2_HW/hw/TP2_wrapper.xsa
TRACE::2023-02-14.10:18:44::SCWPlatform::DSA absoulate path C:/Users/28607510/Desktop/TP2_M1S2_FPGA/TP2_HW/hw/TP2_wrapper.xsa
TRACE::2023-02-14.10:18:44::SCWPlatform::DSA directory C:/Users/28607510/Desktop/TP2_M1S2_FPGA/TP2_HW/hw
TRACE::2023-02-14.10:18:44::SCWPlatform:: Platform Path C:/Users/28607510/Desktop/TP2_M1S2_FPGA/TP2_HW/hw/TP2_wrapper.xsa
TRACE::2023-02-14.10:18:44::SCWPlatform:: Unique name xilinx:basys3::0.0
TRACE::2023-02-14.10:18:44::SCWPlatform::Trying to set the existing hwdb with name TP2_wrapper_0
TRACE::2023-02-14.10:18:44::SCWPlatform::Opened existing hwdb TP2_wrapper_0
TRACE::2023-02-14.10:18:44::SCWPlatform::Found the Hw Db part of the input DSA
TRACE::2023-02-14.10:18:44::SCWMssOS::Checking the sw design at  C:/Users/28607510/Desktop/TP2_M1S2_FPGA/TP2_HW/microblaze_0/standalone_domain/bsp/system.mss
TRACE::2023-02-14.10:18:44::SCWMssOS::DEBUG:  swdes dump  C:/Users/28607510/Desktop/TP2_M1S2_FPGA/TP2_HW/microblaze_0/standalone_domain/bsp/system.mss|system||

TRACE::2023-02-14.10:18:44::SCWMssOS::Sw design exists and opened at  C:/Users/28607510/Desktop/TP2_M1S2_FPGA/TP2_HW/microblaze_0/standalone_domain/bsp/system.mss
TRACE::2023-02-14.10:18:44::SCWPlatform::Trying to open the hw design at C:/Users/28607510/Desktop/TP2_M1S2_FPGA/TP2_HW/hw/TP2_wrapper.xsa
TRACE::2023-02-14.10:18:44::SCWPlatform::DSA given C:/Users/28607510/Desktop/TP2_M1S2_FPGA/TP2_HW/hw/TP2_wrapper.xsa
TRACE::2023-02-14.10:18:44::SCWPlatform::DSA absoulate path C:/Users/28607510/Desktop/TP2_M1S2_FPGA/TP2_HW/hw/TP2_wrapper.xsa
TRACE::2023-02-14.10:18:44::SCWPlatform::DSA directory C:/Users/28607510/Desktop/TP2_M1S2_FPGA/TP2_HW/hw
TRACE::2023-02-14.10:18:44::SCWPlatform:: Platform Path C:/Users/28607510/Desktop/TP2_M1S2_FPGA/TP2_HW/hw/TP2_wrapper.xsa
TRACE::2023-02-14.10:18:44::SCWPlatform:: Unique name xilinx:basys3::0.0
TRACE::2023-02-14.10:18:44::SCWPlatform::Trying to set the existing hwdb with name TP2_wrapper_0
TRACE::2023-02-14.10:18:44::SCWPlatform::Opened existing hwdb TP2_wrapper_0
TRACE::2023-02-14.10:18:44::SCWPlatform::Found the Hw Db part of the input DSA
TRACE::2023-02-14.10:18:44::SCWMssOS::Checking the sw design at  C:/Users/28607510/Desktop/TP2_M1S2_FPGA/TP2_HW/microblaze_0/standalone_domain/bsp/system.mss
TRACE::2023-02-14.10:18:44::SCWMssOS::DEBUG:  swdes dump  C:/Users/28607510/Desktop/TP2_M1S2_FPGA/TP2_HW/microblaze_0/standalone_domain/bsp/system.mss|system||

TRACE::2023-02-14.10:18:44::SCWMssOS::Sw design exists and opened at  C:/Users/28607510/Desktop/TP2_M1S2_FPGA/TP2_HW/microblaze_0/standalone_domain/bsp/system.mss
TRACE::2023-02-14.10:18:44::SCWPlatform::Trying to open the hw design at C:/Users/28607510/Desktop/TP2_M1S2_FPGA/TP2_HW/hw/TP2_wrapper.xsa
TRACE::2023-02-14.10:18:44::SCWPlatform::DSA given C:/Users/28607510/Desktop/TP2_M1S2_FPGA/TP2_HW/hw/TP2_wrapper.xsa
TRACE::2023-02-14.10:18:44::SCWPlatform::DSA absoulate path C:/Users/28607510/Desktop/TP2_M1S2_FPGA/TP2_HW/hw/TP2_wrapper.xsa
TRACE::2023-02-14.10:18:44::SCWPlatform::DSA directory C:/Users/28607510/Desktop/TP2_M1S2_FPGA/TP2_HW/hw
TRACE::2023-02-14.10:18:44::SCWPlatform:: Platform Path C:/Users/28607510/Desktop/TP2_M1S2_FPGA/TP2_HW/hw/TP2_wrapper.xsa
TRACE::2023-02-14.10:18:44::SCWPlatform:: Unique name xilinx:basys3::0.0
TRACE::2023-02-14.10:18:44::SCWPlatform::Trying to set the existing hwdb with name TP2_wrapper_0
TRACE::2023-02-14.10:18:44::SCWPlatform::Opened existing hwdb TP2_wrapper_0
TRACE::2023-02-14.10:18:44::SCWPlatform::Found the Hw Db part of the input DSA
TRACE::2023-02-14.10:18:44::SCWMssOS::Checking the sw design at  C:/Users/28607510/Desktop/TP2_M1S2_FPGA/TP2_HW/microblaze_0/standalone_domain/bsp/system.mss
TRACE::2023-02-14.10:18:44::SCWMssOS::DEBUG:  swdes dump  C:/Users/28607510/Desktop/TP2_M1S2_FPGA/TP2_HW/microblaze_0/standalone_domain/bsp/system.mss|system||

TRACE::2023-02-14.10:18:44::SCWMssOS::Sw design exists and opened at  C:/Users/28607510/Desktop/TP2_M1S2_FPGA/TP2_HW/microblaze_0/standalone_domain/bsp/system.mss
TRACE::2023-02-14.10:18:44::SCWWriter::formatted JSON is {
	"platformName":	"TP2_HW",
	"sprVersion":	"2.0",
	"mode":	"gui",
	"dsaType":	"Fixed",
	"platformDesc":	"TP2_HW",
	"platHandOff":	"C:/Users/28607510/Desktop/TP2_M1S2_FPGA/TP2_wrapper.xsa",
	"platIntHandOff":	"<platformDir>/hw/TP2_wrapper.xsa",
	"deviceType":	"FPGA",
	"platIsPrebuiltAutogen":	"false",
	"platIsNoBootBsp":	"false",
	"hasFsblMakeHasChanges":	"false",
	"hasPmufwMakeHasChanges":	"false",
	"platPreBuiltFlag":	false,
	"platformSamplesDir":	"",
	"platActiveSys":	"TP2_HW",
	"systems":	[{
			"systemName":	"TP2_HW",
			"systemDesc":	"TP2_HW",
			"sysIsBootAutoGen":	"true",
			"systemDispName":	"TP2_HW",
			"sysActiveDom":	"standalone_domain",
			"sysDefaultDom":	"standalone_domain",
			"domains":	[{
					"domainName":	"standalone_domain",
					"domainDispName":	"standalone_domain",
					"domainDesc":	"standalone_domain",
					"processors":	"microblaze_0",
					"os":	"standalone",
					"sdxOs":	"standalone",
					"debugEnable":	"False",
					"domRuntimes":	["cpp"],
					"swRepo":	"",
					"mssOsVer":	"7.3",
					"mssFile":	"",
					"md5Digest":	"bc3fe0c51cde63a1e181d0f597faa573",
					"compatibleApp":	"",
					"domType":	"mssDomain",
					"arch":	"32-bit",
					"appSettings":	{
						"appCompilerFlags":	"",
						"appLinkerFlags":	""
					},
					"addedLibs":	[],
					"libOptions":	{
						"libsContainingOptions":	[]
					},
					"prebuiltLibs":	{
						"prebuiltIncPath":	[],
						"prebuiltLibPath":	[]
					},
					"isolation":	{
					}
				}]
		}]
}
LOG::2023-02-14.10:18:44::SCWPlatform::Started generating the artifacts platform TP2_HW
TRACE::2023-02-14.10:18:44::SCWPlatform::Sanity checking of platform is completed
LOG::2023-02-14.10:18:44::SCWPlatform::Started generating the artifacts for system configuration TP2_HW
LOG::2023-02-14.10:18:44::SCWSystem::Checking the domain standalone_domain
LOG::2023-02-14.10:18:44::SCWSystem::Not a boot domain 
LOG::2023-02-14.10:18:44::SCWSystem::Started Processing the domain standalone_domain
TRACE::2023-02-14.10:18:44::SCWDomain::Generating domain artifcats
TRACE::2023-02-14.10:18:44::SCWMssOS::Generating standalone artifcats
TRACE::2023-02-14.10:18:44::SCWMssOS:: Copying the user libraries. 
TRACE::2023-02-14.10:18:44::SCWPlatform::Trying to open the hw design at C:/Users/28607510/Desktop/TP2_M1S2_FPGA/TP2_HW/hw/TP2_wrapper.xsa
TRACE::2023-02-14.10:18:44::SCWPlatform::DSA given C:/Users/28607510/Desktop/TP2_M1S2_FPGA/TP2_HW/hw/TP2_wrapper.xsa
TRACE::2023-02-14.10:18:44::SCWPlatform::DSA absoulate path C:/Users/28607510/Desktop/TP2_M1S2_FPGA/TP2_HW/hw/TP2_wrapper.xsa
TRACE::2023-02-14.10:18:44::SCWPlatform::DSA directory C:/Users/28607510/Desktop/TP2_M1S2_FPGA/TP2_HW/hw
TRACE::2023-02-14.10:18:44::SCWPlatform:: Platform Path C:/Users/28607510/Desktop/TP2_M1S2_FPGA/TP2_HW/hw/TP2_wrapper.xsa
TRACE::2023-02-14.10:18:44::SCWPlatform:: Unique name xilinx:basys3::0.0
TRACE::2023-02-14.10:18:44::SCWPlatform::Trying to set the existing hwdb with name TP2_wrapper_0
TRACE::2023-02-14.10:18:44::SCWPlatform::Opened existing hwdb TP2_wrapper_0
TRACE::2023-02-14.10:18:44::SCWPlatform::Found the Hw Db part of the input DSA
TRACE::2023-02-14.10:18:44::SCWMssOS::Checking the sw design at  C:/Users/28607510/Desktop/TP2_M1S2_FPGA/TP2_HW/microblaze_0/standalone_domain/bsp/system.mss
TRACE::2023-02-14.10:18:44::SCWMssOS::DEBUG:  swdes dump  C:/Users/28607510/Desktop/TP2_M1S2_FPGA/TP2_HW/microblaze_0/standalone_domain/bsp/system.mss|system||

TRACE::2023-02-14.10:18:44::SCWMssOS::Sw design exists and opened at  C:/Users/28607510/Desktop/TP2_M1S2_FPGA/TP2_HW/microblaze_0/standalone_domain/bsp/system.mss
TRACE::2023-02-14.10:18:44::SCWMssOS::Completed writing the mss file at C:/Users/28607510/Desktop/TP2_M1S2_FPGA/TP2_HW/microblaze_0/standalone_domain/bsp
TRACE::2023-02-14.10:18:44::SCWMssOS::Mss edits present, copying mssfile into export location C:/Users/28607510/Desktop/TP2_M1S2_FPGA/TP2_HW/microblaze_0/standalone_domain/bsp/system.mss
TRACE::2023-02-14.10:18:44::SCWMssOS::bsp generated is upto date with the mss file. Skipping bsp generation.
TRACE::2023-02-14.10:18:44::SCWMssOS::BSP is already built. skipping the bsp build ... 
TRACE::2023-02-14.10:18:44::SCWDomain::Skipping the build for domain :  standalone_domain
TRACE::2023-02-14.10:18:44::SCWMssOS::skipping the bsp build ... 
TRACE::2023-02-14.10:18:44::SCWMssOS::Copying to export directory.
TRACE::2023-02-14.10:18:44::SCWMssOS:: Checking if to create the Supporting Applications
TRACE::2023-02-14.10:18:44::SCWMssOS:: No Linux domain exists, trying to generate FSBL 
LOG::2023-02-14.10:18:44::SCWSystem::Completed Processing the domain standalone_domain
LOG::2023-02-14.10:18:44::SCWSystem::Completed Processing the sysconfig TP2_HW
LOG::2023-02-14.10:18:44::SCWPlatform::Completed generating the artifacts for system configuration TP2_HW
TRACE::2023-02-14.10:18:44::SCWPlatform::Started preparing the platform 
TRACE::2023-02-14.10:18:44::SCWSystem::Writing the bif file for system config TP2_HW
TRACE::2023-02-14.10:18:44::SCWSystem::dir created 
TRACE::2023-02-14.10:18:44::SCWSystem::Writing the bif 
TRACE::2023-02-14.10:18:44::SCWPlatform::Started writing the spfm file 
TRACE::2023-02-14.10:18:44::SCWPlatform::Started writing the xpfm file 
TRACE::2023-02-14.10:18:44::SCWPlatform::Completed generating the platform
TRACE::2023-02-14.10:18:44::SCWMssOS::Saving the mss changes C:/Users/28607510/Desktop/TP2_M1S2_FPGA/TP2_HW/microblaze_0/standalone_domain/bsp/system.mss
TRACE::2023-02-14.10:18:44::SCWMssOS::Found a swdesign opened with the mssfile.
TRACE::2023-02-14.10:18:44::SCWMssOS::Completed writemss as part of save.
TRACE::2023-02-14.10:18:44::SCWMssOS::Commit changes completed.
TRACE::2023-02-14.10:18:44::SCWPlatform::Trying to open the hw design at C:/Users/28607510/Desktop/TP2_M1S2_FPGA/TP2_HW/hw/TP2_wrapper.xsa
TRACE::2023-02-14.10:18:44::SCWPlatform::DSA given C:/Users/28607510/Desktop/TP2_M1S2_FPGA/TP2_HW/hw/TP2_wrapper.xsa
TRACE::2023-02-14.10:18:44::SCWPlatform::DSA absoulate path C:/Users/28607510/Desktop/TP2_M1S2_FPGA/TP2_HW/hw/TP2_wrapper.xsa
TRACE::2023-02-14.10:18:44::SCWPlatform::DSA directory C:/Users/28607510/Desktop/TP2_M1S2_FPGA/TP2_HW/hw
TRACE::2023-02-14.10:18:44::SCWPlatform:: Platform Path C:/Users/28607510/Desktop/TP2_M1S2_FPGA/TP2_HW/hw/TP2_wrapper.xsa
TRACE::2023-02-14.10:18:44::SCWPlatform:: Unique name xilinx:basys3::0.0
TRACE::2023-02-14.10:18:44::SCWPlatform::Trying to set the existing hwdb with name TP2_wrapper_0
TRACE::2023-02-14.10:18:44::SCWPlatform::Opened existing hwdb TP2_wrapper_0
TRACE::2023-02-14.10:18:44::SCWPlatform::Found the Hw Db part of the input DSA
TRACE::2023-02-14.10:18:44::SCWMssOS::Checking the sw design at  C:/Users/28607510/Desktop/TP2_M1S2_FPGA/TP2_HW/microblaze_0/standalone_domain/bsp/system.mss
TRACE::2023-02-14.10:18:44::SCWMssOS::DEBUG:  swdes dump  C:/Users/28607510/Desktop/TP2_M1S2_FPGA/TP2_HW/microblaze_0/standalone_domain/bsp/system.mss|system||

TRACE::2023-02-14.10:18:44::SCWMssOS::Sw design exists and opened at  C:/Users/28607510/Desktop/TP2_M1S2_FPGA/TP2_HW/microblaze_0/standalone_domain/bsp/system.mss
TRACE::2023-02-14.10:18:44::SCWPlatform::Trying to open the hw design at C:/Users/28607510/Desktop/TP2_M1S2_FPGA/TP2_HW/hw/TP2_wrapper.xsa
TRACE::2023-02-14.10:18:44::SCWPlatform::DSA given C:/Users/28607510/Desktop/TP2_M1S2_FPGA/TP2_HW/hw/TP2_wrapper.xsa
TRACE::2023-02-14.10:18:44::SCWPlatform::DSA absoulate path C:/Users/28607510/Desktop/TP2_M1S2_FPGA/TP2_HW/hw/TP2_wrapper.xsa
TRACE::2023-02-14.10:18:44::SCWPlatform::DSA directory C:/Users/28607510/Desktop/TP2_M1S2_FPGA/TP2_HW/hw
TRACE::2023-02-14.10:18:44::SCWPlatform:: Platform Path C:/Users/28607510/Desktop/TP2_M1S2_FPGA/TP2_HW/hw/TP2_wrapper.xsa
TRACE::2023-02-14.10:18:44::SCWPlatform:: Unique name xilinx:basys3::0.0
TRACE::2023-02-14.10:18:44::SCWPlatform::Trying to set the existing hwdb with name TP2_wrapper_0
TRACE::2023-02-14.10:18:44::SCWPlatform::Opened existing hwdb TP2_wrapper_0
TRACE::2023-02-14.10:18:44::SCWPlatform::Found the Hw Db part of the input DSA
TRACE::2023-02-14.10:18:44::SCWMssOS::Checking the sw design at  C:/Users/28607510/Desktop/TP2_M1S2_FPGA/TP2_HW/microblaze_0/standalone_domain/bsp/system.mss
TRACE::2023-02-14.10:18:44::SCWMssOS::DEBUG:  swdes dump  C:/Users/28607510/Desktop/TP2_M1S2_FPGA/TP2_HW/microblaze_0/standalone_domain/bsp/system.mss|system||

TRACE::2023-02-14.10:18:44::SCWMssOS::Sw design exists and opened at  C:/Users/28607510/Desktop/TP2_M1S2_FPGA/TP2_HW/microblaze_0/standalone_domain/bsp/system.mss
TRACE::2023-02-14.10:18:44::SCWPlatform::Trying to open the hw design at C:/Users/28607510/Desktop/TP2_M1S2_FPGA/TP2_HW/hw/TP2_wrapper.xsa
TRACE::2023-02-14.10:18:44::SCWPlatform::DSA given C:/Users/28607510/Desktop/TP2_M1S2_FPGA/TP2_HW/hw/TP2_wrapper.xsa
TRACE::2023-02-14.10:18:44::SCWPlatform::DSA absoulate path C:/Users/28607510/Desktop/TP2_M1S2_FPGA/TP2_HW/hw/TP2_wrapper.xsa
TRACE::2023-02-14.10:18:44::SCWPlatform::DSA directory C:/Users/28607510/Desktop/TP2_M1S2_FPGA/TP2_HW/hw
TRACE::2023-02-14.10:18:44::SCWPlatform:: Platform Path C:/Users/28607510/Desktop/TP2_M1S2_FPGA/TP2_HW/hw/TP2_wrapper.xsa
TRACE::2023-02-14.10:18:44::SCWPlatform:: Unique name xilinx:basys3::0.0
TRACE::2023-02-14.10:18:44::SCWPlatform::Trying to set the existing hwdb with name TP2_wrapper_0
TRACE::2023-02-14.10:18:44::SCWPlatform::Opened existing hwdb TP2_wrapper_0
TRACE::2023-02-14.10:18:44::SCWPlatform::Found the Hw Db part of the input DSA
TRACE::2023-02-14.10:18:44::SCWMssOS::Checking the sw design at  C:/Users/28607510/Desktop/TP2_M1S2_FPGA/TP2_HW/microblaze_0/standalone_domain/bsp/system.mss
TRACE::2023-02-14.10:18:44::SCWMssOS::DEBUG:  swdes dump  C:/Users/28607510/Desktop/TP2_M1S2_FPGA/TP2_HW/microblaze_0/standalone_domain/bsp/system.mss|system||

TRACE::2023-02-14.10:18:44::SCWMssOS::Sw design exists and opened at  C:/Users/28607510/Desktop/TP2_M1S2_FPGA/TP2_HW/microblaze_0/standalone_domain/bsp/system.mss
TRACE::2023-02-14.10:18:44::SCWWriter::formatted JSON is {
	"platformName":	"TP2_HW",
	"sprVersion":	"2.0",
	"mode":	"gui",
	"dsaType":	"Fixed",
	"platformDesc":	"TP2_HW",
	"platHandOff":	"C:/Users/28607510/Desktop/TP2_M1S2_FPGA/TP2_wrapper.xsa",
	"platIntHandOff":	"<platformDir>/hw/TP2_wrapper.xsa",
	"deviceType":	"FPGA",
	"platIsPrebuiltAutogen":	"false",
	"platIsNoBootBsp":	"false",
	"hasFsblMakeHasChanges":	"false",
	"hasPmufwMakeHasChanges":	"false",
	"platPreBuiltFlag":	false,
	"platformSamplesDir":	"",
	"platActiveSys":	"TP2_HW",
	"systems":	[{
			"systemName":	"TP2_HW",
			"systemDesc":	"TP2_HW",
			"sysIsBootAutoGen":	"true",
			"systemDispName":	"TP2_HW",
			"sysActiveDom":	"standalone_domain",
			"sysDefaultDom":	"standalone_domain",
			"domains":	[{
					"domainName":	"standalone_domain",
					"domainDispName":	"standalone_domain",
					"domainDesc":	"standalone_domain",
					"processors":	"microblaze_0",
					"os":	"standalone",
					"sdxOs":	"standalone",
					"debugEnable":	"False",
					"domRuntimes":	["cpp"],
					"swRepo":	"",
					"mssOsVer":	"7.3",
					"mssFile":	"",
					"md5Digest":	"bc3fe0c51cde63a1e181d0f597faa573",
					"compatibleApp":	"",
					"domType":	"mssDomain",
					"arch":	"32-bit",
					"appSettings":	{
						"appCompilerFlags":	"",
						"appLinkerFlags":	""
					},
					"addedLibs":	[],
					"libOptions":	{
						"libsContainingOptions":	[]
					},
					"prebuiltLibs":	{
						"prebuiltIncPath":	[],
						"prebuiltLibPath":	[]
					},
					"isolation":	{
					}
				}]
		}]
}
KEYINFO::2023-02-14.10:18:44::SCWPlatform::updated the xpfm file.
TRACE::2023-02-14.10:18:44::SCWPlatform::Trying to open the hw design at C:/Users/28607510/Desktop/TP2_M1S2_FPGA/TP2_HW/hw/TP2_wrapper.xsa
TRACE::2023-02-14.10:18:44::SCWPlatform::DSA given C:/Users/28607510/Desktop/TP2_M1S2_FPGA/TP2_HW/hw/TP2_wrapper.xsa
TRACE::2023-02-14.10:18:44::SCWPlatform::DSA absoulate path C:/Users/28607510/Desktop/TP2_M1S2_FPGA/TP2_HW/hw/TP2_wrapper.xsa
TRACE::2023-02-14.10:18:44::SCWPlatform::DSA directory C:/Users/28607510/Desktop/TP2_M1S2_FPGA/TP2_HW/hw
TRACE::2023-02-14.10:18:44::SCWPlatform:: Platform Path C:/Users/28607510/Desktop/TP2_M1S2_FPGA/TP2_HW/hw/TP2_wrapper.xsa
TRACE::2023-02-14.10:18:44::SCWPlatform:: Unique name xilinx:basys3::0.0
TRACE::2023-02-14.10:18:44::SCWPlatform::Trying to set the existing hwdb with name TP2_wrapper_0
TRACE::2023-02-14.10:18:44::SCWPlatform::Opened existing hwdb TP2_wrapper_0
TRACE::2023-02-14.10:18:44::SCWPlatform::Found the Hw Db part of the input DSA
TRACE::2023-02-14.10:18:44::SCWMssOS::Checking the sw design at  C:/Users/28607510/Desktop/TP2_M1S2_FPGA/TP2_HW/microblaze_0/standalone_domain/bsp/system.mss
TRACE::2023-02-14.10:18:44::SCWMssOS::DEBUG:  swdes dump  C:/Users/28607510/Desktop/TP2_M1S2_FPGA/TP2_HW/microblaze_0/standalone_domain/bsp/system.mss|system||

TRACE::2023-02-14.10:18:44::SCWMssOS::Sw design exists and opened at  C:/Users/28607510/Desktop/TP2_M1S2_FPGA/TP2_HW/microblaze_0/standalone_domain/bsp/system.mss
TRACE::2023-02-14.10:18:44::SCWMssOS::Saving the mss changes C:/Users/28607510/Desktop/TP2_M1S2_FPGA/TP2_HW/microblaze_0/standalone_domain/bsp/system.mss
TRACE::2023-02-14.10:18:44::SCWMssOS::Found a swdesign opened with the mssfile.
TRACE::2023-02-14.10:18:44::SCWMssOS::Completed writemss as part of save.
TRACE::2023-02-14.10:18:44::SCWMssOS::Commit changes completed.
TRACE::2023-02-14.10:18:44::SCWPlatform::Trying to open the hw design at C:/Users/28607510/Desktop/TP2_M1S2_FPGA/TP2_HW/hw/TP2_wrapper.xsa
TRACE::2023-02-14.10:18:44::SCWPlatform::DSA given C:/Users/28607510/Desktop/TP2_M1S2_FPGA/TP2_HW/hw/TP2_wrapper.xsa
TRACE::2023-02-14.10:18:44::SCWPlatform::DSA absoulate path C:/Users/28607510/Desktop/TP2_M1S2_FPGA/TP2_HW/hw/TP2_wrapper.xsa
TRACE::2023-02-14.10:18:44::SCWPlatform::DSA directory C:/Users/28607510/Desktop/TP2_M1S2_FPGA/TP2_HW/hw
TRACE::2023-02-14.10:18:44::SCWPlatform:: Platform Path C:/Users/28607510/Desktop/TP2_M1S2_FPGA/TP2_HW/hw/TP2_wrapper.xsa
TRACE::2023-02-14.10:18:44::SCWPlatform:: Unique name xilinx:basys3::0.0
TRACE::2023-02-14.10:18:44::SCWPlatform::Trying to set the existing hwdb with name TP2_wrapper_0
TRACE::2023-02-14.10:18:44::SCWPlatform::Opened existing hwdb TP2_wrapper_0
TRACE::2023-02-14.10:18:44::SCWPlatform::Found the Hw Db part of the input DSA
TRACE::2023-02-14.10:18:44::SCWMssOS::Checking the sw design at  C:/Users/28607510/Desktop/TP2_M1S2_FPGA/TP2_HW/microblaze_0/standalone_domain/bsp/system.mss
TRACE::2023-02-14.10:18:44::SCWMssOS::DEBUG:  swdes dump  C:/Users/28607510/Desktop/TP2_M1S2_FPGA/TP2_HW/microblaze_0/standalone_domain/bsp/system.mss|system||

TRACE::2023-02-14.10:18:44::SCWMssOS::Sw design exists and opened at  C:/Users/28607510/Desktop/TP2_M1S2_FPGA/TP2_HW/microblaze_0/standalone_domain/bsp/system.mss
TRACE::2023-02-14.10:18:44::SCWPlatform::Trying to open the hw design at C:/Users/28607510/Desktop/TP2_M1S2_FPGA/TP2_HW/hw/TP2_wrapper.xsa
TRACE::2023-02-14.10:18:44::SCWPlatform::DSA given C:/Users/28607510/Desktop/TP2_M1S2_FPGA/TP2_HW/hw/TP2_wrapper.xsa
TRACE::2023-02-14.10:18:44::SCWPlatform::DSA absoulate path C:/Users/28607510/Desktop/TP2_M1S2_FPGA/TP2_HW/hw/TP2_wrapper.xsa
TRACE::2023-02-14.10:18:44::SCWPlatform::DSA directory C:/Users/28607510/Desktop/TP2_M1S2_FPGA/TP2_HW/hw
TRACE::2023-02-14.10:18:44::SCWPlatform:: Platform Path C:/Users/28607510/Desktop/TP2_M1S2_FPGA/TP2_HW/hw/TP2_wrapper.xsa
TRACE::2023-02-14.10:18:44::SCWPlatform:: Unique name xilinx:basys3::0.0
TRACE::2023-02-14.10:18:44::SCWPlatform::Trying to set the existing hwdb with name TP2_wrapper_0
TRACE::2023-02-14.10:18:44::SCWPlatform::Opened existing hwdb TP2_wrapper_0
TRACE::2023-02-14.10:18:44::SCWPlatform::Found the Hw Db part of the input DSA
TRACE::2023-02-14.10:18:44::SCWMssOS::Checking the sw design at  C:/Users/28607510/Desktop/TP2_M1S2_FPGA/TP2_HW/microblaze_0/standalone_domain/bsp/system.mss
TRACE::2023-02-14.10:18:44::SCWMssOS::DEBUG:  swdes dump  C:/Users/28607510/Desktop/TP2_M1S2_FPGA/TP2_HW/microblaze_0/standalone_domain/bsp/system.mss|system||

TRACE::2023-02-14.10:18:44::SCWMssOS::Sw design exists and opened at  C:/Users/28607510/Desktop/TP2_M1S2_FPGA/TP2_HW/microblaze_0/standalone_domain/bsp/system.mss
TRACE::2023-02-14.10:18:44::SCWPlatform::Trying to open the hw design at C:/Users/28607510/Desktop/TP2_M1S2_FPGA/TP2_HW/hw/TP2_wrapper.xsa
TRACE::2023-02-14.10:18:44::SCWPlatform::DSA given C:/Users/28607510/Desktop/TP2_M1S2_FPGA/TP2_HW/hw/TP2_wrapper.xsa
TRACE::2023-02-14.10:18:44::SCWPlatform::DSA absoulate path C:/Users/28607510/Desktop/TP2_M1S2_FPGA/TP2_HW/hw/TP2_wrapper.xsa
TRACE::2023-02-14.10:18:44::SCWPlatform::DSA directory C:/Users/28607510/Desktop/TP2_M1S2_FPGA/TP2_HW/hw
TRACE::2023-02-14.10:18:44::SCWPlatform:: Platform Path C:/Users/28607510/Desktop/TP2_M1S2_FPGA/TP2_HW/hw/TP2_wrapper.xsa
TRACE::2023-02-14.10:18:44::SCWPlatform:: Unique name xilinx:basys3::0.0
TRACE::2023-02-14.10:18:44::SCWPlatform::Trying to set the existing hwdb with name TP2_wrapper_0
TRACE::2023-02-14.10:18:44::SCWPlatform::Opened existing hwdb TP2_wrapper_0
TRACE::2023-02-14.10:18:44::SCWPlatform::Found the Hw Db part of the input DSA
TRACE::2023-02-14.10:18:44::SCWMssOS::Checking the sw design at  C:/Users/28607510/Desktop/TP2_M1S2_FPGA/TP2_HW/microblaze_0/standalone_domain/bsp/system.mss
TRACE::2023-02-14.10:18:44::SCWMssOS::DEBUG:  swdes dump  C:/Users/28607510/Desktop/TP2_M1S2_FPGA/TP2_HW/microblaze_0/standalone_domain/bsp/system.mss|system||

TRACE::2023-02-14.10:18:44::SCWMssOS::Sw design exists and opened at  C:/Users/28607510/Desktop/TP2_M1S2_FPGA/TP2_HW/microblaze_0/standalone_domain/bsp/system.mss
TRACE::2023-02-14.10:18:44::SCWWriter::formatted JSON is {
	"platformName":	"TP2_HW",
	"sprVersion":	"2.0",
	"mode":	"gui",
	"dsaType":	"Fixed",
	"platformDesc":	"TP2_HW",
	"platHandOff":	"C:/Users/28607510/Desktop/TP2_M1S2_FPGA/TP2_wrapper.xsa",
	"platIntHandOff":	"<platformDir>/hw/TP2_wrapper.xsa",
	"deviceType":	"FPGA",
	"platIsPrebuiltAutogen":	"false",
	"platIsNoBootBsp":	"false",
	"hasFsblMakeHasChanges":	"false",
	"hasPmufwMakeHasChanges":	"false",
	"platPreBuiltFlag":	false,
	"platformSamplesDir":	"",
	"platActiveSys":	"TP2_HW",
	"systems":	[{
			"systemName":	"TP2_HW",
			"systemDesc":	"TP2_HW",
			"sysIsBootAutoGen":	"true",
			"systemDispName":	"TP2_HW",
			"sysActiveDom":	"standalone_domain",
			"sysDefaultDom":	"standalone_domain",
			"domains":	[{
					"domainName":	"standalone_domain",
					"domainDispName":	"standalone_domain",
					"domainDesc":	"standalone_domain",
					"processors":	"microblaze_0",
					"os":	"standalone",
					"sdxOs":	"standalone",
					"debugEnable":	"False",
					"domRuntimes":	["cpp"],
					"swRepo":	"",
					"mssOsVer":	"7.3",
					"mssFile":	"",
					"md5Digest":	"bc3fe0c51cde63a1e181d0f597faa573",
					"compatibleApp":	"",
					"domType":	"mssDomain",
					"arch":	"32-bit",
					"appSettings":	{
						"appCompilerFlags":	"",
						"appLinkerFlags":	""
					},
					"addedLibs":	[],
					"libOptions":	{
						"libsContainingOptions":	[]
					},
					"prebuiltLibs":	{
						"prebuiltIncPath":	[],
						"prebuiltLibPath":	[]
					},
					"isolation":	{
					}
				}]
		}]
}
TRACE::2023-02-14.10:18:44::SCWPlatform::Trying to open the hw design at C:/Users/28607510/Desktop/TP2_M1S2_FPGA/TP2_HW/hw/TP2_wrapper.xsa
TRACE::2023-02-14.10:18:44::SCWPlatform::DSA given C:/Users/28607510/Desktop/TP2_M1S2_FPGA/TP2_HW/hw/TP2_wrapper.xsa
TRACE::2023-02-14.10:18:44::SCWPlatform::DSA absoulate path C:/Users/28607510/Desktop/TP2_M1S2_FPGA/TP2_HW/hw/TP2_wrapper.xsa
TRACE::2023-02-14.10:18:44::SCWPlatform::DSA directory C:/Users/28607510/Desktop/TP2_M1S2_FPGA/TP2_HW/hw
TRACE::2023-02-14.10:18:44::SCWPlatform:: Platform Path C:/Users/28607510/Desktop/TP2_M1S2_FPGA/TP2_HW/hw/TP2_wrapper.xsa
TRACE::2023-02-14.10:18:44::SCWPlatform:: Unique name xilinx:basys3::0.0
TRACE::2023-02-14.10:18:44::SCWPlatform::Trying to set the existing hwdb with name TP2_wrapper_0
TRACE::2023-02-14.10:18:44::SCWPlatform::Opened existing hwdb TP2_wrapper_0
TRACE::2023-02-14.10:18:44::SCWPlatform::Found the Hw Db part of the input DSA
TRACE::2023-02-14.10:18:44::SCWMssOS::Checking the sw design at  C:/Users/28607510/Desktop/TP2_M1S2_FPGA/TP2_HW/microblaze_0/standalone_domain/bsp/system.mss
TRACE::2023-02-14.10:18:44::SCWMssOS::DEBUG:  swdes dump  C:/Users/28607510/Desktop/TP2_M1S2_FPGA/TP2_HW/microblaze_0/standalone_domain/bsp/system.mss|system||

TRACE::2023-02-14.10:18:44::SCWMssOS::Sw design exists and opened at  C:/Users/28607510/Desktop/TP2_M1S2_FPGA/TP2_HW/microblaze_0/standalone_domain/bsp/system.mss
TRACE::2023-02-14.10:18:44::SCWPlatform::Trying to open the hw design at C:/Users/28607510/Desktop/TP2_M1S2_FPGA/TP2_HW/hw/TP2_wrapper.xsa
TRACE::2023-02-14.10:18:44::SCWPlatform::DSA given C:/Users/28607510/Desktop/TP2_M1S2_FPGA/TP2_HW/hw/TP2_wrapper.xsa
TRACE::2023-02-14.10:18:44::SCWPlatform::DSA absoulate path C:/Users/28607510/Desktop/TP2_M1S2_FPGA/TP2_HW/hw/TP2_wrapper.xsa
TRACE::2023-02-14.10:18:44::SCWPlatform::DSA directory C:/Users/28607510/Desktop/TP2_M1S2_FPGA/TP2_HW/hw
TRACE::2023-02-14.10:18:44::SCWPlatform:: Platform Path C:/Users/28607510/Desktop/TP2_M1S2_FPGA/TP2_HW/hw/TP2_wrapper.xsa
TRACE::2023-02-14.10:18:44::SCWPlatform:: Unique name xilinx:basys3::0.0
TRACE::2023-02-14.10:18:44::SCWPlatform::Trying to set the existing hwdb with name TP2_wrapper_0
TRACE::2023-02-14.10:18:44::SCWPlatform::Opened existing hwdb TP2_wrapper_0
TRACE::2023-02-14.10:18:44::SCWPlatform::Found the Hw Db part of the input DSA
TRACE::2023-02-14.10:18:44::SCWMssOS::Checking the sw design at  C:/Users/28607510/Desktop/TP2_M1S2_FPGA/TP2_HW/microblaze_0/standalone_domain/bsp/system.mss
TRACE::2023-02-14.10:18:44::SCWMssOS::DEBUG:  swdes dump  C:/Users/28607510/Desktop/TP2_M1S2_FPGA/TP2_HW/microblaze_0/standalone_domain/bsp/system.mss|system||

TRACE::2023-02-14.10:18:44::SCWMssOS::Sw design exists and opened at  C:/Users/28607510/Desktop/TP2_M1S2_FPGA/TP2_HW/microblaze_0/standalone_domain/bsp/system.mss
TRACE::2023-02-14.10:18:44::SCWPlatform::Trying to open the hw design at C:/Users/28607510/Desktop/TP2_M1S2_FPGA/TP2_HW/hw/TP2_wrapper.xsa
TRACE::2023-02-14.10:18:44::SCWPlatform::DSA given C:/Users/28607510/Desktop/TP2_M1S2_FPGA/TP2_HW/hw/TP2_wrapper.xsa
TRACE::2023-02-14.10:18:44::SCWPlatform::DSA absoulate path C:/Users/28607510/Desktop/TP2_M1S2_FPGA/TP2_HW/hw/TP2_wrapper.xsa
TRACE::2023-02-14.10:18:44::SCWPlatform::DSA directory C:/Users/28607510/Desktop/TP2_M1S2_FPGA/TP2_HW/hw
TRACE::2023-02-14.10:18:44::SCWPlatform:: Platform Path C:/Users/28607510/Desktop/TP2_M1S2_FPGA/TP2_HW/hw/TP2_wrapper.xsa
TRACE::2023-02-14.10:18:44::SCWPlatform:: Unique name xilinx:basys3::0.0
TRACE::2023-02-14.10:18:44::SCWPlatform::Trying to set the existing hwdb with name TP2_wrapper_0
TRACE::2023-02-14.10:18:44::SCWPlatform::Opened existing hwdb TP2_wrapper_0
TRACE::2023-02-14.10:18:44::SCWPlatform::Found the Hw Db part of the input DSA
TRACE::2023-02-14.10:18:44::SCWMssOS::Checking the sw design at  C:/Users/28607510/Desktop/TP2_M1S2_FPGA/TP2_HW/microblaze_0/standalone_domain/bsp/system.mss
TRACE::2023-02-14.10:18:44::SCWMssOS::DEBUG:  swdes dump  C:/Users/28607510/Desktop/TP2_M1S2_FPGA/TP2_HW/microblaze_0/standalone_domain/bsp/system.mss|system||

TRACE::2023-02-14.10:18:44::SCWMssOS::Sw design exists and opened at  C:/Users/28607510/Desktop/TP2_M1S2_FPGA/TP2_HW/microblaze_0/standalone_domain/bsp/system.mss
TRACE::2023-02-14.10:18:44::SCWMssOS::Saving the mss changes C:/Users/28607510/Desktop/TP2_M1S2_FPGA/TP2_HW/microblaze_0/standalone_domain/bsp/system.mss
TRACE::2023-02-14.10:18:44::SCWMssOS::Found a swdesign opened with the mssfile.
TRACE::2023-02-14.10:18:44::SCWMssOS::Completed writemss as part of save.
TRACE::2023-02-14.10:18:44::SCWMssOS::Commit changes completed.
TRACE::2023-02-14.10:18:44::SCWPlatform::Trying to open the hw design at C:/Users/28607510/Desktop/TP2_M1S2_FPGA/TP2_HW/hw/TP2_wrapper.xsa
TRACE::2023-02-14.10:18:44::SCWPlatform::DSA given C:/Users/28607510/Desktop/TP2_M1S2_FPGA/TP2_HW/hw/TP2_wrapper.xsa
TRACE::2023-02-14.10:18:44::SCWPlatform::DSA absoulate path C:/Users/28607510/Desktop/TP2_M1S2_FPGA/TP2_HW/hw/TP2_wrapper.xsa
TRACE::2023-02-14.10:18:44::SCWPlatform::DSA directory C:/Users/28607510/Desktop/TP2_M1S2_FPGA/TP2_HW/hw
TRACE::2023-02-14.10:18:44::SCWPlatform:: Platform Path C:/Users/28607510/Desktop/TP2_M1S2_FPGA/TP2_HW/hw/TP2_wrapper.xsa
TRACE::2023-02-14.10:18:44::SCWPlatform:: Unique name xilinx:basys3::0.0
TRACE::2023-02-14.10:18:44::SCWPlatform::Trying to set the existing hwdb with name TP2_wrapper_0
TRACE::2023-02-14.10:18:44::SCWPlatform::Opened existing hwdb TP2_wrapper_0
TRACE::2023-02-14.10:18:44::SCWPlatform::Found the Hw Db part of the input DSA
TRACE::2023-02-14.10:18:44::SCWMssOS::Checking the sw design at  C:/Users/28607510/Desktop/TP2_M1S2_FPGA/TP2_HW/microblaze_0/standalone_domain/bsp/system.mss
TRACE::2023-02-14.10:18:44::SCWMssOS::DEBUG:  swdes dump  C:/Users/28607510/Desktop/TP2_M1S2_FPGA/TP2_HW/microblaze_0/standalone_domain/bsp/system.mss|system||

TRACE::2023-02-14.10:18:44::SCWMssOS::Sw design exists and opened at  C:/Users/28607510/Desktop/TP2_M1S2_FPGA/TP2_HW/microblaze_0/standalone_domain/bsp/system.mss
TRACE::2023-02-14.10:18:44::SCWPlatform::Trying to open the hw design at C:/Users/28607510/Desktop/TP2_M1S2_FPGA/TP2_HW/hw/TP2_wrapper.xsa
TRACE::2023-02-14.10:18:44::SCWPlatform::DSA given C:/Users/28607510/Desktop/TP2_M1S2_FPGA/TP2_HW/hw/TP2_wrapper.xsa
TRACE::2023-02-14.10:18:44::SCWPlatform::DSA absoulate path C:/Users/28607510/Desktop/TP2_M1S2_FPGA/TP2_HW/hw/TP2_wrapper.xsa
TRACE::2023-02-14.10:18:44::SCWPlatform::DSA directory C:/Users/28607510/Desktop/TP2_M1S2_FPGA/TP2_HW/hw
TRACE::2023-02-14.10:18:44::SCWPlatform:: Platform Path C:/Users/28607510/Desktop/TP2_M1S2_FPGA/TP2_HW/hw/TP2_wrapper.xsa
TRACE::2023-02-14.10:18:44::SCWPlatform:: Unique name xilinx:basys3::0.0
TRACE::2023-02-14.10:18:44::SCWPlatform::Trying to set the existing hwdb with name TP2_wrapper_0
TRACE::2023-02-14.10:18:44::SCWPlatform::Opened existing hwdb TP2_wrapper_0
TRACE::2023-02-14.10:18:44::SCWPlatform::Found the Hw Db part of the input DSA
TRACE::2023-02-14.10:18:44::SCWMssOS::Checking the sw design at  C:/Users/28607510/Desktop/TP2_M1S2_FPGA/TP2_HW/microblaze_0/standalone_domain/bsp/system.mss
TRACE::2023-02-14.10:18:44::SCWMssOS::DEBUG:  swdes dump  C:/Users/28607510/Desktop/TP2_M1S2_FPGA/TP2_HW/microblaze_0/standalone_domain/bsp/system.mss|system||

TRACE::2023-02-14.10:18:44::SCWMssOS::Sw design exists and opened at  C:/Users/28607510/Desktop/TP2_M1S2_FPGA/TP2_HW/microblaze_0/standalone_domain/bsp/system.mss
TRACE::2023-02-14.10:18:44::SCWPlatform::Trying to open the hw design at C:/Users/28607510/Desktop/TP2_M1S2_FPGA/TP2_HW/hw/TP2_wrapper.xsa
TRACE::2023-02-14.10:18:44::SCWPlatform::DSA given C:/Users/28607510/Desktop/TP2_M1S2_FPGA/TP2_HW/hw/TP2_wrapper.xsa
TRACE::2023-02-14.10:18:44::SCWPlatform::DSA absoulate path C:/Users/28607510/Desktop/TP2_M1S2_FPGA/TP2_HW/hw/TP2_wrapper.xsa
TRACE::2023-02-14.10:18:44::SCWPlatform::DSA directory C:/Users/28607510/Desktop/TP2_M1S2_FPGA/TP2_HW/hw
TRACE::2023-02-14.10:18:44::SCWPlatform:: Platform Path C:/Users/28607510/Desktop/TP2_M1S2_FPGA/TP2_HW/hw/TP2_wrapper.xsa
TRACE::2023-02-14.10:18:44::SCWPlatform:: Unique name xilinx:basys3::0.0
TRACE::2023-02-14.10:18:44::SCWPlatform::Trying to set the existing hwdb with name TP2_wrapper_0
TRACE::2023-02-14.10:18:44::SCWPlatform::Opened existing hwdb TP2_wrapper_0
TRACE::2023-02-14.10:18:44::SCWPlatform::Found the Hw Db part of the input DSA
TRACE::2023-02-14.10:18:44::SCWMssOS::Checking the sw design at  C:/Users/28607510/Desktop/TP2_M1S2_FPGA/TP2_HW/microblaze_0/standalone_domain/bsp/system.mss
TRACE::2023-02-14.10:18:44::SCWMssOS::DEBUG:  swdes dump  C:/Users/28607510/Desktop/TP2_M1S2_FPGA/TP2_HW/microblaze_0/standalone_domain/bsp/system.mss|system||

TRACE::2023-02-14.10:18:44::SCWMssOS::Sw design exists and opened at  C:/Users/28607510/Desktop/TP2_M1S2_FPGA/TP2_HW/microblaze_0/standalone_domain/bsp/system.mss
TRACE::2023-02-14.10:18:44::SCWWriter::formatted JSON is {
	"platformName":	"TP2_HW",
	"sprVersion":	"2.0",
	"mode":	"gui",
	"dsaType":	"Fixed",
	"platformDesc":	"TP2_HW",
	"platHandOff":	"C:/Users/28607510/Desktop/TP2_M1S2_FPGA/TP2_wrapper.xsa",
	"platIntHandOff":	"<platformDir>/hw/TP2_wrapper.xsa",
	"deviceType":	"FPGA",
	"platIsPrebuiltAutogen":	"false",
	"platIsNoBootBsp":	"false",
	"hasFsblMakeHasChanges":	"false",
	"hasPmufwMakeHasChanges":	"false",
	"platPreBuiltFlag":	false,
	"platformSamplesDir":	"",
	"platActiveSys":	"TP2_HW",
	"systems":	[{
			"systemName":	"TP2_HW",
			"systemDesc":	"TP2_HW",
			"sysIsBootAutoGen":	"true",
			"systemDispName":	"TP2_HW",
			"sysActiveDom":	"standalone_domain",
			"sysDefaultDom":	"standalone_domain",
			"domains":	[{
					"domainName":	"standalone_domain",
					"domainDispName":	"standalone on microblaze_0",
					"domainDesc":	"standalone_domain",
					"processors":	"microblaze_0",
					"os":	"standalone",
					"sdxOs":	"standalone",
					"debugEnable":	"False",
					"domRuntimes":	["cpp"],
					"swRepo":	"",
					"mssOsVer":	"7.3",
					"mssFile":	"",
					"md5Digest":	"bc3fe0c51cde63a1e181d0f597faa573",
					"compatibleApp":	"",
					"domType":	"mssDomain",
					"arch":	"32-bit",
					"appSettings":	{
						"appCompilerFlags":	"",
						"appLinkerFlags":	""
					},
					"addedLibs":	[],
					"libOptions":	{
						"libsContainingOptions":	[]
					},
					"prebuiltLibs":	{
						"prebuiltIncPath":	[],
						"prebuiltLibPath":	[]
					},
					"isolation":	{
					}
				}]
		}]
}
TRACE::2023-02-14.10:18:44::SCWMssOS::Saving the mss changes C:/Users/28607510/Desktop/TP2_M1S2_FPGA/TP2_HW/microblaze_0/standalone_domain/bsp/system.mss
TRACE::2023-02-14.10:18:44::SCWMssOS::Found a swdesign opened with the mssfile.
TRACE::2023-02-14.10:18:44::SCWMssOS::Completed writemss as part of save.
TRACE::2023-02-14.10:18:44::SCWMssOS::Commit changes completed.
TRACE::2023-02-14.10:18:44::SCWPlatform::Trying to open the hw design at C:/Users/28607510/Desktop/TP2_M1S2_FPGA/TP2_HW/hw/TP2_wrapper.xsa
TRACE::2023-02-14.10:18:44::SCWPlatform::DSA given C:/Users/28607510/Desktop/TP2_M1S2_FPGA/TP2_HW/hw/TP2_wrapper.xsa
TRACE::2023-02-14.10:18:44::SCWPlatform::DSA absoulate path C:/Users/28607510/Desktop/TP2_M1S2_FPGA/TP2_HW/hw/TP2_wrapper.xsa
TRACE::2023-02-14.10:18:44::SCWPlatform::DSA directory C:/Users/28607510/Desktop/TP2_M1S2_FPGA/TP2_HW/hw
TRACE::2023-02-14.10:18:44::SCWPlatform:: Platform Path C:/Users/28607510/Desktop/TP2_M1S2_FPGA/TP2_HW/hw/TP2_wrapper.xsa
TRACE::2023-02-14.10:18:44::SCWPlatform:: Unique name xilinx:basys3::0.0
TRACE::2023-02-14.10:18:44::SCWPlatform::Trying to set the existing hwdb with name TP2_wrapper_0
TRACE::2023-02-14.10:18:44::SCWPlatform::Opened existing hwdb TP2_wrapper_0
TRACE::2023-02-14.10:18:44::SCWPlatform::Found the Hw Db part of the input DSA
TRACE::2023-02-14.10:18:44::SCWMssOS::Checking the sw design at  C:/Users/28607510/Desktop/TP2_M1S2_FPGA/TP2_HW/microblaze_0/standalone_domain/bsp/system.mss
TRACE::2023-02-14.10:18:44::SCWMssOS::DEBUG:  swdes dump  C:/Users/28607510/Desktop/TP2_M1S2_FPGA/TP2_HW/microblaze_0/standalone_domain/bsp/system.mss|system||

TRACE::2023-02-14.10:18:44::SCWMssOS::Sw design exists and opened at  C:/Users/28607510/Desktop/TP2_M1S2_FPGA/TP2_HW/microblaze_0/standalone_domain/bsp/system.mss
TRACE::2023-02-14.10:18:44::SCWPlatform::Trying to open the hw design at C:/Users/28607510/Desktop/TP2_M1S2_FPGA/TP2_HW/hw/TP2_wrapper.xsa
TRACE::2023-02-14.10:18:44::SCWPlatform::DSA given C:/Users/28607510/Desktop/TP2_M1S2_FPGA/TP2_HW/hw/TP2_wrapper.xsa
TRACE::2023-02-14.10:18:44::SCWPlatform::DSA absoulate path C:/Users/28607510/Desktop/TP2_M1S2_FPGA/TP2_HW/hw/TP2_wrapper.xsa
TRACE::2023-02-14.10:18:44::SCWPlatform::DSA directory C:/Users/28607510/Desktop/TP2_M1S2_FPGA/TP2_HW/hw
TRACE::2023-02-14.10:18:44::SCWPlatform:: Platform Path C:/Users/28607510/Desktop/TP2_M1S2_FPGA/TP2_HW/hw/TP2_wrapper.xsa
TRACE::2023-02-14.10:18:44::SCWPlatform:: Unique name xilinx:basys3::0.0
TRACE::2023-02-14.10:18:44::SCWPlatform::Trying to set the existing hwdb with name TP2_wrapper_0
TRACE::2023-02-14.10:18:44::SCWPlatform::Opened existing hwdb TP2_wrapper_0
TRACE::2023-02-14.10:18:44::SCWPlatform::Found the Hw Db part of the input DSA
TRACE::2023-02-14.10:18:44::SCWMssOS::Checking the sw design at  C:/Users/28607510/Desktop/TP2_M1S2_FPGA/TP2_HW/microblaze_0/standalone_domain/bsp/system.mss
TRACE::2023-02-14.10:18:44::SCWMssOS::DEBUG:  swdes dump  C:/Users/28607510/Desktop/TP2_M1S2_FPGA/TP2_HW/microblaze_0/standalone_domain/bsp/system.mss|system||

TRACE::2023-02-14.10:18:44::SCWMssOS::Sw design exists and opened at  C:/Users/28607510/Desktop/TP2_M1S2_FPGA/TP2_HW/microblaze_0/standalone_domain/bsp/system.mss
TRACE::2023-02-14.10:18:44::SCWPlatform::Trying to open the hw design at C:/Users/28607510/Desktop/TP2_M1S2_FPGA/TP2_HW/hw/TP2_wrapper.xsa
TRACE::2023-02-14.10:18:44::SCWPlatform::DSA given C:/Users/28607510/Desktop/TP2_M1S2_FPGA/TP2_HW/hw/TP2_wrapper.xsa
TRACE::2023-02-14.10:18:44::SCWPlatform::DSA absoulate path C:/Users/28607510/Desktop/TP2_M1S2_FPGA/TP2_HW/hw/TP2_wrapper.xsa
TRACE::2023-02-14.10:18:44::SCWPlatform::DSA directory C:/Users/28607510/Desktop/TP2_M1S2_FPGA/TP2_HW/hw
TRACE::2023-02-14.10:18:44::SCWPlatform:: Platform Path C:/Users/28607510/Desktop/TP2_M1S2_FPGA/TP2_HW/hw/TP2_wrapper.xsa
TRACE::2023-02-14.10:18:44::SCWPlatform:: Unique name xilinx:basys3::0.0
TRACE::2023-02-14.10:18:44::SCWPlatform::Trying to set the existing hwdb with name TP2_wrapper_0
TRACE::2023-02-14.10:18:44::SCWPlatform::Opened existing hwdb TP2_wrapper_0
TRACE::2023-02-14.10:18:44::SCWPlatform::Found the Hw Db part of the input DSA
TRACE::2023-02-14.10:18:44::SCWMssOS::Checking the sw design at  C:/Users/28607510/Desktop/TP2_M1S2_FPGA/TP2_HW/microblaze_0/standalone_domain/bsp/system.mss
TRACE::2023-02-14.10:18:44::SCWMssOS::DEBUG:  swdes dump  C:/Users/28607510/Desktop/TP2_M1S2_FPGA/TP2_HW/microblaze_0/standalone_domain/bsp/system.mss|system||

TRACE::2023-02-14.10:18:44::SCWMssOS::Sw design exists and opened at  C:/Users/28607510/Desktop/TP2_M1S2_FPGA/TP2_HW/microblaze_0/standalone_domain/bsp/system.mss
TRACE::2023-02-14.10:18:44::SCWWriter::formatted JSON is {
	"platformName":	"TP2_HW",
	"sprVersion":	"2.0",
	"mode":	"gui",
	"dsaType":	"Fixed",
	"platformDesc":	"TP2_HW",
	"platHandOff":	"C:/Users/28607510/Desktop/TP2_M1S2_FPGA/TP2_wrapper.xsa",
	"platIntHandOff":	"<platformDir>/hw/TP2_wrapper.xsa",
	"deviceType":	"FPGA",
	"platIsPrebuiltAutogen":	"false",
	"platIsNoBootBsp":	"false",
	"hasFsblMakeHasChanges":	"false",
	"hasPmufwMakeHasChanges":	"false",
	"platPreBuiltFlag":	false,
	"platformSamplesDir":	"",
	"platActiveSys":	"TP2_HW",
	"systems":	[{
			"systemName":	"TP2_HW",
			"systemDesc":	"TP2_HW",
			"sysIsBootAutoGen":	"true",
			"systemDispName":	"TP2_HW",
			"sysActiveDom":	"standalone_domain",
			"sysDefaultDom":	"standalone_domain",
			"domains":	[{
					"domainName":	"standalone_domain",
					"domainDispName":	"standalone on microblaze_0",
					"domainDesc":	"standalone_domain",
					"processors":	"microblaze_0",
					"os":	"standalone",
					"sdxOs":	"standalone",
					"debugEnable":	"False",
					"domRuntimes":	["cpp"],
					"swRepo":	"",
					"mssOsVer":	"7.3",
					"mssFile":	"",
					"md5Digest":	"bc3fe0c51cde63a1e181d0f597faa573",
					"compatibleApp":	"",
					"domType":	"mssDomain",
					"arch":	"32-bit",
					"appSettings":	{
						"appCompilerFlags":	"",
						"appLinkerFlags":	""
					},
					"addedLibs":	[],
					"libOptions":	{
						"libsContainingOptions":	[]
					},
					"prebuiltLibs":	{
						"prebuiltIncPath":	[],
						"prebuiltLibPath":	[]
					},
					"isolation":	{
					}
				}]
		}]
}
TRACE::2023-02-14.10:18:45::SCWPlatform::Clearing the existing platform
TRACE::2023-02-14.10:18:45::SCWSystem::Clearing the existing sysconfig
TRACE::2023-02-14.10:18:45::SCWMssOS::Removing the swdes entry for  C:/Users/28607510/Desktop/TP2_M1S2_FPGA/TP2_HW/microblaze_0/standalone_domain/bsp/system.mss
TRACE::2023-02-14.10:18:45::SCWSystem::Clearing the domains completed.
TRACE::2023-02-14.10:18:45::SCWPlatform::Clearing the opened hw db.
TRACE::2023-02-14.10:18:45::SCWPlatform::DSA given C:/Users/28607510/Desktop/TP2_M1S2_FPGA/TP2_HW/hw/TP2_wrapper.xsa
TRACE::2023-02-14.10:18:45::SCWPlatform::DSA absoulate path C:/Users/28607510/Desktop/TP2_M1S2_FPGA/TP2_HW/hw/TP2_wrapper.xsa
TRACE::2023-02-14.10:18:45::SCWPlatform:: Platform location is C:/Users/28607510/Desktop/TP2_M1S2_FPGA/TP2_HW/hw
TRACE::2023-02-14.10:18:45::SCWPlatform:: Platform Path C:/Users/28607510/Desktop/TP2_M1S2_FPGA/TP2_HW/hw/TP2_wrapper.xsa
TRACE::2023-02-14.10:18:45::SCWPlatform:: Unique name xilinx:basys3::0.0
TRACE::2023-02-14.10:18:45::SCWPlatform::Removing the HwDB with name C:/Users/28607510/Desktop/TP2_M1S2_FPGA/TP2_HW/hw/TP2_wrapper.xsa
TRACE::2023-02-14.10:18:45::SCWPlatform::Trying to open the hw design at C:/Users/28607510/Desktop/TP2_M1S2_FPGA/TP2_HW/hw/TP2_wrapper.xsa
TRACE::2023-02-14.10:18:45::SCWPlatform::DSA given C:/Users/28607510/Desktop/TP2_M1S2_FPGA/TP2_HW/hw/TP2_wrapper.xsa
TRACE::2023-02-14.10:18:45::SCWPlatform::DSA absoulate path C:/Users/28607510/Desktop/TP2_M1S2_FPGA/TP2_HW/hw/TP2_wrapper.xsa
TRACE::2023-02-14.10:18:45::SCWPlatform::DSA directory C:/Users/28607510/Desktop/TP2_M1S2_FPGA/TP2_HW/hw
TRACE::2023-02-14.10:18:45::SCWPlatform:: Platform Path C:/Users/28607510/Desktop/TP2_M1S2_FPGA/TP2_HW/hw/TP2_wrapper.xsa
TRACE::2023-02-14.10:18:45::SCWPlatform:: Unique name xilinx:basys3::0.0
TRACE::2023-02-14.10:18:45::SCWPlatform::Do not have an existing db opened. 
TRACE::2023-02-14.10:18:45::SCWPlatform::Opened new HwDB with name TP2_wrapper_1
TRACE::2023-02-14.10:18:45::SCWReader::Active system found as  TP2_HW
TRACE::2023-02-14.10:18:45::SCWReader::Handling sysconfig TP2_HW
TRACE::2023-02-14.10:18:45::SCWDomain::checking for install qemu data   : 
TRACE::2023-02-14.10:18:45::SCWPlatform::Trying to open the hw design at C:/Users/28607510/Desktop/TP2_M1S2_FPGA/TP2_HW/hw/TP2_wrapper.xsa
TRACE::2023-02-14.10:18:45::SCWPlatform::DSA given C:/Users/28607510/Desktop/TP2_M1S2_FPGA/TP2_HW/hw/TP2_wrapper.xsa
TRACE::2023-02-14.10:18:45::SCWPlatform::DSA absoulate path C:/Users/28607510/Desktop/TP2_M1S2_FPGA/TP2_HW/hw/TP2_wrapper.xsa
TRACE::2023-02-14.10:18:45::SCWPlatform::DSA directory C:/Users/28607510/Desktop/TP2_M1S2_FPGA/TP2_HW/hw
TRACE::2023-02-14.10:18:45::SCWPlatform:: Platform Path C:/Users/28607510/Desktop/TP2_M1S2_FPGA/TP2_HW/hw/TP2_wrapper.xsa
TRACE::2023-02-14.10:18:45::SCWPlatform:: Unique name xilinx:basys3::0.0
TRACE::2023-02-14.10:18:45::SCWPlatform::Trying to set the existing hwdb with name TP2_wrapper_1
TRACE::2023-02-14.10:18:45::SCWPlatform::Opened existing hwdb TP2_wrapper_1
TRACE::2023-02-14.10:18:45::SCWPlatform::Found the Hw Db part of the input DSA
TRACE::2023-02-14.10:18:45::SCWPlatform::Trying to open the hw design at C:/Users/28607510/Desktop/TP2_M1S2_FPGA/TP2_HW/hw/TP2_wrapper.xsa
TRACE::2023-02-14.10:18:45::SCWPlatform::DSA given C:/Users/28607510/Desktop/TP2_M1S2_FPGA/TP2_HW/hw/TP2_wrapper.xsa
TRACE::2023-02-14.10:18:45::SCWPlatform::DSA absoulate path C:/Users/28607510/Desktop/TP2_M1S2_FPGA/TP2_HW/hw/TP2_wrapper.xsa
TRACE::2023-02-14.10:18:45::SCWPlatform::DSA directory C:/Users/28607510/Desktop/TP2_M1S2_FPGA/TP2_HW/hw
TRACE::2023-02-14.10:18:45::SCWPlatform:: Platform Path C:/Users/28607510/Desktop/TP2_M1S2_FPGA/TP2_HW/hw/TP2_wrapper.xsa
TRACE::2023-02-14.10:18:45::SCWPlatform:: Unique name xilinx:basys3::0.0
TRACE::2023-02-14.10:18:45::SCWPlatform::Trying to set the existing hwdb with name TP2_wrapper_1
TRACE::2023-02-14.10:18:45::SCWPlatform::Opened existing hwdb TP2_wrapper_1
TRACE::2023-02-14.10:18:45::SCWPlatform::Found the Hw Db part of the input DSA
TRACE::2023-02-14.10:18:45::SCWPlatform::Trying to open the hw design at C:/Users/28607510/Desktop/TP2_M1S2_FPGA/TP2_HW/hw/TP2_wrapper.xsa
TRACE::2023-02-14.10:18:45::SCWPlatform::DSA given C:/Users/28607510/Desktop/TP2_M1S2_FPGA/TP2_HW/hw/TP2_wrapper.xsa
TRACE::2023-02-14.10:18:45::SCWPlatform::DSA absoulate path C:/Users/28607510/Desktop/TP2_M1S2_FPGA/TP2_HW/hw/TP2_wrapper.xsa
TRACE::2023-02-14.10:18:45::SCWPlatform::DSA directory C:/Users/28607510/Desktop/TP2_M1S2_FPGA/TP2_HW/hw
TRACE::2023-02-14.10:18:45::SCWPlatform:: Platform Path C:/Users/28607510/Desktop/TP2_M1S2_FPGA/TP2_HW/hw/TP2_wrapper.xsa
TRACE::2023-02-14.10:18:45::SCWPlatform:: Unique name xilinx:basys3::0.0
TRACE::2023-02-14.10:18:45::SCWPlatform::Trying to set the existing hwdb with name TP2_wrapper_1
TRACE::2023-02-14.10:18:45::SCWPlatform::Opened existing hwdb TP2_wrapper_1
TRACE::2023-02-14.10:18:45::SCWPlatform::Found the Hw Db part of the input DSA
TRACE::2023-02-14.10:18:45::SCWPlatform::Trying to open the hw design at C:/Users/28607510/Desktop/TP2_M1S2_FPGA/TP2_HW/hw/TP2_wrapper.xsa
TRACE::2023-02-14.10:18:45::SCWPlatform::DSA given C:/Users/28607510/Desktop/TP2_M1S2_FPGA/TP2_HW/hw/TP2_wrapper.xsa
TRACE::2023-02-14.10:18:45::SCWPlatform::DSA absoulate path C:/Users/28607510/Desktop/TP2_M1S2_FPGA/TP2_HW/hw/TP2_wrapper.xsa
TRACE::2023-02-14.10:18:45::SCWPlatform::DSA directory C:/Users/28607510/Desktop/TP2_M1S2_FPGA/TP2_HW/hw
TRACE::2023-02-14.10:18:45::SCWPlatform:: Platform Path C:/Users/28607510/Desktop/TP2_M1S2_FPGA/TP2_HW/hw/TP2_wrapper.xsa
TRACE::2023-02-14.10:18:45::SCWPlatform:: Unique name xilinx:basys3::0.0
TRACE::2023-02-14.10:18:45::SCWPlatform::Trying to set the existing hwdb with name TP2_wrapper_1
TRACE::2023-02-14.10:18:45::SCWPlatform::Opened existing hwdb TP2_wrapper_1
TRACE::2023-02-14.10:18:45::SCWPlatform::Found the Hw Db part of the input DSA
TRACE::2023-02-14.10:18:45::SCWMssOS::Checking the sw design at  C:/Users/28607510/Desktop/TP2_M1S2_FPGA/TP2_HW/microblaze_0/standalone_domain/bsp/system.mss
TRACE::2023-02-14.10:18:45::SCWMssOS::DEBUG:  swdes dump  
TRACE::2023-02-14.10:18:45::SCWMssOS::No sw design opened at  C:/Users/28607510/Desktop/TP2_M1S2_FPGA/TP2_HW/microblaze_0/standalone_domain/bsp/system.mss
TRACE::2023-02-14.10:18:45::SCWMssOS::mss exists loading the mss file  C:/Users/28607510/Desktop/TP2_M1S2_FPGA/TP2_HW/microblaze_0/standalone_domain/bsp/system.mss
TRACE::2023-02-14.10:18:45::SCWMssOS::Opened the sw design from mss  C:/Users/28607510/Desktop/TP2_M1S2_FPGA/TP2_HW/microblaze_0/standalone_domain/bsp/system.mss
TRACE::2023-02-14.10:18:45::SCWMssOS::Adding the swdes entry C:/Users/28607510/Desktop/TP2_M1S2_FPGA/TP2_HW/microblaze_0/standalone_domain/bsp/system.mss with des name system
TRACE::2023-02-14.10:18:45::SCWMssOS::updating the scw layer about changes
TRACE::2023-02-14.10:18:45::SCWMssOS::Opened the sw design.  C:/Users/28607510/Desktop/TP2_M1S2_FPGA/TP2_HW/microblaze_0/standalone_domain/bsp/system.mss
TRACE::2023-02-14.10:18:45::SCWMssOS::Saving the mss changes C:/Users/28607510/Desktop/TP2_M1S2_FPGA/TP2_HW/microblaze_0/standalone_domain/bsp/system.mss
TRACE::2023-02-14.10:18:45::SCWMssOS::Found a swdesign opened with the mssfile.
TRACE::2023-02-14.10:18:45::SCWMssOS::Completed writemss as part of save.
TRACE::2023-02-14.10:18:45::SCWMssOS::Commit changes completed.
TRACE::2023-02-14.10:18:45::SCWReader::Adding prebuilt librarypaths as   
TRACE::2023-02-14.10:18:45::SCWReader::Adding prebuilt incpaths  as   
TRACE::2023-02-14.10:18:45::SCWPlatform::Trying to open the hw design at C:/Users/28607510/Desktop/TP2_M1S2_FPGA/TP2_HW/hw/TP2_wrapper.xsa
TRACE::2023-02-14.10:18:45::SCWPlatform::DSA given C:/Users/28607510/Desktop/TP2_M1S2_FPGA/TP2_HW/hw/TP2_wrapper.xsa
TRACE::2023-02-14.10:18:45::SCWPlatform::DSA absoulate path C:/Users/28607510/Desktop/TP2_M1S2_FPGA/TP2_HW/hw/TP2_wrapper.xsa
TRACE::2023-02-14.10:18:45::SCWPlatform::DSA directory C:/Users/28607510/Desktop/TP2_M1S2_FPGA/TP2_HW/hw
TRACE::2023-02-14.10:18:45::SCWPlatform:: Platform Path C:/Users/28607510/Desktop/TP2_M1S2_FPGA/TP2_HW/hw/TP2_wrapper.xsa
TRACE::2023-02-14.10:18:45::SCWPlatform:: Unique name xilinx:basys3::0.0
TRACE::2023-02-14.10:18:45::SCWPlatform::Trying to set the existing hwdb with name TP2_wrapper_1
TRACE::2023-02-14.10:18:45::SCWPlatform::Opened existing hwdb TP2_wrapper_1
TRACE::2023-02-14.10:18:45::SCWPlatform::Found the Hw Db part of the input DSA
TRACE::2023-02-14.10:18:45::SCWMssOS::Checking the sw design at  C:/Users/28607510/Desktop/TP2_M1S2_FPGA/TP2_HW/microblaze_0/standalone_domain/bsp/system.mss
TRACE::2023-02-14.10:18:45::SCWMssOS::DEBUG:  swdes dump  C:/Users/28607510/Desktop/TP2_M1S2_FPGA/TP2_HW/microblaze_0/standalone_domain/bsp/system.mss|system||

TRACE::2023-02-14.10:18:45::SCWMssOS::Sw design exists and opened at  C:/Users/28607510/Desktop/TP2_M1S2_FPGA/TP2_HW/microblaze_0/standalone_domain/bsp/system.mss
TRACE::2023-02-14.10:18:45::SCWReader::No isolation master present  
TRACE::2023-02-14.10:20:41::SCWPlatform::Trying to open the hw design at C:/Users/28607510/Desktop/TP2_M1S2_FPGA/TP2_HW/hw/TP2_wrapper.xsa
TRACE::2023-02-14.10:20:41::SCWPlatform::DSA given C:/Users/28607510/Desktop/TP2_M1S2_FPGA/TP2_HW/hw/TP2_wrapper.xsa
TRACE::2023-02-14.10:20:41::SCWPlatform::DSA absoulate path C:/Users/28607510/Desktop/TP2_M1S2_FPGA/TP2_HW/hw/TP2_wrapper.xsa
TRACE::2023-02-14.10:20:41::SCWPlatform::DSA directory C:/Users/28607510/Desktop/TP2_M1S2_FPGA/TP2_HW/hw
TRACE::2023-02-14.10:20:41::SCWPlatform:: Platform Path C:/Users/28607510/Desktop/TP2_M1S2_FPGA/TP2_HW/hw/TP2_wrapper.xsa
TRACE::2023-02-14.10:20:41::SCWPlatform:: Unique name xilinx:basys3::0.0
TRACE::2023-02-14.10:20:41::SCWPlatform::Trying to set the existing hwdb with name TP2_wrapper_1
TRACE::2023-02-14.10:20:41::SCWPlatform::Opened existing hwdb TP2_wrapper_1
TRACE::2023-02-14.10:20:41::SCWPlatform::Found the Hw Db part of the input DSA
TRACE::2023-02-14.10:20:41::SCWMssOS::Checking the sw design at  C:/Users/28607510/Desktop/TP2_M1S2_FPGA/TP2_HW/microblaze_0/standalone_domain/bsp/system.mss
TRACE::2023-02-14.10:20:41::SCWMssOS::DEBUG:  swdes dump  C:/Users/28607510/Desktop/TP2_M1S2_FPGA/TP2_HW/microblaze_0/standalone_domain/bsp/system.mss|system||

TRACE::2023-02-14.10:20:41::SCWMssOS::Sw design exists and opened at  C:/Users/28607510/Desktop/TP2_M1S2_FPGA/TP2_HW/microblaze_0/standalone_domain/bsp/system.mss
TRACE::2023-02-14.10:20:41::SCWMssOS::In reload Mss file.
TRACE::2023-02-14.10:20:41::SCWPlatform::Trying to open the hw design at C:/Users/28607510/Desktop/TP2_M1S2_FPGA/TP2_HW/hw/TP2_wrapper.xsa
TRACE::2023-02-14.10:20:41::SCWPlatform::DSA given C:/Users/28607510/Desktop/TP2_M1S2_FPGA/TP2_HW/hw/TP2_wrapper.xsa
TRACE::2023-02-14.10:20:41::SCWPlatform::DSA absoulate path C:/Users/28607510/Desktop/TP2_M1S2_FPGA/TP2_HW/hw/TP2_wrapper.xsa
TRACE::2023-02-14.10:20:41::SCWPlatform::DSA directory C:/Users/28607510/Desktop/TP2_M1S2_FPGA/TP2_HW/hw
TRACE::2023-02-14.10:20:41::SCWPlatform:: Platform Path C:/Users/28607510/Desktop/TP2_M1S2_FPGA/TP2_HW/hw/TP2_wrapper.xsa
TRACE::2023-02-14.10:20:41::SCWPlatform:: Unique name xilinx:basys3::0.0
TRACE::2023-02-14.10:20:41::SCWPlatform::Trying to set the existing hwdb with name TP2_wrapper_1
TRACE::2023-02-14.10:20:41::SCWPlatform::Opened existing hwdb TP2_wrapper_1
TRACE::2023-02-14.10:20:41::SCWPlatform::Found the Hw Db part of the input DSA
TRACE::2023-02-14.10:20:41::SCWMssOS::Checking the sw design at  C:/Users/28607510/Desktop/TP2_M1S2_FPGA/TP2_HW/microblaze_0/standalone_domain/bsp/system.mss
TRACE::2023-02-14.10:20:41::SCWMssOS::DEBUG:  swdes dump  C:/Users/28607510/Desktop/TP2_M1S2_FPGA/TP2_HW/microblaze_0/standalone_domain/bsp/system.mss|system||

KEYINFO::2023-02-14.10:20:41::SCWMssOS::Could not open the swdb for system
KEYINFO::2023-02-14.10:20:41::SCWMssOS::Could not open the sw design at  system
ERROR: [Hsi 55-1558] Software Design system is not found

TRACE::2023-02-14.10:20:41::SCWMssOS::Cleared the swdb table entry
TRACE::2023-02-14.10:20:41::SCWMssOS::No sw design opened at  C:/Users/28607510/Desktop/TP2_M1S2_FPGA/TP2_HW/microblaze_0/standalone_domain/bsp/system.mss
TRACE::2023-02-14.10:20:41::SCWMssOS::mss exists loading the mss file  C:/Users/28607510/Desktop/TP2_M1S2_FPGA/TP2_HW/microblaze_0/standalone_domain/bsp/system.mss
TRACE::2023-02-14.10:20:41::SCWMssOS::Opened the sw design from mss  C:/Users/28607510/Desktop/TP2_M1S2_FPGA/TP2_HW/microblaze_0/standalone_domain/bsp/system.mss
TRACE::2023-02-14.10:20:41::SCWMssOS::Adding the swdes entry C:/Users/28607510/Desktop/TP2_M1S2_FPGA/TP2_HW/microblaze_0/standalone_domain/bsp/system.mss with des name system
TRACE::2023-02-14.10:20:41::SCWMssOS::updating the scw layer about changes
TRACE::2023-02-14.10:20:41::SCWMssOS::Opened the sw design.  C:/Users/28607510/Desktop/TP2_M1S2_FPGA/TP2_HW/microblaze_0/standalone_domain/bsp/system.mss
TRACE::2023-02-14.10:20:41::SCWMssOS::Saving the mss changes C:/Users/28607510/Desktop/TP2_M1S2_FPGA/TP2_HW/microblaze_0/standalone_domain/bsp/system.mss
TRACE::2023-02-14.10:20:41::SCWMssOS::Found a swdesign opened with the mssfile.
TRACE::2023-02-14.10:20:41::SCWMssOS::Completed writemss as part of save.
TRACE::2023-02-14.10:20:41::SCWMssOS::Commit changes completed.
TRACE::2023-02-14.10:20:41::SCWPlatform::Trying to open the hw design at C:/Users/28607510/Desktop/TP2_M1S2_FPGA/TP2_HW/hw/TP2_wrapper.xsa
TRACE::2023-02-14.10:20:41::SCWPlatform::DSA given C:/Users/28607510/Desktop/TP2_M1S2_FPGA/TP2_HW/hw/TP2_wrapper.xsa
TRACE::2023-02-14.10:20:41::SCWPlatform::DSA absoulate path C:/Users/28607510/Desktop/TP2_M1S2_FPGA/TP2_HW/hw/TP2_wrapper.xsa
TRACE::2023-02-14.10:20:41::SCWPlatform::DSA directory C:/Users/28607510/Desktop/TP2_M1S2_FPGA/TP2_HW/hw
TRACE::2023-02-14.10:20:41::SCWPlatform:: Platform Path C:/Users/28607510/Desktop/TP2_M1S2_FPGA/TP2_HW/hw/TP2_wrapper.xsa
TRACE::2023-02-14.10:20:41::SCWPlatform:: Unique name xilinx:basys3::0.0
TRACE::2023-02-14.10:20:41::SCWPlatform::Trying to set the existing hwdb with name TP2_wrapper_1
TRACE::2023-02-14.10:20:41::SCWPlatform::Opened existing hwdb TP2_wrapper_1
TRACE::2023-02-14.10:20:41::SCWPlatform::Found the Hw Db part of the input DSA
TRACE::2023-02-14.10:20:41::SCWMssOS::Checking the sw design at  C:/Users/28607510/Desktop/TP2_M1S2_FPGA/TP2_HW/microblaze_0/standalone_domain/bsp/system.mss
TRACE::2023-02-14.10:20:41::SCWMssOS::DEBUG:  swdes dump  C:/Users/28607510/Desktop/TP2_M1S2_FPGA/TP2_HW/microblaze_0/standalone_domain/bsp/system.mss|system||

TRACE::2023-02-14.10:20:41::SCWMssOS::Sw design exists and opened at  C:/Users/28607510/Desktop/TP2_M1S2_FPGA/TP2_HW/microblaze_0/standalone_domain/bsp/system.mss
TRACE::2023-02-14.10:20:41::SCWMssOS::Removing the swdes entry for  C:/Users/28607510/Desktop/TP2_M1S2_FPGA/TP2_HW/microblaze_0/standalone_domain/bsp/system.mss
LOG::2023-02-14.10:59:15::SCWPlatform::Started generating the artifacts platform TP2_HW
TRACE::2023-02-14.10:59:15::SCWPlatform::Sanity checking of platform is completed
LOG::2023-02-14.10:59:15::SCWPlatform::Started generating the artifacts for system configuration TP2_HW
LOG::2023-02-14.10:59:15::SCWSystem::Checking the domain standalone_domain
LOG::2023-02-14.10:59:15::SCWSystem::Not a boot domain 
LOG::2023-02-14.10:59:15::SCWSystem::Started Processing the domain standalone_domain
TRACE::2023-02-14.10:59:15::SCWDomain::Generating domain artifcats
TRACE::2023-02-14.10:59:15::SCWMssOS::Generating standalone artifcats
TRACE::2023-02-14.10:59:15::SCWMssOS:: Copying the user libraries. 
TRACE::2023-02-14.10:59:15::SCWPlatform::Trying to open the hw design at C:/Users/28607510/Desktop/TP2_M1S2_FPGA/TP2_HW/hw/TP2_wrapper.xsa
TRACE::2023-02-14.10:59:15::SCWPlatform::DSA given C:/Users/28607510/Desktop/TP2_M1S2_FPGA/TP2_HW/hw/TP2_wrapper.xsa
TRACE::2023-02-14.10:59:15::SCWPlatform::DSA absoulate path C:/Users/28607510/Desktop/TP2_M1S2_FPGA/TP2_HW/hw/TP2_wrapper.xsa
TRACE::2023-02-14.10:59:15::SCWPlatform::DSA directory C:/Users/28607510/Desktop/TP2_M1S2_FPGA/TP2_HW/hw
TRACE::2023-02-14.10:59:15::SCWPlatform:: Platform Path C:/Users/28607510/Desktop/TP2_M1S2_FPGA/TP2_HW/hw/TP2_wrapper.xsa
TRACE::2023-02-14.10:59:15::SCWPlatform:: Unique name xilinx:basys3::0.0
TRACE::2023-02-14.10:59:15::SCWPlatform::Trying to set the existing hwdb with name TP2_wrapper_1
TRACE::2023-02-14.10:59:15::SCWPlatform::Opened existing hwdb TP2_wrapper_1
TRACE::2023-02-14.10:59:15::SCWPlatform::Found the Hw Db part of the input DSA
TRACE::2023-02-14.10:59:15::SCWMssOS::Checking the sw design at  C:/Users/28607510/Desktop/TP2_M1S2_FPGA/TP2_HW/microblaze_0/standalone_domain/bsp/system.mss
TRACE::2023-02-14.10:59:15::SCWMssOS::DEBUG:  swdes dump  
TRACE::2023-02-14.10:59:15::SCWMssOS::No sw design opened at  C:/Users/28607510/Desktop/TP2_M1S2_FPGA/TP2_HW/microblaze_0/standalone_domain/bsp/system.mss
TRACE::2023-02-14.10:59:15::SCWMssOS::mss exists loading the mss file  C:/Users/28607510/Desktop/TP2_M1S2_FPGA/TP2_HW/microblaze_0/standalone_domain/bsp/system.mss
TRACE::2023-02-14.10:59:15::SCWMssOS::Opened the sw design from mss  C:/Users/28607510/Desktop/TP2_M1S2_FPGA/TP2_HW/microblaze_0/standalone_domain/bsp/system.mss
TRACE::2023-02-14.10:59:15::SCWMssOS::Adding the swdes entry C:/Users/28607510/Desktop/TP2_M1S2_FPGA/TP2_HW/microblaze_0/standalone_domain/bsp/system.mss with des name system
TRACE::2023-02-14.10:59:15::SCWMssOS::updating the scw layer about changes
TRACE::2023-02-14.10:59:15::SCWMssOS::Opened the sw design.  C:/Users/28607510/Desktop/TP2_M1S2_FPGA/TP2_HW/microblaze_0/standalone_domain/bsp/system.mss
TRACE::2023-02-14.10:59:15::SCWMssOS::Completed writing the mss file at C:/Users/28607510/Desktop/TP2_M1S2_FPGA/TP2_HW/microblaze_0/standalone_domain/bsp
TRACE::2023-02-14.10:59:15::SCWMssOS::Mss edits present, copying mssfile into export location C:/Users/28607510/Desktop/TP2_M1S2_FPGA/TP2_HW/microblaze_0/standalone_domain/bsp/system.mss
TRACE::2023-02-14.10:59:15::SCWMssOS::bsp generated is upto date with the mss file. Skipping bsp generation.
TRACE::2023-02-14.10:59:15::SCWMssOS::BSP is already built. skipping the bsp build ... 
TRACE::2023-02-14.10:59:15::SCWDomain::Building the domain as part of full build :  standalone_domain
TRACE::2023-02-14.10:59:15::SCWMssOS::doing bsp build ... 
TRACE::2023-02-14.10:59:15::SCWMssOS::System Command Ran  C: & cd  C:/Users/28607510/Desktop/TP2_M1S2_FPGA/TP2_HW/microblaze_0/standalone_domain/bsp & make 
TRACE::2023-02-14.10:59:16::SCWMssOS::make --no-print-directory seq_libs

TRACE::2023-02-14.10:59:16::SCWMssOS::'Finished building libraries sequentially.'

TRACE::2023-02-14.10:59:16::SCWMssOS::make -j --no-print-directory par_libs

TRACE::2023-02-14.10:59:16::SCWMssOS::"Running Make include in microblaze_0/libsrc/bram_v4_5/src"

TRACE::2023-02-14.10:59:16::SCWMssOS::make -C microblaze_0/libsrc/bram_v4_5/src -s include  "SHELL=CMD" "COMPILER=mb-gcc" "ASSEMBLER=mb-as" "ARCHIVER=mb-ar" "COMPILE
TRACE::2023-02-14.10:59:16::SCWMssOS::R_FLAGS=  -O2 -c -mcpu=v11.0 -mlittle-endian -mxl-soft-mul" "EXTRA_COMPILER_FLAGS=-g -ffunction-sections -fdata-sections -Wall 
TRACE::2023-02-14.10:59:16::SCWMssOS::-Wextra"

TRACE::2023-02-14.10:59:16::SCWMssOS::"Running Make include in microblaze_0/libsrc/cpu_v2_12/src"

TRACE::2023-02-14.10:59:16::SCWMssOS::make -C microblaze_0/libsrc/cpu_v2_12/src -s include  "SHELL=CMD" "COMPILER=mb-gcc" "ASSEMBLER=mb-as" "ARCHIVER=mb-ar" "COMPILE
TRACE::2023-02-14.10:59:16::SCWMssOS::R_FLAGS=  -O2 -c -mcpu=v11.0 -mlittle-endian -mxl-soft-mul" "EXTRA_COMPILER_FLAGS=-g -ffunction-sections -fdata-sections -Wall 
TRACE::2023-02-14.10:59:16::SCWMssOS::-Wextra"

TRACE::2023-02-14.10:59:16::SCWMssOS::"Running Make include in microblaze_0/libsrc/gpio_v4_7/src"

TRACE::2023-02-14.10:59:16::SCWMssOS::make -C microblaze_0/libsrc/gpio_v4_7/src -s include  "SHELL=CMD" "COMPILER=mb-gcc" "ASSEMBLER=mb-as" "ARCHIVER=mb-ar" "COMPILE
TRACE::2023-02-14.10:59:16::SCWMssOS::R_FLAGS=  -O2 -c -mcpu=v11.0 -mlittle-endian -mxl-soft-mul" "EXTRA_COMPILER_FLAGS=-g -ffunction-sections -fdata-sections -Wall 
TRACE::2023-02-14.10:59:16::SCWMssOS::-Wextra"

TRACE::2023-02-14.10:59:16::SCWMssOS::"Running Make include in microblaze_0/libsrc/intc_v3_12/src"

TRACE::2023-02-14.10:59:16::SCWMssOS::make -C microblaze_0/libsrc/intc_v3_12/src -s include  "SHELL=CMD" "COMPILER=mb-gcc" "ASSEMBLER=mb-as" "ARCHIVER=mb-ar" "COMPIL
TRACE::2023-02-14.10:59:16::SCWMssOS::ER_FLAGS=  -O2 -c -mcpu=v11.0 -mlittle-endian -mxl-soft-mul" "EXTRA_COMPILER_FLAGS=-g -ffunction-sections -fdata-sections -Wall
TRACE::2023-02-14.10:59:16::SCWMssOS:: -Wextra"

TRACE::2023-02-14.10:59:16::SCWMssOS::"Running Make include in microblaze_0/libsrc/standalone_v7_3/src"

TRACE::2023-02-14.10:59:16::SCWMssOS::make -C microblaze_0/libsrc/standalone_v7_3/src -s include  "SHELL=CMD" "COMPILER=mb-gcc" "ASSEMBLER=mb-as" "ARCHIVER=mb-ar" "C
TRACE::2023-02-14.10:59:16::SCWMssOS::OMPILER_FLAGS=  -O2 -c -mcpu=v11.0 -mlittle-endian -mxl-soft-mul" "EXTRA_COMPILER_FLAGS=-g -ffunction-sections -fdata-sections 
TRACE::2023-02-14.10:59:16::SCWMssOS::-Wall -Wextra"

TRACE::2023-02-14.10:59:16::SCWMssOS::"Running Make libs in microblaze_0/libsrc/bram_v4_5/src"

TRACE::2023-02-14.10:59:16::SCWMssOS::make -C microblaze_0/libsrc/bram_v4_5/src -s libs  "SHELL=CMD" "COMPILER=mb-gcc" "ASSEMBLER=mb-as" "ARCHIVER=mb-ar" "COMPILER_F
TRACE::2023-02-14.10:59:16::SCWMssOS::LAGS=  -O2 -c -mcpu=v11.0 -mlittle-endian -mxl-soft-mul" "EXTRA_COMPILER_FLAGS=-g -ffunction-sections -fdata-sections -Wall -We
TRACE::2023-02-14.10:59:16::SCWMssOS::xtra"

TRACE::2023-02-14.10:59:16::SCWMssOS::"Running Make libs in microblaze_0/libsrc/cpu_v2_12/src"

TRACE::2023-02-14.10:59:16::SCWMssOS::make -C microblaze_0/libsrc/cpu_v2_12/src -s libs  "SHELL=CMD" "COMPILER=mb-gcc" "ASSEMBLER=mb-as" "ARCHIVER=mb-ar" "COMPILER_F
TRACE::2023-02-14.10:59:16::SCWMssOS::LAGS=  -O2 -c -mcpu=v11.0 -mlittle-endian -mxl-soft-mul" "EXTRA_COMPILER_FLAGS=-g -ffunction-sections -fdata-sections -Wall -We
TRACE::2023-02-14.10:59:16::SCWMssOS::xtra"

TRACE::2023-02-14.10:59:16::SCWMssOS::"Running Make libs in microblaze_0/libsrc/gpio_v4_7/src"

TRACE::2023-02-14.10:59:16::SCWMssOS::make -C microblaze_0/libsrc/gpio_v4_7/src -s libs  "SHELL=CMD" "COMPILER=mb-gcc" "ASSEMBLER=mb-as" "ARCHIVER=mb-ar" "COMPILER_F
TRACE::2023-02-14.10:59:16::SCWMssOS::LAGS=  -O2 -c -mcpu=v11.0 -mlittle-endian -mxl-soft-mul" "EXTRA_COMPILER_FLAGS=-g -ffunction-sections -fdata-sections -Wall -We
TRACE::2023-02-14.10:59:16::SCWMssOS::xtra"

TRACE::2023-02-14.10:59:16::SCWMssOS::"Running Make libs in microblaze_0/libsrc/intc_v3_12/src"

TRACE::2023-02-14.10:59:16::SCWMssOS::make -C microblaze_0/libsrc/intc_v3_12/src -s libs  "SHELL=CMD" "COMPILER=mb-gcc" "ASSEMBLER=mb-as" "ARCHIVER=mb-ar" "COMPILER_
TRACE::2023-02-14.10:59:16::SCWMssOS::FLAGS=  -O2 -c -mcpu=v11.0 -mlittle-endian -mxl-soft-mul" "EXTRA_COMPILER_FLAGS=-g -ffunction-sections -fdata-sections -Wall -W
TRACE::2023-02-14.10:59:16::SCWMssOS::extra"

TRACE::2023-02-14.10:59:16::SCWMssOS::"Running Make libs in microblaze_0/libsrc/standalone_v7_3/src"

TRACE::2023-02-14.10:59:16::SCWMssOS::make -C microblaze_0/libsrc/standalone_v7_3/src -s libs  "SHELL=CMD" "COMPILER=mb-gcc" "ASSEMBLER=mb-as" "ARCHIVER=mb-ar" "COMP
TRACE::2023-02-14.10:59:16::SCWMssOS::ILER_FLAGS=  -O2 -c -mcpu=v11.0 -mlittle-endian -mxl-soft-mul" "EXTRA_COMPILER_FLAGS=-g -ffunction-sections -fdata-sections -Wa
TRACE::2023-02-14.10:59:16::SCWMssOS::ll -Wextra"

TRACE::2023-02-14.10:59:23::SCWMssOS::"DEBUG NON_LTO_OBJECTS is ../../../lib/microblaze_interrupt_handler.o"

TRACE::2023-02-14.10:59:26::SCWMssOS::'Finished building libraries parallelly.'

TRACE::2023-02-14.10:59:26::SCWMssOS::make --no-print-directory archive

TRACE::2023-02-14.10:59:26::SCWMssOS::mb-ar -r  microblaze_0/lib/libxil.a microblaze_0/lib/xplatform_info.o microblaze_0/lib/microblaze_disable_exceptions.o microbla
TRACE::2023-02-14.10:59:26::SCWMssOS::ze_0/lib/print.o microblaze_0/lib/_exit.o microblaze_0/lib/xil_testio.o microblaze_0/lib/microblaze_disable_dcache.o microblaze
TRACE::2023-02-14.10:59:26::SCWMssOS::_0/lib/microblaze_flush_dcache_range.o microblaze_0/lib/microblaze_flush_cache_ext.o microblaze_0/lib/xbram_sinit.o microblaze_
TRACE::2023-02-14.10:59:26::SCWMssOS::0/lib/xil_misc_psreset_api.o microblaze_0/lib/xil_cache.o microblaze_0/lib/xil_util.o microblaze_0/lib/inbyte.o microblaze_0/li
TRACE::2023-02-14.10:59:26::SCWMssOS::b/microblaze_exception_handler.o microblaze_0/lib/xbram_g.o microblaze_0/lib/microblaze_scrub.o microblaze_0/lib/microblaze_inv
TRACE::2023-02-14.10:59:26::SCWMssOS::alidate_dcache.o microblaze_0/lib/microblaze_disable_interrupts.o microblaze_0/lib/xbram_selftest.o microblaze_0/lib/microblaze
TRACE::2023-02-14.10:59:26::SCWMssOS::_interrupt_handler.o microblaze_0/lib/microblaze_disable_icache.o microblaze_0/lib/xgpio_g.o microblaze_0/lib/xil_mem.o microbl
TRACE::2023-02-14.10:59:26::SCWMssOS::aze_0/lib/microblaze_flush_cache_ext_range.o microblaze_0/lib/xbram_intr.o microblaze_0/lib/xil_sleepcommon.o microblaze_0/lib/
TRACE::2023-02-14.10:59:26::SCWMssOS::xil_printf.o microblaze_0/lib/xintc_g.o microblaze_0/lib/xintc_selftest.o microblaze_0/lib/xintc_l.o microblaze_0/lib/outbyte.o
TRACE::2023-02-14.10:59:26::SCWMssOS:: microblaze_0/lib/xgpio_intr.o microblaze_0/lib/microblaze_invalidate_dcache_range.o microblaze_0/lib/microblaze_invalidate_cac
TRACE::2023-02-14.10:59:26::SCWMssOS::he_ext.o microblaze_0/lib/microblaze_sleep.o microblaze_0/lib/hw_exception_handler.o microblaze_0/lib/xgpio_sinit.o microblaze_
TRACE::2023-02-14.10:59:26::SCWMssOS::0/lib/microblaze_update_dcache.o microblaze_0/lib/xil_testcache.o microblaze_0/lib/microblaze_selftest.o microblaze_0/lib/micro
TRACE::2023-02-14.10:59:26::SCWMssOS::blaze_interrupts_g.o microblaze_0/lib/microblaze_enable_exceptions.o microblaze_0/lib/xio.o microblaze_0/lib/microblaze_enable_
TRACE::2023-02-14.10:59:26::SCWMssOS::dcache.o microblaze_0/lib/xbram.o microblaze_0/lib/microblaze_invalidate_icache_range.o microblaze_0/lib/microblaze_init_dcache
TRACE::2023-02-14.10:59:26::SCWMssOS::_range.o microblaze_0/lib/microblaze_invalidate_icache.o microblaze_0/lib/errno.o microblaze_0/lib/xintc_options.o microblaze_0
TRACE::2023-02-14.10:59:26::SCWMssOS::/lib/microblaze_invalidate_cache_ext_range.o microblaze_0/lib/xintc_intr.o microblaze_0/lib/xil_exception.o microblaze_0/lib/pv
TRACE::2023-02-14.10:59:26::SCWMssOS::r.o microblaze_0/lib/xgpio.o microblaze_0/lib/xil_testmem.o microblaze_0/lib/microblaze_update_icache.o microblaze_0/lib/microb
TRACE::2023-02-14.10:59:26::SCWMssOS::laze_flush_dcache.o microblaze_0/lib/xil_clocking.o microblaze_0/lib/xil_assert.o microblaze_0/lib/microblaze_enable_interrupts
TRACE::2023-02-14.10:59:26::SCWMssOS::.o microblaze_0/lib/xgpio_extra.o microblaze_0/lib/microblaze_enable_icache.o microblaze_0/lib/xintc.o microblaze_0/lib/microbl
TRACE::2023-02-14.10:59:26::SCWMssOS::aze_init_icache_range.o microblaze_0/lib/fcntl.o microblaze_0/lib/xgpio_selftest.o

TRACE::2023-02-14.10:59:26::SCWMssOS::'Finished building libraries'

TRACE::2023-02-14.10:59:26::SCWMssOS::Copying to export directory.
TRACE::2023-02-14.10:59:26::SCWMssOS:: Checking if to create the Supporting Applications
TRACE::2023-02-14.10:59:26::SCWMssOS:: No Linux domain exists, trying to generate FSBL 
LOG::2023-02-14.10:59:26::SCWSystem::Completed Processing the domain standalone_domain
LOG::2023-02-14.10:59:26::SCWSystem::Completed Processing the sysconfig TP2_HW
LOG::2023-02-14.10:59:26::SCWPlatform::Completed generating the artifacts for system configuration TP2_HW
TRACE::2023-02-14.10:59:26::SCWPlatform::Started preparing the platform 
TRACE::2023-02-14.10:59:26::SCWSystem::Writing the bif file for system config TP2_HW
TRACE::2023-02-14.10:59:26::SCWSystem::dir created 
TRACE::2023-02-14.10:59:26::SCWSystem::Writing the bif 
TRACE::2023-02-14.10:59:26::SCWPlatform::Started writing the spfm file 
TRACE::2023-02-14.10:59:26::SCWPlatform::Started writing the xpfm file 
TRACE::2023-02-14.10:59:26::SCWPlatform::Completed generating the platform
TRACE::2023-02-14.10:59:26::SCWMssOS::Saving the mss changes C:/Users/28607510/Desktop/TP2_M1S2_FPGA/TP2_HW/microblaze_0/standalone_domain/bsp/system.mss
TRACE::2023-02-14.10:59:26::SCWMssOS::Found a swdesign opened with the mssfile.
TRACE::2023-02-14.10:59:26::SCWMssOS::Completed writemss as part of save.
TRACE::2023-02-14.10:59:26::SCWMssOS::Commit changes completed.
TRACE::2023-02-14.10:59:26::SCWPlatform::Trying to open the hw design at C:/Users/28607510/Desktop/TP2_M1S2_FPGA/TP2_HW/hw/TP2_wrapper.xsa
TRACE::2023-02-14.10:59:26::SCWPlatform::DSA given C:/Users/28607510/Desktop/TP2_M1S2_FPGA/TP2_HW/hw/TP2_wrapper.xsa
TRACE::2023-02-14.10:59:26::SCWPlatform::DSA absoulate path C:/Users/28607510/Desktop/TP2_M1S2_FPGA/TP2_HW/hw/TP2_wrapper.xsa
TRACE::2023-02-14.10:59:26::SCWPlatform::DSA directory C:/Users/28607510/Desktop/TP2_M1S2_FPGA/TP2_HW/hw
TRACE::2023-02-14.10:59:26::SCWPlatform:: Platform Path C:/Users/28607510/Desktop/TP2_M1S2_FPGA/TP2_HW/hw/TP2_wrapper.xsa
TRACE::2023-02-14.10:59:26::SCWPlatform:: Unique name xilinx:basys3::0.0
TRACE::2023-02-14.10:59:26::SCWPlatform::Trying to set the existing hwdb with name TP2_wrapper_1
TRACE::2023-02-14.10:59:26::SCWPlatform::Opened existing hwdb TP2_wrapper_1
TRACE::2023-02-14.10:59:26::SCWPlatform::Found the Hw Db part of the input DSA
TRACE::2023-02-14.10:59:26::SCWMssOS::Checking the sw design at  C:/Users/28607510/Desktop/TP2_M1S2_FPGA/TP2_HW/microblaze_0/standalone_domain/bsp/system.mss
TRACE::2023-02-14.10:59:26::SCWMssOS::DEBUG:  swdes dump  C:/Users/28607510/Desktop/TP2_M1S2_FPGA/TP2_HW/microblaze_0/standalone_domain/bsp/system.mss|system||

TRACE::2023-02-14.10:59:26::SCWMssOS::Sw design exists and opened at  C:/Users/28607510/Desktop/TP2_M1S2_FPGA/TP2_HW/microblaze_0/standalone_domain/bsp/system.mss
TRACE::2023-02-14.10:59:26::SCWWriter::formatted JSON is {
	"platformName":	"TP2_HW",
	"sprVersion":	"2.0",
	"mode":	"gui",
	"dsaType":	"Fixed",
	"platformDesc":	"TP2_HW",
	"platHandOff":	"C:/Users/28607510/Desktop/TP2_M1S2_FPGA/TP2_wrapper.xsa",
	"platIntHandOff":	"<platformDir>/hw/TP2_wrapper.xsa",
	"deviceType":	"FPGA",
	"platIsPrebuiltAutogen":	"false",
	"platIsNoBootBsp":	"false",
	"hasFsblMakeHasChanges":	"false",
	"hasPmufwMakeHasChanges":	"false",
	"platPreBuiltFlag":	false,
	"platformSamplesDir":	"",
	"platActiveSys":	"TP2_HW",
	"systems":	[{
			"systemName":	"TP2_HW",
			"systemDesc":	"TP2_HW",
			"sysIsBootAutoGen":	"true",
			"systemDispName":	"TP2_HW",
			"sysActiveDom":	"standalone_domain",
			"sysDefaultDom":	"standalone_domain",
			"domains":	[{
					"domainName":	"standalone_domain",
					"domainDispName":	"standalone on microblaze_0",
					"domainDesc":	"standalone_domain",
					"processors":	"microblaze_0",
					"os":	"standalone",
					"sdxOs":	"standalone",
					"debugEnable":	"False",
					"domRuntimes":	["cpp"],
					"swRepo":	"",
					"mssOsVer":	"7.3",
					"mssFile":	"",
					"md5Digest":	"bc3fe0c51cde63a1e181d0f597faa573",
					"compatibleApp":	"",
					"domType":	"mssDomain",
					"arch":	"32-bit",
					"appSettings":	{
						"appCompilerFlags":	"",
						"appLinkerFlags":	""
					},
					"addedLibs":	[],
					"libOptions":	{
						"libsContainingOptions":	[]
					},
					"prebuiltLibs":	{
						"prebuiltIncPath":	[],
						"prebuiltLibPath":	[]
					},
					"isolation":	{
					}
				}]
		}]
}
KEYINFO::2023-02-14.10:59:26::SCWPlatform::updated the xpfm file.
TRACE::2023-02-14.10:59:26::SCWPlatform::Trying to open the hw design at C:/Users/28607510/Desktop/TP2_M1S2_FPGA/TP2_HW/hw/TP2_wrapper.xsa
TRACE::2023-02-14.10:59:26::SCWPlatform::DSA given C:/Users/28607510/Desktop/TP2_M1S2_FPGA/TP2_HW/hw/TP2_wrapper.xsa
TRACE::2023-02-14.10:59:26::SCWPlatform::DSA absoulate path C:/Users/28607510/Desktop/TP2_M1S2_FPGA/TP2_HW/hw/TP2_wrapper.xsa
TRACE::2023-02-14.10:59:26::SCWPlatform::DSA directory C:/Users/28607510/Desktop/TP2_M1S2_FPGA/TP2_HW/hw
TRACE::2023-02-14.10:59:26::SCWPlatform:: Platform Path C:/Users/28607510/Desktop/TP2_M1S2_FPGA/TP2_HW/hw/TP2_wrapper.xsa
TRACE::2023-02-14.10:59:26::SCWPlatform:: Unique name xilinx:basys3::0.0
TRACE::2023-02-14.10:59:26::SCWPlatform::Trying to set the existing hwdb with name TP2_wrapper_1
TRACE::2023-02-14.10:59:26::SCWPlatform::Opened existing hwdb TP2_wrapper_1
TRACE::2023-02-14.10:59:26::SCWPlatform::Found the Hw Db part of the input DSA
TRACE::2023-02-14.10:59:26::SCWMssOS::Checking the sw design at  C:/Users/28607510/Desktop/TP2_M1S2_FPGA/TP2_HW/microblaze_0/standalone_domain/bsp/system.mss
TRACE::2023-02-14.10:59:26::SCWMssOS::DEBUG:  swdes dump  C:/Users/28607510/Desktop/TP2_M1S2_FPGA/TP2_HW/microblaze_0/standalone_domain/bsp/system.mss|system||

TRACE::2023-02-14.10:59:26::SCWMssOS::Sw design exists and opened at  C:/Users/28607510/Desktop/TP2_M1S2_FPGA/TP2_HW/microblaze_0/standalone_domain/bsp/system.mss
