Copyright 1986-2020 Xilinx, Inc. All Rights Reserved.
------------------------------------------------------------------------------------
| Tool Version : Vivado v.2020.2 (win64) Build 3064766 Wed Nov 18 09:12:45 MST 2020
| Date         : Tue Apr 18 18:14:33 2023
| Host         : SUMarc running 64-bit major release  (build 9200)
| Command      : upgrade_ip
| Device       : xc7a35tcpg236-1
------------------------------------------------------------------------------------

Upgrade Log for IP 'Project_FPGA_IP_Centrale_DCC_0_0'

1. Summary
----------

SUCCESS in the upgrade of Project_FPGA_IP_Centrale_DCC_0_0 (upmc.fr:user:IP_Centrale_DCC:1.0) from (Rev. 6) to (Rev. 7)






Copyright 1986-2020 Xilinx, Inc. All Rights Reserved.
------------------------------------------------------------------------------------
| Tool Version : Vivado v.2020.2 (win64) Build 3064766 Wed Nov 18 09:12:45 MST 2020
| Date         : Tue Apr 18 17:37:52 2023
| Host         : SUMarc running 64-bit major release  (build 9200)
| Command      : upgrade_ip
| Device       : xc7a35tcpg236-1
------------------------------------------------------------------------------------

Upgrade Log for IP 'Project_FPGA_IP_Centrale_DCC_0_0'

1. Summary
----------

SUCCESS in the upgrade of Project_FPGA_IP_Centrale_DCC_0_0 (upmc.fr:user:IP_Centrale_DCC:1.0) from (Rev. 5) to (Rev. 6)






Copyright 1986-2020 Xilinx, Inc. All Rights Reserved.
------------------------------------------------------------------------------------
| Tool Version : Vivado v.2020.2 (win64) Build 3064766 Wed Nov 18 09:12:45 MST 2020
| Date         : Tue Apr 18 17:29:00 2023
| Host         : SUMarc running 64-bit major release  (build 9200)
| Command      : upgrade_ip
| Device       : xc7a35tcpg236-1
------------------------------------------------------------------------------------

Upgrade Log for IP 'Project_FPGA_IP_Centrale_DCC_0_0'

1. Summary
----------

SUCCESS in the upgrade of Project_FPGA_IP_Centrale_DCC_0_0 (upmc.fr:user:IP_Centrale_DCC:1.0) from (Rev. 4) to (Rev. 5)






Copyright 1986-2020 Xilinx, Inc. All Rights Reserved.
------------------------------------------------------------------------------------
| Tool Version : Vivado v.2020.2 (win64) Build 3064766 Wed Nov 18 09:12:45 MST 2020
| Date         : Tue Apr 18 12:02:40 2023
| Host         : SE227-10 running 64-bit major release  (build 9200)
| Command      : upgrade_ip
| Device       : xc7a35tcpg236-1
------------------------------------------------------------------------------------

Upgrade Log for IP 'Project_FPGA_IP_Centrale_DCC_0_0'

1. Summary
----------

SUCCESS in the upgrade of Project_FPGA_IP_Centrale_DCC_0_0 (upmc.fr:user:IP_Centrale_DCC:1.0) from (Rev. 3) to (Rev. 4)






Copyright 1986-2020 Xilinx, Inc. All Rights Reserved.
------------------------------------------------------------------------------------
| Tool Version : Vivado v.2020.2 (win64) Build 3064766 Wed Nov 18 09:12:45 MST 2020
| Date         : Tue Apr 18 11:37:41 2023
| Host         : SE227-10 running 64-bit major release  (build 9200)
| Command      : upgrade_ip
| Device       : xc7a35tcpg236-1
------------------------------------------------------------------------------------

Upgrade Log for IP 'Project_FPGA_IP_Centrale_DCC_0_0'

1. Summary
----------

SUCCESS in the conversion of Project_FPGA_IP_Centrale_DCC_0_0 (upmc.fr:user:IP_Centrale_DCC:1.0 (Rev. 3)) to Vivado generation flows.






Copyright 1986-2020 Xilinx, Inc. All Rights Reserved.
------------------------------------------------------------------------------------
| Tool Version : Vivado v.2020.2 (win64) Build 3064766 Wed Nov 18 09:12:45 MST 2020
| Date         : Tue Apr 18 11:00:07 2023
| Host         : SE227-10 running 64-bit major release  (build 9200)
| Command      : upgrade_ip
| Device       : xc7a35tcpg236-1
------------------------------------------------------------------------------------

Upgrade Log for IP 'Project_FPGA_IP_Centrale_DCC_0_0'

1. Summary
----------

SUCCESS in the upgrade of Project_FPGA_IP_Centrale_DCC_0_0 (upmc.fr:user:IP_Centrale_DCC:1.0) from (Rev. 2) to (Rev. 3)






Copyright 1986-2020 Xilinx, Inc. All Rights Reserved.
------------------------------------------------------------------------------------
| Tool Version : Vivado v.2020.2 (win64) Build 3064766 Wed Nov 18 09:12:45 MST 2020
| Date         : Tue Apr 18 10:59:21 2023
| Host         : SE227-10 running 64-bit major release  (build 9200)
| Command      : upgrade_ip
| Device       : xc7a35tcpg236-1
------------------------------------------------------------------------------------

Upgrade Log for IP 'Project_FPGA_IP_Centrale_DCC_0_0'

1. Summary
----------

SUCCESS in the conversion of Project_FPGA_IP_Centrale_DCC_0_0 (upmc.fr:user:IP_Centrale_DCC:1.0 (Rev. 2)) to Vivado generation flows.

