#-----------------------------------------------------------
# Vivado v2020.2 (64-bit)
# SW Build 3064766 on Wed Nov 18 09:12:45 MST 2020
# IP Build 3064653 on Wed Nov 18 14:17:31 MST 2020
# Start of session at: Tue Apr 18 17:49:17 2023
# Process ID: 19704
# Current directory: D:/Desktop/FPGA/Project_FPGA_IP
# Command line: vivado.exe -gui_launcher_event rodinguilauncherevent20068 D:\Desktop\FPGA\Project_FPGA_IP\Project_FPGA_IP.xpr
# Log file: D:/Desktop/FPGA/Project_FPGA_IP/vivado.log
# Journal file: D:/Desktop/FPGA/Project_FPGA_IP\vivado.jou
#-----------------------------------------------------------
start_gui
open_project D:/Desktop/FPGA/Project_FPGA_IP/Project_FPGA_IP.xpr
WARNING: [filemgmt 56-3] IP Repository Path: Could not find the directory 'D:/Desktop/FPGA/ip_repo/IP_Centrale_DCC_1.0_1.0'.
WARNING: [filemgmt 56-3] IP Repository Path: Could not find the directory 'D:/Desktop/FPGA/ip_repo/myip_1.0'.
CRITICAL WARNING: [Project 1-19] Could not find the file 'D:/Desktop/Project_FPGA/Compteur_Tempo_tb_behav.wcfg'.
Scanning sources...
Finished scanning sources
INFO: [IP_Flow 19-234] Refreshing IP repositories
INFO: [IP_Flow 19-1700] Loaded user IP repository 'd:/Desktop/FPGA/ip_repo/IP_Centrale_DCC_1.0'.
WARNING: [IP_Flow 19-2248] Failed to load user IP repository 'd:/Desktop/FPGA/ip_repo/IP_Centrale_DCC_1.0_1.0'; Can't find the specified path.
If this directory should no longer be in your list of user repositories, go to the IP Settings dialog and remove it.
WARNING: [IP_Flow 19-2248] Failed to load user IP repository 'd:/Desktop/FPGA/ip_repo/myip_1.0'; Can't find the specified path.
If this directory should no longer be in your list of user repositories, go to the IP Settings dialog and remove it.
INFO: [IP_Flow 19-2313] Loaded Vivado IP repository 'C:/Xilinx/Vivado/2020.2/data/ip'.
open_project: Time (s): cpu = 00:00:12 ; elapsed = 00:00:27 . Memory (MB): peak = 1018.141 ; gain = 0.000
make_wrapper -files [get_files D:/Desktop/FPGA/Project_FPGA_IP/Project_FPGA_IP.srcs/sources_1/bd/Project_FPGA/Project_FPGA.bd] -top
exit
INFO: [Common 17-206] Exiting Vivado at Tue Apr 18 17:53:20 2023...
