13:06:57 INFO  : Launching XSCT server: xsct.bat -n  -interactive C:\Users\marcs\OneDrive\Bureau\Desktop\workspace\temp_xsdb_launch_script.tcl
13:06:58 INFO  : Registering command handlers for Vitis TCF services
13:07:02 INFO  : XSCT server has started successfully.
13:07:02 INFO  : plnx-install-location is set to ''
13:07:02 INFO  : Successfully done setting XSCT server connection channel  
13:07:02 INFO  : Successfully done query RDI_DATADIR 
13:07:02 INFO  : Successfully done setting workspace for the tool. 
13:07:02 INFO  : Platform repository initialization has completed.
13:07:54 INFO  : Result from executing command 'getProjects': Project_HW
13:07:54 INFO  : Result from executing command 'getPlatforms': 
13:10:14 INFO  : Result from executing command 'getProjects': Project_HW
13:10:14 INFO  : Result from executing command 'getPlatforms': Project_HW|C:/Users/marcs/OneDrive/Bureau/Desktop/workspace/Project_HW/export/Project_HW/Project_HW.xpfm
13:10:14 INFO  : Checking for BSP changes to sync application flags for project 'Project_SW'...
13:11:47 INFO  : Result from executing command 'getProjects': Project_HW
13:11:47 INFO  : Result from executing command 'getPlatforms': 
13:14:03 INFO  : Result from executing command 'getProjects': Project_HW
13:14:03 INFO  : Result from executing command 'getPlatforms': Project_HW|C:/Users/marcs/OneDrive/Bureau/Desktop/workspace/Project_HW/export/Project_HW/Project_HW.xpfm
13:14:03 INFO  : Checking for BSP changes to sync application flags for project 'Project_SW'...
13:15:08 INFO  : Connected to target on host '127.0.0.1' and port '3121'.
13:15:08 INFO  : Jtag cable 'Digilent Basys3 210183B16876A' is selected.
13:15:08 INFO  : 'jtag frequency' command is executed.
13:15:08 INFO  : 'targets -set -filter {jtag_cable_name =~ "Digilent Basys3 210183B16876A" && level==0 && jtag_device_ctx=="jsn-Basys3-210183B16876A-0362d093-0"}' command is executed.
13:15:09 INFO  : Device configured successfully with "C:/Users/marcs/OneDrive/Bureau/Desktop/workspace/Project_SW/_ide/bitstream/DCC_wrapper.bit"
13:15:09 INFO  : Context for processor 'microblaze_0' is selected.
13:15:09 INFO  : Hardware design and registers information is loaded from 'C:/Users/marcs/OneDrive/Bureau/Desktop/workspace/Project_HW/export/Project_HW/hw/DCC_wrapper.xsa'.
13:15:09 INFO  : 'configparams mdm-detect-bscan-mask 2' command is executed.
13:15:09 INFO  : Context for processor 'microblaze_0' is selected.
13:15:09 INFO  : System reset is completed.
13:15:12 INFO  : 'after 3000' command is executed.
13:15:13 INFO  : Context for processor 'microblaze_0' is selected.
13:15:13 INFO  : The application 'C:/Users/marcs/OneDrive/Bureau/Desktop/workspace/Project_SW/Debug/Project_SW.elf' is downloaded to processor 'microblaze_0'.
13:15:13 INFO  : ----------------XSDB Script----------------
connect -url tcp:127.0.0.1:3121
targets -set -filter {jtag_cable_name =~ "Digilent Basys3 210183B16876A" && level==0 && jtag_device_ctx=="jsn-Basys3-210183B16876A-0362d093-0"}
fpga -file C:/Users/marcs/OneDrive/Bureau/Desktop/workspace/Project_SW/_ide/bitstream/DCC_wrapper.bit
targets -set -nocase -filter {name =~ "*microblaze*#0" && bscan=="USER2" }
loadhw -hw C:/Users/marcs/OneDrive/Bureau/Desktop/workspace/Project_HW/export/Project_HW/hw/DCC_wrapper.xsa -regs
configparams mdm-detect-bscan-mask 2
targets -set -nocase -filter {name =~ "*microblaze*#0" && bscan=="USER2" }
rst -system
after 3000
targets -set -nocase -filter {name =~ "*microblaze*#0" && bscan=="USER2" }
dow C:/Users/marcs/OneDrive/Bureau/Desktop/workspace/Project_SW/Debug/Project_SW.elf
----------------End of Script----------------

13:15:13 INFO  : Context for processor 'microblaze_0' is selected.
13:15:13 INFO  : 'con' command is executed.
13:15:13 INFO  : ----------------XSDB Script (After Launch)----------------
targets -set -nocase -filter {name =~ "*microblaze*#0" && bscan=="USER2" }
con
----------------End of Script----------------

13:15:13 INFO  : Launch script is exported to file 'C:\Users\marcs\OneDrive\Bureau\Desktop\workspace\Project_SW_system\_ide\scripts\debugger_project_sw-default.tcl'
13:30:25 INFO  : Checking for BSP changes to sync application flags for project 'Project_SW'...
13:30:36 INFO  : Disconnected from the channel tcfchan#3.
13:30:37 INFO  : Connected to target on host '127.0.0.1' and port '3121'.
13:30:37 INFO  : Jtag cable 'Digilent Basys3 210183B16876A' is selected.
13:30:37 INFO  : 'jtag frequency' command is executed.
13:30:37 INFO  : 'targets -set -filter {jtag_cable_name =~ "Digilent Basys3 210183B16876A" && level==0 && jtag_device_ctx=="jsn-Basys3-210183B16876A-0362d093-0"}' command is executed.
13:30:38 INFO  : Device configured successfully with "C:/Users/marcs/OneDrive/Bureau/Desktop/workspace/Project_SW/_ide/bitstream/DCC_wrapper.bit"
13:30:38 INFO  : Context for processor 'microblaze_0' is selected.
13:30:38 INFO  : Hardware design and registers information is loaded from 'C:/Users/marcs/OneDrive/Bureau/Desktop/workspace/Project_HW/export/Project_HW/hw/DCC_wrapper.xsa'.
13:30:38 INFO  : 'configparams mdm-detect-bscan-mask 2' command is executed.
13:30:38 INFO  : Context for processor 'microblaze_0' is selected.
13:30:38 INFO  : System reset is completed.
13:30:41 INFO  : 'after 3000' command is executed.
13:30:41 INFO  : Context for processor 'microblaze_0' is selected.
13:30:41 INFO  : The application 'C:/Users/marcs/OneDrive/Bureau/Desktop/workspace/Project_SW/Debug/Project_SW.elf' is downloaded to processor 'microblaze_0'.
13:30:41 INFO  : ----------------XSDB Script----------------
connect -url tcp:127.0.0.1:3121
targets -set -filter {jtag_cable_name =~ "Digilent Basys3 210183B16876A" && level==0 && jtag_device_ctx=="jsn-Basys3-210183B16876A-0362d093-0"}
fpga -file C:/Users/marcs/OneDrive/Bureau/Desktop/workspace/Project_SW/_ide/bitstream/DCC_wrapper.bit
targets -set -nocase -filter {name =~ "*microblaze*#0" && bscan=="USER2" }
loadhw -hw C:/Users/marcs/OneDrive/Bureau/Desktop/workspace/Project_HW/export/Project_HW/hw/DCC_wrapper.xsa -regs
configparams mdm-detect-bscan-mask 2
targets -set -nocase -filter {name =~ "*microblaze*#0" && bscan=="USER2" }
rst -system
after 3000
targets -set -nocase -filter {name =~ "*microblaze*#0" && bscan=="USER2" }
dow C:/Users/marcs/OneDrive/Bureau/Desktop/workspace/Project_SW/Debug/Project_SW.elf
----------------End of Script----------------

13:30:41 INFO  : Context for processor 'microblaze_0' is selected.
13:30:41 INFO  : 'con' command is executed.
13:30:41 INFO  : ----------------XSDB Script (After Launch)----------------
targets -set -nocase -filter {name =~ "*microblaze*#0" && bscan=="USER2" }
con
----------------End of Script----------------

13:30:41 INFO  : Launch script is exported to file 'C:\Users\marcs\OneDrive\Bureau\Desktop\workspace\Project_SW_system\_ide\scripts\debugger_project_sw-default.tcl'
13:39:50 INFO  : Checking for BSP changes to sync application flags for project 'Project_SW'...
13:40:00 INFO  : Disconnected from the channel tcfchan#4.
13:40:01 INFO  : Connected to target on host '127.0.0.1' and port '3121'.
13:40:01 INFO  : Jtag cable 'Digilent Basys3 210183B16876A' is selected.
13:40:01 INFO  : 'jtag frequency' command is executed.
13:40:02 INFO  : 'targets -set -filter {jtag_cable_name =~ "Digilent Basys3 210183B16876A" && level==0 && jtag_device_ctx=="jsn-Basys3-210183B16876A-0362d093-0"}' command is executed.
13:40:03 INFO  : Device configured successfully with "C:/Users/marcs/OneDrive/Bureau/Desktop/workspace/Project_SW/_ide/bitstream/DCC_wrapper.bit"
13:40:03 INFO  : Context for processor 'microblaze_0' is selected.
13:40:03 INFO  : Hardware design and registers information is loaded from 'C:/Users/marcs/OneDrive/Bureau/Desktop/workspace/Project_HW/export/Project_HW/hw/DCC_wrapper.xsa'.
13:40:03 INFO  : 'configparams mdm-detect-bscan-mask 2' command is executed.
13:40:03 INFO  : Context for processor 'microblaze_0' is selected.
13:40:03 INFO  : System reset is completed.
13:40:06 INFO  : 'after 3000' command is executed.
13:40:06 INFO  : Context for processor 'microblaze_0' is selected.
13:40:06 INFO  : The application 'C:/Users/marcs/OneDrive/Bureau/Desktop/workspace/Project_SW/Debug/Project_SW.elf' is downloaded to processor 'microblaze_0'.
13:40:06 INFO  : ----------------XSDB Script----------------
connect -url tcp:127.0.0.1:3121
targets -set -filter {jtag_cable_name =~ "Digilent Basys3 210183B16876A" && level==0 && jtag_device_ctx=="jsn-Basys3-210183B16876A-0362d093-0"}
fpga -file C:/Users/marcs/OneDrive/Bureau/Desktop/workspace/Project_SW/_ide/bitstream/DCC_wrapper.bit
targets -set -nocase -filter {name =~ "*microblaze*#0" && bscan=="USER2" }
loadhw -hw C:/Users/marcs/OneDrive/Bureau/Desktop/workspace/Project_HW/export/Project_HW/hw/DCC_wrapper.xsa -regs
configparams mdm-detect-bscan-mask 2
targets -set -nocase -filter {name =~ "*microblaze*#0" && bscan=="USER2" }
rst -system
after 3000
targets -set -nocase -filter {name =~ "*microblaze*#0" && bscan=="USER2" }
dow C:/Users/marcs/OneDrive/Bureau/Desktop/workspace/Project_SW/Debug/Project_SW.elf
----------------End of Script----------------

13:40:06 INFO  : Context for processor 'microblaze_0' is selected.
13:40:06 INFO  : 'con' command is executed.
13:40:06 INFO  : ----------------XSDB Script (After Launch)----------------
targets -set -nocase -filter {name =~ "*microblaze*#0" && bscan=="USER2" }
con
----------------End of Script----------------

13:40:06 INFO  : Launch script is exported to file 'C:\Users\marcs\OneDrive\Bureau\Desktop\workspace\Project_SW_system\_ide\scripts\debugger_project_sw-default.tcl'
13:42:37 INFO  : Checking for BSP changes to sync application flags for project 'Project_SW'...
13:42:50 INFO  : Disconnected from the channel tcfchan#5.
13:42:51 INFO  : Connected to target on host '127.0.0.1' and port '3121'.
13:42:51 INFO  : Jtag cable 'Digilent Basys3 210183B16876A' is selected.
13:42:51 INFO  : 'jtag frequency' command is executed.
13:42:51 INFO  : 'targets -set -filter {jtag_cable_name =~ "Digilent Basys3 210183B16876A" && level==0 && jtag_device_ctx=="jsn-Basys3-210183B16876A-0362d093-0"}' command is executed.
13:42:52 INFO  : Device configured successfully with "C:/Users/marcs/OneDrive/Bureau/Desktop/workspace/Project_SW/_ide/bitstream/DCC_wrapper.bit"
13:42:52 INFO  : Context for processor 'microblaze_0' is selected.
13:42:52 INFO  : Hardware design and registers information is loaded from 'C:/Users/marcs/OneDrive/Bureau/Desktop/workspace/Project_HW/export/Project_HW/hw/DCC_wrapper.xsa'.
13:42:52 INFO  : 'configparams mdm-detect-bscan-mask 2' command is executed.
13:42:52 INFO  : Context for processor 'microblaze_0' is selected.
13:42:52 INFO  : System reset is completed.
13:42:55 INFO  : 'after 3000' command is executed.
13:42:55 INFO  : Context for processor 'microblaze_0' is selected.
13:42:55 INFO  : The application 'C:/Users/marcs/OneDrive/Bureau/Desktop/workspace/Project_SW/Debug/Project_SW.elf' is downloaded to processor 'microblaze_0'.
13:42:55 INFO  : ----------------XSDB Script----------------
connect -url tcp:127.0.0.1:3121
targets -set -filter {jtag_cable_name =~ "Digilent Basys3 210183B16876A" && level==0 && jtag_device_ctx=="jsn-Basys3-210183B16876A-0362d093-0"}
fpga -file C:/Users/marcs/OneDrive/Bureau/Desktop/workspace/Project_SW/_ide/bitstream/DCC_wrapper.bit
targets -set -nocase -filter {name =~ "*microblaze*#0" && bscan=="USER2" }
loadhw -hw C:/Users/marcs/OneDrive/Bureau/Desktop/workspace/Project_HW/export/Project_HW/hw/DCC_wrapper.xsa -regs
configparams mdm-detect-bscan-mask 2
targets -set -nocase -filter {name =~ "*microblaze*#0" && bscan=="USER2" }
rst -system
after 3000
targets -set -nocase -filter {name =~ "*microblaze*#0" && bscan=="USER2" }
dow C:/Users/marcs/OneDrive/Bureau/Desktop/workspace/Project_SW/Debug/Project_SW.elf
----------------End of Script----------------

13:42:56 INFO  : Context for processor 'microblaze_0' is selected.
13:42:56 INFO  : 'con' command is executed.
13:42:56 INFO  : ----------------XSDB Script (After Launch)----------------
targets -set -nocase -filter {name =~ "*microblaze*#0" && bscan=="USER2" }
con
----------------End of Script----------------

13:42:56 INFO  : Launch script is exported to file 'C:\Users\marcs\OneDrive\Bureau\Desktop\workspace\Project_SW_system\_ide\scripts\debugger_project_sw-default.tcl'
13:47:21 INFO  : Disconnected from the channel tcfchan#6.
13:42:44 INFO  : Launching XSCT server: xsct.bat -n  -interactive C:\Users\marcs\OneDrive\Bureau\Desktop\workspace\temp_xsdb_launch_script.tcl
13:42:49 INFO  : XSCT server has started successfully.
13:42:49 INFO  : Successfully done setting XSCT server connection channel  
13:42:49 INFO  : plnx-install-location is set to ''
13:42:49 INFO  : Successfully done setting workspace for the tool. 
13:42:56 INFO  : Platform repository initialization has completed.
13:42:57 INFO  : Registering command handlers for Vitis TCF services
13:42:58 INFO  : Checking for BSP changes to sync application flags for project 'Project_SW'...
13:43:04 INFO  : Successfully done query RDI_DATADIR 
13:43:07 INFO  : Checking for BSP changes to sync application flags for project 'Project_SW'...
13:43:18 INFO  : Connected to target on host '127.0.0.1' and port '3121'.
13:43:19 INFO  : Jtag cable 'Digilent Basys3 210183B16876A' is selected.
13:43:19 INFO  : 'jtag frequency' command is executed.
13:43:19 INFO  : 'targets -set -filter {jtag_cable_name =~ "Digilent Basys3 210183B16876A" && level==0 && jtag_device_ctx=="jsn-Basys3-210183B16876A-0362d093-0"}' command is executed.
13:43:20 INFO  : Device configured successfully with "C:/Users/marcs/OneDrive/Bureau/Desktop/workspace/Project_SW/_ide/bitstream/DCC_wrapper.bit"
13:43:20 INFO  : Context for processor 'microblaze_0' is selected.
13:43:20 INFO  : Hardware design and registers information is loaded from 'C:/Users/marcs/OneDrive/Bureau/Desktop/workspace/Project_HW/export/Project_HW/hw/DCC_wrapper.xsa'.
13:43:20 INFO  : 'configparams mdm-detect-bscan-mask 2' command is executed.
13:43:21 INFO  : Context for processor 'microblaze_0' is selected.
13:43:21 INFO  : System reset is completed.
13:43:24 INFO  : 'after 3000' command is executed.
13:43:24 INFO  : Context for processor 'microblaze_0' is selected.
13:43:24 INFO  : The application 'C:/Users/marcs/OneDrive/Bureau/Desktop/workspace/Project_SW/Debug/Project_SW.elf' is downloaded to processor 'microblaze_0'.
13:43:24 INFO  : ----------------XSDB Script----------------
connect -url tcp:127.0.0.1:3121
targets -set -filter {jtag_cable_name =~ "Digilent Basys3 210183B16876A" && level==0 && jtag_device_ctx=="jsn-Basys3-210183B16876A-0362d093-0"}
fpga -file C:/Users/marcs/OneDrive/Bureau/Desktop/workspace/Project_SW/_ide/bitstream/DCC_wrapper.bit
targets -set -nocase -filter {name =~ "*microblaze*#0" && bscan=="USER2" }
loadhw -hw C:/Users/marcs/OneDrive/Bureau/Desktop/workspace/Project_HW/export/Project_HW/hw/DCC_wrapper.xsa -regs
configparams mdm-detect-bscan-mask 2
targets -set -nocase -filter {name =~ "*microblaze*#0" && bscan=="USER2" }
rst -system
after 3000
targets -set -nocase -filter {name =~ "*microblaze*#0" && bscan=="USER2" }
dow C:/Users/marcs/OneDrive/Bureau/Desktop/workspace/Project_SW/Debug/Project_SW.elf
----------------End of Script----------------

13:43:24 INFO  : Context for processor 'microblaze_0' is selected.
13:43:24 INFO  : 'con' command is executed.
13:43:24 INFO  : ----------------XSDB Script (After Launch)----------------
targets -set -nocase -filter {name =~ "*microblaze*#0" && bscan=="USER2" }
con
----------------End of Script----------------

13:43:24 INFO  : Launch script is exported to file 'C:\Users\marcs\OneDrive\Bureau\Desktop\workspace\Project_SW_system\_ide\scripts\debugger_project_sw-default.tcl'
13:43:56 INFO  : Disconnected from the channel tcfchan#1.
13:43:57 INFO  : Connected to target on host '127.0.0.1' and port '3121'.
13:43:57 INFO  : Jtag cable 'Digilent Basys3 210183B16876A' is selected.
13:43:57 INFO  : 'jtag frequency' command is executed.
13:43:57 INFO  : 'targets -set -filter {jtag_cable_name =~ "Digilent Basys3 210183B16876A" && level==0 && jtag_device_ctx=="jsn-Basys3-210183B16876A-0362d093-0"}' command is executed.
13:43:59 INFO  : Device configured successfully with "C:/Users/marcs/OneDrive/Bureau/Desktop/workspace/Project_SW/_ide/bitstream/DCC_wrapper.bit"
13:43:59 INFO  : Context for processor 'microblaze_0' is selected.
13:43:59 INFO  : Hardware design and registers information is loaded from 'C:/Users/marcs/OneDrive/Bureau/Desktop/workspace/Project_HW/export/Project_HW/hw/DCC_wrapper.xsa'.
13:43:59 INFO  : 'configparams mdm-detect-bscan-mask 2' command is executed.
13:43:59 INFO  : Context for processor 'microblaze_0' is selected.
13:43:59 INFO  : System reset is completed.
13:44:02 INFO  : 'after 3000' command is executed.
13:44:02 INFO  : Context for processor 'microblaze_0' is selected.
13:44:02 INFO  : The application 'C:/Users/marcs/OneDrive/Bureau/Desktop/workspace/Project_SW/Debug/Project_SW.elf' is downloaded to processor 'microblaze_0'.
13:44:02 INFO  : ----------------XSDB Script----------------
connect -url tcp:127.0.0.1:3121
targets -set -filter {jtag_cable_name =~ "Digilent Basys3 210183B16876A" && level==0 && jtag_device_ctx=="jsn-Basys3-210183B16876A-0362d093-0"}
fpga -file C:/Users/marcs/OneDrive/Bureau/Desktop/workspace/Project_SW/_ide/bitstream/DCC_wrapper.bit
targets -set -nocase -filter {name =~ "*microblaze*#0" && bscan=="USER2" }
loadhw -hw C:/Users/marcs/OneDrive/Bureau/Desktop/workspace/Project_HW/export/Project_HW/hw/DCC_wrapper.xsa -regs
configparams mdm-detect-bscan-mask 2
targets -set -nocase -filter {name =~ "*microblaze*#0" && bscan=="USER2" }
rst -system
after 3000
targets -set -nocase -filter {name =~ "*microblaze*#0" && bscan=="USER2" }
dow C:/Users/marcs/OneDrive/Bureau/Desktop/workspace/Project_SW/Debug/Project_SW.elf
----------------End of Script----------------

13:44:02 INFO  : Context for processor 'microblaze_0' is selected.
13:44:02 INFO  : 'con' command is executed.
13:44:02 INFO  : ----------------XSDB Script (After Launch)----------------
targets -set -nocase -filter {name =~ "*microblaze*#0" && bscan=="USER2" }
con
----------------End of Script----------------

13:44:02 INFO  : Launch script is exported to file 'C:\Users\marcs\OneDrive\Bureau\Desktop\workspace\Project_SW_system\_ide\scripts\debugger_project_sw-default.tcl'
14:19:49 INFO  : Disconnected from the channel tcfchan#2.
