18:13:45 INFO  : Launching XSCT server: xsct.bat -n  -interactive C:\Users\marcs\OneDrive\Bureau\Desktop\workspace\temp_xsdb_launch_script.tcl
18:13:47 INFO  : Registering command handlers for Vitis TCF services
18:13:52 INFO  : XSCT server has started successfully.
18:13:52 INFO  : plnx-install-location is set to ''
18:13:56 INFO  : Platform repository initialization has completed.
18:14:03 INFO  : Successfully done setting XSCT server connection channel  
18:14:03 INFO  : Successfully done query RDI_DATADIR 
18:14:04 INFO  : Successfully done setting workspace for the tool. 
18:23:57 INFO  : Result from executing command 'getProjects': Project_HW
18:23:57 INFO  : Result from executing command 'getPlatforms': 
18:26:22 INFO  : Result from executing command 'getProjects': Project_HW
18:26:22 INFO  : Result from executing command 'getPlatforms': Project_HW|C:/Users/marcs/OneDrive/Bureau/Desktop/workspace/Project_HW/export/Project_HW/Project_HW.xpfm
18:26:22 INFO  : Checking for BSP changes to sync application flags for project 'Project_SW'...
18:26:29 INFO  : Connected to target on host '127.0.0.1' and port '3121'.
18:26:30 INFO  : Jtag cable 'Digilent Basys3 210183B16876A' is selected.
18:26:30 INFO  : 'jtag frequency' command is executed.
18:26:30 INFO  : 'targets -set -filter {jtag_cable_name =~ "Digilent Basys3 210183B16876A" && level==0 && jtag_device_ctx=="jsn-Basys3-210183B16876A-0362d093-0"}' command is executed.
18:26:32 INFO  : Device configured successfully with "C:/Users/marcs/OneDrive/Bureau/Desktop/workspace/Project_SW/_ide/bitstream/Project_FPGA_wrapper.bit"
18:26:32 INFO  : Context for processor 'microblaze_0' is selected.
18:26:32 INFO  : Hardware design and registers information is loaded from 'C:/Users/marcs/OneDrive/Bureau/Desktop/workspace/Project_HW/export/Project_HW/hw/Project_FPGA_wrapper.xsa'.
18:26:32 INFO  : 'configparams mdm-detect-bscan-mask 2' command is executed.
18:26:32 INFO  : Context for processor 'microblaze_0' is selected.
18:26:32 INFO  : System reset is completed.
18:26:35 INFO  : 'after 3000' command is executed.
18:26:35 INFO  : Context for processor 'microblaze_0' is selected.
18:26:35 INFO  : The application 'C:/Users/marcs/OneDrive/Bureau/Desktop/workspace/Project_SW/Debug/Project_SW.elf' is downloaded to processor 'microblaze_0'.
18:26:35 INFO  : ----------------XSDB Script----------------
connect -url tcp:127.0.0.1:3121
targets -set -filter {jtag_cable_name =~ "Digilent Basys3 210183B16876A" && level==0 && jtag_device_ctx=="jsn-Basys3-210183B16876A-0362d093-0"}
fpga -file C:/Users/marcs/OneDrive/Bureau/Desktop/workspace/Project_SW/_ide/bitstream/Project_FPGA_wrapper.bit
targets -set -nocase -filter {name =~ "*microblaze*#0" && bscan=="USER2" }
loadhw -hw C:/Users/marcs/OneDrive/Bureau/Desktop/workspace/Project_HW/export/Project_HW/hw/Project_FPGA_wrapper.xsa -regs
configparams mdm-detect-bscan-mask 2
targets -set -nocase -filter {name =~ "*microblaze*#0" && bscan=="USER2" }
rst -system
after 3000
targets -set -nocase -filter {name =~ "*microblaze*#0" && bscan=="USER2" }
dow C:/Users/marcs/OneDrive/Bureau/Desktop/workspace/Project_SW/Debug/Project_SW.elf
----------------End of Script----------------

18:26:36 INFO  : Context for processor 'microblaze_0' is selected.
18:26:36 INFO  : 'con' command is executed.
18:26:36 INFO  : ----------------XSDB Script (After Launch)----------------
targets -set -nocase -filter {name =~ "*microblaze*#0" && bscan=="USER2" }
con
----------------End of Script----------------

18:26:36 INFO  : Launch script is exported to file 'C:\Users\marcs\OneDrive\Bureau\Desktop\workspace\Project_SW_system\_ide\scripts\systemdebugger_project_sw_system_1_standalone.tcl'
18:30:47 INFO  : Projects exported to 'C:\Users\marcs\OneDrive\Bureau\Desktop\vitis_export_archive.ide.zip'
18:30:54 INFO  : Disconnected from the channel tcfchan#2.
